
Random seeds have been fixed as 42


2021-0817-0701



    [0mi_mouse_test[0m [0;34m=[0m [0mint[0m[0;34m([0m[0mi_mouse_test[0m[0;34m)[0m [0;34m-[0m [0;36m1[0m[0;34m[0m
[0;34m[0m    [0mlc_logger[0m [0;34m=[0m [0mutils[0m[0;34m.[0m[0mml[0m[0;34m.[0m[0mLearningCurveLogger[0m[0;34m([0m[0;34m)[0m[0;34m[0m
[0;34m[0m[0;34m[0m
[0;34m[0m    [0;31m################################################################################[0m[0;34m[0m
[0;34m[0m    [0;31m## Initializes model[0m[0;34m[0m
[0;34m[0m    [0;31m################################################################################[0m[0;34m[0m
[0;34m[0m    [0mMODEL_CONF[0m [0;34m=[0m [0mutils[0m[0;34m.[0m[0mgeneral[0m[0;34m.[0m[0mload[0m[0;34m([0m[0;34m"./models/ResNet1D/ResNet1D.yaml"[0m[0;34m)[0m[0;34m[0m
[0;34m[0m    [0mmodel[0m [0;34m=[0m [0mResNet1D[0m[0;34m([0m[0mMODEL_CONF[0m[0;34m)[0m[0;34m[0m
[0;34m[0m[0;34m[0m
[0;34m[0m    [0;32mif[0m [0mtorch[0m[0;34m.[0m[0mcuda[0m[0;34m.[0m[0mdevice_count[0m[0;34m([0m[0;34m)[0m [0;34m>[0m [0;36m1[0m[0;34m:[0m[0;34m[0m
[0;34m[0m        [0mprint[0m[0;34m([0m[0;34m"Let's use"[0m[0;34m,[0m [0mtorch[0m[0;34m.[0m[0mcuda[0m[0;34m.[0m[0mdevice_count[0m[0;34m([0m[0;34m)[0m[0;34m,[0m [0;34m"GPUs."[0m[0;34m)[0m[0;34m[0m
[0;34m[0m        [0mmodel[0m [0;34m=[0m [0mnn[0m[0;34m.[0m[0mDataParallel[0m[0;34m([0m[0mmodel[0m[0;34m)[0m[0;34m[0m
[0;34m[0m[0;34m[0m
[0;34m[0m    [0mmodel[0m [0;34m=[0m [0mmodel[0m[0;34m.[0m[0mto[0m[0;34m([0m[0mdevice[0m[0;34m)[0m[0;34m[0m
[0;34m[0m    [0moptimizer[0m [0;34m=[0m [0mRanger[0m[0;34m([0m[0mmodel[0m[0;34m.[0m[0mparameters[0m[0;34m([0m[0;34m)[0m[0;34m,[0m [0mlr[0m[0;34m=[0m[0;36m1e-3[0m[0;34m)[0m[0;34m[0m
[0;34m[0m[0;34m[0m
[0;34m[0m    [0mi_global[0m [0;34m=[0m [0;36m0[0m[0;34m[0m
[0;34m[0m    [0mDL_CONF[0m[0;34m[[0m[0;34m"i_mouse_test"[0m[0;34m][0m [0;34m=[0m [0mi_mouse_test[0m[0;34m[0m
[0;34m[0m    [0mdlf[0m [0;34m=[0m [0mutils[0m[0;34m.[0m[0mpj[0m[0;34m.[0m[0mDataLoaderFiller[0m[0;34m([0m[0;34m**[0m[0mDL_CONF[0m[0;34m)[0m[0;34m[0m[0;34m[0m[0m
## -- End pasted text --
[0;31m---------------------------------------------------------------------------[0m
[0;31mNameError[0m                                 Traceback (most recent call last)
[0;32m<ipython-input-2-4a71d5baa429>[0m in [0;36m<module>[0;34m[0m
[0;32m----> 1[0;31m [0mi_mouse_test[0m [0;34m=[0m [0mint[0m[0;34m([0m[0mi_mouse_test[0m[0;34m)[0m [0;34m-[0m [0;36m1[0m[0;34m[0m[0;34m[0m[0m
[0m[1;32m      2[0m [0mlc_logger[0m [0;34m=[0m [0mutils[0m[0;34m.[0m[0mml[0m[0;34m.[0m[0mLearningCurveLogger[0m[0;34m([0m[0;34m)[0m[0;34m[0m[0;34m[0m[0m
[1;32m      3[0m [0;34m[0m[0m
[1;32m      4[0m [0;31m################################################################################[0m[0;34m[0m[0;34m[0m[0;34m[0m[0m
[1;32m      5[0m [0;31m## Initializes model[0m[0;34m[0m[0;34m[0m[0;34m[0m[0m

[0;31mNameError[0m: name 'i_mouse_test' is not defined


    [0mi_mouse_test[0m [0;34m=[0m [0mint[0m[0;34m([0m[0mi_mouse_test[0m[0;34m)[0m [0;34m-[0m [0;36m1[0m[0;34m[0m
[0;34m[0m    [0mlc_logger[0m [0;34m=[0m [0mutils[0m[0;34m.[0m[0mml[0m[0;34m.[0m[0mLearningCurveLogger[0m[0;34m([0m[0;34m)[0m[0;34m[0m
[0;34m[0m[0;34m[0m
[0;34m[0m    [0;31m################################################################################[0m[0;34m[0m
[0;34m[0m    [0;31m## Initializes model[0m[0;34m[0m
[0;34m[0m    [0;31m################################################################################[0m[0;34m[0m
[0;34m[0m    [0mMODEL_CONF[0m [0;34m=[0m [0mutils[0m[0;34m.[0m[0mgeneral[0m[0;34m.[0m[0mload[0m[0;34m([0m[0;34m"./models/ResNet1D/ResNet1D.yaml"[0m[0;34m)[0m[0;34m[0m
[0;34m[0m    [0mmodel[0m [0;34m=[0m [0mResNet1D[0m[0;34m([0m[0mMODEL_CONF[0m[0;34m)[0m[0;34m[0m
[0;34m[0m[0;34m[0m
[0;34m[0m    [0;32mif[0m [0mtorch[0m[0;34m.[0m[0mcuda[0m[0;34m.[0m[0mdevice_count[0m[0;34m([0m[0;34m)[0m [0;34m>[0m [0;36m1[0m[0;34m:[0m[0;34m[0m
[0;34m[0m        [0mprint[0m[0;34m([0m[0;34m"Let's use"[0m[0;34m,[0m [0mtorch[0m[0;34m.[0m[0mcuda[0m[0;34m.[0m[0mdevice_count[0m[0;34m([0m[0;34m)[0m[0;34m,[0m [0;34m"GPUs."[0m[0;34m)[0m[0;34m[0m
[0;34m[0m        [0mmodel[0m [0;34m=[0m [0mnn[0m[0;34m.[0m[0mDataParallel[0m[0;34m([0m[0mmodel[0m[0;34m)[0m[0;34m[0m
[0;34m[0m[0;34m[0m
[0;34m[0m    [0mmodel[0m [0;34m=[0m [0mmodel[0m[0;34m.[0m[0mto[0m[0;34m([0m[0mdevice[0m[0;34m)[0m[0;34m[0m
[0;34m[0m    [0moptimizer[0m [0;34m=[0m [0mRanger[0m[0;34m([0m[0mmodel[0m[0;34m.[0m[0mparameters[0m[0;34m([0m[0;34m)[0m[0;34m,[0m [0mlr[0m[0;34m=[0m[0;36m1e-3[0m[0;34m)[0m[0;34m[0m
[0;34m[0m[0;34m[0m
[0;34m[0m    [0mi_global[0m [0;34m=[0m [0;36m0[0m[0;34m[0m
[0;34m[0m    [0mDL_CONF[0m[0;34m[[0m[0;34m"i_mouse_test"[0m[0;34m][0m [0;34m=[0m [0mi_mouse_test[0m[0;34m[0m
[0;34m[0m    [0mdlf[0m [0;34m=[0m [0mutils[0m[0;34m.[0m[0mpj[0m[0;34m.[0m[0mDataLoaderFiller[0m[0;34m([0m[0;34m**[0m[0mDL_CONF[0m[0;34m)[0m[0;34m[0m[0;34m[0m[0m
## -- End pasted text --
Let's use 4 GPUs.
Ranger optimizer loaded. 
Gradient Centralization usage = True
GC applied to both conv and fc layers

Random seeds have been fixed as 42


Loading ...


Loading ...


Loading ...


Loading ...



{'batch_size': 1024,
 'num_workers': 10,
 'do_under_sampling': True,
 'use_classes_str': ['n', 'r'],
 'samp_rate': 1000,
 'window_size_pts': 400,
 'use_random_start': True,
 'lower_SD_thres_for_reasonable_ripple': 1,
 'MAX_EPOCHS': 1,
 'is_debug': False,
 'i_mouse_test': 0}

Do you really want to exit ([y]/n)? 
