
Random seeds have been fixed as 42


Loading /mnt/md0/towards-threshold-invariance-in-defining-hippocampal-ripples/package/data/th-1/data/Mouse12-120806/Mouse12-120806.eeg


Detecting ripple candidates (Length: 0.8h)


Ripple Band 150-250 Hz


Matplotilb has been configured as follows:
{'figure.dpi': 300, 'savefig.dpi': 300, 'figure.figsize': '(24.0, 12.0) [cm]', 'font.size': 8, 'axes.labelsize': 8, 'xtick.labelsize': 8, 'ytick.labelsize': 8, 'axes.titlesize': 8, 'legend.fontsize': 7, 'pdf.fonttype': 42, 'ps.fonttype': 42, 'axes.spines.top': True, 'axes.spines.right': True}.


Saved to: ripples/detect_ripples/CNN/from_unseen_LFP/histogram_ripple_candidates_819-3819s.png


Matplotilb has been configured as follows:
{'figure.dpi': 300, 'savefig.dpi': 300, 'figure.figsize': '(24.0, 12.0) [cm]', 'font.size': 8, 'axes.labelsize': 8, 'xtick.labelsize': 8, 'ytick.labelsize': 8, 'axes.titlesize': 8, 'legend.fontsize': 7, 'pdf.fonttype': 42, 'ps.fonttype': 42, 'axes.spines.top': False, 'axes.spines.right': False}.


Saved to: ripples/detect_ripples/CNN/from_unseen_LFP/example_trace_ch#0_1080-1085s.png


Saved to: ripples/detect_ripples/CNN/from_unseen_LFP/example_trace_ch#0_2865-2870s.png


Saved to: ripples/detect_ripples/CNN/from_unseen_LFP/example_trace_ch#0_2903-2908s.png


Saved to: ripples/detect_ripples/CNN/from_unseen_LFP/example_trace_ch#0_2309-2314s.png


Saved to: ripples/detect_ripples/CNN/from_unseen_LFP/example_trace_ch#0_3160-3165s.png


Saved to: ripples/detect_ripples/CNN/from_unseen_LFP/example_trace_ch#0_2461-2466s.png


Saved to: ripples/detect_ripples/CNN/from_unseen_LFP/example_trace_ch#0_3242-3247s.png


Saved to: ripples/detect_ripples/CNN/from_unseen_LFP/example_trace_ch#0_916-921s.png


Saved to: ripples/detect_ripples/CNN/from_unseen_LFP/example_trace_ch#0_824-829s.png


Saved to: ripples/detect_ripples/CNN/from_unseen_LFP/example_trace_ch#0_1659-1664s.png


Saved to: ripples/detect_ripples/CNN/from_unseen_LFP/example_trace_ch#0_3733-3738s.png


Saved to: ripples/detect_ripples/CNN/from_unseen_LFP/example_trace_ch#0_3689-3694s.png


Saved to: ripples/detect_ripples/CNN/from_unseen_LFP/example_trace_ch#0_2109-2114s.png


Saved to: ripples/detect_ripples/CNN/from_unseen_LFP/example_trace_ch#0_1775-1780s.png


Saved to: ripples/detect_ripples/CNN/from_unseen_LFP/example_trace_ch#0_3629-3634s.png


Saved to: ripples/detect_ripples/CNN/from_unseen_LFP/example_trace_ch#0_3592-3597s.png


Saved to: ripples/detect_ripples/CNN/from_unseen_LFP/example_trace_ch#0_2671-2676s.png


Saved to: ripples/detect_ripples/CNN/from_unseen_LFP/example_trace_ch#0_867-872s.png


Saved to: ripples/detect_ripples/CNN/from_unseen_LFP/example_trace_ch#0_1195-1200s.png


Saved to: ripples/detect_ripples/CNN/from_unseen_LFP/example_trace_ch#0_1381-1386s.png


Saved to: ripples/detect_ripples/CNN/from_unseen_LFP/example_trace_ch#0_3402-3407s.png


Saved to: ripples/detect_ripples/CNN/from_unseen_LFP/example_trace_ch#0_1555-1560s.png


Saved to: ripples/detect_ripples/CNN/from_unseen_LFP/example_trace_ch#0_1058-1063s.png


Saved to: ripples/detect_ripples/CNN/from_unseen_LFP/example_trace_ch#0_1472-1477s.png


Saved to: ripples/detect_ripples/CNN/from_unseen_LFP/example_trace_ch#0_3245-3250s.png


Saved to: ripples/detect_ripples/CNN/from_unseen_LFP/example_trace_ch#0_974-979s.png


Saved to: ripples/detect_ripples/CNN/from_unseen_LFP/example_trace_ch#0_2975-2980s.png


Saved to: ripples/detect_ripples/CNN/from_unseen_LFP/example_trace_ch#0_3755-3760s.png


Saved to: ripples/detect_ripples/CNN/from_unseen_LFP/example_trace_ch#0_1424-1429s.png


Saved to: ripples/detect_ripples/CNN/from_unseen_LFP/example_trace_ch#0_1532-1537s.png

