
Random seeds have been fixed as 42


Random seeds have been fixed as 42


Standard Output/Error are going to be logged in the followings: 
  - ./ripples/define_ripples/using_CNN/makes_labels/log/03/D03-/stdout.log
  - ./ripples/define_ripples/using_CNN/makes_labels/log/03/D03-/stderr.log


Random seeds have been fixed as 42


dataset_key: D03-

['./data/okada/01/day1/split/LFP_MEP_1kHz_npy/orig/tt2-1_fp16.npy',
 './data/okada/01/day1/split/LFP_MEP_1kHz_npy/orig/tt2-2_fp16.npy',
 './data/okada/01/day1/split/LFP_MEP_1kHz_npy/orig/tt2-3_fp16.npy',
 './data/okada/01/day1/split/LFP_MEP_1kHz_npy/orig/tt2-4_fp16.npy',
 './data/okada/01/day1/split/LFP_MEP_1kHz_npy/orig/tt6-1_fp16.npy',
 './data/okada/01/day1/split/LFP_MEP_1kHz_npy/orig/tt6-2_fp16.npy',
 './data/okada/01/day1/split/LFP_MEP_1kHz_npy/orig/tt6-3_fp16.npy',
 './data/okada/01/day1/split/LFP_MEP_1kHz_npy/orig/tt6-4_fp16.npy',
 './data/okada/02/day1/split/LFP_MEP_1kHz_npy/orig/tt2-1_fp16.npy',
 './data/okada/02/day1/split/LFP_MEP_1kHz_npy/orig/tt2-2_fp16.npy',
 './data/okada/02/day1/split/LFP_MEP_1kHz_npy/orig/tt2-3_fp16.npy',
 './data/okada/02/day1/split/LFP_MEP_1kHz_npy/orig/tt2-4_fp16.npy',
 './data/okada/02/day2/split/LFP_MEP_1kHz_npy/orig/tt2-1_fp16.npy',
 './data/okada/02/day2/split/LFP_MEP_1kHz_npy/orig/tt2-2_fp16.npy',
 './data/okada/02/day2/split/LFP_MEP_1kHz_npy/orig/tt2-3_fp16.npy',
 './data/okada/02/day2/split/LFP_MEP_1kHz_npy/orig/tt2-4_fp16.npy',
 './data/okada/02/day3/split/LFP_MEP_1kHz_npy/orig/tt2-1_fp16.npy',
 './data/okada/02/day3/split/LFP_MEP_1kHz_npy/orig/tt2-2_fp16.npy',
 './data/okada/02/day3/split/LFP_MEP_1kHz_npy/orig/tt2-3_fp16.npy',
 './data/okada/02/day3/split/LFP_MEP_1kHz_npy/orig/tt2-4_fp16.npy',
 './data/okada/02/day4/split/LFP_MEP_1kHz_npy/orig/tt2-1_fp16.npy',
 './data/okada/02/day4/split/LFP_MEP_1kHz_npy/orig/tt2-2_fp16.npy',
 './data/okada/02/day4/split/LFP_MEP_1kHz_npy/orig/tt2-3_fp16.npy',
 './data/okada/02/day4/split/LFP_MEP_1kHz_npy/orig/tt2-4_fp16.npy',
 './data/okada/02/day1/split/LFP_MEP_1kHz_npy/orig/tt6-1_fp16.npy',
 './data/okada/02/day1/split/LFP_MEP_1kHz_npy/orig/tt6-2_fp16.npy',
 './data/okada/02/day1/split/LFP_MEP_1kHz_npy/orig/tt6-3_fp16.npy',
 './data/okada/02/day1/split/LFP_MEP_1kHz_npy/orig/tt6-4_fp16.npy',
 './data/okada/02/day2/split/LFP_MEP_1kHz_npy/orig/tt6-1_fp16.npy',
 './data/okada/02/day2/split/LFP_MEP_1kHz_npy/orig/tt6-2_fp16.npy',
 './data/okada/02/day2/split/LFP_MEP_1kHz_npy/orig/tt6-3_fp16.npy',
 './data/okada/02/day2/split/LFP_MEP_1kHz_npy/orig/tt6-4_fp16.npy',
 './data/okada/02/day3/split/LFP_MEP_1kHz_npy/orig/tt6-1_fp16.npy',
 './data/okada/02/day3/split/LFP_MEP_1kHz_npy/orig/tt6-2_fp16.npy',
 './data/okada/02/day3/split/LFP_MEP_1kHz_npy/orig/tt6-3_fp16.npy',
 './data/okada/02/day3/split/LFP_MEP_1kHz_npy/orig/tt6-4_fp16.npy',
 './data/okada/02/day4/split/LFP_MEP_1kHz_npy/orig/tt6-1_fp16.npy',
 './data/okada/02/day4/split/LFP_MEP_1kHz_npy/orig/tt6-2_fp16.npy',
 './data/okada/02/day4/split/LFP_MEP_1kHz_npy/orig/tt6-3_fp16.npy',
 './data/okada/02/day4/split/LFP_MEP_1kHz_npy/orig/tt6-4_fp16.npy',
 './data/okada/02/day1/split/LFP_MEP_1kHz_npy/orig/tt7-1_fp16.npy',
 './data/okada/02/day1/split/LFP_MEP_1kHz_npy/orig/tt7-2_fp16.npy',
 './data/okada/02/day1/split/LFP_MEP_1kHz_npy/orig/tt7-3_fp16.npy',
 './data/okada/02/day1/split/LFP_MEP_1kHz_npy/orig/tt7-4_fp16.npy',
 './data/okada/02/day2/split/LFP_MEP_1kHz_npy/orig/tt7-1_fp16.npy',
 './data/okada/02/day2/split/LFP_MEP_1kHz_npy/orig/tt7-2_fp16.npy',
 './data/okada/02/day2/split/LFP_MEP_1kHz_npy/orig/tt7-3_fp16.npy',
 './data/okada/02/day2/split/LFP_MEP_1kHz_npy/orig/tt7-4_fp16.npy',
 './data/okada/02/day3/split/LFP_MEP_1kHz_npy/orig/tt7-1_fp16.npy',
 './data/okada/02/day3/split/LFP_MEP_1kHz_npy/orig/tt7-2_fp16.npy',
 './data/okada/02/day3/split/LFP_MEP_1kHz_npy/orig/tt7-3_fp16.npy',
 './data/okada/02/day3/split/LFP_MEP_1kHz_npy/orig/tt7-4_fp16.npy',
 './data/okada/02/day4/split/LFP_MEP_1kHz_npy/orig/tt7-1_fp16.npy',
 './data/okada/02/day4/split/LFP_MEP_1kHz_npy/orig/tt7-2_fp16.npy',
 './data/okada/02/day4/split/LFP_MEP_1kHz_npy/orig/tt7-3_fp16.npy',
 './data/okada/02/day4/split/LFP_MEP_1kHz_npy/orig/tt7-4_fp16.npy',
 './data/okada/04/day1/split/LFP_MEP_1kHz_npy/orig/tt2-1_fp16.npy',
 './data/okada/04/day1/split/LFP_MEP_1kHz_npy/orig/tt2-2_fp16.npy',
 './data/okada/04/day1/split/LFP_MEP_1kHz_npy/orig/tt2-3_fp16.npy',
 './data/okada/04/day1/split/LFP_MEP_1kHz_npy/orig/tt2-4_fp16.npy',
 './data/okada/04/day2/split/LFP_MEP_1kHz_npy/orig/tt2-1_fp16.npy',
 './data/okada/04/day2/split/LFP_MEP_1kHz_npy/orig/tt2-2_fp16.npy',
 './data/okada/04/day2/split/LFP_MEP_1kHz_npy/orig/tt2-3_fp16.npy',
 './data/okada/04/day2/split/LFP_MEP_1kHz_npy/orig/tt2-4_fp16.npy',
 './data/okada/04/day3/split/LFP_MEP_1kHz_npy/orig/tt2-1_fp16.npy',
 './data/okada/04/day3/split/LFP_MEP_1kHz_npy/orig/tt2-2_fp16.npy',
 './data/okada/04/day3/split/LFP_MEP_1kHz_npy/orig/tt2-3_fp16.npy',
 './data/okada/04/day3/split/LFP_MEP_1kHz_npy/orig/tt2-4_fp16.npy',
 './data/okada/04/day4/split/LFP_MEP_1kHz_npy/orig/tt2-1_fp16.npy',
 './data/okada/04/day4/split/LFP_MEP_1kHz_npy/orig/tt2-2_fp16.npy',
 './data/okada/04/day4/split/LFP_MEP_1kHz_npy/orig/tt2-3_fp16.npy',
 './data/okada/04/day4/split/LFP_MEP_1kHz_npy/orig/tt2-4_fp16.npy',
 './data/okada/04/day1/split/LFP_MEP_1kHz_npy/orig/tt6-1_fp16.npy',
 './data/okada/04/day1/split/LFP_MEP_1kHz_npy/orig/tt6-2_fp16.npy',
 './data/okada/04/day1/split/LFP_MEP_1kHz_npy/orig/tt6-3_fp16.npy',
 './data/okada/04/day1/split/LFP_MEP_1kHz_npy/orig/tt6-4_fp16.npy',
 './data/okada/04/day2/split/LFP_MEP_1kHz_npy/orig/tt6-1_fp16.npy',
 './data/okada/04/day2/split/LFP_MEP_1kHz_npy/orig/tt6-2_fp16.npy',
 './data/okada/04/day2/split/LFP_MEP_1kHz_npy/orig/tt6-3_fp16.npy',
 './data/okada/04/day2/split/LFP_MEP_1kHz_npy/orig/tt6-4_fp16.npy',
 './data/okada/04/day3/split/LFP_MEP_1kHz_npy/orig/tt6-1_fp16.npy',
 './data/okada/04/day3/split/LFP_MEP_1kHz_npy/orig/tt6-2_fp16.npy',
 './data/okada/04/day3/split/LFP_MEP_1kHz_npy/orig/tt6-3_fp16.npy',
 './data/okada/04/day3/split/LFP_MEP_1kHz_npy/orig/tt6-4_fp16.npy',
 './data/okada/04/day4/split/LFP_MEP_1kHz_npy/orig/tt6-1_fp16.npy',
 './data/okada/04/day4/split/LFP_MEP_1kHz_npy/orig/tt6-2_fp16.npy',
 './data/okada/04/day4/split/LFP_MEP_1kHz_npy/orig/tt6-3_fp16.npy',
 './data/okada/04/day4/split/LFP_MEP_1kHz_npy/orig/tt6-4_fp16.npy',
 './data/okada/04/day1/split/LFP_MEP_1kHz_npy/orig/tt7-1_fp16.npy',
 './data/okada/04/day1/split/LFP_MEP_1kHz_npy/orig/tt7-2_fp16.npy',
 './data/okada/04/day1/split/LFP_MEP_1kHz_npy/orig/tt7-3_fp16.npy',
 './data/okada/04/day1/split/LFP_MEP_1kHz_npy/orig/tt7-4_fp16.npy',
 './data/okada/04/day2/split/LFP_MEP_1kHz_npy/orig/tt7-1_fp16.npy',
 './data/okada/04/day2/split/LFP_MEP_1kHz_npy/orig/tt7-2_fp16.npy',
 './data/okada/04/day2/split/LFP_MEP_1kHz_npy/orig/tt7-3_fp16.npy',
 './data/okada/04/day2/split/LFP_MEP_1kHz_npy/orig/tt7-4_fp16.npy',
 './data/okada/04/day3/split/LFP_MEP_1kHz_npy/orig/tt7-1_fp16.npy',
 './data/okada/04/day3/split/LFP_MEP_1kHz_npy/orig/tt7-2_fp16.npy',
 './data/okada/04/day3/split/LFP_MEP_1kHz_npy/orig/tt7-3_fp16.npy',
 './data/okada/04/day3/split/LFP_MEP_1kHz_npy/orig/tt7-4_fp16.npy',
 './data/okada/04/day4/split/LFP_MEP_1kHz_npy/orig/tt7-1_fp16.npy',
 './data/okada/04/day4/split/LFP_MEP_1kHz_npy/orig/tt7-2_fp16.npy',
 './data/okada/04/day4/split/LFP_MEP_1kHz_npy/orig/tt7-3_fp16.npy',
 './data/okada/04/day4/split/LFP_MEP_1kHz_npy/orig/tt7-4_fp16.npy',
 './data/okada/05/day1/split/LFP_MEP_1kHz_npy/orig/tt2-1_fp16.npy',
 './data/okada/05/day1/split/LFP_MEP_1kHz_npy/orig/tt2-2_fp16.npy',
 './data/okada/05/day1/split/LFP_MEP_1kHz_npy/orig/tt2-3_fp16.npy',
 './data/okada/05/day1/split/LFP_MEP_1kHz_npy/orig/tt2-4_fp16.npy',
 './data/okada/05/day2/split/LFP_MEP_1kHz_npy/orig/tt2-1_fp16.npy',
 './data/okada/05/day2/split/LFP_MEP_1kHz_npy/orig/tt2-2_fp16.npy',
 './data/okada/05/day2/split/LFP_MEP_1kHz_npy/orig/tt2-3_fp16.npy',
 './data/okada/05/day2/split/LFP_MEP_1kHz_npy/orig/tt2-4_fp16.npy',
 './data/okada/05/day3/split/LFP_MEP_1kHz_npy/orig/tt2-1_fp16.npy',
 './data/okada/05/day3/split/LFP_MEP_1kHz_npy/orig/tt2-2_fp16.npy',
 './data/okada/05/day3/split/LFP_MEP_1kHz_npy/orig/tt2-3_fp16.npy',
 './data/okada/05/day3/split/LFP_MEP_1kHz_npy/orig/tt2-4_fp16.npy'