
Random seeds have been fixed as 42


Random seeds have been fixed as 42

Indice of mice to load: ['01']
8
Time (id:0): tot 00:00:00, prev 00:00:00 [hh:mm:ss]: Reporter has been initialized.

Ranger optimizer loaded. 
Gradient Centralization usage = True
GC applied to both conv and fc layers
Train Epoch: 1 [1024/497351 (0.2%)]	Loss: 0.361396
Train Epoch: 1 [52224/497351 (10.5%)]	Loss: 0.137935
Train Epoch: 1 [103424/497351 (20.8%)]	Loss: 0.115861
Train Epoch: 1 [154624/497351 (31.1%)]	Loss: 0.108535
Train Epoch: 1 [205824/497351 (41.4%)]	Loss: 0.110871
Train Epoch: 1 [257024/497351 (51.7%)]	Loss: 0.110006
Train Epoch: 1 [308224/497351 (62.0%)]	Loss: 0.111733
Train Epoch: 1 [359424/497351 (72.3%)]	Loss: 0.088045
Train Epoch: 1 [410624/497351 (82.6%)]	Loss: 0.119817
Train Epoch: 1 [461824/497351 (92.9%)]	Loss: 0.098837
Train Epoch: 2 [1024/497351 (0.2%)]	Loss: 0.107422
Train Epoch: 2 [52224/497351 (10.5%)]	Loss: 0.111340
Train Epoch: 2 [103424/497351 (20.8%)]	Loss: 0.110020
Train Epoch: 2 [154624/497351 (31.1%)]	Loss: 0.095313
Train Epoch: 2 [205824/497351 (41.4%)]	Loss: 0.099736
Train Epoch: 2 [257024/497351 (51.7%)]	Loss: 0.104341
Train Epoch: 2 [308224/497351 (62.0%)]	Loss: 0.107049
Train Epoch: 2 [359424/497351 (72.3%)]	Loss: 0.097438
Train Epoch: 2 [410624/497351 (82.6%)]	Loss: 0.101354
Train Epoch: 2 [461824/497351 (92.9%)]	Loss: 0.099896

 ---------------------------------------------------------------------- 


ACC in fold#0 was 0.906


Confusion Matrix in fold#0: 
           nonRipple  Ripple
nonRipple      40336    9523
Ripple          2129   72350


Classification Report in fold#0: 
             nonRipple     Ripple  accuracy   macro avg  weighted avg
precision        0.950      0.884     0.906       0.917         0.910
recall           0.809      0.971     0.906       0.890         0.906
f1-score         0.874      0.925     0.906       0.900         0.905
sample size  49859.000  74479.000     0.906  124338.000    124338.000


PR_AUC in fold#0 was 0.979


ROC_AUC in fold#0 was 0.974

Time (id:1): tot 00:12:59, prev 00:12:59 [hh:mm:ss]: 
i_fold=0 ends.



 ---------------------------------------------------------------------- 

Ranger optimizer loaded. 
Gradient Centralization usage = True
GC applied to both conv and fc layers
Train Epoch: 1 [1024/497351 (0.2%)]	Loss: 0.378890
Train Epoch: 1 [52224/497351 (10.5%)]	Loss: 0.155354
Train Epoch: 1 [103424/497351 (20.8%)]	Loss: 0.111394
Train Epoch: 1 [154624/497351 (31.1%)]	Loss: 0.112362
Train Epoch: 1 [205824/497351 (41.4%)]	Loss: 0.115243
Train Epoch: 1 [257024/497351 (51.7%)]	Loss: 0.096823
Train Epoch: 1 [308224/497351 (62.0%)]	Loss: 0.106151
Train Epoch: 1 [359424/497351 (72.3%)]	Loss: 0.106671
Train Epoch: 1 [410624/497351 (82.6%)]	Loss: 0.106154
Train Epoch: 1 [461824/497351 (92.9%)]	Loss: 0.097827
Train Epoch: 2 [1024/497351 (0.2%)]	Loss: 0.100149
Train Epoch: 2 [52224/497351 (10.5%)]	Loss: 0.090692
Train Epoch: 2 [103424/497351 (20.8%)]	Loss: 0.097049
Train Epoch: 2 [154624/497351 (31.1%)]	Loss: 0.111429
Train Epoch: 2 [205824/497351 (41.4%)]	Loss: 0.118878
Train Epoch: 2 [257024/497351 (51.7%)]	Loss: 0.108617
Train Epoch: 2 [308224/497351 (62.0%)]	Loss: 0.089575
Train Epoch: 2 [359424/497351 (72.3%)]	Loss: 0.101655
Train Epoch: 2 [410624/497351 (82.6%)]	Loss: 0.099992
Train Epoch: 2 [461824/497351 (92.9%)]	Loss: 0.104173

 ---------------------------------------------------------------------- 


ACC in fold#1 was 0.902


Confusion Matrix in fold#1: 
           nonRipple  Ripple
nonRipple      39407   10452
Ripple          1778   72701


Classification Report in fold#1: 
             nonRipple     Ripple  accuracy   macro avg  weighted avg
precision        0.957      0.874     0.902       0.916         0.907
recall           0.790      0.976     0.902       0.883         0.902
f1-score         0.866      0.922     0.902       0.894         0.900
sample size  49859.000  74479.000     0.902  124338.000    124338.000


PR_AUC in fold#1 was 0.980


ROC_AUC in fold#1 was 0.975

Time (id:2): tot 00:26:14, prev 00:13:15 [hh:mm:ss]: 
i_fold=1 ends.



 ---------------------------------------------------------------------- 

Ranger optimizer loaded. 
Gradient Centralization usage = True
GC applied to both conv and fc layers
Train Epoch: 1 [1024/497351 (0.2%)]	Loss: 0.350227
Train Epoch: 1 [52224/497351 (10.5%)]	Loss: 0.151707
Train Epoch: 1 [103424/497351 (20.8%)]	Loss: 0.119719
Train Epoch: 1 [154624/497351 (31.1%)]	Loss: 0.104153
Train Epoch: 1 [205824/497351 (41.4%)]	Loss: 0.125842
Train Epoch: 1 [257024/497351 (51.7%)]	Loss: 0.121101
Train Epoch: 1 [308224/497351 (62.0%)]	Loss: 0.108276
Train Epoch: 1 [359424/497351 (72.3%)]	Loss: 0.101076
Train Epoch: 1 [410624/497351 (82.6%)]	Loss: 0.123439
Train Epoch: 1 [461824/497351 (92.9%)]	Loss: 0.108119
Train Epoch: 2 [1024/497351 (0.2%)]	Loss: 0.108406
Train Epoch: 2 [52224/497351 (10.5%)]	Loss: 0.100857
Train Epoch: 2 [103424/497351 (20.8%)]	Loss: 0.115987
Train Epoch: 2 [154624/497351 (31.1%)]	Loss: 0.107915
Train Epoch: 2 [205824/497351 (41.4%)]	Loss: 0.120463
Train Epoch: 2 [257024/497351 (51.7%)]	Loss: 0.105528
Train Epoch: 2 [308224/497351 (62.0%)]	Loss: 0.096400
Train Epoch: 2 [359424/497351 (72.3%)]	Loss: 0.123449
Train Epoch: 2 [410624/497351 (82.6%)]	Loss: 0.109364
Train Epoch: 2 [461824/497351 (92.9%)]	Loss: 0.100782

 ---------------------------------------------------------------------- 


ACC in fold#2 was 0.913


Confusion Matrix in fold#2: 
           nonRipple  Ripple
nonRipple      41578    8281
Ripple          2512   71967


Classification Report in fold#2: 
             nonRipple     Ripple  accuracy   macro avg  weighted avg
precision        0.943      0.897     0.913       0.920         0.915
recall           0.834      0.966     0.913       0.900         0.913
f1-score         0.885      0.930     0.913       0.908         0.912
sample size  49859.000  74479.000     0.913  124338.000    124338.000


PR_AUC in fold#2 was 0.982


ROC_AUC in fold#2 was 0.977

Time (id:3): tot 00:39:29, prev 00:13:14 [hh:mm:ss]: 
i_fold=2 ends.



 ---------------------------------------------------------------------- 

Ranger optimizer loaded. 
Gradient Centralization usage = True
GC applied to both conv and fc layers
Train Epoch: 1 [1024/497351 (0.2%)]	Loss: 0.361779
Train Epoch: 1 [52224/497351 (10.5%)]	Loss: 0.151578
Train Epoch: 1 [103424/497351 (20.8%)]	Loss: 0.116018
Train Epoch: 1 [154624/497351 (31.1%)]	Loss: 0.111039
Train Epoch: 1 [205824/497351 (41.4%)]	Loss: 0.104493
Train Epoch: 1 [257024/497351 (51.7%)]	Loss: 0.115515
Train Epoch: 1 [308224/497351 (62.0%)]	Loss: 0.105186
Train Epoch: 1 [359424/497351 (72.3%)]	Loss: 0.097794
Train Epoch: 1 [410624/497351 (82.6%)]	Loss: 0.108318
Train Epoch: 1 [461824/497351 (92.9%)]	Loss: 0.092400
Train Epoch: 2 [1024/497351 (0.2%)]	Loss: 0.100902
Train Epoch: 2 [52224/497351 (10.5%)]	Loss: 0.104191
Train Epoch: 2 [103424/497351 (20.8%)]	Loss: 0.097456
Train Epoch: 2 [154624/497351 (31.1%)]	Loss: 0.106707
Train Epoch: 2 [205824/497351 (41.4%)]	Loss: 0.096384
Train Epoch: 2 [257024/497351 (51.7%)]	Loss: 0.104072
Train Epoch: 2 [308224/497351 (62.0%)]	Loss: 0.100955
Train Epoch: 2 [359424/497351 (72.3%)]	Loss: 0.099407
Train Epoch: 2 [410624/497351 (82.6%)]	Loss: 0.110501
Train Epoch: 2 [461824/497351 (92.9%)]	Loss: 0.100233

 ---------------------------------------------------------------------- 


ACC in fold#3 was 0.897


Confusion Matrix in fold#3: 
           nonRipple  Ripple
nonRipple      39930    9929
Ripple          2850   71629


Classification Report in fold#3: 
             nonRipple     Ripple  accuracy   macro avg  weighted avg
precision        0.933      0.878     0.897       0.906         0.900
recall           0.801      0.962     0.897       0.881         0.897
f1-score         0.862      0.918     0.897       0.890         0.896
sample size  49859.000  74479.000     0.897  124338.000    124338.000


PR_AUC in fold#3 was 0.973


ROC_AUC in fold#3 was 0.965

Time (id:4): tot 00:52:41, prev 00:13:12 [hh:mm:ss]: 
i_fold=3 ends.



 ---------------------------------------------------------------------- 

Ranger optimizer loaded. 
Gradient Centralization usage = True
GC applied to both conv and fc layers
Train Epoch: 1 [1024/497352 (0.2%)]	Loss: 0.360050
Train Epoch: 1 [52224/497352 (10.5%)]	Loss: 0.148871
Train Epoch: 1 [103424/497352 (20.8%)]	Loss: 0.113466
Train Epoch: 1 [154624/497352 (31.1%)]	Loss: 0.113866
Train Epoch: 1 [205824/497352 (41.4%)]	Loss: 0.116291
Train Epoch: 1 [257024/497352 (51.7%)]	Loss: 0.107374
Train Epoch: 1 [308224/497352 (62.0%)]	Loss: 0.105476
Train Epoch: 1 [359424/497352 (72.3%)]	Loss: 0.102575
Train Epoch: 1 [410624/497352 (82.6%)]	Loss: 0.104609
Train Epoch: 1 [461824/497352 (92.9%)]	Loss: 0.104616
Train Epoch: 2 [1024/497352 (0.2%)]	Loss: 0.105935
Train Epoch: 2 [52224/497352 (10.5%)]	Loss: 0.121238
Train Epoch: 2 [103424/497352 (20.8%)]	Loss: 0.104557
Train Epoch: 2 [154624/497352 (31.1%)]	Loss: 0.090601
Train Epoch: 2 [205824/497352 (41.4%)]	Loss: 0.098825
Train Epoch: 2 [257024/497352 (51.7%)]	Loss: 0.115727
Train Epoch: 2 [308224/497352 (62.0%)]	Loss: 0.108952
Train Epoch: 2 [359424/497352 (72.3%)]	Loss: 0.098315
Train Epoch: 2 [410624/497352 (82.6%)]	Loss: 0.114341
Train Epoch: 2 [461824/497352 (92.9%)]	Loss: 0.091921

 ---------------------------------------------------------------------- 


ACC in fold#4 was 0.899


Confusion Matrix in fold#4: 
           nonRipple  Ripple
nonRipple      44253    5606
Ripple          6953   67525


Classification Report in fold#4: 
             nonRipple     Ripple  accuracy   macro avg  weighted avg
precision        0.864      0.923     0.899       0.894         0.900
recall           0.888      0.907     0.899       0.897         0.899
f1-score         0.876      0.915     0.899       0.895         0.899
sample size  49859.000  74478.000     0.899  124337.000    124337.000


PR_AUC in fold#4 was 0.977


ROC_AUC in fold#4 was 0.969

Time (id:5): tot 01:05:43, prev 00:13:02 [hh:mm:ss]: 
i_fold=4 ends.



 ---------------------------------------------------------------------- 


Label Errors Rate:
0.019


 --- 5-fold CV overall metrics --- 


Confusion Matrix (Test; sum; num. folds=5)
           nonRipple  Ripple
nonRipple     205504   43791
Ripple         16222  356172


Classification Report (Test; mean; num. folds=5)
             nonRipple     Ripple  accuracy   macro avg  weighted avg
precision        0.929      0.891     0.903       0.911         0.906
recall           0.824      0.956     0.903       0.890         0.903
f1-score         0.873      0.922     0.903       0.897         0.902
sample size  49859.000  74478.800     0.903  124337.800    124337.800


Classification Report (Test; std; num. folds=5)
             nonRipple  Ripple  accuracy  macro avg  weighted avg
precision        0.034   0.018     0.006      0.010         0.006
recall           0.035   0.025     0.006      0.007         0.006
f1-score         0.008   0.005     0.006      0.006         0.006
sample size      0.000   0.400     0.006      0.400         0.400


PRE-REC AUC Score: 0.978 +/- 0.003 (mean +/- std.; n=5)


ROC AUC Score: 0.972 +/- 0.004 (mean +/- std.; n=5)


Saved to: ./data/okada/cleanlab_results/D01+/are_errors.npy


Saved to: ./data/okada/cleanlab_results/D01+/cleaned_labels.npy


Saved to: ./data/okada/cleanlab_results/D01+/pred_probas_ripples.npy

(Moved to: /tmp/2021-0517-1144-D01+-conf_mats.csv)
Saved to: ./data/okada/cleanlab_results/D01+/conf_mats.csv
Saved to: ./data/okada/cleanlab_results/D01+/conf_mat_overall_sum.png
(Moved to: /tmp/2021-0517-1144-D01+-clf_reports.csv)
Saved to: ./data/okada/cleanlab_results/D01+/clf_reports.csv
(Moved to: /tmp/2021-0517-1144-D01+-roc-auc.csv)
Saved to: ./data/okada/cleanlab_results/D01+/roc-auc.csv

Saved to: ./data/okada/01/day1/split/ripples_1kHz_pkl/CNN_labeled/D01+/tt2-1_fp16.pkl


Saved to: ./data/okada/01/day1/split/ripples_1kHz_pkl/CNN_labeled/D01+/tt2-2_fp16.pkl


Saved to: ./data/okada/01/day1/split/ripples_1kHz_pkl/CNN_labeled/D01+/tt2-3_fp16.pkl


Saved to: ./data/okada/01/day1/split/ripples_1kHz_pkl/CNN_labeled/D01+/tt2-4_fp16.pkl


Saved to: ./data/okada/01/day1/split/ripples_1kHz_pkl/CNN_labeled/D01+/tt6-1_fp16.pkl


Saved to: ./data/okada/01/day1/split/ripples_1kHz_pkl/CNN_labeled/D01+/tt6-2_fp16.pkl


Saved to: ./data/okada/01/day1/split/ripples_1kHz_pkl/CNN_labeled/D01+/tt6-3_fp16.pkl


Saved to: ./data/okada/01/day1/split/ripples_1kHz_pkl/CNN_labeled/D01+/tt6-4_fp16.pkl


Random seeds have been fixed as 42


Random seeds have been fixed as 42

Traceback (most recent call last):
  File "./ripples/define_ripples/using_CNN/makes_labels.py", line 16, in <module>
    from utils.Reporter import Reporter
ModuleNotFoundError: No module named 'utils.Reporter'

Random seeds have been fixed as 42


Random seeds have been fixed as 42


Random seeds have been fixed as 42

Traceback (most recent call last):
  File "./ripples/define_ripples/using_CNN/makes_labels.py", line 52, in <module>
    [
  File "./ripples/define_ripples/using_CNN/makes_labels.py", line 53, in <listcomp>
    utils.general.search_str_list(LPATH_HIPPO_LFP_NPY_LIST, nm)[1]
AttributeError: module 'utils.general' has no attribute 'search_str_list'

Random seeds have been fixed as 42


Random seeds have been fixed as 42


Random seeds have been fixed as 42

Indice of mice to load: ['01']
8
Traceback (most recent call last):
  File "./ripples/define_ripples/using_CNN/makes_labels.py", line 111, in <module>
    model = CleanLabelResNet1D(cl_conf)
  File "./models/ResNet1D/CleanLabelResNet1D.py", line 38, in __init__
    self.resnet1d = ResNet1D(self.resnet1d_conf)
  File "./models/ResNet1D/ResNet1D.py", line 26, in __init__
    n_first_filters = config["n_first_filters"]
KeyError: 'n_first_filters'

Random seeds have been fixed as 42


Random seeds have been fixed as 42


Random seeds have been fixed as 42

Indice of mice to load: ['01']
8

2021-0628-0354

Time (id:0): tot 00:00:00, prev 00:00:00 [hh:mm:ss]: 
Reporter has been initialized.


Ranger optimizer loaded. 
Gradient Centralization usage = True
GC applied to both conv and fc layers
