
Random seeds have been fixed as 42


Matplotilb has been configured as follows:
{'figure.figsize': (16.2, 10), 'font.size': 20, 'legend.fontsize': 'xx-small', 'pdf.fonttype': 42, 'ps.fonttype': 42}.


Saved to: ripples/define_ripples/conventional/plots_prop_hists/props_hists.png


Saved to: ripples/define_ripples/conventional/plots_prop_hists/hist_df_mouse_01.csv


Random seeds have been fixed as 42


Matplotilb has been configured as follows:
{'figure.figsize': (16.2, 10), 'font.size': 20, 'legend.fontsize': 'xx-small', 'pdf.fonttype': 42, 'ps.fonttype': 42}.


Saved to: ripples/define_ripples/conventional/plots_prop_hists/props_hists.png


Saved to: ripples/define_ripples/conventional/plots_prop_hists/hist_df_mouse_05.csv


Random seeds have been fixed as 42


Matplotilb has been configured as follows:
{'figure.figsize': (16.2, 10), 'font.size': 20, 'legend.fontsize': 'xx-small', 'pdf.fonttype': 42, 'ps.fonttype': 42}.


Saved to: ripples/define_ripples/conventional/plots_prop_hists/props_hists.png


Saved to: ripples/define_ripples/conventional/plots_prop_hists/hist_df_mouse_03.csv


Random seeds have been fixed as 42


Matplotilb has been configured as follows:
{'figure.figsize': (16.2, 10), 'font.size': 20, 'legend.fontsize': 'xx-small', 'pdf.fonttype': 42, 'ps.fonttype': 42}.


Saved to: ripples/define_ripples/conventional/plots_prop_hists/props_hists.png


Saved to: ripples/define_ripples/conventional/plots_prop_hists/hist_df_mouse_04.csv


Random seeds have been fixed as 42


Matplotilb has been configured as follows:
{'figure.figsize': (16.2, 10), 'font.size': 20, 'legend.fontsize': 'xx-small', 'pdf.fonttype': 42, 'ps.fonttype': 42}.


Saved to: ripples/define_ripples/conventional/plots_prop_hists/props_hists.png


Saved to: ripples/define_ripples/conventional/plots_prop_hists/hist_df_mouse_02.csv

