
Random seeds have been fixed as 42


2021-0818-1031

Let's use 4 GPUs.
Ranger optimizer loaded. 
Gradient Centralization usage = True
GC applied to both conv and fc layers

Random seeds have been fixed as 42


Random seeds have been fixed as 42


Loading ...


Loading ...


step: Training, i_batch: 0, loss: 0.690, Balanced ACC: 0.533


step: Training, i_batch: 100, loss: 0.255, Balanced ACC: 0.915


step: Training, i_batch: 200, loss: 0.247, Balanced ACC: 0.913


step: Training, i_batch: 300, loss: 0.202, Balanced ACC: 0.932


step: Training, i_batch: 400, loss: 0.221, Balanced ACC: 0.920


step: Training, i_batch: 500, loss: 0.214, Balanced ACC: 0.921


step: Training, i_batch: 600, loss: 0.210, Balanced ACC: 0.925


step: Training, i_batch: 700, loss: 0.230, Balanced ACC: 0.921


step: Training, i_batch: 800, loss: 0.201, Balanced ACC: 0.924


step: Training, i_batch: 900, loss: 0.220, Balanced ACC: 0.919


step: Training, i_batch: 1000, loss: 0.210, Balanced ACC: 0.922


step: Training, i_batch: 1100, loss: 0.182, Balanced ACC: 0.932


step: Training, i_batch: 1200, loss: 0.200, Balanced ACC: 0.922


step: Training, i_batch: 1300, loss: 0.214, Balanced ACC: 0.909


step: Training, i_batch: 1400, loss: 0.219, Balanced ACC: 0.923


step: Training, i_batch: 1500, loss: 0.186, Balanced ACC: 0.937


step: Training, i_batch: 1600, loss: 0.246, Balanced ACC: 0.908


step: Training, i_batch: 1700, loss: 0.228, Balanced ACC: 0.923


step: Training, i_batch: 1800, loss: 0.197, Balanced ACC: 0.933


step: Training, i_batch: 1900, loss: 0.220, Balanced ACC: 0.910


step: Training, i_batch: 2000, loss: 0.226, Balanced ACC: 0.918


step: Training, i_batch: 2100, loss: 0.190, Balanced ACC: 0.931


step: Training, i_batch: 2200, loss: 0.161, Balanced ACC: 0.939


step: Training, i_batch: 2300, loss: 0.186, Balanced ACC: 0.925


step: Training, i_batch: 2400, loss: 0.173, Balanced ACC: 0.936


step: Test, i_batch: 0, loss: 0.396, Balanced ACC: 0.912


step: Test, i_batch: 100, loss: 0.344, Balanced ACC: 0.925


step: Test, i_batch: 200, loss: 0.354, Balanced ACC: 0.913


Saved to: ./ripples/detect_ripples/CNN/train_FvsT/checkpoints/mouse_test#01_epoch#000.pth


Matplotilb has been configured as follows:
{'figure.dpi': 100, 'savefig.dpi': 300, 'figure.figsize': '(8.7, 10.0) [cm]', 'font.size': 7, 'axes.labelsize': 8, 'xtick.labelsize': 8, 'ytick.labelsize': 8, 'axes.titlesize': 8, 'legend.fontsize': 6, 'pdf.fonttype': 42, 'ps.fonttype': 42, 'axes.spines.top': True, 'axes.spines.right': True, 'xtick.major.size': 2.032, 'ytick.major.size': 2.032, 'xtick.major.width': 0.508, 'ytick.major.width': 0.508}.


ACC in fold#0 was 0.863


Balanced ACC in fold#0 was 0.912


MCC in fold#0 was 0.698


Confusion Matrix in fold#0: 
       F       T
F  43469     354
T  29701  146636


Classification Report in fold#0: 
                     F           T  balanced accuracy   macro avg  weighted avg
precision        0.594       0.998              0.912       0.796         0.917
recall           0.992       0.832              0.912       0.912         0.863
f1-score         0.743       0.907              0.912       0.825         0.874
sample size  43823.000  176337.000              0.912  220160.000    220160.000


Matplotilb has been configured as follows:
{'figure.dpi': 100, 'savefig.dpi': 300, 'figure.figsize': '(7.0, 7.0) [cm]', 'font.size': 7, 'axes.labelsize': 8, 'xtick.labelsize': 8, 'ytick.labelsize': 8, 'axes.titlesize': 8, 'legend.fontsize': 6, 'pdf.fonttype': 42, 'ps.fonttype': 42, 'axes.spines.top': True, 'axes.spines.right': True, 'xtick.major.size': 2.032, 'ytick.major.size': 2.032, 'xtick.major.width': 0.508, 'ytick.major.width': 0.508}.

Let's use 4 GPUs.
Ranger optimizer loaded. 
Gradient Centralization usage = True
GC applied to both conv and fc layers

Random seeds have been fixed as 42


Random seeds have been fixed as 42


Loading ...


Loading ...


step: Training, i_batch: 0, loss: 0.711, Balanced ACC: 0.511


step: Training, i_batch: 100, loss: 0.235, Balanced ACC: 0.920


step: Training, i_batch: 200, loss: 0.204, Balanced ACC: 0.929


step: Training, i_batch: 300, loss: 0.191, Balanced ACC: 0.932


step: Training, i_batch: 400, loss: 0.198, Balanced ACC: 0.925


step: Training, i_batch: 500, loss: 0.230, Balanced ACC: 0.917


step: Training, i_batch: 600, loss: 0.197, Balanced ACC: 0.928


step: Training, i_batch: 700, loss: 0.177, Balanced ACC: 0.938


step: Training, i_batch: 800, loss: 0.197, Balanced ACC: 0.930


step: Training, i_batch: 900, loss: 0.222, Balanced ACC: 0.922


step: Training, i_batch: 1000, loss: 0.196, Balanced ACC: 0.917


step: Training, i_batch: 1100, loss: 0.239, Balanced ACC: 0.917


step: Training, i_batch: 1200, loss: 0.205, Balanced ACC: 0.921


step: Training, i_batch: 1300, loss: 0.205, Balanced ACC: 0.925


step: Training, i_batch: 1400, loss: 0.170, Balanced ACC: 0.942


step: Training, i_batch: 1500, loss: 0.187, Balanced ACC: 0.932


step: Training, i_batch: 1600, loss: 0.201, Balanced ACC: 0.923


step: Training, i_batch: 1700, loss: 0.172, Balanced ACC: 0.937


step: Test, i_batch: 0, loss: 0.245, Balanced ACC: 0.907


step: Test, i_batch: 100, loss: 0.231, Balanced ACC: 0.903


step: Test, i_batch: 200, loss: 0.230, Balanced ACC: 0.915


step: Test, i_batch: 300, loss: 0.261, Balanced ACC: 0.895


step: Test, i_batch: 400, loss: 0.275, Balanced ACC: 0.906


step: Test, i_batch: 500, loss: 0.271, Balanced ACC: 0.890


step: Test, i_batch: 600, loss: 0.222, Balanced ACC: 0.907


step: Test, i_batch: 700, loss: 0.220, Balanced ACC: 0.929


step: Test, i_batch: 800, loss: 0.240, Balanced ACC: 0.898


step: Test, i_batch: 900, loss: 0.227, Balanced ACC: 0.914


step: Test, i_batch: 1000, loss: 0.208, Balanced ACC: 0.902


step: Test, i_batch: 1100, loss: 0.244, Balanced ACC: 0.903


step: Test, i_batch: 1200, loss: 0.249, Balanced ACC: 0.888


Saved to: ./ripples/detect_ripples/CNN/train_FvsT/checkpoints/mouse_test#02_epoch#000.pth


Matplotilb has been configured as follows:
{'figure.dpi': 100, 'savefig.dpi': 300, 'figure.figsize': '(8.7, 10.0) [cm]', 'font.size': 7, 'axes.labelsize': 8, 'xtick.labelsize': 8, 'ytick.labelsize': 8, 'axes.titlesize': 8, 'legend.fontsize': 6, 'pdf.fonttype': 42, 'ps.fonttype': 42, 'axes.spines.top': True, 'axes.spines.right': True, 'xtick.major.size': 2.032, 'ytick.major.size': 2.032, 'xtick.major.width': 0.508, 'ytick.major.width': 0.508}.


ACC in fold#1 was 0.915


Balanced ACC in fold#1 was 0.912


MCC in fold#1 was 0.782


Confusion Matrix in fold#1: 
        F       T
F  278440   28747
T   82705  927996


Classification Report in fold#1: 
                      F            T  balanced accuracy    macro avg  weighted avg
precision         0.771        0.970              0.912        0.870         0.924
recall            0.906        0.918              0.912        0.912         0.915
f1-score          0.833        0.943              0.912        0.888         0.918
sample size  307187.000  1010701.000              0.912  1317888.000   1317888.000


Matplotilb has been configured as follows:
{'figure.dpi': 100, 'savefig.dpi': 300, 'figure.figsize': '(7.0, 7.0) [cm]', 'font.size': 7, 'axes.labelsize': 8, 'xtick.labelsize': 8, 'ytick.labelsize': 8, 'axes.titlesize': 8, 'legend.fontsize': 6, 'pdf.fonttype': 42, 'ps.fonttype': 42, 'axes.spines.top': True, 'axes.spines.right': True, 'xtick.major.size': 2.032, 'ytick.major.size': 2.032, 'xtick.major.width': 0.508, 'ytick.major.width': 0.508}.

Let's use 4 GPUs.
Ranger optimizer loaded. 
Gradient Centralization usage = True
GC applied to both conv and fc layers

Random seeds have been fixed as 42


Random seeds have been fixed as 42


Loading ...


Loading ...


step: Training, i_batch: 0, loss: 0.701, Balanced ACC: 0.486


step: Training, i_batch: 100, loss: 0.290, Balanced ACC: 0.893


step: Training, i_batch: 200, loss: 0.272, Balanced ACC: 0.905


step: Training, i_batch: 300, loss: 0.225, Balanced ACC: 0.921


step: Training, i_batch: 400, loss: 0.236, Balanced ACC: 0.921


step: Training, i_batch: 500, loss: 0.250, Balanced ACC: 0.906


step: Training, i_batch: 600, loss: 0.241, Balanced ACC: 0.902


step: Training, i_batch: 700, loss: 0.244, Balanced ACC: 0.904


step: Training, i_batch: 800, loss: 0.223, Balanced ACC: 0.912


step: Training, i_batch: 900, loss: 0.196, Balanced ACC: 0.929


step: Training, i_batch: 1000, loss: 0.214, Balanced ACC: 0.927


step: Training, i_batch: 1100, loss: 0.222, Balanced ACC: 0.918


step: Training, i_batch: 1200, loss: 0.208, Balanced ACC: 0.922


step: Training, i_batch: 1300, loss: 0.237, Balanced ACC: 0.911


step: Training, i_batch: 1400, loss: 0.255, Balanced ACC: 0.905


step: Training, i_batch: 1500, loss: 0.226, Balanced ACC: 0.916


step: Test, i_batch: 0, loss: 0.204, Balanced ACC: 0.916


step: Test, i_batch: 100, loss: 0.195, Balanced ACC: 0.924


step: Test, i_batch: 200, loss: 0.215, Balanced ACC: 0.923


step: Test, i_batch: 300, loss: 0.247, Balanced ACC: 0.919


step: Test, i_batch: 400, loss: 0.214, Balanced ACC: 0.922


step: Test, i_batch: 500, loss: 0.188, Balanced ACC: 0.936


step: Test, i_batch: 600, loss: 0.203, Balanced ACC: 0.915


step: Test, i_batch: 700, loss: 0.238, Balanced ACC: 0.911


step: Test, i_batch: 800, loss: 0.242, Balanced ACC: 0.915


step: Test, i_batch: 900, loss: 0.223, Balanced ACC: 0.925


step: Test, i_batch: 1000, loss: 0.225, Balanced ACC: 0.914


Saved to: ./ripples/detect_ripples/CNN/train_FvsT/checkpoints/mouse_test#03_epoch#000.pth


Matplotilb has been configured as follows:
{'figure.dpi': 100, 'savefig.dpi': 300, 'figure.figsize': '(8.7, 10.0) [cm]', 'font.size': 7, 'axes.labelsize': 8, 'xtick.labelsize': 8, 'ytick.labelsize': 8, 'axes.titlesize': 8, 'legend.fontsize': 6, 'pdf.fonttype': 42, 'ps.fonttype': 42, 'axes.spines.top': True, 'axes.spines.right': True, 'xtick.major.size': 2.032, 'ytick.major.size': 2.032, 'xtick.major.width': 0.508, 'ytick.major.width': 0.508}.


ACC in fold#2 was 0.934


Balanced ACC in fold#2 was 0.920


MCC in fold#2 was 0.853


Confusion Matrix in fold#2: 
        F       T
F  326843   46991
T   23443  663587


Classification Report in fold#2: 
                      F           T  balanced accuracy    macro avg  weighted avg
precision         0.933       0.934               0.92        0.933         0.934
recall            0.874       0.966               0.92        0.920         0.934
f1-score          0.903       0.950               0.92        0.926         0.933
sample size  373834.000  687030.000               0.92  1060864.000   1060864.000


Matplotilb has been configured as follows:
{'figure.dpi': 100, 'savefig.dpi': 300, 'figure.figsize': '(7.0, 7.0) [cm]', 'font.size': 7, 'axes.labelsize': 8, 'xtick.labelsize': 8, 'ytick.labelsize': 8, 'axes.titlesize': 8, 'legend.fontsize': 6, 'pdf.fonttype': 42, 'ps.fonttype': 42, 'axes.spines.top': True, 'axes.spines.right': True, 'xtick.major.size': 2.032, 'ytick.major.size': 2.032, 'xtick.major.width': 0.508, 'ytick.major.width': 0.508}.

Let's use 4 GPUs.
Ranger optimizer loaded. 
Gradient Centralization usage = True
GC applied to both conv and fc layers

Random seeds have been fixed as 42


Random seeds have been fixed as 42


Loading ...


Loading ...


step: Training, i_batch: 0, loss: 0.701, Balanced ACC: 0.497


step: Training, i_batch: 100, loss: 0.230, Balanced ACC: 0.922


step: Training, i_batch: 200, loss: 0.201, Balanced ACC: 0.929


step: Training, i_batch: 300, loss: 0.225, Balanced ACC: 0.917


step: Training, i_batch: 400, loss: 0.209, Balanced ACC: 0.926


step: Training, i_batch: 500, loss: 0.222, Balanced ACC: 0.922


step: Training, i_batch: 600, loss: 0.216, Balanced ACC: 0.926


step: Training, i_batch: 700, loss: 0.214, Balanced ACC: 0.919


step: Training, i_batch: 800, loss: 0.224, Balanced ACC: 0.913


step: Training, i_batch: 900, loss: 0.214, Balanced ACC: 0.923


step: Training, i_batch: 1000, loss: 0.211, Balanced ACC: 0.920


step: Training, i_batch: 1100, loss: 0.173, Balanced ACC: 0.938


step: Training, i_batch: 1200, loss: 0.197, Balanced ACC: 0.927


step: Training, i_batch: 1300, loss: 0.200, Balanced ACC: 0.932


step: Training, i_batch: 1400, loss: 0.153, Balanced ACC: 0.946


step: Training, i_batch: 1500, loss: 0.187, Balanced ACC: 0.928


step: Training, i_batch: 1600, loss: 0.199, Balanced ACC: 0.934


step: Training, i_batch: 1700, loss: 0.170, Balanced ACC: 0.933


step: Training, i_batch: 1800, loss: 0.175, Balanced ACC: 0.932


step: Training, i_batch: 1900, loss: 0.185, Balanced ACC: 0.925


step: Training, i_batch: 2000, loss: 0.188, Balanced ACC: 0.934


step: Training, i_batch: 2100, loss: 0.180, Balanced ACC: 0.935


step: Test, i_batch: 0, loss: 1.912, Balanced ACC: 0.778


step: Test, i_batch: 100, loss: 1.981, Balanced ACC: 0.810


step: Test, i_batch: 200, loss: 1.952, Balanced ACC: 0.795


step: Test, i_batch: 300, loss: 1.777, Balanced ACC: 0.812


step: Test, i_batch: 400, loss: 1.866, Balanced ACC: 0.808


step: Test, i_batch: 500, loss: 1.709, Balanced ACC: 0.823


step: Test, i_batch: 600, loss: 1.750, Balanced ACC: 0.786


step: Test, i_batch: 700, loss: 1.819, Balanced ACC: 0.807


step: Test, i_batch: 800, loss: 1.743, Balanced ACC: 0.817


step: Test, i_batch: 900, loss: 2.101, Balanced ACC: 0.787


step: Test, i_batch: 1000, loss: 1.892, Balanced ACC: 0.793


step: Test, i_batch: 1100, loss: 1.868, Balanced ACC: 0.797


Saved to: ./ripples/detect_ripples/CNN/train_FvsT/checkpoints/mouse_test#04_epoch#000.pth


Matplotilb has been configured as follows:
{'figure.dpi': 100, 'savefig.dpi': 300, 'figure.figsize': '(8.7, 10.0) [cm]', 'font.size': 7, 'axes.labelsize': 8, 'xtick.labelsize': 8, 'ytick.labelsize': 8, 'axes.titlesize': 8, 'legend.fontsize': 6, 'pdf.fonttype': 42, 'ps.fonttype': 42, 'axes.spines.top': True, 'axes.spines.right': True, 'xtick.major.size': 2.032, 'ytick.major.size': 2.032, 'xtick.major.width': 0.508, 'ytick.major.width': 0.508}.


ACC in fold#3 was 0.658


Balanced ACC in fold#3 was 0.806


MCC in fold#3 was 0.337


Confusion Matrix in fold#3: 
        F       T
F   96512    1739
T  417553  711972


Classification Report in fold#3: 
                     F            T  balanced accuracy    macro avg  weighted avg
precision        0.188        0.998              0.806        0.593         0.933
recall           0.982        0.630              0.806        0.806         0.658
f1-score         0.315        0.773              0.806        0.544         0.736
sample size  98251.000  1129525.000              0.806  1227776.000   1227776.000


Matplotilb has been configured as follows:
{'figure.dpi': 100, 'savefig.dpi': 300, 'figure.figsize': '(7.0, 7.0) [cm]', 'font.size': 7, 'axes.labelsize': 8, 'xtick.labelsize': 8, 'ytick.labelsize': 8, 'axes.titlesize': 8, 'legend.fontsize': 6, 'pdf.fonttype': 42, 'ps.fonttype': 42, 'axes.spines.top': True, 'axes.spines.right': True, 'xtick.major.size': 2.032, 'ytick.major.size': 2.032, 'xtick.major.width': 0.508, 'ytick.major.width': 0.508}.

Let's use 4 GPUs.
Ranger optimizer loaded. 
Gradient Centralization usage = True
GC applied to both conv and fc layers

Random seeds have been fixed as 42


Random seeds have been fixed as 42


Loading ...


Loading ...


step: Training, i_batch: 0, loss: 0.694, Balanced ACC: 0.514


step: Training, i_batch: 100, loss: 0.318, Balanced ACC: 0.893


step: Training, i_batch: 200, loss: 0.261, Balanced ACC: 0.908


step: Training, i_batch: 300, loss: 0.252, Balanced ACC: 0.905


step: Training, i_batch: 400, loss: 0.216, Balanced ACC: 0.926


step: Training, i_batch: 500, loss: 0.225, Balanced ACC: 0.924


step: Training, i_batch: 600, loss: 0.280, Balanced ACC: 0.893


step: Training, i_batch: 700, loss: 0.251, Balanced ACC: 0.900


step: Training, i_batch: 800, loss: 0.198, Balanced ACC: 0.927


step: Training, i_batch: 900, loss: 0.233, Balanced ACC: 0.907


step: Training, i_batch: 1000, loss: 0.263, Balanced ACC: 0.894


step: Training, i_batch: 1100, loss: 0.231, Balanced ACC: 0.914


step: Training, i_batch: 1200, loss: 0.215, Balanced ACC: 0.913


step: Training, i_batch: 1300, loss: 0.220, Balanced ACC: 0.918


step: Training, i_batch: 1400, loss: 0.225, Balanced ACC: 0.911


step: Training, i_batch: 1500, loss: 0.220, Balanced ACC: 0.924


step: Training, i_batch: 1600, loss: 0.231, Balanced ACC: 0.923


step: Test, i_batch: 0, loss: 0.440, Balanced ACC: 0.862


step: Test, i_batch: 100, loss: 0.511, Balanced ACC: 0.859


step: Test, i_batch: 200, loss: 0.455, Balanced ACC: 0.862


step: Test, i_batch: 300, loss: 0.533, Balanced ACC: 0.839


step: Test, i_batch: 400, loss: 0.435, Balanced ACC: 0.871


step: Test, i_batch: 500, loss: 0.457, Balanced ACC: 0.860


step: Test, i_batch: 600, loss: 0.469, Balanced ACC: 0.851


step: Test, i_batch: 700, loss: 0.488, Balanced ACC: 0.858


step: Test, i_batch: 800, loss: 0.486, Balanced ACC: 0.867


step: Test, i_batch: 900, loss: 0.482, Balanced ACC: 0.857


step: Test, i_batch: 1000, loss: 0.404, Balanced ACC: 0.869


Saved to: ./ripples/detect_ripples/CNN/train_FvsT/checkpoints/mouse_test#05_epoch#000.pth


Matplotilb has been configured as follows:
{'figure.dpi': 100, 'savefig.dpi': 300, 'figure.figsize': '(8.7, 10.0) [cm]', 'font.size': 7, 'axes.labelsize': 8, 'xtick.labelsize': 8, 'ytick.labelsize': 8, 'axes.titlesize': 8, 'legend.fontsize': 6, 'pdf.fonttype': 42, 'ps.fonttype': 42, 'axes.spines.top': True, 'axes.spines.right': True, 'xtick.major.size': 2.032, 'ytick.major.size': 2.032, 'xtick.major.width': 0.508, 'ytick.major.width': 0.508}.


ACC in fold#4 was 0.886


Balanced ACC in fold#4 was 0.861


MCC in fold#4 was 0.772


Confusion Matrix in fold#4: 
        F       T
F  313606  115308
T    6282  633860


Classification Report in fold#4: 
                      F           T  balanced accuracy    macro avg  weighted avg
precision         0.980       0.846              0.861        0.913         0.900
recall            0.731       0.990              0.861        0.861         0.886
f1-score          0.838       0.912              0.861        0.875         0.882
sample size  428914.000  640142.000              0.861  1069056.000   1069056.000


Matplotilb has been configured as follows:
{'figure.dpi': 100, 'savefig.dpi': 300, 'figure.figsize': '(7.0, 7.0) [cm]', 'font.size': 7, 'axes.labelsize': 8, 'xtick.labelsize': 8, 'ytick.labelsize': 8, 'axes.titlesize': 8, 'legend.fontsize': 6, 'pdf.fonttype': 42, 'ps.fonttype': 42, 'axes.spines.top': True, 'axes.spines.right': True, 'xtick.major.size': 2.032, 'ytick.major.size': 2.032, 'xtick.major.width': 0.508, 'ytick.major.width': 0.508}.


 --- 5-fold CV overall metrics --- 


The Mattews correlation coefficient: 0.688 +/- 0.183 (mean +/- std.; n=5)


Balanced Accuracy Score: 0.882 +/- 0.043 (mean +/- std.; n=5)


Confusion Matrix (Test; sum; num. folds=5)
         F        T
F  1058870   193139
T   559684  3084051


Classification Report (Test; mean; num. folds=5)
                      F           T  balanced accuracy   macro avg  weighted avg
precision         0.693       0.949              0.882       0.821         0.922
recall            0.897       0.867              0.882       0.882         0.851
f1-score          0.726       0.897              0.882       0.812         0.869
sample size  250401.800  728747.000              0.882  979148.800    979148.800


Classification Report (Test; std; num. folds=5)
                      F           T  balanced accuracy   macro avg  weighted avg
precision         0.287       0.057              0.043       0.123         0.012
recall            0.094       0.130              0.043       0.043         0.100
f1-score          0.212       0.064              0.043       0.138         0.070
sample size  152414.789  333127.311              0.043  391761.256    391761.256


ROC AUC micro Score: 0.901 +/- 0.106 (mean +/- std.; n=5)


ROC AUC macro Score: 0.955 +/- 0.01 (mean +/- std.; n=5)


Precision-Recall AUC micro Score: 0.896 +/- 0.115 (mean +/- std.; n=5)


Precision-Recall AUC macro Score: 0.896 +/- 0.078 (mean +/- std.; n=5)


Saved to: ./ripples/detect_ripples/CNN/train_FvsT/global_conf_used.yaml


Saved to: ./ripples/detect_ripples/CNN/train_FvsT/model_conf.yaml


Saved to: ./ripples/detect_ripples/CNN/train_FvsT/dataloader_conf.yaml


Saved to: ./ripples/detect_ripples/CNN/train_FvsT/mccs.csv


Saved to: ./ripples/detect_ripples/CNN/train_FvsT/balanced_accs.csv


Matplotilb has been configured as follows:
{'figure.dpi': 100, 'savefig.dpi': 300, 'figure.figsize': '(8.0, 8.0) [cm]', 'font.size': 6, 'axes.labelsize': 8, 'xtick.labelsize': 8, 'ytick.labelsize': 8, 'axes.titlesize': 8, 'legend.fontsize': 6, 'pdf.fonttype': 42, 'ps.fonttype': 42, 'axes.spines.top': True, 'axes.spines.right': True, 'xtick.major.size': 2.032, 'ytick.major.size': 2.032, 'xtick.major.width': 0.508, 'ytick.major.width': 0.508}.


Saved to: ./ripples/detect_ripples/CNN/train_FvsT/conf_mat/fold#0.png


Saved to: ./ripples/detect_ripples/CNN/train_FvsT/conf_mat/fold#1.png


Saved to: ./ripples/detect_ripples/CNN/train_FvsT/conf_mat/fold#2.png


Saved to: ./ripples/detect_ripples/CNN/train_FvsT/conf_mat/fold#3.png


Saved to: ./ripples/detect_ripples/CNN/train_FvsT/conf_mat/fold#4.png


Saved to: ./ripples/detect_ripples/CNN/train_FvsT/conf_mat/conf_mats.csv


Saved to: ./ripples/detect_ripples/CNN/train_FvsT/conf_mat/overall_sum.png


Saved to: ./ripples/detect_ripples/CNN/train_FvsT/clf_reports.csv


Saved to: ./ripples/detect_ripples/CNN/train_FvsT/aucs.csv


Saved to: ./ripples/detect_ripples/CNN/train_FvsT/roc_curves/fold#0.png


Saved to: ./ripples/detect_ripples/CNN/train_FvsT/roc_curves/fold#1.png


Saved to: ./ripples/detect_ripples/CNN/train_FvsT/roc_curves/fold#2.png


Saved to: ./ripples/detect_ripples/CNN/train_FvsT/roc_curves/fold#3.png


Saved to: ./ripples/detect_ripples/CNN/train_FvsT/roc_curves/fold#4.png


Saved to: ./ripples/detect_ripples/CNN/train_FvsT/pre_rec_curves/fold#0.png


Saved to: ./ripples/detect_ripples/CNN/train_FvsT/pre_rec_curves/fold#1.png


Saved to: ./ripples/detect_ripples/CNN/train_FvsT/pre_rec_curves/fold#2.png


Saved to: ./ripples/detect_ripples/CNN/train_FvsT/pre_rec_curves/fold#3.png


Saved to: ./ripples/detect_ripples/CNN/train_FvsT/pre_rec_curves/fold#4.png


Saved to: ./ripples/detect_ripples/CNN/train_FvsT/learning_curves/fold#0.png


Saved to: ./ripples/detect_ripples/CNN/train_FvsT/learning_curves/fold#1.png


Saved to: ./ripples/detect_ripples/CNN/train_FvsT/learning_curves/fold#2.png


Saved to: ./ripples/detect_ripples/CNN/train_FvsT/learning_curves/fold#3.png


Saved to: ./ripples/detect_ripples/CNN/train_FvsT/learning_curves/fold#4.png

