  0%|          | 0/30 [00:00<?, ?it/s]
Random seeds has been fixed as 42


Random seeds has been fixed as 42

Indice of mice to load: 05
Ranger optimizer loaded. 
Gradient Centralization usage = True
GC applied to both conv and fc layers
Train Epoch: 1 [128/2541349 (0.0%)]	Loss: 0.683750
Train Epoch: 1 [6528/2541349 (0.3%)]	Loss: 0.556503
Train Epoch: 1 [12928/2541349 (0.5%)]	Loss: 0.375891
Train Epoch: 1 [19328/2541349 (0.8%)]	Loss: 0.300753
Train Epoch: 1 [25728/2541349 (1.0%)]	Loss: 0.276735
Train Epoch: 1 [32128/2541349 (1.3%)]	Loss: 0.186025
Train Epoch: 1 [38528/2541349 (1.5%)]	Loss: 0.345236
Train Epoch: 1 [44928/2541349 (1.8%)]	Loss: 0.358785
Train Epoch: 1 [51328/2541349 (2.0%)]	Loss: 0.260036
Train Epoch: 1 [57728/2541349 (2.3%)]	Loss: 0.268340
Train Epoch: 1 [64128/2541349 (2.5%)]	Loss: 0.259002
Train Epoch: 1 [70528/2541349 (2.8%)]	Loss: 0.309241
Train Epoch: 1 [76928/2541349 (3.0%)]	Loss: 0.310660
Train Epoch: 1 [83328/2541349 (3.3%)]	Loss: 0.255611
Train Epoch: 1 [89728/2541349 (3.5%)]	Loss: 0.259162
Train Epoch: 1 [96128/2541349 (3.8%)]	Loss: 0.255361
Train Epoch: 1 [102528/2541349 (4.0%)]	Loss: 0.237524
Train Epoch: 1 [108928/2541349 (4.3%)]	Loss: 0.341236
Train Epoch: 1 [115328/2541349 (4.5%)]	Loss: 0.205942
Train Epoch: 1 [121728/2541349 (4.8%)]	Loss: 0.289390
Train Epoch: 1 [128128/2541349 (5.0%)]	Loss: 0.184161
Train Epoch: 1 [134528/2541349 (5.3%)]	Loss: 0.230362
Train Epoch: 1 [140928/2541349 (5.5%)]	Loss: 0.213365
Train Epoch: 1 [147328/2541349 (5.8%)]	Loss: 0.180229
Train Epoch: 1 [153728/2541349 (6.0%)]	Loss: 0.300359
Train Epoch: 1 [160128/2541349 (6.3%)]	Loss: 0.241316
Train Epoch: 1 [166528/2541349 (6.6%)]	Loss: 0.230067
Train Epoch: 1 [172928/2541349 (6.8%)]	Loss: 0.254669
Train Epoch: 1 [179328/2541349 (7.1%)]	Loss: 0.313863
Train Epoch: 1 [185728/2541349 (7.3%)]	Loss: 0.278388
Train Epoch: 1 [192128/2541349 (7.6%)]	Loss: 0.204918
Train Epoch: 1 [198528/2541349 (7.8%)]	Loss: 0.185235
Train Epoch: 1 [204928/2541349 (8.1%)]	Loss: 0.409249
Train Epoch: 1 [211328/2541349 (8.3%)]	Loss: 0.230877
Train Epoch: 1 [217728/2541349 (8.6%)]	Loss: 0.262164
Train Epoch: 1 [224128/2541349 (8.8%)]	Loss: 0.311273
Train Epoch: 1 [230528/2541349 (9.1%)]	Loss: 0.242300
Train Epoch: 1 [236928/2541349 (9.3%)]	Loss: 0.295219
Train Epoch: 1 [243328/2541349 (9.6%)]	Loss: 0.241115
Train Epoch: 1 [249728/2541349 (9.8%)]	Loss: 0.223484
Train Epoch: 1 [256128/2541349 (10.1%)]	Loss: 0.323490
Train Epoch: 1 [262528/2541349 (10.3%)]	Loss: 0.245353
Train Epoch: 1 [268928/2541349 (10.6%)]	Loss: 0.223224
Train Epoch: 1 [275328/2541349 (10.8%)]	Loss: 0.227935
Train Epoch: 1 [281728/2541349 (11.1%)]	Loss: 0.209436
Train Epoch: 1 [288128/2541349 (11.3%)]	Loss: 0.250004
Train Epoch: 1 [294528/2541349 (11.6%)]	Loss: 0.267222
Train Epoch: 1 [300928/2541349 (11.8%)]	Loss: 0.308669
Train Epoch: 1 [307328/2541349 (12.1%)]	Loss: 0.236356
Train Epoch: 1 [313728/2541349 (12.3%)]	Loss: 0.205163
Train Epoch: 1 [320128/2541349 (12.6%)]	Loss: 0.268417
Train Epoch: 1 [326528/2541349 (12.8%)]	Loss: 0.236880
Train Epoch: 1 [332928/2541349 (13.1%)]	Loss: 0.212851
Train Epoch: 1 [339328/2541349 (13.4%)]	Loss: 0.220422
Train Epoch: 1 [345728/2541349 (13.6%)]	Loss: 0.241616
Train Epoch: 1 [352128/2541349 (13.9%)]	Loss: 0.292400
Train Epoch: 1 [358528/2541349 (14.1%)]	Loss: 0.318436
Train Epoch: 1 [364928/2541349 (14.4%)]	Loss: 0.212908
Train Epoch: 1 [371328/2541349 (14.6%)]	Loss: 0.246904
Train Epoch: 1 [377728/2541349 (14.9%)]	Loss: 0.268715
Train Epoch: 1 [384128/2541349 (15.1%)]	Loss: 0.283808
Train Epoch: 1 [390528/2541349 (15.4%)]	Loss: 0.246344
Train Epoch: 1 [396928/2541349 (15.6%)]	Loss: 0.254850
Train Epoch: 1 [403328/2541349 (15.9%)]	Loss: 0.314643
Train Epoch: 1 [409728/2541349 (16.1%)]	Loss: 0.134631
Train Epoch: 1 [416128/2541349 (16.4%)]	Loss: 0.229890
Train Epoch: 1 [422528/2541349 (16.6%)]	Loss: 0.248991
Train Epoch: 1 [428928/2541349 (16.9%)]	Loss: 0.197310
Train Epoch: 1 [435328/2541349 (17.1%)]	Loss: 0.312869
Train Epoch: 1 [441728/2541349 (17.4%)]	Loss: 0.227290
Train Epoch: 1 [448128/2541349 (17.6%)]	Loss: 0.180674
Train Epoch: 1 [454528/2541349 (17.9%)]	Loss: 0.271785
Train Epoch: 1 [460928/2541349 (18.1%)]	Loss: 0.252952
Train Epoch: 1 [467328/2541349 (18.4%)]	Loss: 0.294120
Train Epoch: 1 [473728/2541349 (18.6%)]	Loss: 0.219360
Train Epoch: 1 [480128/2541349 (18.9%)]	Loss: 0.174195
Train Epoch: 1 [486528/2541349 (19.1%)]	Loss: 0.185866
Train Epoch: 1 [492928/2541349 (19.4%)]	Loss: 0.157976
Train Epoch: 1 [499328/2541349 (19.6%)]	Loss: 0.158345
Train Epoch: 1 [505728/2541349 (19.9%)]	Loss: 0.299506
Train Epoch: 1 [512128/2541349 (20.2%)]	Loss: 0.243357
Train Epoch: 1 [518528/2541349 (20.4%)]	Loss: 0.181798
Train Epoch: 1 [524928/2541349 (20.7%)]	Loss: 0.175271
Train Epoch: 1 [531328/2541349 (20.9%)]	Loss: 0.229610
Train Epoch: 1 [537728/2541349 (21.2%)]	Loss: 0.205983
Train Epoch: 1 [544128/2541349 (21.4%)]	Loss: 0.221381
Train Epoch: 1 [550528/2541349 (21.7%)]	Loss: 0.263893
Train Epoch: 1 [556928/2541349 (21.9%)]	Loss: 0.222574
Train Epoch: 1 [563328/2541349 (22.2%)]	Loss: 0.213277
Train Epoch: 1 [569728/2541349 (22.4%)]	Loss: 0.230482
Train Epoch: 1 [576128/2541349 (22.7%)]	Loss: 0.221977
Train Epoch: 1 [582528/2541349 (22.9%)]	Loss: 0.254419
Train Epoch: 1 [588928/2541349 (23.2%)]	Loss: 0.188771
Train Epoch: 1 [595328/2541349 (23.4%)]	Loss: 0.344769
Train Epoch: 1 [601728/2541349 (23.7%)]	Loss: 0.378974
Train Epoch: 1 [608128/2541349 (23.9%)]	Loss: 0.276156
Train Epoch: 1 [614528/2541349 (24.2%)]	Loss: 0.212311
Train Epoch: 1 [620928/2541349 (24.4%)]	Loss: 0.235432
Train Epoch: 1 [627328/2541349 (24.7%)]	Loss: 0.228464
Train Epoch: 1 [633728/2541349 (24.9%)]	Loss: 0.237518
Train Epoch: 1 [640128/2541349 (25.2%)]	Loss: 0.258851
Train Epoch: 1 [646528/2541349 (25.4%)]	Loss: 0.160526
Train Epoch: 1 [652928/2541349 (25.7%)]	Loss: 0.223967
Train Epoch: 1 [659328/2541349 (25.9%)]	Loss: 0.274900
Train Epoch: 1 [665728/2541349 (26.2%)]	Loss: 0.219376
Train Epoch: 1 [672128/2541349 (26.4%)]	Loss: 0.267642
Train Epoch: 1 [678528/2541349 (26.7%)]	Loss: 0.273841
Train Epoch: 1 [684928/2541349 (27.0%)]	Loss: 0.205667
Train Epoch: 1 [691328/2541349 (27.2%)]	Loss: 0.264327
Train Epoch: 1 [697728/2541349 (27.5%)]	Loss: 0.191321
Train Epoch: 1 [704128/2541349 (27.7%)]	Loss: 0.209709
Train Epoch: 1 [710528/2541349 (28.0%)]	Loss: 0.385001
Train Epoch: 1 [716928/2541349 (28.2%)]	Loss: 0.184435
Train Epoch: 1 [723328/2541349 (28.5%)]	Loss: 0.292564
Train Epoch: 1 [729728/2541349 (28.7%)]	Loss: 0.226774
Train Epoch: 1 [736128/2541349 (29.0%)]	Loss: 0.175110
Train Epoch: 1 [742528/2541349 (29.2%)]	Loss: 0.225675
Train Epoch: 1 [748928/2541349 (29.5%)]	Loss: 0.240037
Train Epoch: 1 [755328/2541349 (29.7%)]	Loss: 0.199551
Train Epoch: 1 [761728/2541349 (30.0%)]	Loss: 0.216439
Train Epoch: 1 [768128/2541349 (30.2%)]	Loss: 0.166413
Train Epoch: 1 [774528/2541349 (30.5%)]	Loss: 0.191823
Train Epoch: 1 [780928/2541349 (30.7%)]	Loss: 0.216840
Train Epoch: 1 [787328/2541349 (31.0%)]	Loss: 0.292956
Train Epoch: 1 [793728/2541349 (31.2%)]	Loss: 0.353896
Train Epoch: 1 [800128/2541349 (31.5%)]	Loss: 0.272033
Train Epoch: 1 [806528/2541349 (31.7%)]	Loss: 0.229926
Train Epoch: 1 [812928/2541349 (32.0%)]	Loss: 0.205396
Train Epoch: 1 [819328/2541349 (32.2%)]	Loss: 0.141699
Train Epoch: 1 [825728/2541349 (32.5%)]	Loss: 0.164546
Train Epoch: 1 [832128/2541349 (32.7%)]	Loss: 0.130969
Train Epoch: 1 [838528/2541349 (33.0%)]	Loss: 0.357343
Train Epoch: 1 [844928/2541349 (33.2%)]	Loss: 0.204428
Train Epoch: 1 [851328/2541349 (33.5%)]	Loss: 0.212003
Train Epoch: 1 [857728/2541349 (33.8%)]	Loss: 0.221079
Train Epoch: 1 [864128/2541349 (34.0%)]	Loss: 0.174649
Train Epoch: 1 [870528/2541349 (34.3%)]	Loss: 0.197843
Train Epoch: 1 [876928/2541349 (34.5%)]	Loss: 0.256593
Train Epoch: 1 [883328/2541349 (34.8%)]	Loss: 0.250757
Train Epoch: 1 [889728/2541349 (35.0%)]	Loss: 0.243786
Train Epoch: 1 [896128/2541349 (35.3%)]	Loss: 0.210284
Train Epoch: 1 [902528/2541349 (35.5%)]	Loss: 0.171210
Train Epoch: 1 [908928/2541349 (35.8%)]	Loss: 0.282718
Train Epoch: 1 [915328/2541349 (36.0%)]	Loss: 0.164076
Train Epoch: 1 [921728/2541349 (36.3%)]	Loss: 0.222561
Train Epoch: 1 [928128/2541349 (36.5%)]	Loss: 0.191130
Train Epoch: 1 [934528/2541349 (36.8%)]	Loss: 0.211770
Train Epoch: 1 [940928/2541349 (37.0%)]	Loss: 0.199924
Train Epoch: 1 [947328/2541349 (37.3%)]	Loss: 0.206106
Train Epoch: 1 [953728/2541349 (37.5%)]	Loss: 0.242763
Train Epoch: 1 [960128/2541349 (37.8%)]	Loss: 0.259980
Train Epoch: 1 [966528/2541349 (38.0%)]	Loss: 0.325650
Train Epoch: 1 [972928/2541349 (38.3%)]	Loss: 0.174901
Train Epoch: 1 [979328/2541349 (38.5%)]	Loss: 0.237438
Train Epoch: 1 [985728/2541349 (38.8%)]	Loss: 0.217848
Train Epoch: 1 [992128/2541349 (39.0%)]	Loss: 0.269467
Train Epoch: 1 [998528/2541349 (39.3%)]	Loss: 0.267705
Train Epoch: 1 [1004928/2541349 (39.5%)]	Loss: 0.215444
Train Epoch: 1 [1011328/2541349 (39.8%)]	Loss: 0.220255
Train Epoch: 1 [1017728/2541349 (40.0%)]	Loss: 0.268572
Train Epoch: 1 [1024128/2541349 (40.3%)]	Loss: 0.231367
Train Epoch: 1 [1030528/2541349 (40.6%)]	Loss: 0.302692
Train Epoch: 1 [1036928/2541349 (40.8%)]	Loss: 0.155468
Train Epoch: 1 [1043328/2541349 (41.1%)]	Loss: 0.172765
Train Epoch: 1 [1049728/2541349 (41.3%)]	Loss: 0.233561
Train Epoch: 1 [1056128/2541349 (41.6%)]	Loss: 0.162789
Train Epoch: 1 [1062528/2541349 (41.8%)]	Loss: 0.232585
Train Epoch: 1 [1068928/2541349 (42.1%)]	Loss: 0.297416
Train Epoch: 1 [1075328/2541349 (42.3%)]	Loss: 0.198884
Train Epoch: 1 [1081728/2541349 (42.6%)]	Loss: 0.185480
Train Epoch: 1 [1088128/2541349 (42.8%)]	Loss: 0.182696
Train Epoch: 1 [1094528/2541349 (43.1%)]	Loss: 0.191960
Train Epoch: 1 [1100928/2541349 (43.3%)]	Loss: 0.194483
Train Epoch: 1 [1107328/2541349 (43.6%)]	Loss: 0.275786
Train Epoch: 1 [1113728/2541349 (43.8%)]	Loss: 0.287897
Train Epoch: 1 [1120128/2541349 (44.1%)]	Loss: 0.214643
Train Epoch: 1 [1126528/2541349 (44.3%)]	Loss: 0.243552
Train Epoch: 1 [1132928/2541349 (44.6%)]	Loss: 0.217012
Train Epoch: 1 [1139328/2541349 (44.8%)]	Loss: 0.235065
Train Epoch: 1 [1145728/2541349 (45.1%)]	Loss: 0.203836
Train Epoch: 1 [1152128/2541349 (45.3%)]	Loss: 0.217397
Train Epoch: 1 [1158528/2541349 (45.6%)]	Loss: 0.232599
Train Epoch: 1 [1164928/2541349 (45.8%)]	Loss: 0.184721
Train Epoch: 1 [1171328/2541349 (46.1%)]	Loss: 0.255044
Train Epoch: 1 [1177728/2541349 (46.3%)]	Loss: 0.204414
Train Epoch: 1 [1184128/2541349 (46.6%)]	Loss: 0.199981
Train Epoch: 1 [1190528/2541349 (46.8%)]	Loss: 0.179393
Train Epoch: 1 [1196928/2541349 (47.1%)]	Loss: 0.345109
Train Epoch: 1 [1203328/2541349 (47.3%)]	Loss: 0.274796
Train Epoch: 1 [1209728/2541349 (47.6%)]	Loss: 0.191917
Train Epoch: 1 [1216128/2541349 (47.9%)]	Loss: 0.241303
Train Epoch: 1 [1222528/2541349 (48.1%)]	Loss: 0.211082
Train Epoch: 1 [1228928/2541349 (48.4%)]	Loss: 0.255676
Train Epoch: 1 [1235328/2541349 (48.6%)]	Loss: 0.198479
Train Epoch: 1 [1241728/2541349 (48.9%)]	Loss: 0.147054
Train Epoch: 1 [1248128/2541349 (49.1%)]	Loss: 0.151615
Train Epoch: 1 [1254528/2541349 (49.4%)]	Loss: 0.196698
Train Epoch: 1 [1260928/2541349 (49.6%)]	Loss: 0.185132
Train Epoch: 1 [1267328/2541349 (49.9%)]	Loss: 0.159875
Train Epoch: 1 [1273728/2541349 (50.1%)]	Loss: 0.290590
Train Epoch: 1 [1280128/2541349 (50.4%)]	Loss: 0.210240
Train Epoch: 1 [1286528/2541349 (50.6%)]	Loss: 0.233431
Train Epoch: 1 [1292928/2541349 (50.9%)]	Loss: 0.178909
Train Epoch: 1 [1299328/2541349 (51.1%)]	Loss: 0.218541
Train Epoch: 1 [1305728/2541349 (51.4%)]	Loss: 0.168335
Train Epoch: 1 [1312128/2541349 (51.6%)]	Loss: 0.230870
Train Epoch: 1 [1318528/2541349 (51.9%)]	Loss: 0.247006
Train Epoch: 1 [1324928/2541349 (52.1%)]	Loss: 0.243580
Train Epoch: 1 [1331328/2541349 (52.4%)]	Loss: 0.227149
Train Epoch: 1 [1337728/2541349 (52.6%)]	Loss: 0.197783
Train Epoch: 1 [1344128/2541349 (52.9%)]	Loss: 0.391071
Train Epoch: 1 [1350528/2541349 (53.1%)]	Loss: 0.206533
Train Epoch: 1 [1356928/2541349 (53.4%)]	Loss: 0.246621
Train Epoch: 1 [1363328/2541349 (53.6%)]	Loss: 0.276925
Train Epoch: 1 [1369728/2541349 (53.9%)]	Loss: 0.234987
Train Epoch: 1 [1376128/2541349 (54.1%)]	Loss: 0.190777
Train Epoch: 1 [1382528/2541349 (54.4%)]	Loss: 0.151041
Train Epoch: 1 [1388928/2541349 (54.7%)]	Loss: 0.211267
Train Epoch: 1 [1395328/2541349 (54.9%)]	Loss: 0.213765
Train Epoch: 1 [1401728/2541349 (55.2%)]	Loss: 0.139610
Train Epoch: 1 [1408128/2541349 (55.4%)]	Loss: 0.164655
Train Epoch: 1 [1414528/2541349 (55.7%)]	Loss: 0.195416
Train Epoch: 1 [1420928/2541349 (55.9%)]	Loss: 0.250807
Train Epoch: 1 [1427328/2541349 (56.2%)]	Loss: 0.214077
Train Epoch: 1 [1433728/2541349 (56.4%)]	Loss: 0.256038
Train Epoch: 1 [1440128/2541349 (56.7%)]	Loss: 0.183865
Train Epoch: 1 [1446528/2541349 (56.9%)]	Loss: 0.178860
Train Epoch: 1 [1452928/2541349 (57.2%)]	Loss: 0.283631
Train Epoch: 1 [1459328/2541349 (57.4%)]	Loss: 0.154604
Train Epoch: 1 [1465728/2541349 (57.7%)]	Loss: 0.236560
Train Epoch: 1 [1472128/2541349 (57.9%)]	Loss: 0.116350
Train Epoch: 1 [1478528/2541349 (58.2%)]	Loss: 0.205872
Train Epoch: 1 [1484928/2541349 (58.4%)]	Loss: 0.199633
Train Epoch: 1 [1491328/2541349 (58.7%)]	Loss: 0.264778
Train Epoch: 1 [1497728/2541349 (58.9%)]	Loss: 0.334488
Train Epoch: 1 [1504128/2541349 (59.2%)]	Loss: 0.232033
Train Epoch: 1 [1510528/2541349 (59.4%)]	Loss: 0.251354
Train Epoch: 1 [1516928/2541349 (59.7%)]	Loss: 0.244707
Train Epoch: 1 [1523328/2541349 (59.9%)]	Loss: 0.256127
Train Epoch: 1 [1529728/2541349 (60.2%)]	Loss: 0.151090
Train Epoch: 1 [1536128/2541349 (60.4%)]	Loss: 0.232007
Train Epoch: 1 [1542528/2541349 (60.7%)]	Loss: 0.219884
Train Epoch: 1 [1548928/2541349 (60.9%)]	Loss: 0.204774
Train Epoch: 1 [1555328/2541349 (61.2%)]	Loss: 0.290557
Train Epoch: 1 [1561728/2541349 (61.5%)]	Loss: 0.202302
Train Epoch: 1 [1568128/2541349 (61.7%)]	Loss: 0.186171
Train Epoch: 1 [1574528/2541349 (62.0%)]	Loss: 0.244334
Train Epoch: 1 [1580928/2541349 (62.2%)]	Loss: 0.269487
Train Epoch: 1 [1587328/2541349 (62.5%)]	Loss: 0.272530
Train Epoch: 1 [1593728/2541349 (62.7%)]	Loss: 0.258093
Train Epoch: 1 [1600128/2541349 (63.0%)]	Loss: 0.256433
Train Epoch: 1 [1606528/2541349 (63.2%)]	Loss: 0.202954
Train Epoch: 1 [1612928/2541349 (63.5%)]	Loss: 0.196403
Train Epoch: 1 [1619328/2541349 (63.7%)]	Loss: 0.177899
Train Epoch: 1 [1625728/2541349 (64.0%)]	Loss: 0.234435
Train Epoch: 1 [1632128/2541349 (64.2%)]	Loss: 0.266051
Train Epoch: 1 [1638528/2541349 (64.5%)]	Loss: 0.189939
Train Epoch: 1 [1644928/2541349 (64.7%)]	Loss: 0.335829
Train Epoch: 1 [1651328/2541349 (65.0%)]	Loss: 0.246482
Train Epoch: 1 [1657728/2541349 (65.2%)]	Loss: 0.227229
Train Epoch: 1 [1664128/2541349 (65.5%)]	Loss: 0.174199
Train Epoch: 1 [1670528/2541349 (65.7%)]	Loss: 0.201903
Train Epoch: 1 [1676928/2541349 (66.0%)]	Loss: 0.330941
Train Epoch: 1 [1683328/2541349 (66.2%)]	Loss: 0.235299
Train Epoch: 1 [1689728/2541349 (66.5%)]	Loss: 0.277659
Train Epoch: 1 [1696128/2541349 (66.7%)]	Loss: 0.165369
Train Epoch: 1 [1702528/2541349 (67.0%)]	Loss: 0.236731
Train Epoch: 1 [1708928/2541349 (67.2%)]	Loss: 0.207064
Train Epoch: 1 [1715328/2541349 (67.5%)]	Loss: 0.228340
Train Epoch: 1 [1721728/2541349 (67.7%)]	Loss: 0.206698
Train Epoch: 1 [1728128/2541349 (68.0%)]	Loss: 0.294798
Train Epoch: 1 [1734528/2541349 (68.3%)]	Loss: 0.193440
Train Epoch: 1 [1740928/2541349 (68.5%)]	Loss: 0.251002
Train Epoch: 1 [1747328/2541349 (68.8%)]	Loss: 0.264492
Train Epoch: 1 [1753728/2541349 (69.0%)]	Loss: 0.315108
Train Epoch: 1 [1760128/2541349 (69.3%)]	Loss: 0.183056
Train Epoch: 1 [1766528/2541349 (69.5%)]	Loss: 0.147968
Train Epoch: 1 [1772928/2541349 (69.8%)]	Loss: 0.201776
Train Epoch: 1 [1779328/2541349 (70.0%)]	Loss: 0.245193
Train Epoch: 1 [1785728/2541349 (70.3%)]	Loss: 0.137588
Train Epoch: 1 [1792128/2541349 (70.5%)]	Loss: 0.190347
Train Epoch: 1 [1798528/2541349 (70.8%)]	Loss: 0.383359
Train Epoch: 1 [1804928/2541349 (71.0%)]	Loss: 0.180108
Train Epoch: 1 [1811328/2541349 (71.3%)]	Loss: 0.294349
Train Epoch: 1 [1817728/2541349 (71.5%)]	Loss: 0.173862
Train Epoch: 1 [1824128/2541349 (71.8%)]	Loss: 0.306404
Train Epoch: 1 [1830528/2541349 (72.0%)]	Loss: 0.216096
Train Epoch: 1 [1836928/2541349 (72.3%)]	Loss: 0.172626
Train Epoch: 1 [1843328/2541349 (72.5%)]	Loss: 0.224707
Train Epoch: 1 [1849728/2541349 (72.8%)]	Loss: 0.180068
Train Epoch: 1 [1856128/2541349 (73.0%)]	Loss: 0.127608
Train Epoch: 1 [1862528/2541349 (73.3%)]	Loss: 0.258134
Train Epoch: 1 [1868928/2541349 (73.5%)]	Loss: 0.291094
Train Epoch: 1 [1875328/2541349 (73.8%)]	Loss: 0.234723
Train Epoch: 1 [1881728/2541349 (74.0%)]	Loss: 0.207366
Train Epoch: 1 [1888128/2541349 (74.3%)]	Loss: 0.288006
Train Epoch: 1 [1894528/2541349 (74.5%)]	Loss: 0.191205
Train Epoch: 1 [1900928/2541349 (74.8%)]	Loss: 0.189612  3%|▎         | 1/30 [48:23<23:23:31, 2903.84s/it]
Train Epoch: 1 [1907328/2541349 (75.1%)]	Loss: 0.226980
Train Epoch: 1 [1913728/2541349 (75.3%)]	Loss: 0.224530
Train Epoch: 1 [1920128/2541349 (75.6%)]	Loss: 0.201236
Train Epoch: 1 [1926528/2541349 (75.8%)]	Loss: 0.217902
Train Epoch: 1 [1932928/2541349 (76.1%)]	Loss: 0.161553
Train Epoch: 1 [1939328/2541349 (76.3%)]	Loss: 0.159130
Train Epoch: 1 [1945728/2541349 (76.6%)]	Loss: 0.243425
Train Epoch: 1 [1952128/2541349 (76.8%)]	Loss: 0.256886
Train Epoch: 1 [1958528/2541349 (77.1%)]	Loss: 0.238730
Train Epoch: 1 [1964928/2541349 (77.3%)]	Loss: 0.131394
Train Epoch: 1 [1971328/2541349 (77.6%)]	Loss: 0.228400
Train Epoch: 1 [1977728/2541349 (77.8%)]	Loss: 0.166583
Train Epoch: 1 [1984128/2541349 (78.1%)]	Loss: 0.201429
Train Epoch: 1 [1990528/2541349 (78.3%)]	Loss: 0.216380
Train Epoch: 1 [1996928/2541349 (78.6%)]	Loss: 0.194885
Train Epoch: 1 [2003328/2541349 (78.8%)]	Loss: 0.239280
Train Epoch: 1 [2009728/2541349 (79.1%)]	Loss: 0.250652
Train Epoch: 1 [2016128/2541349 (79.3%)]	Loss: 0.177339
Train Epoch: 1 [2022528/2541349 (79.6%)]	Loss: 0.175973
Train Epoch: 1 [2028928/2541349 (79.8%)]	Loss: 0.241943
Train Epoch: 1 [2035328/2541349 (80.1%)]	Loss: 0.172946
Train Epoch: 1 [2041728/2541349 (80.3%)]	Loss: 0.289356
Train Epoch: 1 [2048128/2541349 (80.6%)]	Loss: 0.246979
Train Epoch: 1 [2054528/2541349 (80.8%)]	Loss: 0.126318
Train Epoch: 1 [2060928/2541349 (81.1%)]	Loss: 0.300641
Train Epoch: 1 [2067328/2541349 (81.3%)]	Loss: 0.177484
Train Epoch: 1 [2073728/2541349 (81.6%)]	Loss: 0.254867
Train Epoch: 1 [2080128/2541349 (81.9%)]	Loss: 0.168421
Train Epoch: 1 [2086528/2541349 (82.1%)]	Loss: 0.171846
Train Epoch: 1 [2092928/2541349 (82.4%)]	Loss: 0.260657
Train Epoch: 1 [2099328/2541349 (82.6%)]	Loss: 0.284174
Train Epoch: 1 [2105728/2541349 (82.9%)]	Loss: 0.305730
Train Epoch: 1 [2112128/2541349 (83.1%)]	Loss: 0.207846
Train Epoch: 1 [2118528/2541349 (83.4%)]	Loss: 0.186684
Train Epoch: 1 [2124928/2541349 (83.6%)]	Loss: 0.202566
Train Epoch: 1 [2131328/2541349 (83.9%)]	Loss: 0.267549
Train Epoch: 1 [2137728/2541349 (84.1%)]	Loss: 0.230591
Train Epoch: 1 [2144128/2541349 (84.4%)]	Loss: 0.216803
Train Epoch: 1 [2150528/2541349 (84.6%)]	Loss: 0.249712
Train Epoch: 1 [2156928/2541349 (84.9%)]	Loss: 0.190556
Train Epoch: 1 [2163328/2541349 (85.1%)]	Loss: 0.113864
Train Epoch: 1 [2169728/2541349 (85.4%)]	Loss: 0.273550
Train Epoch: 1 [2176128/2541349 (85.6%)]	Loss: 0.197906
Train Epoch: 1 [2182528/2541349 (85.9%)]	Loss: 0.265315
Train Epoch: 1 [2188928/2541349 (86.1%)]	Loss: 0.192255
Train Epoch: 1 [2195328/2541349 (86.4%)]	Loss: 0.213992
Train Epoch: 1 [2201728/2541349 (86.6%)]	Loss: 0.169101
Train Epoch: 1 [2208128/2541349 (86.9%)]	Loss: 0.168023
Train Epoch: 1 [2214528/2541349 (87.1%)]	Loss: 0.287301
Train Epoch: 1 [2220928/2541349 (87.4%)]	Loss: 0.186023
Train Epoch: 1 [2227328/2541349 (87.6%)]	Loss: 0.247561
Train Epoch: 1 [2233728/2541349 (87.9%)]	Loss: 0.160501
Train Epoch: 1 [2240128/2541349 (88.1%)]	Loss: 0.189566
Train Epoch: 1 [2246528/2541349 (88.4%)]	Loss: 0.153439
Train Epoch: 1 [2252928/2541349 (88.7%)]	Loss: 0.147937
Train Epoch: 1 [2259328/2541349 (88.9%)]	Loss: 0.200063
Train Epoch: 1 [2265728/2541349 (89.2%)]	Loss: 0.200802
Train Epoch: 1 [2272128/2541349 (89.4%)]	Loss: 0.260281
Train Epoch: 1 [2278528/2541349 (89.7%)]	Loss: 0.213765
Train Epoch: 1 [2284928/2541349 (89.9%)]	Loss: 0.244324
Train Epoch: 1 [2291328/2541349 (90.2%)]	Loss: 0.135803
Train Epoch: 1 [2297728/2541349 (90.4%)]	Loss: 0.246459
Train Epoch: 1 [2304128/2541349 (90.7%)]	Loss: 0.243232
Train Epoch: 1 [2310528/2541349 (90.9%)]	Loss: 0.226338
Train Epoch: 1 [2316928/2541349 (91.2%)]	Loss: 0.167416
Train Epoch: 1 [2323328/2541349 (91.4%)]	Loss: 0.359605
Train Epoch: 1 [2329728/2541349 (91.7%)]	Loss: 0.143971
Train Epoch: 1 [2336128/2541349 (91.9%)]	Loss: 0.163503
Train Epoch: 1 [2342528/2541349 (92.2%)]	Loss: 0.186851
Train Epoch: 1 [2348928/2541349 (92.4%)]	Loss: 0.196185
Train Epoch: 1 [2355328/2541349 (92.7%)]	Loss: 0.268787
Train Epoch: 1 [2361728/2541349 (92.9%)]	Loss: 0.156627
Train Epoch: 1 [2368128/2541349 (93.2%)]	Loss: 0.230516
Train Epoch: 1 [2374528/2541349 (93.4%)]	Loss: 0.249260
Train Epoch: 1 [2380928/2541349 (93.7%)]	Loss: 0.220578
Train Epoch: 1 [2387328/2541349 (93.9%)]	Loss: 0.162653
Train Epoch: 1 [2393728/2541349 (94.2%)]	Loss: 0.298874
Train Epoch: 1 [2400128/2541349 (94.4%)]	Loss: 0.289742
Train Epoch: 1 [2406528/2541349 (94.7%)]	Loss: 0.131619
Train Epoch: 1 [2412928/2541349 (94.9%)]	Loss: 0.258630
Train Epoch: 1 [2419328/2541349 (95.2%)]	Loss: 0.170344
Train Epoch: 1 [2425728/2541349 (95.5%)]	Loss: 0.195023
Train Epoch: 1 [2432128/2541349 (95.7%)]	Loss: 0.177157
Train Epoch: 1 [2438528/2541349 (96.0%)]	Loss: 0.335384
Train Epoch: 1 [2444928/2541349 (96.2%)]	Loss: 0.209832
Train Epoch: 1 [2451328/2541349 (96.5%)]	Loss: 0.198956
Train Epoch: 1 [2457728/2541349 (96.7%)]	Loss: 0.267488
Train Epoch: 1 [2464128/2541349 (97.0%)]	Loss: 0.198219
Train Epoch: 1 [2470528/2541349 (97.2%)]	Loss: 0.251392
Train Epoch: 1 [2476928/2541349 (97.5%)]	Loss: 0.190323
Train Epoch: 1 [2483328/2541349 (97.7%)]	Loss: 0.181771
Train Epoch: 1 [2489728/2541349 (98.0%)]	Loss: 0.304236
Train Epoch: 1 [2496128/2541349 (98.2%)]	Loss: 0.292421
Train Epoch: 1 [2502528/2541349 (98.5%)]	Loss: 0.197393
Train Epoch: 1 [2508928/2541349 (98.7%)]	Loss: 0.223744
Train Epoch: 1 [2515328/2541349 (99.0%)]	Loss: 0.150983
Train Epoch: 1 [2521728/2541349 (99.2%)]	Loss: 0.167033
Train Epoch: 1 [2528128/2541349 (99.5%)]	Loss: 0.223377
Train Epoch: 1 [2534528/2541349 (99.7%)]	Loss: 0.220764
Train Epoch: 1 [2540928/2541349 (100.0%)]	Loss: 0.219179
Train Epoch: 2 [128/2541349 (0.0%)]	Loss: 0.273492
Train Epoch: 2 [6528/2541349 (0.3%)]	Loss: 0.202083
Train Epoch: 2 [12928/2541349 (0.5%)]	Loss: 0.195454
Train Epoch: 2 [19328/2541349 (0.8%)]	Loss: 0.202303
Train Epoch: 2 [25728/2541349 (1.0%)]	Loss: 0.229548
Train Epoch: 2 [32128/2541349 (1.3%)]	Loss: 0.145969
Train Epoch: 2 [38528/2541349 (1.5%)]	Loss: 0.198090
Train Epoch: 2 [44928/2541349 (1.8%)]	Loss: 0.304028
Train Epoch: 2 [51328/2541349 (2.0%)]	Loss: 0.323429
Train Epoch: 2 [57728/2541349 (2.3%)]	Loss: 0.192818
Train Epoch: 2 [64128/2541349 (2.5%)]	Loss: 0.181570
Train Epoch: 2 [70528/2541349 (2.8%)]	Loss: 0.206807
Train Epoch: 2 [76928/2541349 (3.0%)]	Loss: 0.243883
Train Epoch: 2 [83328/2541349 (3.3%)]	Loss: 0.244591
Train Epoch: 2 [89728/2541349 (3.5%)]	Loss: 0.191919
Train Epoch: 2 [96128/2541349 (3.8%)]	Loss: 0.137798
Train Epoch: 2 [102528/2541349 (4.0%)]	Loss: 0.175746
Train Epoch: 2 [108928/2541349 (4.3%)]	Loss: 0.152266
Train Epoch: 2 [115328/2541349 (4.5%)]	Loss: 0.205194
Train Epoch: 2 [121728/2541349 (4.8%)]	Loss: 0.194199
Train Epoch: 2 [128128/2541349 (5.0%)]	Loss: 0.195807
Train Epoch: 2 [134528/2541349 (5.3%)]	Loss: 0.175903
Train Epoch: 2 [140928/2541349 (5.5%)]	Loss: 0.194858
Train Epoch: 2 [147328/2541349 (5.8%)]	Loss: 0.236726
Train Epoch: 2 [153728/2541349 (6.0%)]	Loss: 0.179122
Train Epoch: 2 [160128/2541349 (6.3%)]	Loss: 0.236161
Train Epoch: 2 [166528/2541349 (6.6%)]	Loss: 0.165578
Train Epoch: 2 [172928/2541349 (6.8%)]	Loss: 0.171846
Train Epoch: 2 [179328/2541349 (7.1%)]	Loss: 0.095989
Train Epoch: 2 [185728/2541349 (7.3%)]	Loss: 0.237172
Train Epoch: 2 [192128/2541349 (7.6%)]	Loss: 0.206074
Train Epoch: 2 [198528/2541349 (7.8%)]	Loss: 0.194847
Train Epoch: 2 [204928/2541349 (8.1%)]	Loss: 0.237589
Train Epoch: 2 [211328/2541349 (8.3%)]	Loss: 0.200711
Train Epoch: 2 [217728/2541349 (8.6%)]	Loss: 0.244268
Train Epoch: 2 [224128/2541349 (8.8%)]	Loss: 0.183099
Train Epoch: 2 [230528/2541349 (9.1%)]	Loss: 0.158713
Train Epoch: 2 [236928/2541349 (9.3%)]	Loss: 0.286916
Train Epoch: 2 [243328/2541349 (9.6%)]	Loss: 0.200763
Train Epoch: 2 [249728/2541349 (9.8%)]	Loss: 0.290193
Train Epoch: 2 [256128/2541349 (10.1%)]	Loss: 0.195926
Train Epoch: 2 [262528/2541349 (10.3%)]	Loss: 0.190414
Train Epoch: 2 [268928/2541349 (10.6%)]	Loss: 0.152555
Train Epoch: 2 [275328/2541349 (10.8%)]	Loss: 0.179860
Train Epoch: 2 [281728/2541349 (11.1%)]	Loss: 0.143913
Train Epoch: 2 [288128/2541349 (11.3%)]	Loss: 0.265599
Train Epoch: 2 [294528/2541349 (11.6%)]	Loss: 0.247908
Train Epoch: 2 [300928/2541349 (11.8%)]	Loss: 0.170364
Train Epoch: 2 [307328/2541349 (12.1%)]	Loss: 0.201580
Train Epoch: 2 [313728/2541349 (12.3%)]	Loss: 0.185498
Train Epoch: 2 [320128/2541349 (12.6%)]	Loss: 0.205146
Train Epoch: 2 [326528/2541349 (12.8%)]	Loss: 0.219721
Train Epoch: 2 [332928/2541349 (13.1%)]	Loss: 0.223922
Train Epoch: 2 [339328/2541349 (13.4%)]	Loss: 0.192909
Train Epoch: 2 [345728/2541349 (13.6%)]	Loss: 0.179893
Train Epoch: 2 [352128/2541349 (13.9%)]	Loss: 0.169026
Train Epoch: 2 [358528/2541349 (14.1%)]	Loss: 0.204130
Train Epoch: 2 [364928/2541349 (14.4%)]	Loss: 0.236379
Train Epoch: 2 [371328/2541349 (14.6%)]	Loss: 0.192539
Train Epoch: 2 [377728/2541349 (14.9%)]	Loss: 0.251755
Train Epoch: 2 [384128/2541349 (15.1%)]	Loss: 0.214727
Train Epoch: 2 [390528/2541349 (15.4%)]	Loss: 0.326838
Train Epoch: 2 [396928/2541349 (15.6%)]	Loss: 0.172112
Train Epoch: 2 [403328/2541349 (15.9%)]	Loss: 0.188827
Train Epoch: 2 [409728/2541349 (16.1%)]	Loss: 0.185333
Train Epoch: 2 [416128/2541349 (16.4%)]	Loss: 0.149488
Train Epoch: 2 [422528/2541349 (16.6%)]	Loss: 0.167855
Train Epoch: 2 [428928/2541349 (16.9%)]	Loss: 0.222117
Train Epoch: 2 [435328/2541349 (17.1%)]	Loss: 0.233262
Train Epoch: 2 [441728/2541349 (17.4%)]	Loss: 0.185650
Train Epoch: 2 [448128/2541349 (17.6%)]	Loss: 0.188017
Train Epoch: 2 [454528/2541349 (17.9%)]	Loss: 0.117793
Train Epoch: 2 [460928/2541349 (18.1%)]	Loss: 0.184467
Train Epoch: 2 [467328/2541349 (18.4%)]	Loss: 0.153037
Train Epoch: 2 [473728/2541349 (18.6%)]	Loss: 0.301257
Train Epoch: 2 [480128/2541349 (18.9%)]	Loss: 0.235944
Train Epoch: 2 [486528/2541349 (19.1%)]	Loss: 0.259238
Train Epoch: 2 [492928/2541349 (19.4%)]	Loss: 0.221659
Train Epoch: 2 [499328/2541349 (19.6%)]	Loss: 0.173057
Train Epoch: 2 [505728/2541349 (19.9%)]	Loss: 0.288241
Train Epoch: 2 [512128/2541349 (20.2%)]	Loss: 0.263469
Train Epoch: 2 [518528/2541349 (20.4%)]	Loss: 0.249720
Train Epoch: 2 [524928/2541349 (20.7%)]	Loss: 0.236886
Train Epoch: 2 [531328/2541349 (20.9%)]	Loss: 0.206027
Train Epoch: 2 [537728/2541349 (21.2%)]	Loss: 0.246542
Train Epoch: 2 [544128/2541349 (21.4%)]	Loss: 0.211879
Train Epoch: 2 [550528/2541349 (21.7%)]	Loss: 0.189274
Train Epoch: 2 [556928/2541349 (21.9%)]	Loss: 0.257571
Train Epoch: 2 [563328/2541349 (22.2%)]	Loss: 0.171121
Train Epoch: 2 [569728/2541349 (22.4%)]	Loss: 0.082308
Train Epoch: 2 [576128/2541349 (22.7%)]	Loss: 0.220308
Train Epoch: 2 [582528/2541349 (22.9%)]	Loss: 0.234729
Train Epoch: 2 [588928/2541349 (23.2%)]	Loss: 0.264206
Train Epoch: 2 [595328/2541349 (23.4%)]	Loss: 0.204395
Train Epoch: 2 [601728/2541349 (23.7%)]	Loss: 0.197203
Train Epoch: 2 [608128/2541349 (23.9%)]	Loss: 0.210831
Train Epoch: 2 [614528/2541349 (24.2%)]	Loss: 0.192996
Train Epoch: 2 [620928/2541349 (24.4%)]	Loss: 0.216506
Train Epoch: 2 [627328/2541349 (24.7%)]	Loss: 0.253488
Train Epoch: 2 [633728/2541349 (24.9%)]	Loss: 0.197069
Train Epoch: 2 [640128/2541349 (25.2%)]	Loss: 0.214943
Train Epoch: 2 [646528/2541349 (25.4%)]	Loss: 0.239754
Train Epoch: 2 [652928/2541349 (25.7%)]	Loss: 0.109178
Train Epoch: 2 [659328/2541349 (25.9%)]	Loss: 0.159158
Train Epoch: 2 [665728/2541349 (26.2%)]	Loss: 0.221655
Train Epoch: 2 [672128/2541349 (26.4%)]	Loss: 0.251747
Train Epoch: 2 [678528/2541349 (26.7%)]	Loss: 0.240283
Train Epoch: 2 [684928/2541349 (27.0%)]	Loss: 0.151536
Train Epoch: 2 [691328/2541349 (27.2%)]	Loss: 0.240360
Train Epoch: 2 [697728/2541349 (27.5%)]	Loss: 0.258696
Train Epoch: 2 [704128/2541349 (27.7%)]	Loss: 0.115818
Train Epoch: 2 [710528/2541349 (28.0%)]	Loss: 0.128563
Train Epoch: 2 [716928/2541349 (28.2%)]	Loss: 0.167137
Train Epoch: 2 [723328/2541349 (28.5%)]	Loss: 0.264817
Train Epoch: 2 [729728/2541349 (28.7%)]	Loss: 0.176088
Train Epoch: 2 [736128/2541349 (29.0%)]	Loss: 0.284199
Train Epoch: 2 [742528/2541349 (29.2%)]	Loss: 0.210978
Train Epoch: 2 [748928/2541349 (29.5%)]	Loss: 0.201169
Train Epoch: 2 [755328/2541349 (29.7%)]	Loss: 0.258122
Train Epoch: 2 [761728/2541349 (30.0%)]	Loss: 0.257170
Train Epoch: 2 [768128/2541349 (30.2%)]	Loss: 0.229474
Train Epoch: 2 [774528/2541349 (30.5%)]	Loss: 0.211941
Train Epoch: 2 [780928/2541349 (30.7%)]	Loss: 0.196400
Train Epoch: 2 [787328/2541349 (31.0%)]	Loss: 0.261286
Train Epoch: 2 [793728/2541349 (31.2%)]	Loss: 0.177219
Train Epoch: 2 [800128/2541349 (31.5%)]	Loss: 0.184420
Train Epoch: 2 [806528/2541349 (31.7%)]	Loss: 0.255964
Train Epoch: 2 [812928/2541349 (32.0%)]	Loss: 0.280972
Train Epoch: 2 [819328/2541349 (32.2%)]	Loss: 0.152738
Train Epoch: 2 [825728/2541349 (32.5%)]	Loss: 0.176436
Train Epoch: 2 [832128/2541349 (32.7%)]	Loss: 0.220476
Train Epoch: 2 [838528/2541349 (33.0%)]	Loss: 0.165667
Train Epoch: 2 [844928/2541349 (33.2%)]	Loss: 0.214249
Train Epoch: 2 [851328/2541349 (33.5%)]	Loss: 0.263534
Train Epoch: 2 [857728/2541349 (33.8%)]	Loss: 0.225615
Train Epoch: 2 [864128/2541349 (34.0%)]	Loss: 0.169180
Train Epoch: 2 [870528/2541349 (34.3%)]	Loss: 0.176159
Train Epoch: 2 [876928/2541349 (34.5%)]	Loss: 0.234393
Train Epoch: 2 [883328/2541349 (34.8%)]	Loss: 0.239113
Train Epoch: 2 [889728/2541349 (35.0%)]	Loss: 0.254970
Train Epoch: 2 [896128/2541349 (35.3%)]	Loss: 0.250420
Train Epoch: 2 [902528/2541349 (35.5%)]	Loss: 0.209891
Train Epoch: 2 [908928/2541349 (35.8%)]	Loss: 0.169920
Train Epoch: 2 [915328/2541349 (36.0%)]	Loss: 0.175728
Train Epoch: 2 [921728/2541349 (36.3%)]	Loss: 0.255674
Train Epoch: 2 [928128/2541349 (36.5%)]	Loss: 0.183358
Train Epoch: 2 [934528/2541349 (36.8%)]	Loss: 0.190993
Train Epoch: 2 [940928/2541349 (37.0%)]	Loss: 0.186062
Train Epoch: 2 [947328/2541349 (37.3%)]	Loss: 0.225430
Train Epoch: 2 [953728/2541349 (37.5%)]	Loss: 0.250161
Train Epoch: 2 [960128/2541349 (37.8%)]	Loss: 0.220845
Train Epoch: 2 [966528/2541349 (38.0%)]	Loss: 0.223566
Train Epoch: 2 [972928/2541349 (38.3%)]	Loss: 0.177056
Train Epoch: 2 [979328/2541349 (38.5%)]	Loss: 0.232424
Train Epoch: 2 [985728/2541349 (38.8%)]	Loss: 0.148089
Train Epoch: 2 [992128/2541349 (39.0%)]	Loss: 0.188051
Train Epoch: 2 [998528/2541349 (39.3%)]	Loss: 0.149878
Train Epoch: 2 [1004928/2541349 (39.5%)]	Loss: 0.202849
Train Epoch: 2 [1011328/2541349 (39.8%)]	Loss: 0.223083
Train Epoch: 2 [1017728/2541349 (40.0%)]	Loss: 0.184031
Train Epoch: 2 [1024128/2541349 (40.3%)]	Loss: 0.190447
Train Epoch: 2 [1030528/2541349 (40.6%)]	Loss: 0.216895
Train Epoch: 2 [1036928/2541349 (40.8%)]	Loss: 0.246443
Train Epoch: 2 [1043328/2541349 (41.1%)]	Loss: 0.200971
Train Epoch: 2 [1049728/2541349 (41.3%)]	Loss: 0.203188
Train Epoch: 2 [1056128/2541349 (41.6%)]	Loss: 0.259134
Train Epoch: 2 [1062528/2541349 (41.8%)]	Loss: 0.246176
Train Epoch: 2 [1068928/2541349 (42.1%)]	Loss: 0.173162
Train Epoch: 2 [1075328/2541349 (42.3%)]	Loss: 0.257206
Train Epoch: 2 [1081728/2541349 (42.6%)]	Loss: 0.186773
Train Epoch: 2 [1088128/2541349 (42.8%)]	Loss: 0.304085
Train Epoch: 2 [1094528/2541349 (43.1%)]	Loss: 0.244831
Train Epoch: 2 [1100928/2541349 (43.3%)]	Loss: 0.178304
Train Epoch: 2 [1107328/2541349 (43.6%)]	Loss: 0.238009
Train Epoch: 2 [1113728/2541349 (43.8%)]	Loss: 0.208008
Train Epoch: 2 [1120128/2541349 (44.1%)]	Loss: 0.208226
Train Epoch: 2 [1126528/2541349 (44.3%)]	Loss: 0.183736
Train Epoch: 2 [1132928/2541349 (44.6%)]	Loss: 0.266603
Train Epoch: 2 [1139328/2541349 (44.8%)]	Loss: 0.148491
Train Epoch: 2 [1145728/2541349 (45.1%)]	Loss: 0.196035
Train Epoch: 2 [1152128/2541349 (45.3%)]	Loss: 0.251523
Train Epoch: 2 [1158528/2541349 (45.6%)]	Loss: 0.221733
Train Epoch: 2 [1164928/2541349 (45.8%)]	Loss: 0.253948
Train Epoch: 2 [1171328/2541349 (46.1%)]	Loss: 0.211430
Train Epoch: 2 [1177728/2541349 (46.3%)]	Loss: 0.213954
Train Epoch: 2 [1184128/2541349 (46.6%)]	Loss: 0.190596
Train Epoch: 2 [1190528/2541349 (46.8%)]	Loss: 0.253426
Train Epoch: 2 [1196928/2541349 (47.1%)]	Loss: 0.309009
Train Epoch: 2 [1203328/2541349 (47.3%)]	Loss: 0.199939
Train Epoch: 2 [1209728/2541349 (47.6%)]	Loss: 0.270251
Train Epoch: 2 [1216128/2541349 (47.9%)]	Loss: 0.254917
Train Epoch: 2 [1222528/2541349 (48.1%)]	Loss: 0.333941
Train Epoch: 2 [1228928/2541349 (48.4%)]	Loss: 0.291335
Train Epoch: 2 [1235328/2541349 (48.6%)]	Loss: 0.304387
Train Epoch: 2 [1241728/2541349 (48.9%)]	Loss: 0.156133
Train Epoch: 2 [1248128/2541349 (49.1%)]	Loss: 0.174750
Train Epoch: 2 [1254528/2541349 (49.4%)]	Loss: 0.148411
Train Epoch: 2 [1260928/2541349 (49.6%)]	Loss: 0.235851
Train Epoch: 2 [1267328/2541349 (49.9%)]	Loss: 0.314405
Train Epoch: 2 [1273728/2541349 (50.1%)]	Loss: 0.262265
Train Epoch: 2 [1280128/2541349 (50.4%)]	Loss: 0.118163
Train Epoch: 2 [1286528/2541349 (50.6%)]	Loss: 0.251291
Train Epoch: 2 [1292928/2541349 (50.9%)]	Loss: 0.174519
Train Epoch: 2 [1299328/2541349 (51.1%)]	Loss: 0.240373
Train Epoch: 2 [1305728/2541349 (51.4%)]	Loss: 0.152710
Train Epoch: 2 [1312128/2541349 (51.6%)]	Loss: 0.191732
Train Epoch: 2 [1318528/2541349 (51.9%)]	Loss: 0.254222
Train Epoch: 2 [1324928/2541349 (52.1%)]	Loss: 0.191920
Train Epoch: 2 [1331328/2541349 (52.4%)]	Loss: 0.229394
Train Epoch: 2 [1337728/2541349 (52.6%)]	Loss: 0.220137
Train Epoch: 2 [1344128/2541349 (52.9%)]	Loss: 0.188602
Train Epoch: 2 [1350528/2541349 (53.1%)]	Loss: 0.250815
Train Epoch: 2 [1356928/2541349 (53.4%)]	Loss: 0.215299
Train Epoch: 2 [1363328/2541349 (53.6%)]	Loss: 0.175749
Train Epoch: 2 [1369728/2541349 (53.9%)]	Loss: 0.171503
Train Epoch: 2 [1376128/2541349 (54.1%)]	Loss: 0.177168
Train Epoch: 2 [1382528/2541349 (54.4%)]	Loss: 0.176117
Train Epoch: 2 [1388928/2541349 (54.7%)]	Loss: 0.274649
Train Epoch: 2 [1395328/2541349 (54.9%)]	Loss: 0.154315
Train Epoch: 2 [1401728/2541349 (55.2%)]	Loss: 0.224273
Train Epoch: 2 [1408128/2541349 (55.4%)]	Loss: 0.224640
Train Epoch: 2 [1414528/2541349 (55.7%)]	Loss: 0.146203
Train Epoch: 2 [1420928/2541349 (55.9%)]	Loss: 0.316267
Train Epoch: 2 [1427328/2541349 (56.2%)]	Loss: 0.158978
Train Epoch: 2 [1433728/2541349 (56.4%)]	Loss: 0.231751
Train Epoch: 2 [1440128/2541349 (56.7%)]	Loss: 0.214258
Train Epoch: 2 [1446528/2541349 (56.9%)]	Loss: 0.179938
Train Epoch: 2 [1452928/2541349 (57.2%)]	Loss: 0.263039
Train Epoch: 2 [1459328/2541349 (57.4%)]	Loss: 0.162945
Train Epoch: 2 [1465728/2541349 (57.7%)]	Loss: 0.214113
Train Epoch: 2 [1472128/2541349 (57.9%)]	Loss: 0.215388
Train Epoch: 2 [1478528/2541349 (58.2%)]	Loss: 0.210233
Train Epoch: 2 [1484928/2541349 (58.4%)]	Loss: 0.204825
Train Epoch: 2 [1491328/2541349 (58.7%)]	Loss: 0.250670
Train Epoch: 2 [1497728/2541349 (58.9%)]	Loss: 0.203566
Train Epoch: 2 [1504128/2541349 (59.2%)]	Loss: 0.185783
Train Epoch: 2 [1510528/2541349 (59.4%)]	Loss: 0.177192
Train Epoch: 2 [1516928/2541349 (59.7%)]	Loss: 0.193083
Train Epoch: 2 [1523328/2541349 (59.9%)]	Loss: 0.222725
Train Epoch: 2 [1529728/2541349 (60.2%)]	Loss: 0.231545
Train Epoch: 2 [1536128/2541349 (60.4%)]	Loss: 0.180579
Train Epoch: 2 [1542528/2541349 (60.7%)]	Loss: 0.302230
Train Epoch: 2 [1548928/2541349 (60.9%)]	Loss: 0.277850
Train Epoch: 2 [1555328/2541349 (61.2%)]	Loss: 0.201759
Train Epoch: 2 [1561728/2541349 (61.5%)]	Loss: 0.124933
Train Epoch: 2 [1568128/2541349 (61.7%)]	Loss: 0.175457
Train Epoch: 2 [1574528/2541349 (62.0%)]	Loss: 0.208436
Train Epoch: 2 [1580928/2541349 (62.2%)]	Loss: 0.196201
Train Epoch: 2 [1587328/2541349 (62.5%)]	Loss: 0.127711
Train Epoch: 2 [1593728/2541349 (62.7%)]	Loss: 0.165028
Train Epoch: 2 [1600128/2541349 (63.0%)]	Loss: 0.219125
Train Epoch: 2 [1606528/2541349 (63.2%)]	Loss: 0.209578
Train Epoch: 2 [1612928/2541349 (63.5%)]	Loss: 0.160823
Train Epoch: 2 [1619328/2541349 (63.7%)]	Loss: 0.210030
Train Epoch: 2 [1625728/2541349 (64.0%)]	Loss: 0.193207
Train Epoch: 2 [1632128/2541349 (64.2%)]	Loss: 0.149092
Train Epoch: 2 [1638528/2541349 (64.5%)]	Loss: 0.149091
Train Epoch: 2 [1644928/2541349 (64.7%)]	Loss: 0.209217
Train Epoch: 2 [1651328/2541349 (65.0%)]	Loss: 0.161204
Train Epoch: 2 [1657728/2541349 (65.2%)]	Loss: 0.201858
Train Epoch: 2 [1664128/2541349 (65.5%)]	Loss: 0.158733
Train Epoch: 2 [1670528/2541349 (65.7%)]	Loss: 0.182600
Train Epoch: 2 [1676928/2541349 (66.0%)]	Loss: 0.303124
Train Epoch: 2 [1683328/2541349 (66.2%)]	Loss: 0.272280
Train Epoch: 2 [1689728/2541349 (66.5%)]	Loss: 0.141232
Train Epoch: 2 [1696128/2541349 (66.7%)]	Loss: 0.245047
Train Epoch: 2 [1702528/2541349 (67.0%)]	Loss: 0.232599
Train Epoch: 2 [1708928/2541349 (67.2%)]	Loss: 0.262948
Train Epoch: 2 [1715328/2541349 (67.5%)]	Loss: 0.369900
Train Epoch: 2 [1721728/2541349 (67.7%)]	Loss: 0.231435
Train Epoch: 2 [1728128/2541349 (68.0%)]	Loss: 0.253128
Train Epoch: 2 [1734528/2541349 (68.3%)]	Loss: 0.233790
Train Epoch: 2 [1740928/2541349 (68.5%)]	Loss: 0.329588
Train Epoch: 2 [1747328/2541349 (68.8%)]	Loss: 0.218800
Train Epoch: 2 [1753728/2541349 (69.0%)]	Loss: 0.124627
Train Epoch: 2 [1760128/2541349 (69.3%)]	Loss: 0.255074
Train Epoch: 2 [1766528/2541349 (69.5%)]	Loss: 0.180552
Train Epoch: 2 [1772928/2541349 (69.8%)]	Loss: 0.210574
Train Epoch: 2 [1779328/2541349 (70.0%)]	Loss: 0.202783
Train Epoch: 2 [1785728/2541349 (70.3%)]	Loss: 0.163228
Train Epoch: 2 [1792128/2541349 (70.5%)]	Loss: 0.188960
Train Epoch: 2 [1798528/2541349 (70.8%)]	Loss: 0.263967
Train Epoch: 2 [1804928/2541349 (71.0%)]	Loss: 0.173953
Train Epoch: 2 [1811328/2541349 (71.3%)]	Loss: 0.181399
Train Epoch: 2 [1817728/2541349 (71.5%)]	Loss: 0.112123
Train Epoch: 2 [1824128/2541349 (71.8%)]	Loss: 0.240519
Train Epoch: 2 [1830528/2541349 (72.0%)]	Loss: 0.161875
Train Epoch: 2 [1836928/2541349 (72.3%)]	Loss: 0.169152
Train Epoch: 2 [1843328/2541349 (72.5%)]	Loss: 0.262282
Train Epoch: 2 [1849728/2541349 (72.8%)]	Loss: 0.219604
Train Epoch: 2 [1856128/2541349 (73.0%)]	Loss: 0.227813
Train Epoch: 2 [1862528/2541349 (73.3%)]	Loss: 0.279704
Train Epoch: 2 [1868928/2541349 (73.5%)]	Loss: 0.215209
Train Epoch: 2 [1875328/2541349 (73.8%)]	Loss: 0.178772
Train Epoch: 2 [1881728/2541349 (74.0%)]	Loss: 0.180722
Train Epoch: 2 [1888128/2541349 (74.3%)]	Loss: 0.204526
Train Epoch: 2 [1894528/2541349 (74.5%)]	Loss: 0.175202
Train Epoch: 2 [1900928/2541349 (74.8%)]	Loss: 0.179112  7%|▋         | 2/30 [1:36:31<22:30:33, 2894.05s/it]
Train Epoch: 2 [1907328/2541349 (75.1%)]	Loss: 0.274993
Train Epoch: 2 [1913728/2541349 (75.3%)]	Loss: 0.165572
Train Epoch: 2 [1920128/2541349 (75.6%)]	Loss: 0.158190
Train Epoch: 2 [1926528/2541349 (75.8%)]	Loss: 0.244287
Train Epoch: 2 [1932928/2541349 (76.1%)]	Loss: 0.217301
Train Epoch: 2 [1939328/2541349 (76.3%)]	Loss: 0.277333
Train Epoch: 2 [1945728/2541349 (76.6%)]	Loss: 0.150457
Train Epoch: 2 [1952128/2541349 (76.8%)]	Loss: 0.166419
Train Epoch: 2 [1958528/2541349 (77.1%)]	Loss: 0.244270
Train Epoch: 2 [1964928/2541349 (77.3%)]	Loss: 0.292502
Train Epoch: 2 [1971328/2541349 (77.6%)]	Loss: 0.227034
Train Epoch: 2 [1977728/2541349 (77.8%)]	Loss: 0.268859
Train Epoch: 2 [1984128/2541349 (78.1%)]	Loss: 0.182347
Train Epoch: 2 [1990528/2541349 (78.3%)]	Loss: 0.232093
Train Epoch: 2 [1996928/2541349 (78.6%)]	Loss: 0.258248
Train Epoch: 2 [2003328/2541349 (78.8%)]	Loss: 0.229980
Train Epoch: 2 [2009728/2541349 (79.1%)]	Loss: 0.233236
Train Epoch: 2 [2016128/2541349 (79.3%)]	Loss: 0.216280
Train Epoch: 2 [2022528/2541349 (79.6%)]	Loss: 0.260244
Train Epoch: 2 [2028928/2541349 (79.8%)]	Loss: 0.176105
Train Epoch: 2 [2035328/2541349 (80.1%)]	Loss: 0.289437
Train Epoch: 2 [2041728/2541349 (80.3%)]	Loss: 0.339073
Train Epoch: 2 [2048128/2541349 (80.6%)]	Loss: 0.224637
Train Epoch: 2 [2054528/2541349 (80.8%)]	Loss: 0.361718
Train Epoch: 2 [2060928/2541349 (81.1%)]	Loss: 0.139507
Train Epoch: 2 [2067328/2541349 (81.3%)]	Loss: 0.188297
Train Epoch: 2 [2073728/2541349 (81.6%)]	Loss: 0.195015
Train Epoch: 2 [2080128/2541349 (81.9%)]	Loss: 0.203597
Train Epoch: 2 [2086528/2541349 (82.1%)]	Loss: 0.214559
Train Epoch: 2 [2092928/2541349 (82.4%)]	Loss: 0.212686
Train Epoch: 2 [2099328/2541349 (82.6%)]	Loss: 0.245782
Train Epoch: 2 [2105728/2541349 (82.9%)]	Loss: 0.196587
Train Epoch: 2 [2112128/2541349 (83.1%)]	Loss: 0.290412
Train Epoch: 2 [2118528/2541349 (83.4%)]	Loss: 0.237440
Train Epoch: 2 [2124928/2541349 (83.6%)]	Loss: 0.198488
Train Epoch: 2 [2131328/2541349 (83.9%)]	Loss: 0.159363
Train Epoch: 2 [2137728/2541349 (84.1%)]	Loss: 0.182150
Train Epoch: 2 [2144128/2541349 (84.4%)]	Loss: 0.156008
Train Epoch: 2 [2150528/2541349 (84.6%)]	Loss: 0.179709
Train Epoch: 2 [2156928/2541349 (84.9%)]	Loss: 0.199455
Train Epoch: 2 [2163328/2541349 (85.1%)]	Loss: 0.162298
Train Epoch: 2 [2169728/2541349 (85.4%)]	Loss: 0.218491
Train Epoch: 2 [2176128/2541349 (85.6%)]	Loss: 0.319638
Train Epoch: 2 [2182528/2541349 (85.9%)]	Loss: 0.215822
Train Epoch: 2 [2188928/2541349 (86.1%)]	Loss: 0.147700
Train Epoch: 2 [2195328/2541349 (86.4%)]	Loss: 0.266917
Train Epoch: 2 [2201728/2541349 (86.6%)]	Loss: 0.213378
Train Epoch: 2 [2208128/2541349 (86.9%)]	Loss: 0.129835
Train Epoch: 2 [2214528/2541349 (87.1%)]	Loss: 0.209541
Train Epoch: 2 [2220928/2541349 (87.4%)]	Loss: 0.229513
Train Epoch: 2 [2227328/2541349 (87.6%)]	Loss: 0.239002
Train Epoch: 2 [2233728/2541349 (87.9%)]	Loss: 0.159992
Train Epoch: 2 [2240128/2541349 (88.1%)]	Loss: 0.183662
Train Epoch: 2 [2246528/2541349 (88.4%)]	Loss: 0.196560
Train Epoch: 2 [2252928/2541349 (88.7%)]	Loss: 0.251289
Train Epoch: 2 [2259328/2541349 (88.9%)]	Loss: 0.180882
Train Epoch: 2 [2265728/2541349 (89.2%)]	Loss: 0.192675
Train Epoch: 2 [2272128/2541349 (89.4%)]	Loss: 0.149605
Train Epoch: 2 [2278528/2541349 (89.7%)]	Loss: 0.146854
Train Epoch: 2 [2284928/2541349 (89.9%)]	Loss: 0.308006
Train Epoch: 2 [2291328/2541349 (90.2%)]	Loss: 0.187761
Train Epoch: 2 [2297728/2541349 (90.4%)]	Loss: 0.207099
Train Epoch: 2 [2304128/2541349 (90.7%)]	Loss: 0.213306
Train Epoch: 2 [2310528/2541349 (90.9%)]	Loss: 0.203427
Train Epoch: 2 [2316928/2541349 (91.2%)]	Loss: 0.227236
Train Epoch: 2 [2323328/2541349 (91.4%)]	Loss: 0.210436
Train Epoch: 2 [2329728/2541349 (91.7%)]	Loss: 0.153213
Train Epoch: 2 [2336128/2541349 (91.9%)]	Loss: 0.280431
Train Epoch: 2 [2342528/2541349 (92.2%)]	Loss: 0.268217
Train Epoch: 2 [2348928/2541349 (92.4%)]	Loss: 0.315543
Train Epoch: 2 [2355328/2541349 (92.7%)]	Loss: 0.197632
Train Epoch: 2 [2361728/2541349 (92.9%)]	Loss: 0.161194
Train Epoch: 2 [2368128/2541349 (93.2%)]	Loss: 0.186468
Train Epoch: 2 [2374528/2541349 (93.4%)]	Loss: 0.202681
Train Epoch: 2 [2380928/2541349 (93.7%)]	Loss: 0.311255
Train Epoch: 2 [2387328/2541349 (93.9%)]	Loss: 0.244526
Train Epoch: 2 [2393728/2541349 (94.2%)]	Loss: 0.214710
Train Epoch: 2 [2400128/2541349 (94.4%)]	Loss: 0.213189
Train Epoch: 2 [2406528/2541349 (94.7%)]	Loss: 0.198008
Train Epoch: 2 [2412928/2541349 (94.9%)]	Loss: 0.202228
Train Epoch: 2 [2419328/2541349 (95.2%)]	Loss: 0.217117
Train Epoch: 2 [2425728/2541349 (95.5%)]	Loss: 0.139670
Train Epoch: 2 [2432128/2541349 (95.7%)]	Loss: 0.161964
Train Epoch: 2 [2438528/2541349 (96.0%)]	Loss: 0.201770
Train Epoch: 2 [2444928/2541349 (96.2%)]	Loss: 0.266398
Train Epoch: 2 [2451328/2541349 (96.5%)]	Loss: 0.280609
Train Epoch: 2 [2457728/2541349 (96.7%)]	Loss: 0.186408
Train Epoch: 2 [2464128/2541349 (97.0%)]	Loss: 0.164544
Train Epoch: 2 [2470528/2541349 (97.2%)]	Loss: 0.168149
Train Epoch: 2 [2476928/2541349 (97.5%)]	Loss: 0.149502
Train Epoch: 2 [2483328/2541349 (97.7%)]	Loss: 0.201186
Train Epoch: 2 [2489728/2541349 (98.0%)]	Loss: 0.273945
Train Epoch: 2 [2496128/2541349 (98.2%)]	Loss: 0.164797
Train Epoch: 2 [2502528/2541349 (98.5%)]	Loss: 0.207424
Train Epoch: 2 [2508928/2541349 (98.7%)]	Loss: 0.186269
Train Epoch: 2 [2515328/2541349 (99.0%)]	Loss: 0.296553
Train Epoch: 2 [2521728/2541349 (99.2%)]	Loss: 0.217178
Train Epoch: 2 [2528128/2541349 (99.5%)]	Loss: 0.208450
Train Epoch: 2 [2534528/2541349 (99.7%)]	Loss: 0.116972
Train Epoch: 2 [2540928/2541349 (100.0%)]	Loss: 0.188927
Train Epoch: 3 [128/2541349 (0.0%)]	Loss: 0.249748
Train Epoch: 3 [6528/2541349 (0.3%)]	Loss: 0.218182
Train Epoch: 3 [12928/2541349 (0.5%)]	Loss: 0.169542
Train Epoch: 3 [19328/2541349 (0.8%)]	Loss: 0.124012
Train Epoch: 3 [25728/2541349 (1.0%)]	Loss: 0.177449
Train Epoch: 3 [32128/2541349 (1.3%)]	Loss: 0.231624
Train Epoch: 3 [38528/2541349 (1.5%)]	Loss: 0.176603
Train Epoch: 3 [44928/2541349 (1.8%)]	Loss: 0.200606
Train Epoch: 3 [51328/2541349 (2.0%)]	Loss: 0.227878
Train Epoch: 3 [57728/2541349 (2.3%)]	Loss: 0.238365
Train Epoch: 3 [64128/2541349 (2.5%)]	Loss: 0.204742
Train Epoch: 3 [70528/2541349 (2.8%)]	Loss: 0.154548
Train Epoch: 3 [76928/2541349 (3.0%)]	Loss: 0.345373
Train Epoch: 3 [83328/2541349 (3.3%)]	Loss: 0.307016
Train Epoch: 3 [89728/2541349 (3.5%)]	Loss: 0.208099
Train Epoch: 3 [96128/2541349 (3.8%)]	Loss: 0.219456
Train Epoch: 3 [102528/2541349 (4.0%)]	Loss: 0.175728
Train Epoch: 3 [108928/2541349 (4.3%)]	Loss: 0.148982
Train Epoch: 3 [115328/2541349 (4.5%)]	Loss: 0.262870
Train Epoch: 3 [121728/2541349 (4.8%)]	Loss: 0.243472
Train Epoch: 3 [128128/2541349 (5.0%)]	Loss: 0.152759
Train Epoch: 3 [134528/2541349 (5.3%)]	Loss: 0.220464
Train Epoch: 3 [140928/2541349 (5.5%)]	Loss: 0.186156
Train Epoch: 3 [147328/2541349 (5.8%)]	Loss: 0.199511
Train Epoch: 3 [153728/2541349 (6.0%)]	Loss: 0.220691
Train Epoch: 3 [160128/2541349 (6.3%)]	Loss: 0.249119
Train Epoch: 3 [166528/2541349 (6.6%)]	Loss: 0.182855
Train Epoch: 3 [172928/2541349 (6.8%)]	Loss: 0.211565
Train Epoch: 3 [179328/2541349 (7.1%)]	Loss: 0.194654
Train Epoch: 3 [185728/2541349 (7.3%)]	Loss: 0.331219
Train Epoch: 3 [192128/2541349 (7.6%)]	Loss: 0.265029
Train Epoch: 3 [198528/2541349 (7.8%)]	Loss: 0.257208
Train Epoch: 3 [204928/2541349 (8.1%)]	Loss: 0.229972
Train Epoch: 3 [211328/2541349 (8.3%)]	Loss: 0.252613
Train Epoch: 3 [217728/2541349 (8.6%)]	Loss: 0.205326
Train Epoch: 3 [224128/2541349 (8.8%)]	Loss: 0.153773
Train Epoch: 3 [230528/2541349 (9.1%)]	Loss: 0.181187
Train Epoch: 3 [236928/2541349 (9.3%)]	Loss: 0.198127
Train Epoch: 3 [243328/2541349 (9.6%)]	Loss: 0.227069
Train Epoch: 3 [249728/2541349 (9.8%)]	Loss: 0.116907
Train Epoch: 3 [256128/2541349 (10.1%)]	Loss: 0.234684
Train Epoch: 3 [262528/2541349 (10.3%)]	Loss: 0.190838
Train Epoch: 3 [268928/2541349 (10.6%)]	Loss: 0.216989
Train Epoch: 3 [275328/2541349 (10.8%)]	Loss: 0.168830
Train Epoch: 3 [281728/2541349 (11.1%)]	Loss: 0.209326
Train Epoch: 3 [288128/2541349 (11.3%)]	Loss: 0.131930
Train Epoch: 3 [294528/2541349 (11.6%)]	Loss: 0.246622
Train Epoch: 3 [300928/2541349 (11.8%)]	Loss: 0.191818
Train Epoch: 3 [307328/2541349 (12.1%)]	Loss: 0.256905
Train Epoch: 3 [313728/2541349 (12.3%)]	Loss: 0.213767
Train Epoch: 3 [320128/2541349 (12.6%)]	Loss: 0.189561
Train Epoch: 3 [326528/2541349 (12.8%)]	Loss: 0.288304
Train Epoch: 3 [332928/2541349 (13.1%)]	Loss: 0.172519
Train Epoch: 3 [339328/2541349 (13.4%)]	Loss: 0.224432
Train Epoch: 3 [345728/2541349 (13.6%)]	Loss: 0.248546
Train Epoch: 3 [352128/2541349 (13.9%)]	Loss: 0.182770
Train Epoch: 3 [358528/2541349 (14.1%)]	Loss: 0.217601
Train Epoch: 3 [364928/2541349 (14.4%)]	Loss: 0.175443
Train Epoch: 3 [371328/2541349 (14.6%)]	Loss: 0.242558
Train Epoch: 3 [377728/2541349 (14.9%)]	Loss: 0.228447
Train Epoch: 3 [384128/2541349 (15.1%)]	Loss: 0.246801
Train Epoch: 3 [390528/2541349 (15.4%)]	Loss: 0.179900
Train Epoch: 3 [396928/2541349 (15.6%)]	Loss: 0.141568
Train Epoch: 3 [403328/2541349 (15.9%)]	Loss: 0.285570
Train Epoch: 3 [409728/2541349 (16.1%)]	Loss: 0.195467
Train Epoch: 3 [416128/2541349 (16.4%)]	Loss: 0.252891
Train Epoch: 3 [422528/2541349 (16.6%)]	Loss: 0.207345
Train Epoch: 3 [428928/2541349 (16.9%)]	Loss: 0.242501
Train Epoch: 3 [435328/2541349 (17.1%)]	Loss: 0.221315
Train Epoch: 3 [441728/2541349 (17.4%)]	Loss: 0.291303
Train Epoch: 3 [448128/2541349 (17.6%)]	Loss: 0.242349
Train Epoch: 3 [454528/2541349 (17.9%)]	Loss: 0.213457
Train Epoch: 3 [460928/2541349 (18.1%)]	Loss: 0.203389
Train Epoch: 3 [467328/2541349 (18.4%)]	Loss: 0.281487
Train Epoch: 3 [473728/2541349 (18.6%)]	Loss: 0.252754
Train Epoch: 3 [480128/2541349 (18.9%)]	Loss: 0.127165
Train Epoch: 3 [486528/2541349 (19.1%)]	Loss: 0.175604
Train Epoch: 3 [492928/2541349 (19.4%)]	Loss: 0.285999
Train Epoch: 3 [499328/2541349 (19.6%)]	Loss: 0.173503
Train Epoch: 3 [505728/2541349 (19.9%)]	Loss: 0.252028
Train Epoch: 3 [512128/2541349 (20.2%)]	Loss: 0.240496
Train Epoch: 3 [518528/2541349 (20.4%)]	Loss: 0.228926
Train Epoch: 3 [524928/2541349 (20.7%)]	Loss: 0.140183
Train Epoch: 3 [531328/2541349 (20.9%)]	Loss: 0.184801
Train Epoch: 3 [537728/2541349 (21.2%)]	Loss: 0.189422
Train Epoch: 3 [544128/2541349 (21.4%)]	Loss: 0.168643
Train Epoch: 3 [550528/2541349 (21.7%)]	Loss: 0.321157
Train Epoch: 3 [556928/2541349 (21.9%)]	Loss: 0.197051
Train Epoch: 3 [563328/2541349 (22.2%)]	Loss: 0.258522
Train Epoch: 3 [569728/2541349 (22.4%)]	Loss: 0.168242
Train Epoch: 3 [576128/2541349 (22.7%)]	Loss: 0.160304
Train Epoch: 3 [582528/2541349 (22.9%)]	Loss: 0.202990
Train Epoch: 3 [588928/2541349 (23.2%)]	Loss: 0.148536
Train Epoch: 3 [595328/2541349 (23.4%)]	Loss: 0.181756
Train Epoch: 3 [601728/2541349 (23.7%)]	Loss: 0.192741
Train Epoch: 3 [608128/2541349 (23.9%)]	Loss: 0.185424
Train Epoch: 3 [614528/2541349 (24.2%)]	Loss: 0.197141
Train Epoch: 3 [620928/2541349 (24.4%)]	Loss: 0.235511
Train Epoch: 3 [627328/2541349 (24.7%)]	Loss: 0.218721
Train Epoch: 3 [633728/2541349 (24.9%)]	Loss: 0.221075
Train Epoch: 3 [640128/2541349 (25.2%)]	Loss: 0.153015
Train Epoch: 3 [646528/2541349 (25.4%)]	Loss: 0.239120
Train Epoch: 3 [652928/2541349 (25.7%)]	Loss: 0.162789
Train Epoch: 3 [659328/2541349 (25.9%)]	Loss: 0.169624
Train Epoch: 3 [665728/2541349 (26.2%)]	Loss: 0.172984
Train Epoch: 3 [672128/2541349 (26.4%)]	Loss: 0.238218
Train Epoch: 3 [678528/2541349 (26.7%)]	Loss: 0.180473
Train Epoch: 3 [684928/2541349 (27.0%)]	Loss: 0.149741
Train Epoch: 3 [691328/2541349 (27.2%)]	Loss: 0.206412
Train Epoch: 3 [697728/2541349 (27.5%)]	Loss: 0.280593
Train Epoch: 3 [704128/2541349 (27.7%)]	Loss: 0.228841
Train Epoch: 3 [710528/2541349 (28.0%)]	Loss: 0.227210
Train Epoch: 3 [716928/2541349 (28.2%)]	Loss: 0.115104
Train Epoch: 3 [723328/2541349 (28.5%)]	Loss: 0.164437
Train Epoch: 3 [729728/2541349 (28.7%)]	Loss: 0.260700
Train Epoch: 3 [736128/2541349 (29.0%)]	Loss: 0.180454
Train Epoch: 3 [742528/2541349 (29.2%)]	Loss: 0.154382
Train Epoch: 3 [748928/2541349 (29.5%)]	Loss: 0.195415
Train Epoch: 3 [755328/2541349 (29.7%)]	Loss: 0.168755
Train Epoch: 3 [761728/2541349 (30.0%)]	Loss: 0.163997
Train Epoch: 3 [768128/2541349 (30.2%)]	Loss: 0.250947
Train Epoch: 3 [774528/2541349 (30.5%)]	Loss: 0.238527
Train Epoch: 3 [780928/2541349 (30.7%)]	Loss: 0.221788
Train Epoch: 3 [787328/2541349 (31.0%)]	Loss: 0.189799
Train Epoch: 3 [793728/2541349 (31.2%)]	Loss: 0.184556
Train Epoch: 3 [800128/2541349 (31.5%)]	Loss: 0.176645
Train Epoch: 3 [806528/2541349 (31.7%)]	Loss: 0.164729
Train Epoch: 3 [812928/2541349 (32.0%)]	Loss: 0.216499
Train Epoch: 3 [819328/2541349 (32.2%)]	Loss: 0.330286
Train Epoch: 3 [825728/2541349 (32.5%)]	Loss: 0.196743
Train Epoch: 3 [832128/2541349 (32.7%)]	Loss: 0.175052
Train Epoch: 3 [838528/2541349 (33.0%)]	Loss: 0.196861
Train Epoch: 3 [844928/2541349 (33.2%)]	Loss: 0.222604
Train Epoch: 3 [851328/2541349 (33.5%)]	Loss: 0.187950
Train Epoch: 3 [857728/2541349 (33.8%)]	Loss: 0.205015
Train Epoch: 3 [864128/2541349 (34.0%)]	Loss: 0.208792
Train Epoch: 3 [870528/2541349 (34.3%)]	Loss: 0.263674
Train Epoch: 3 [876928/2541349 (34.5%)]	Loss: 0.236000
Train Epoch: 3 [883328/2541349 (34.8%)]	Loss: 0.292827
Train Epoch: 3 [889728/2541349 (35.0%)]	Loss: 0.221961
Train Epoch: 3 [896128/2541349 (35.3%)]	Loss: 0.113087
Train Epoch: 3 [902528/2541349 (35.5%)]	Loss: 0.209653
Train Epoch: 3 [908928/2541349 (35.8%)]	Loss: 0.154893
Train Epoch: 3 [915328/2541349 (36.0%)]	Loss: 0.131847
Train Epoch: 3 [921728/2541349 (36.3%)]	Loss: 0.178573
Train Epoch: 3 [928128/2541349 (36.5%)]	Loss: 0.196211
Train Epoch: 3 [934528/2541349 (36.8%)]	Loss: 0.190419
Train Epoch: 3 [940928/2541349 (37.0%)]	Loss: 0.211550
Train Epoch: 3 [947328/2541349 (37.3%)]	Loss: 0.189874
Train Epoch: 3 [953728/2541349 (37.5%)]	Loss: 0.148764
Train Epoch: 3 [960128/2541349 (37.8%)]	Loss: 0.195542
Train Epoch: 3 [966528/2541349 (38.0%)]	Loss: 0.201927
Train Epoch: 3 [972928/2541349 (38.3%)]	Loss: 0.242180
Train Epoch: 3 [979328/2541349 (38.5%)]	Loss: 0.134275
Train Epoch: 3 [985728/2541349 (38.8%)]	Loss: 0.210534
Train Epoch: 3 [992128/2541349 (39.0%)]	Loss: 0.220181
Train Epoch: 3 [998528/2541349 (39.3%)]	Loss: 0.282037
Train Epoch: 3 [1004928/2541349 (39.5%)]	Loss: 0.156280
Train Epoch: 3 [1011328/2541349 (39.8%)]	Loss: 0.285266
Train Epoch: 3 [1017728/2541349 (40.0%)]	Loss: 0.281890
Train Epoch: 3 [1024128/2541349 (40.3%)]	Loss: 0.154797
Train Epoch: 3 [1030528/2541349 (40.6%)]	Loss: 0.194360
Train Epoch: 3 [1036928/2541349 (40.8%)]	Loss: 0.250166
Train Epoch: 3 [1043328/2541349 (41.1%)]	Loss: 0.246892
Train Epoch: 3 [1049728/2541349 (41.3%)]	Loss: 0.185529
Train Epoch: 3 [1056128/2541349 (41.6%)]	Loss: 0.139971
Train Epoch: 3 [1062528/2541349 (41.8%)]	Loss: 0.234392
Train Epoch: 3 [1068928/2541349 (42.1%)]	Loss: 0.211001
Train Epoch: 3 [1075328/2541349 (42.3%)]	Loss: 0.179566
Train Epoch: 3 [1081728/2541349 (42.6%)]	Loss: 0.194334
Train Epoch: 3 [1088128/2541349 (42.8%)]	Loss: 0.193403
Train Epoch: 3 [1094528/2541349 (43.1%)]	Loss: 0.187735
Train Epoch: 3 [1100928/2541349 (43.3%)]	Loss: 0.163122
Train Epoch: 3 [1107328/2541349 (43.6%)]	Loss: 0.252445
Train Epoch: 3 [1113728/2541349 (43.8%)]	Loss: 0.160827
Train Epoch: 3 [1120128/2541349 (44.1%)]	Loss: 0.194801
Train Epoch: 3 [1126528/2541349 (44.3%)]	Loss: 0.220535
Train Epoch: 3 [1132928/2541349 (44.6%)]	Loss: 0.168850
Train Epoch: 3 [1139328/2541349 (44.8%)]	Loss: 0.221749
Train Epoch: 3 [1145728/2541349 (45.1%)]	Loss: 0.176644
Train Epoch: 3 [1152128/2541349 (45.3%)]	Loss: 0.247513
Train Epoch: 3 [1158528/2541349 (45.6%)]	Loss: 0.167521
Train Epoch: 3 [1164928/2541349 (45.8%)]	Loss: 0.226781
Train Epoch: 3 [1171328/2541349 (46.1%)]	Loss: 0.176309
Train Epoch: 3 [1177728/2541349 (46.3%)]	Loss: 0.228263
Train Epoch: 3 [1184128/2541349 (46.6%)]	Loss: 0.209168
Train Epoch: 3 [1190528/2541349 (46.8%)]	Loss: 0.222469
Train Epoch: 3 [1196928/2541349 (47.1%)]	Loss: 0.283151
Train Epoch: 3 [1203328/2541349 (47.3%)]	Loss: 0.190533
Train Epoch: 3 [1209728/2541349 (47.6%)]	Loss: 0.124064
Train Epoch: 3 [1216128/2541349 (47.9%)]	Loss: 0.315203
Train Epoch: 3 [1222528/2541349 (48.1%)]	Loss: 0.151239
Train Epoch: 3 [1228928/2541349 (48.4%)]	Loss: 0.252496
Train Epoch: 3 [1235328/2541349 (48.6%)]	Loss: 0.222731
Train Epoch: 3 [1241728/2541349 (48.9%)]	Loss: 0.272312
Train Epoch: 3 [1248128/2541349 (49.1%)]	Loss: 0.174971
Train Epoch: 3 [1254528/2541349 (49.4%)]	Loss: 0.187930
Train Epoch: 3 [1260928/2541349 (49.6%)]	Loss: 0.239521
Train Epoch: 3 [1267328/2541349 (49.9%)]	Loss: 0.166619
Train Epoch: 3 [1273728/2541349 (50.1%)]	Loss: 0.167505
Train Epoch: 3 [1280128/2541349 (50.4%)]	Loss: 0.135477
Train Epoch: 3 [1286528/2541349 (50.6%)]	Loss: 0.239066
Train Epoch: 3 [1292928/2541349 (50.9%)]	Loss: 0.254359
Train Epoch: 3 [1299328/2541349 (51.1%)]	Loss: 0.203350
Train Epoch: 3 [1305728/2541349 (51.4%)]	Loss: 0.183836
Train Epoch: 3 [1312128/2541349 (51.6%)]	Loss: 0.198829
Train Epoch: 3 [1318528/2541349 (51.9%)]	Loss: 0.167636
Train Epoch: 3 [1324928/2541349 (52.1%)]	Loss: 0.288402
Train Epoch: 3 [1331328/2541349 (52.4%)]	Loss: 0.163094
Train Epoch: 3 [1337728/2541349 (52.6%)]	Loss: 0.137465
Train Epoch: 3 [1344128/2541349 (52.9%)]	Loss: 0.287155
Train Epoch: 3 [1350528/2541349 (53.1%)]	Loss: 0.196758
Train Epoch: 3 [1356928/2541349 (53.4%)]	Loss: 0.286041
Train Epoch: 3 [1363328/2541349 (53.6%)]	Loss: 0.157838
Train Epoch: 3 [1369728/2541349 (53.9%)]	Loss: 0.158784
Train Epoch: 3 [1376128/2541349 (54.1%)]	Loss: 0.148321
Train Epoch: 3 [1382528/2541349 (54.4%)]	Loss: 0.151919
Train Epoch: 3 [1388928/2541349 (54.7%)]	Loss: 0.337863
Train Epoch: 3 [1395328/2541349 (54.9%)]	Loss: 0.121660
Train Epoch: 3 [1401728/2541349 (55.2%)]	Loss: 0.162566
Train Epoch: 3 [1408128/2541349 (55.4%)]	Loss: 0.175875
Train Epoch: 3 [1414528/2541349 (55.7%)]	Loss: 0.266635
Train Epoch: 3 [1420928/2541349 (55.9%)]	Loss: 0.143461
Train Epoch: 3 [1427328/2541349 (56.2%)]	Loss: 0.203764
Train Epoch: 3 [1433728/2541349 (56.4%)]	Loss: 0.214727
Train Epoch: 3 [1440128/2541349 (56.7%)]	Loss: 0.149500
Train Epoch: 3 [1446528/2541349 (56.9%)]	Loss: 0.187010
Train Epoch: 3 [1452928/2541349 (57.2%)]	Loss: 0.218450
Train Epoch: 3 [1459328/2541349 (57.4%)]	Loss: 0.112046
Train Epoch: 3 [1465728/2541349 (57.7%)]	Loss: 0.197335
Train Epoch: 3 [1472128/2541349 (57.9%)]	Loss: 0.161445
Train Epoch: 3 [1478528/2541349 (58.2%)]	Loss: 0.184548
Train Epoch: 3 [1484928/2541349 (58.4%)]	Loss: 0.201059
Train Epoch: 3 [1491328/2541349 (58.7%)]	Loss: 0.195450
Train Epoch: 3 [1497728/2541349 (58.9%)]	Loss: 0.150384
Train Epoch: 3 [1504128/2541349 (59.2%)]	Loss: 0.214005
Train Epoch: 3 [1510528/2541349 (59.4%)]	Loss: 0.257514
Train Epoch: 3 [1516928/2541349 (59.7%)]	Loss: 0.105029
Train Epoch: 3 [1523328/2541349 (59.9%)]	Loss: 0.248332
Train Epoch: 3 [1529728/2541349 (60.2%)]	Loss: 0.151933
Train Epoch: 3 [1536128/2541349 (60.4%)]	Loss: 0.204286
Train Epoch: 3 [1542528/2541349 (60.7%)]	Loss: 0.134791
Train Epoch: 3 [1548928/2541349 (60.9%)]	Loss: 0.190553
Train Epoch: 3 [1555328/2541349 (61.2%)]	Loss: 0.236200
Train Epoch: 3 [1561728/2541349 (61.5%)]	Loss: 0.199650
Train Epoch: 3 [1568128/2541349 (61.7%)]	Loss: 0.313677
Train Epoch: 3 [1574528/2541349 (62.0%)]	Loss: 0.279538
Train Epoch: 3 [1580928/2541349 (62.2%)]	Loss: 0.171312
Train Epoch: 3 [1587328/2541349 (62.5%)]	Loss: 0.188928
Train Epoch: 3 [1593728/2541349 (62.7%)]	Loss: 0.179978
Train Epoch: 3 [1600128/2541349 (63.0%)]	Loss: 0.277612
Train Epoch: 3 [1606528/2541349 (63.2%)]	Loss: 0.212330
Train Epoch: 3 [1612928/2541349 (63.5%)]	Loss: 0.134566
Train Epoch: 3 [1619328/2541349 (63.7%)]	Loss: 0.216842
Train Epoch: 3 [1625728/2541349 (64.0%)]	Loss: 0.219448
Train Epoch: 3 [1632128/2541349 (64.2%)]	Loss: 0.177047
Train Epoch: 3 [1638528/2541349 (64.5%)]	Loss: 0.087212
Train Epoch: 3 [1644928/2541349 (64.7%)]	Loss: 0.238853
Train Epoch: 3 [1651328/2541349 (65.0%)]	Loss: 0.111555
Train Epoch: 3 [1657728/2541349 (65.2%)]	Loss: 0.229889
Train Epoch: 3 [1664128/2541349 (65.5%)]	Loss: 0.309860
Train Epoch: 3 [1670528/2541349 (65.7%)]	Loss: 0.139617
Train Epoch: 3 [1676928/2541349 (66.0%)]	Loss: 0.180213
Train Epoch: 3 [1683328/2541349 (66.2%)]	Loss: 0.281368
Train Epoch: 3 [1689728/2541349 (66.5%)]	Loss: 0.179416
Train Epoch: 3 [1696128/2541349 (66.7%)]	Loss: 0.122608
Train Epoch: 3 [1702528/2541349 (67.0%)]	Loss: 0.268776
Train Epoch: 3 [1708928/2541349 (67.2%)]	Loss: 0.216698
Train Epoch: 3 [1715328/2541349 (67.5%)]	Loss: 0.299204
Train Epoch: 3 [1721728/2541349 (67.7%)]	Loss: 0.288598
Train Epoch: 3 [1728128/2541349 (68.0%)]	Loss: 0.195480
Train Epoch: 3 [1734528/2541349 (68.3%)]	Loss: 0.089100
Train Epoch: 3 [1740928/2541349 (68.5%)]	Loss: 0.241289
Train Epoch: 3 [1747328/2541349 (68.8%)]	Loss: 0.304786
Train Epoch: 3 [1753728/2541349 (69.0%)]	Loss: 0.222175
Train Epoch: 3 [1760128/2541349 (69.3%)]	Loss: 0.168590
Train Epoch: 3 [1766528/2541349 (69.5%)]	Loss: 0.241111
Train Epoch: 3 [1772928/2541349 (69.8%)]	Loss: 0.200323
Train Epoch: 3 [1779328/2541349 (70.0%)]	Loss: 0.287046
Train Epoch: 3 [1785728/2541349 (70.3%)]	Loss: 0.179127
Train Epoch: 3 [1792128/2541349 (70.5%)]	Loss: 0.224074
Train Epoch: 3 [1798528/2541349 (70.8%)]	Loss: 0.252787
Train Epoch: 3 [1804928/2541349 (71.0%)]	Loss: 0.214876
Train Epoch: 3 [1811328/2541349 (71.3%)]	Loss: 0.180193
Train Epoch: 3 [1817728/2541349 (71.5%)]	Loss: 0.180465
Train Epoch: 3 [1824128/2541349 (71.8%)]	Loss: 0.335257
Train Epoch: 3 [1830528/2541349 (72.0%)]	Loss: 0.125251
Train Epoch: 3 [1836928/2541349 (72.3%)]	Loss: 0.259588
Train Epoch: 3 [1843328/2541349 (72.5%)]	Loss: 0.211202
Train Epoch: 3 [1849728/2541349 (72.8%)]	Loss: 0.108378
Train Epoch: 3 [1856128/2541349 (73.0%)]	Loss: 0.168997
Train Epoch: 3 [1862528/2541349 (73.3%)]	Loss: 0.247091
Train Epoch: 3 [1868928/2541349 (73.5%)]	Loss: 0.142810
Train Epoch: 3 [1875328/2541349 (73.8%)]	Loss: 0.290017
Train Epoch: 3 [1881728/2541349 (74.0%)]	Loss: 0.181589
Train Epoch: 3 [1888128/2541349 (74.3%)]	Loss: 0.238862
Train Epoch: 3 [1894528/2541349 (74.5%)]	Loss: 0.198575
Train Epoch: 3 [1900928/2541349 (74.8%)]	Loss: 0.251018 10%|█         | 3/30 [2:24:49<21:43:08, 2895.87s/it]
Train Epoch: 3 [1907328/2541349 (75.1%)]	Loss: 0.180255
Train Epoch: 3 [1913728/2541349 (75.3%)]	Loss: 0.202691
Train Epoch: 3 [1920128/2541349 (75.6%)]	Loss: 0.238035
Train Epoch: 3 [1926528/2541349 (75.8%)]	Loss: 0.208655
Train Epoch: 3 [1932928/2541349 (76.1%)]	Loss: 0.234745
Train Epoch: 3 [1939328/2541349 (76.3%)]	Loss: 0.236950
Train Epoch: 3 [1945728/2541349 (76.6%)]	Loss: 0.154404
Train Epoch: 3 [1952128/2541349 (76.8%)]	Loss: 0.262771
Train Epoch: 3 [1958528/2541349 (77.1%)]	Loss: 0.240735
Train Epoch: 3 [1964928/2541349 (77.3%)]	Loss: 0.224124
Train Epoch: 3 [1971328/2541349 (77.6%)]	Loss: 0.274179
Train Epoch: 3 [1977728/2541349 (77.8%)]	Loss: 0.186944
Train Epoch: 3 [1984128/2541349 (78.1%)]	Loss: 0.196628
Train Epoch: 3 [1990528/2541349 (78.3%)]	Loss: 0.170252
Train Epoch: 3 [1996928/2541349 (78.6%)]	Loss: 0.207431
Train Epoch: 3 [2003328/2541349 (78.8%)]	Loss: 0.225932
Train Epoch: 3 [2009728/2541349 (79.1%)]	Loss: 0.145855
Train Epoch: 3 [2016128/2541349 (79.3%)]	Loss: 0.204307
Train Epoch: 3 [2022528/2541349 (79.6%)]	Loss: 0.155862
Train Epoch: 3 [2028928/2541349 (79.8%)]	Loss: 0.150151
Train Epoch: 3 [2035328/2541349 (80.1%)]	Loss: 0.129891
Train Epoch: 3 [2041728/2541349 (80.3%)]	Loss: 0.160415
Train Epoch: 3 [2048128/2541349 (80.6%)]	Loss: 0.238123
Train Epoch: 3 [2054528/2541349 (80.8%)]	Loss: 0.244209
Train Epoch: 3 [2060928/2541349 (81.1%)]	Loss: 0.201002
Train Epoch: 3 [2067328/2541349 (81.3%)]	Loss: 0.281940
Train Epoch: 3 [2073728/2541349 (81.6%)]	Loss: 0.135411
Train Epoch: 3 [2080128/2541349 (81.9%)]	Loss: 0.242179
Train Epoch: 3 [2086528/2541349 (82.1%)]	Loss: 0.167557
Train Epoch: 3 [2092928/2541349 (82.4%)]	Loss: 0.211685
Train Epoch: 3 [2099328/2541349 (82.6%)]	Loss: 0.213719
Train Epoch: 3 [2105728/2541349 (82.9%)]	Loss: 0.160375
Train Epoch: 3 [2112128/2541349 (83.1%)]	Loss: 0.228597
Train Epoch: 3 [2118528/2541349 (83.4%)]	Loss: 0.176742
Train Epoch: 3 [2124928/2541349 (83.6%)]	Loss: 0.314725
Train Epoch: 3 [2131328/2541349 (83.9%)]	Loss: 0.199276
Train Epoch: 3 [2137728/2541349 (84.1%)]	Loss: 0.230780
Train Epoch: 3 [2144128/2541349 (84.4%)]	Loss: 0.201258
Train Epoch: 3 [2150528/2541349 (84.6%)]	Loss: 0.198739
Train Epoch: 3 [2156928/2541349 (84.9%)]	Loss: 0.172413
Train Epoch: 3 [2163328/2541349 (85.1%)]	Loss: 0.273043
Train Epoch: 3 [2169728/2541349 (85.4%)]	Loss: 0.263193
Train Epoch: 3 [2176128/2541349 (85.6%)]	Loss: 0.161409
Train Epoch: 3 [2182528/2541349 (85.9%)]	Loss: 0.229230
Train Epoch: 3 [2188928/2541349 (86.1%)]	Loss: 0.200953
Train Epoch: 3 [2195328/2541349 (86.4%)]	Loss: 0.202999
Train Epoch: 3 [2201728/2541349 (86.6%)]	Loss: 0.220718
Train Epoch: 3 [2208128/2541349 (86.9%)]	Loss: 0.299070
Train Epoch: 3 [2214528/2541349 (87.1%)]	Loss: 0.244856
Train Epoch: 3 [2220928/2541349 (87.4%)]	Loss: 0.183632
Train Epoch: 3 [2227328/2541349 (87.6%)]	Loss: 0.244045
Train Epoch: 3 [2233728/2541349 (87.9%)]	Loss: 0.265192
Train Epoch: 3 [2240128/2541349 (88.1%)]	Loss: 0.182294
Train Epoch: 3 [2246528/2541349 (88.4%)]	Loss: 0.276099
Train Epoch: 3 [2252928/2541349 (88.7%)]	Loss: 0.168127
Train Epoch: 3 [2259328/2541349 (88.9%)]	Loss: 0.176713
Train Epoch: 3 [2265728/2541349 (89.2%)]	Loss: 0.276678
Train Epoch: 3 [2272128/2541349 (89.4%)]	Loss: 0.233135
Train Epoch: 3 [2278528/2541349 (89.7%)]	Loss: 0.167058
Train Epoch: 3 [2284928/2541349 (89.9%)]	Loss: 0.180651
Train Epoch: 3 [2291328/2541349 (90.2%)]	Loss: 0.157151
Train Epoch: 3 [2297728/2541349 (90.4%)]	Loss: 0.172827
Train Epoch: 3 [2304128/2541349 (90.7%)]	Loss: 0.220922
Train Epoch: 3 [2310528/2541349 (90.9%)]	Loss: 0.124596
Train Epoch: 3 [2316928/2541349 (91.2%)]	Loss: 0.171166
Train Epoch: 3 [2323328/2541349 (91.4%)]	Loss: 0.226202
Train Epoch: 3 [2329728/2541349 (91.7%)]	Loss: 0.182059
Train Epoch: 3 [2336128/2541349 (91.9%)]	Loss: 0.342731
Train Epoch: 3 [2342528/2541349 (92.2%)]	Loss: 0.138352
Train Epoch: 3 [2348928/2541349 (92.4%)]	Loss: 0.170346
Train Epoch: 3 [2355328/2541349 (92.7%)]	Loss: 0.243083
Train Epoch: 3 [2361728/2541349 (92.9%)]	Loss: 0.167508
Train Epoch: 3 [2368128/2541349 (93.2%)]	Loss: 0.158482
Train Epoch: 3 [2374528/2541349 (93.4%)]	Loss: 0.211951
Train Epoch: 3 [2380928/2541349 (93.7%)]	Loss: 0.173091
Train Epoch: 3 [2387328/2541349 (93.9%)]	Loss: 0.179810
Train Epoch: 3 [2393728/2541349 (94.2%)]	Loss: 0.124501
Train Epoch: 3 [2400128/2541349 (94.4%)]	Loss: 0.170616
Train Epoch: 3 [2406528/2541349 (94.7%)]	Loss: 0.212707
Train Epoch: 3 [2412928/2541349 (94.9%)]	Loss: 0.228051
Train Epoch: 3 [2419328/2541349 (95.2%)]	Loss: 0.231315
Train Epoch: 3 [2425728/2541349 (95.5%)]	Loss: 0.199747
Train Epoch: 3 [2432128/2541349 (95.7%)]	Loss: 0.158421
Train Epoch: 3 [2438528/2541349 (96.0%)]	Loss: 0.230945
Train Epoch: 3 [2444928/2541349 (96.2%)]	Loss: 0.191850
Train Epoch: 3 [2451328/2541349 (96.5%)]	Loss: 0.208893
Train Epoch: 3 [2457728/2541349 (96.7%)]	Loss: 0.189474
Train Epoch: 3 [2464128/2541349 (97.0%)]	Loss: 0.137377
Train Epoch: 3 [2470528/2541349 (97.2%)]	Loss: 0.270183
Train Epoch: 3 [2476928/2541349 (97.5%)]	Loss: 0.179559
Train Epoch: 3 [2483328/2541349 (97.7%)]	Loss: 0.206533
Train Epoch: 3 [2489728/2541349 (98.0%)]	Loss: 0.297972
Train Epoch: 3 [2496128/2541349 (98.2%)]	Loss: 0.245864
Train Epoch: 3 [2502528/2541349 (98.5%)]	Loss: 0.318408
Train Epoch: 3 [2508928/2541349 (98.7%)]	Loss: 0.241859
Train Epoch: 3 [2515328/2541349 (99.0%)]	Loss: 0.195501
Train Epoch: 3 [2521728/2541349 (99.2%)]	Loss: 0.251220
Train Epoch: 3 [2528128/2541349 (99.5%)]	Loss: 0.211859
Train Epoch: 3 [2534528/2541349 (99.7%)]	Loss: 0.130356
Train Epoch: 3 [2540928/2541349 (100.0%)]	Loss: 0.201947
