  0%|          | 0/30 [00:00<?, ?it/s]
Random seeds has been fixed as 42


Random seeds has been fixed as 42

Indice of mice to load: 02
Ranger optimizer loaded. 
Gradient Centralization usage = True
GC applied to both conv and fc layers
Train Epoch: 1 [128/3084170 (0.0%)]	Loss: 0.694697
Train Epoch: 1 [6528/3084170 (0.2%)]	Loss: 0.564224
Train Epoch: 1 [12928/3084170 (0.4%)]	Loss: 0.366889
Train Epoch: 1 [19328/3084170 (0.6%)]	Loss: 0.347417
Train Epoch: 1 [25728/3084170 (0.8%)]	Loss: 0.278389
Train Epoch: 1 [32128/3084170 (1.0%)]	Loss: 0.372088
Train Epoch: 1 [38528/3084170 (1.2%)]	Loss: 0.385289
Train Epoch: 1 [44928/3084170 (1.5%)]	Loss: 0.370527
Train Epoch: 1 [51328/3084170 (1.7%)]	Loss: 0.266544
Train Epoch: 1 [57728/3084170 (1.9%)]	Loss: 0.383695
Train Epoch: 1 [64128/3084170 (2.1%)]	Loss: 0.255251
Train Epoch: 1 [70528/3084170 (2.3%)]	Loss: 0.345107
Train Epoch: 1 [76928/3084170 (2.5%)]	Loss: 0.299431
Train Epoch: 1 [83328/3084170 (2.7%)]	Loss: 0.251975
Train Epoch: 1 [89728/3084170 (2.9%)]	Loss: 0.285657
Train Epoch: 1 [96128/3084170 (3.1%)]	Loss: 0.310123
Train Epoch: 1 [102528/3084170 (3.3%)]	Loss: 0.276753
Train Epoch: 1 [108928/3084170 (3.5%)]	Loss: 0.265301
Train Epoch: 1 [115328/3084170 (3.7%)]	Loss: 0.256505
Train Epoch: 1 [121728/3084170 (3.9%)]	Loss: 0.323192
Train Epoch: 1 [128128/3084170 (4.2%)]	Loss: 0.335248
Train Epoch: 1 [134528/3084170 (4.4%)]	Loss: 0.271741
Train Epoch: 1 [140928/3084170 (4.6%)]	Loss: 0.283746
Train Epoch: 1 [147328/3084170 (4.8%)]	Loss: 0.296955
Train Epoch: 1 [153728/3084170 (5.0%)]	Loss: 0.355985
Train Epoch: 1 [160128/3084170 (5.2%)]	Loss: 0.232419
Train Epoch: 1 [166528/3084170 (5.4%)]	Loss: 0.280770
Train Epoch: 1 [172928/3084170 (5.6%)]	Loss: 0.279043
Train Epoch: 1 [179328/3084170 (5.8%)]	Loss: 0.226966
Train Epoch: 1 [185728/3084170 (6.0%)]	Loss: 0.224851
Train Epoch: 1 [192128/3084170 (6.2%)]	Loss: 0.200078
Train Epoch: 1 [198528/3084170 (6.4%)]	Loss: 0.314658
Train Epoch: 1 [204928/3084170 (6.6%)]	Loss: 0.186173
Train Epoch: 1 [211328/3084170 (6.9%)]	Loss: 0.302339
Train Epoch: 1 [217728/3084170 (7.1%)]	Loss: 0.352353
Train Epoch: 1 [224128/3084170 (7.3%)]	Loss: 0.392940
Train Epoch: 1 [230528/3084170 (7.5%)]	Loss: 0.206126
Train Epoch: 1 [236928/3084170 (7.7%)]	Loss: 0.351259
Train Epoch: 1 [243328/3084170 (7.9%)]	Loss: 0.261870
Train Epoch: 1 [249728/3084170 (8.1%)]	Loss: 0.333792
Train Epoch: 1 [256128/3084170 (8.3%)]	Loss: 0.204457
Train Epoch: 1 [262528/3084170 (8.5%)]	Loss: 0.255307
Train Epoch: 1 [268928/3084170 (8.7%)]	Loss: 0.328140
Train Epoch: 1 [275328/3084170 (8.9%)]	Loss: 0.265069
Train Epoch: 1 [281728/3084170 (9.1%)]	Loss: 0.316668
Train Epoch: 1 [288128/3084170 (9.3%)]	Loss: 0.268121
Train Epoch: 1 [294528/3084170 (9.5%)]	Loss: 0.278755
Train Epoch: 1 [300928/3084170 (9.8%)]	Loss: 0.249335
Train Epoch: 1 [307328/3084170 (10.0%)]	Loss: 0.369583
Train Epoch: 1 [313728/3084170 (10.2%)]	Loss: 0.228426
Train Epoch: 1 [320128/3084170 (10.4%)]	Loss: 0.275853
Train Epoch: 1 [326528/3084170 (10.6%)]	Loss: 0.291627
Train Epoch: 1 [332928/3084170 (10.8%)]	Loss: 0.214139
Train Epoch: 1 [339328/3084170 (11.0%)]	Loss: 0.216361
Train Epoch: 1 [345728/3084170 (11.2%)]	Loss: 0.230984
Train Epoch: 1 [352128/3084170 (11.4%)]	Loss: 0.301678
Train Epoch: 1 [358528/3084170 (11.6%)]	Loss: 0.241978
Train Epoch: 1 [364928/3084170 (11.8%)]	Loss: 0.223519
Train Epoch: 1 [371328/3084170 (12.0%)]	Loss: 0.275089
Train Epoch: 1 [377728/3084170 (12.2%)]	Loss: 0.398905
Train Epoch: 1 [384128/3084170 (12.5%)]	Loss: 0.329030
Train Epoch: 1 [390528/3084170 (12.7%)]	Loss: 0.228246
Train Epoch: 1 [396928/3084170 (12.9%)]	Loss: 0.278574
Train Epoch: 1 [403328/3084170 (13.1%)]	Loss: 0.245780
Train Epoch: 1 [409728/3084170 (13.3%)]	Loss: 0.352352
Train Epoch: 1 [416128/3084170 (13.5%)]	Loss: 0.283201
Train Epoch: 1 [422528/3084170 (13.7%)]	Loss: 0.213664
Train Epoch: 1 [428928/3084170 (13.9%)]	Loss: 0.237438
Train Epoch: 1 [435328/3084170 (14.1%)]	Loss: 0.254450
Train Epoch: 1 [441728/3084170 (14.3%)]	Loss: 0.267374
Train Epoch: 1 [448128/3084170 (14.5%)]	Loss: 0.329224
Train Epoch: 1 [454528/3084170 (14.7%)]	Loss: 0.303782
Train Epoch: 1 [460928/3084170 (14.9%)]	Loss: 0.295259
Train Epoch: 1 [467328/3084170 (15.2%)]	Loss: 0.318225
Train Epoch: 1 [473728/3084170 (15.4%)]	Loss: 0.268516
Train Epoch: 1 [480128/3084170 (15.6%)]	Loss: 0.282274
Train Epoch: 1 [486528/3084170 (15.8%)]	Loss: 0.310782
Train Epoch: 1 [492928/3084170 (16.0%)]	Loss: 0.212461
Train Epoch: 1 [499328/3084170 (16.2%)]	Loss: 0.221256
Train Epoch: 1 [505728/3084170 (16.4%)]	Loss: 0.300328
Train Epoch: 1 [512128/3084170 (16.6%)]	Loss: 0.241159
Train Epoch: 1 [518528/3084170 (16.8%)]	Loss: 0.232982
Train Epoch: 1 [524928/3084170 (17.0%)]	Loss: 0.268670
Train Epoch: 1 [531328/3084170 (17.2%)]	Loss: 0.303811
Train Epoch: 1 [537728/3084170 (17.4%)]	Loss: 0.295324
Train Epoch: 1 [544128/3084170 (17.6%)]	Loss: 0.251780
Train Epoch: 1 [550528/3084170 (17.9%)]	Loss: 0.269895
Train Epoch: 1 [556928/3084170 (18.1%)]	Loss: 0.248436
Train Epoch: 1 [563328/3084170 (18.3%)]	Loss: 0.374120
Train Epoch: 1 [569728/3084170 (18.5%)]	Loss: 0.308803
Train Epoch: 1 [576128/3084170 (18.7%)]	Loss: 0.297110
Train Epoch: 1 [582528/3084170 (18.9%)]	Loss: 0.278403
Train Epoch: 1 [588928/3084170 (19.1%)]	Loss: 0.381200
Train Epoch: 1 [595328/3084170 (19.3%)]	Loss: 0.297279
Train Epoch: 1 [601728/3084170 (19.5%)]	Loss: 0.208426
Train Epoch: 1 [608128/3084170 (19.7%)]	Loss: 0.239269
Train Epoch: 1 [614528/3084170 (19.9%)]	Loss: 0.311904
Train Epoch: 1 [620928/3084170 (20.1%)]	Loss: 0.299746
Train Epoch: 1 [627328/3084170 (20.3%)]	Loss: 0.251764
Train Epoch: 1 [633728/3084170 (20.5%)]	Loss: 0.305395
Train Epoch: 1 [640128/3084170 (20.8%)]	Loss: 0.306055
Train Epoch: 1 [646528/3084170 (21.0%)]	Loss: 0.262979
Train Epoch: 1 [652928/3084170 (21.2%)]	Loss: 0.271843
Train Epoch: 1 [659328/3084170 (21.4%)]	Loss: 0.287670
Train Epoch: 1 [665728/3084170 (21.6%)]	Loss: 0.238025
Train Epoch: 1 [672128/3084170 (21.8%)]	Loss: 0.195396
Train Epoch: 1 [678528/3084170 (22.0%)]	Loss: 0.214175
Train Epoch: 1 [684928/3084170 (22.2%)]	Loss: 0.254687
Train Epoch: 1 [691328/3084170 (22.4%)]	Loss: 0.303287
Train Epoch: 1 [697728/3084170 (22.6%)]	Loss: 0.295317
Train Epoch: 1 [704128/3084170 (22.8%)]	Loss: 0.256863
Train Epoch: 1 [710528/3084170 (23.0%)]	Loss: 0.207762
Train Epoch: 1 [716928/3084170 (23.2%)]	Loss: 0.329338
Train Epoch: 1 [723328/3084170 (23.5%)]	Loss: 0.265179
Train Epoch: 1 [729728/3084170 (23.7%)]	Loss: 0.284100
Train Epoch: 1 [736128/3084170 (23.9%)]	Loss: 0.321477
Train Epoch: 1 [742528/3084170 (24.1%)]	Loss: 0.282101
Train Epoch: 1 [748928/3084170 (24.3%)]	Loss: 0.271073
Train Epoch: 1 [755328/3084170 (24.5%)]	Loss: 0.235868
Train Epoch: 1 [761728/3084170 (24.7%)]	Loss: 0.296821
Train Epoch: 1 [768128/3084170 (24.9%)]	Loss: 0.216748
Train Epoch: 1 [774528/3084170 (25.1%)]	Loss: 0.263907
Train Epoch: 1 [780928/3084170 (25.3%)]	Loss: 0.227126
Train Epoch: 1 [787328/3084170 (25.5%)]	Loss: 0.267188
Train Epoch: 1 [793728/3084170 (25.7%)]	Loss: 0.240183
Train Epoch: 1 [800128/3084170 (25.9%)]	Loss: 0.222725
Train Epoch: 1 [806528/3084170 (26.2%)]	Loss: 0.253307
Train Epoch: 1 [812928/3084170 (26.4%)]	Loss: 0.278163
Train Epoch: 1 [819328/3084170 (26.6%)]	Loss: 0.292407
Train Epoch: 1 [825728/3084170 (26.8%)]	Loss: 0.217251
Train Epoch: 1 [832128/3084170 (27.0%)]	Loss: 0.249360
Train Epoch: 1 [838528/3084170 (27.2%)]	Loss: 0.360271
Train Epoch: 1 [844928/3084170 (27.4%)]	Loss: 0.257222
Train Epoch: 1 [851328/3084170 (27.6%)]	Loss: 0.299890
Train Epoch: 1 [857728/3084170 (27.8%)]	Loss: 0.290614
Train Epoch: 1 [864128/3084170 (28.0%)]	Loss: 0.180867
Train Epoch: 1 [870528/3084170 (28.2%)]	Loss: 0.247190
Train Epoch: 1 [876928/3084170 (28.4%)]	Loss: 0.249508
Train Epoch: 1 [883328/3084170 (28.6%)]	Loss: 0.385046
Train Epoch: 1 [889728/3084170 (28.8%)]	Loss: 0.255711
Train Epoch: 1 [896128/3084170 (29.1%)]	Loss: 0.190525
Train Epoch: 1 [902528/3084170 (29.3%)]	Loss: 0.180582
Train Epoch: 1 [908928/3084170 (29.5%)]	Loss: 0.210974
Train Epoch: 1 [915328/3084170 (29.7%)]	Loss: 0.231933
Train Epoch: 1 [921728/3084170 (29.9%)]	Loss: 0.221177
Train Epoch: 1 [928128/3084170 (30.1%)]	Loss: 0.237923
Train Epoch: 1 [934528/3084170 (30.3%)]	Loss: 0.199283
Train Epoch: 1 [940928/3084170 (30.5%)]	Loss: 0.185785
Train Epoch: 1 [947328/3084170 (30.7%)]	Loss: 0.294631
Train Epoch: 1 [953728/3084170 (30.9%)]	Loss: 0.253992
Train Epoch: 1 [960128/3084170 (31.1%)]	Loss: 0.207082
Train Epoch: 1 [966528/3084170 (31.3%)]	Loss: 0.268593
Train Epoch: 1 [972928/3084170 (31.5%)]	Loss: 0.398367
Train Epoch: 1 [979328/3084170 (31.8%)]	Loss: 0.228248
Train Epoch: 1 [985728/3084170 (32.0%)]	Loss: 0.260497
Train Epoch: 1 [992128/3084170 (32.2%)]	Loss: 0.290225
Train Epoch: 1 [998528/3084170 (32.4%)]	Loss: 0.278307
Train Epoch: 1 [1004928/3084170 (32.6%)]	Loss: 0.216035
Train Epoch: 1 [1011328/3084170 (32.8%)]	Loss: 0.243746
Train Epoch: 1 [1017728/3084170 (33.0%)]	Loss: 0.227770
Train Epoch: 1 [1024128/3084170 (33.2%)]	Loss: 0.248485
Train Epoch: 1 [1030528/3084170 (33.4%)]	Loss: 0.295723
Train Epoch: 1 [1036928/3084170 (33.6%)]	Loss: 0.263319
Train Epoch: 1 [1043328/3084170 (33.8%)]	Loss: 0.280372
Train Epoch: 1 [1049728/3084170 (34.0%)]	Loss: 0.289076
Train Epoch: 1 [1056128/3084170 (34.2%)]	Loss: 0.314781
Train Epoch: 1 [1062528/3084170 (34.5%)]	Loss: 0.205974
Train Epoch: 1 [1068928/3084170 (34.7%)]	Loss: 0.213676
Train Epoch: 1 [1075328/3084170 (34.9%)]	Loss: 0.222521
Train Epoch: 1 [1081728/3084170 (35.1%)]	Loss: 0.266653
Train Epoch: 1 [1088128/3084170 (35.3%)]	Loss: 0.293582
Train Epoch: 1 [1094528/3084170 (35.5%)]	Loss: 0.242960
Train Epoch: 1 [1100928/3084170 (35.7%)]	Loss: 0.231098
Train Epoch: 1 [1107328/3084170 (35.9%)]	Loss: 0.195846
Train Epoch: 1 [1113728/3084170 (36.1%)]	Loss: 0.189668
Train Epoch: 1 [1120128/3084170 (36.3%)]	Loss: 0.193350
Train Epoch: 1 [1126528/3084170 (36.5%)]	Loss: 0.263297
Train Epoch: 1 [1132928/3084170 (36.7%)]	Loss: 0.315902
Train Epoch: 1 [1139328/3084170 (36.9%)]	Loss: 0.325017
Train Epoch: 1 [1145728/3084170 (37.1%)]	Loss: 0.170535
Train Epoch: 1 [1152128/3084170 (37.4%)]	Loss: 0.267375
Train Epoch: 1 [1158528/3084170 (37.6%)]	Loss: 0.227436
Train Epoch: 1 [1164928/3084170 (37.8%)]	Loss: 0.337601
Train Epoch: 1 [1171328/3084170 (38.0%)]	Loss: 0.278869
Train Epoch: 1 [1177728/3084170 (38.2%)]	Loss: 0.276918
Train Epoch: 1 [1184128/3084170 (38.4%)]	Loss: 0.303053
Train Epoch: 1 [1190528/3084170 (38.6%)]	Loss: 0.213820
Train Epoch: 1 [1196928/3084170 (38.8%)]	Loss: 0.231541
Train Epoch: 1 [1203328/3084170 (39.0%)]	Loss: 0.186898
Train Epoch: 1 [1209728/3084170 (39.2%)]	Loss: 0.270063
Train Epoch: 1 [1216128/3084170 (39.4%)]	Loss: 0.220561
Train Epoch: 1 [1222528/3084170 (39.6%)]	Loss: 0.231739
Train Epoch: 1 [1228928/3084170 (39.8%)]	Loss: 0.226512
Train Epoch: 1 [1235328/3084170 (40.1%)]	Loss: 0.245546
Train Epoch: 1 [1241728/3084170 (40.3%)]	Loss: 0.255234
Train Epoch: 1 [1248128/3084170 (40.5%)]	Loss: 0.166320
Train Epoch: 1 [1254528/3084170 (40.7%)]	Loss: 0.224651
Train Epoch: 1 [1260928/3084170 (40.9%)]	Loss: 0.307247
Train Epoch: 1 [1267328/3084170 (41.1%)]	Loss: 0.253110
Train Epoch: 1 [1273728/3084170 (41.3%)]	Loss: 0.277787
Train Epoch: 1 [1280128/3084170 (41.5%)]	Loss: 0.242803
Train Epoch: 1 [1286528/3084170 (41.7%)]	Loss: 0.243058
Train Epoch: 1 [1292928/3084170 (41.9%)]	Loss: 0.280602
Train Epoch: 1 [1299328/3084170 (42.1%)]	Loss: 0.277274
Train Epoch: 1 [1305728/3084170 (42.3%)]	Loss: 0.289048
Train Epoch: 1 [1312128/3084170 (42.5%)]	Loss: 0.181465
Train Epoch: 1 [1318528/3084170 (42.8%)]	Loss: 0.240686
Train Epoch: 1 [1324928/3084170 (43.0%)]	Loss: 0.263117
Train Epoch: 1 [1331328/3084170 (43.2%)]	Loss: 0.280793
Train Epoch: 1 [1337728/3084170 (43.4%)]	Loss: 0.299648
Train Epoch: 1 [1344128/3084170 (43.6%)]	Loss: 0.245955
Train Epoch: 1 [1350528/3084170 (43.8%)]	Loss: 0.271061
Train Epoch: 1 [1356928/3084170 (44.0%)]	Loss: 0.262202
Train Epoch: 1 [1363328/3084170 (44.2%)]	Loss: 0.274595
Train Epoch: 1 [1369728/3084170 (44.4%)]	Loss: 0.256435
Train Epoch: 1 [1376128/3084170 (44.6%)]	Loss: 0.233523
Train Epoch: 1 [1382528/3084170 (44.8%)]	Loss: 0.249153
Train Epoch: 1 [1388928/3084170 (45.0%)]	Loss: 0.302489
Train Epoch: 1 [1395328/3084170 (45.2%)]	Loss: 0.239843
Train Epoch: 1 [1401728/3084170 (45.4%)]	Loss: 0.336337
Train Epoch: 1 [1408128/3084170 (45.7%)]	Loss: 0.305980
Train Epoch: 1 [1414528/3084170 (45.9%)]	Loss: 0.206661
Train Epoch: 1 [1420928/3084170 (46.1%)]	Loss: 0.175158
Train Epoch: 1 [1427328/3084170 (46.3%)]	Loss: 0.227917
Train Epoch: 1 [1433728/3084170 (46.5%)]	Loss: 0.238313
Train Epoch: 1 [1440128/3084170 (46.7%)]	Loss: 0.325613
Train Epoch: 1 [1446528/3084170 (46.9%)]	Loss: 0.229811
Train Epoch: 1 [1452928/3084170 (47.1%)]	Loss: 0.254071
Train Epoch: 1 [1459328/3084170 (47.3%)]	Loss: 0.269605
Train Epoch: 1 [1465728/3084170 (47.5%)]	Loss: 0.193195
Train Epoch: 1 [1472128/3084170 (47.7%)]	Loss: 0.308327
Train Epoch: 1 [1478528/3084170 (47.9%)]	Loss: 0.276628
Train Epoch: 1 [1484928/3084170 (48.1%)]	Loss: 0.273402
Train Epoch: 1 [1491328/3084170 (48.4%)]	Loss: 0.277184
Train Epoch: 1 [1497728/3084170 (48.6%)]	Loss: 0.226494
Train Epoch: 1 [1504128/3084170 (48.8%)]	Loss: 0.281411
Train Epoch: 1 [1510528/3084170 (49.0%)]	Loss: 0.186984
Train Epoch: 1 [1516928/3084170 (49.2%)]	Loss: 0.193686
Train Epoch: 1 [1523328/3084170 (49.4%)]	Loss: 0.230007
Train Epoch: 1 [1529728/3084170 (49.6%)]	Loss: 0.226543
Train Epoch: 1 [1536128/3084170 (49.8%)]	Loss: 0.310426
Train Epoch: 1 [1542528/3084170 (50.0%)]	Loss: 0.305253
Train Epoch: 1 [1548928/3084170 (50.2%)]	Loss: 0.323275
Train Epoch: 1 [1555328/3084170 (50.4%)]	Loss: 0.253722
Train Epoch: 1 [1561728/3084170 (50.6%)]	Loss: 0.202777
Train Epoch: 1 [1568128/3084170 (50.8%)]	Loss: 0.255610
Train Epoch: 1 [1574528/3084170 (51.1%)]	Loss: 0.253258
Train Epoch: 1 [1580928/3084170 (51.3%)]	Loss: 0.175141
Train Epoch: 1 [1587328/3084170 (51.5%)]	Loss: 0.250879
Train Epoch: 1 [1593728/3084170 (51.7%)]	Loss: 0.238832
Train Epoch: 1 [1600128/3084170 (51.9%)]	Loss: 0.204142
Train Epoch: 1 [1606528/3084170 (52.1%)]	Loss: 0.208770
Train Epoch: 1 [1612928/3084170 (52.3%)]	Loss: 0.233523
Train Epoch: 1 [1619328/3084170 (52.5%)]	Loss: 0.342803
Train Epoch: 1 [1625728/3084170 (52.7%)]	Loss: 0.273765
Train Epoch: 1 [1632128/3084170 (52.9%)]	Loss: 0.210558
Train Epoch: 1 [1638528/3084170 (53.1%)]	Loss: 0.222739
Train Epoch: 1 [1644928/3084170 (53.3%)]	Loss: 0.206178
Train Epoch: 1 [1651328/3084170 (53.5%)]	Loss: 0.254748
Train Epoch: 1 [1657728/3084170 (53.7%)]	Loss: 0.208395
Train Epoch: 1 [1664128/3084170 (54.0%)]	Loss: 0.289814
Train Epoch: 1 [1670528/3084170 (54.2%)]	Loss: 0.312308
Train Epoch: 1 [1676928/3084170 (54.4%)]	Loss: 0.215509
Train Epoch: 1 [1683328/3084170 (54.6%)]	Loss: 0.275303
Train Epoch: 1 [1689728/3084170 (54.8%)]	Loss: 0.256985
Train Epoch: 1 [1696128/3084170 (55.0%)]	Loss: 0.222567
Train Epoch: 1 [1702528/3084170 (55.2%)]	Loss: 0.272475
Train Epoch: 1 [1708928/3084170 (55.4%)]	Loss: 0.251126
Train Epoch: 1 [1715328/3084170 (55.6%)]	Loss: 0.238158
Train Epoch: 1 [1721728/3084170 (55.8%)]	Loss: 0.245051
Train Epoch: 1 [1728128/3084170 (56.0%)]	Loss: 0.221200
Train Epoch: 1 [1734528/3084170 (56.2%)]	Loss: 0.263931
Train Epoch: 1 [1740928/3084170 (56.4%)]	Loss: 0.219632
Train Epoch: 1 [1747328/3084170 (56.7%)]	Loss: 0.263073
Train Epoch: 1 [1753728/3084170 (56.9%)]	Loss: 0.211237
Train Epoch: 1 [1760128/3084170 (57.1%)]	Loss: 0.236146
Train Epoch: 1 [1766528/3084170 (57.3%)]	Loss: 0.182798
Train Epoch: 1 [1772928/3084170 (57.5%)]	Loss: 0.226744
Train Epoch: 1 [1779328/3084170 (57.7%)]	Loss: 0.183315
Train Epoch: 1 [1785728/3084170 (57.9%)]	Loss: 0.238312
Train Epoch: 1 [1792128/3084170 (58.1%)]	Loss: 0.306791
Train Epoch: 1 [1798528/3084170 (58.3%)]	Loss: 0.195300
Train Epoch: 1 [1804928/3084170 (58.5%)]	Loss: 0.246150
Train Epoch: 1 [1811328/3084170 (58.7%)]	Loss: 0.276049
Train Epoch: 1 [1817728/3084170 (58.9%)]	Loss: 0.223991
Train Epoch: 1 [1824128/3084170 (59.1%)]	Loss: 0.210705
Train Epoch: 1 [1830528/3084170 (59.4%)]	Loss: 0.203354
Train Epoch: 1 [1836928/3084170 (59.6%)]	Loss: 0.188565
Train Epoch: 1 [1843328/3084170 (59.8%)]	Loss: 0.341880
Train Epoch: 1 [1849728/3084170 (60.0%)]	Loss: 0.212913
Train Epoch: 1 [1856128/3084170 (60.2%)]	Loss: 0.191083
Train Epoch: 1 [1862528/3084170 (60.4%)]	Loss: 0.350642
Train Epoch: 1 [1868928/3084170 (60.6%)]	Loss: 0.175171
Train Epoch: 1 [1875328/3084170 (60.8%)]	Loss: 0.255577
Train Epoch: 1 [1881728/3084170 (61.0%)]	Loss: 0.244434
Train Epoch: 1 [1888128/3084170 (61.2%)]	Loss: 0.192703
Train Epoch: 1 [1894528/3084170 (61.4%)]	Loss: 0.185906
Train Epoch: 1 [1900928/3084170 (61.6%)]	Loss: 0.367141
Train Epoch: 1 [1907328/3084170 (61.8%)]	Loss: 0.250160
Train Epoch: 1 [1913728/3084170 (62.1%)]	Loss: 0.229163
Train Epoch: 1 [1920128/3084170 (62.3%)]	Loss: 0.235309
Train Epoch: 1 [1926528/3084170 (62.5%)]	Loss: 0.285013
Train Epoch: 1 [1932928/3084170 (62.7%)]	Loss: 0.258793
Train Epoch: 1 [1939328/3084170 (62.9%)]	Loss: 0.321247
Train Epoch: 1 [1945728/3084170 (63.1%)]	Loss: 0.240711
Train Epoch: 1 [1952128/3084170 (63.3%)]	Loss: 0.346792
Train Epoch: 1 [1958528/3084170 (63.5%)]	Loss: 0.326595
Train Epoch: 1 [1964928/3084170 (63.7%)]	Loss: 0.272748
Train Epoch: 1 [1971328/3084170 (63.9%)]	Loss: 0.229914
Train Epoch: 1 [1977728/3084170 (64.1%)]	Loss: 0.335459
Train Epoch: 1 [1984128/3084170 (64.3%)]	Loss: 0.241212
Train Epoch: 1 [1990528/3084170 (64.5%)]	Loss: 0.276800
Train Epoch: 1 [1996928/3084170 (64.7%)]	Loss: 0.255740
Train Epoch: 1 [2003328/3084170 (65.0%)]	Loss: 0.276029
Train Epoch: 1 [2009728/3084170 (65.2%)]	Loss: 0.206286
Train Epoch: 1 [2016128/3084170 (65.4%)]	Loss: 0.243937
Train Epoch: 1 [2022528/3084170 (65.6%)]	Loss: 0.295300
Train Epoch: 1 [2028928/3084170 (65.8%)]	Loss: 0.256885
Train Epoch: 1 [2035328/3084170 (66.0%)]	Loss: 0.214172
Train Epoch: 1 [2041728/3084170 (66.2%)]	Loss: 0.198223
Train Epoch: 1 [2048128/3084170 (66.4%)]	Loss: 0.231535
Train Epoch: 1 [2054528/3084170 (66.6%)]	Loss: 0.402977
Train Epoch: 1 [2060928/3084170 (66.8%)]	Loss: 0.243010
Train Epoch: 1 [2067328/3084170 (67.0%)]	Loss: 0.216297
Train Epoch: 1 [2073728/3084170 (67.2%)]	Loss: 0.258689
Train Epoch: 1 [2080128/3084170 (67.4%)]	Loss: 0.382664
Train Epoch: 1 [2086528/3084170 (67.7%)]	Loss: 0.238227
Train Epoch: 1 [2092928/3084170 (67.9%)]	Loss: 0.252747
Train Epoch: 1 [2099328/3084170 (68.1%)]	Loss: 0.250729
Train Epoch: 1 [2105728/3084170 (68.3%)]	Loss: 0.202237
Train Epoch: 1 [2112128/3084170 (68.5%)]	Loss: 0.213807
Train Epoch: 1 [2118528/3084170 (68.7%)]	Loss: 0.311674
Train Epoch: 1 [2124928/3084170 (68.9%)]	Loss: 0.313855
Train Epoch: 1 [2131328/3084170 (69.1%)]	Loss: 0.229132
Train Epoch: 1 [2137728/3084170 (69.3%)]	Loss: 0.333725
Train Epoch: 1 [2144128/3084170 (69.5%)]	Loss: 0.266710
Train Epoch: 1 [2150528/3084170 (69.7%)]	Loss: 0.245580
Train Epoch: 1 [2156928/3084170 (69.9%)]	Loss: 0.231149
Train Epoch: 1 [2163328/3084170 (70.1%)]	Loss: 0.202979
Train Epoch: 1 [2169728/3084170 (70.4%)]	Loss: 0.254079
Train Epoch: 1 [2176128/3084170 (70.6%)]	Loss: 0.223336
Train Epoch: 1 [2182528/3084170 (70.8%)]	Loss: 0.180466
Train Epoch: 1 [2188928/3084170 (71.0%)]	Loss: 0.213628
Train Epoch: 1 [2195328/3084170 (71.2%)]	Loss: 0.266903
Train Epoch: 1 [2201728/3084170 (71.4%)]	Loss: 0.216863
Train Epoch: 1 [2208128/3084170 (71.6%)]	Loss: 0.189659
Train Epoch: 1 [2214528/3084170 (71.8%)]	Loss: 0.215863
Train Epoch: 1 [2220928/3084170 (72.0%)]	Loss: 0.288847
Train Epoch: 1 [2227328/3084170 (72.2%)]	Loss: 0.253539
Train Epoch: 1 [2233728/3084170 (72.4%)]	Loss: 0.250943
Train Epoch: 1 [2240128/3084170 (72.6%)]	Loss: 0.200619
Train Epoch: 1 [2246528/3084170 (72.8%)]	Loss: 0.191781
Train Epoch: 1 [2252928/3084170 (73.0%)]	Loss: 0.345455
Train Epoch: 1 [2259328/3084170 (73.3%)]	Loss: 0.259034
Train Epoch: 1 [2265728/3084170 (73.5%)]	Loss: 0.240919
Train Epoch: 1 [2272128/3084170 (73.7%)]	Loss: 0.220450
Train Epoch: 1 [2278528/3084170 (73.9%)]	Loss: 0.229417
Train Epoch: 1 [2284928/3084170 (74.1%)]	Loss: 0.230852
Train Epoch: 1 [2291328/3084170 (74.3%)]	Loss: 0.223467
Train Epoch: 1 [2297728/3084170 (74.5%)]	Loss: 0.244803
Train Epoch: 1 [2304128/3084170 (74.7%)]	Loss: 0.230638
Train Epoch: 1 [2310528/3084170 (74.9%)]	Loss: 0.272062
Train Epoch: 1 [2316928/3084170 (75.1%)]	Loss: 0.249309
Train Epoch: 1 [2323328/3084170 (75.3%)]	Loss: 0.210091
Train Epoch: 1 [2329728/3084170 (75.5%)]	Loss: 0.279439
Train Epoch: 1 [2336128/3084170 (75.7%)]	Loss: 0.258478
Train Epoch: 1 [2342528/3084170 (76.0%)]	Loss: 0.248289
Train Epoch: 1 [2348928/3084170 (76.2%)]	Loss: 0.241018
Train Epoch: 1 [2355328/3084170 (76.4%)]	Loss: 0.266556
Train Epoch: 1 [2361728/3084170 (76.6%)]	Loss: 0.299808
Train Epoch: 1 [2368128/3084170 (76.8%)]	Loss: 0.164697
Train Epoch: 1 [2374528/3084170 (77.0%)]	Loss: 0.272645
Train Epoch: 1 [2380928/3084170 (77.2%)]	Loss: 0.204019
Train Epoch: 1 [2387328/3084170 (77.4%)]	Loss: 0.264166
Train Epoch: 1 [2393728/3084170 (77.6%)]	Loss: 0.227021
Train Epoch: 1 [2400128/3084170 (77.8%)]	Loss: 0.289571
Train Epoch: 1 [2406528/3084170 (78.0%)]	Loss: 0.270209
Train Epoch: 1 [2412928/3084170 (78.2%)]	Loss: 0.279350
Train Epoch: 1 [2419328/3084170 (78.4%)]	Loss: 0.261610
Train Epoch: 1 [2425728/3084170 (78.7%)]	Loss: 0.165778
Train Epoch: 1 [2432128/3084170 (78.9%)]	Loss: 0.201524
Train Epoch: 1 [2438528/3084170 (79.1%)]	Loss: 0.241863
Train Epoch: 1 [2444928/3084170 (79.3%)]	Loss: 0.219983
Train Epoch: 1 [2451328/3084170 (79.5%)]	Loss: 0.259528
Train Epoch: 1 [2457728/3084170 (79.7%)]	Loss: 0.210835
Train Epoch: 1 [2464128/3084170 (79.9%)]	Loss: 0.289800
Train Epoch: 1 [2470528/3084170 (80.1%)]	Loss: 0.315195
Train Epoch: 1 [2476928/3084170 (80.3%)]	Loss: 0.156767
Train Epoch: 1 [2483328/3084170 (80.5%)]	Loss: 0.308690
Train Epoch: 1 [2489728/3084170 (80.7%)]	Loss: 0.217082
Train Epoch: 1 [2496128/3084170 (80.9%)]	Loss: 0.244358
Train Epoch: 1 [2502528/3084170 (81.1%)]	Loss: 0.246787
Train Epoch: 1 [2508928/3084170 (81.3%)]	Loss: 0.273752
Train Epoch: 1 [2515328/3084170 (81.6%)]	Loss: 0.308373
Train Epoch: 1 [2521728/3084170 (81.8%)]	Loss: 0.307577
Train Epoch: 1 [2528128/3084170 (82.0%)]	Loss: 0.221989
Train Epoch: 1 [2534528/3084170 (82.2%)]	Loss: 0.346095
Train Epoch: 1 [2540928/3084170 (82.4%)]	Loss: 0.219745
Train Epoch: 1 [2547328/3084170 (82.6%)]	Loss: 0.249184
Train Epoch: 1 [2553728/3084170 (82.8%)]	Loss: 0.279955
Train Epoch: 1 [2560128/3084170 (83.0%)]	Loss: 0.275910
Train Epoch: 1 [2566528/3084170 (83.2%)]	Loss: 0.185981
Train Epoch: 1 [2572928/3084170 (83.4%)]	Loss: 0.258895
Train Epoch: 1 [2579328/3084170 (83.6%)]	Loss: 0.232035
Train Epoch: 1 [2585728/3084170 (83.8%)]	Loss: 0.297596
Train Epoch: 1 [2592128/3084170 (84.0%)]	Loss: 0.202169
Train Epoch: 1 [2598528/3084170 (84.3%)]	Loss: 0.305965
Train Epoch: 1 [2604928/3084170 (84.5%)]	Loss: 0.253713
Train Epoch: 1 [2611328/3084170 (84.7%)]	Loss: 0.258284
Train Epoch: 1 [2617728/3084170 (84.9%)]	Loss: 0.251861
Train Epoch: 1 [2624128/3084170 (85.1%)]	Loss: 0.207749
Train Epoch: 1 [2630528/3084170 (85.3%)]	Loss: 0.287976
Train Epoch: 1 [2636928/3084170 (85.5%)]	Loss: 0.274585
Train Epoch: 1 [2643328/3084170 (85.7%)]	Loss: 0.276140
Train Epoch: 1 [2649728/3084170 (85.9%)]	Loss: 0.197820
Train Epoch: 1 [2656128/3084170 (86.1%)]	Loss: 0.308923
Train Epoch: 1 [2662528/3084170 (86.3%)]	Loss: 0.189184
Train Epoch: 1 [2668928/3084170 (86.5%)]	Loss: 0.336043
Train Epoch: 1 [2675328/3084170 (86.7%)]	Loss: 0.270648
Train Epoch: 1 [2681728/3084170 (87.0%)]	Loss: 0.335167
Train Epoch: 1 [2688128/3084170 (87.2%)]	Loss: 0.239093
Train Epoch: 1 [2694528/3084170 (87.4%)]	Loss: 0.209587
Train Epoch: 1 [2700928/3084170 (87.6%)]	Loss: 0.194792
Train Epoch: 1 [2707328/3084170 (87.8%)]	Loss: 0.205721
Train Epoch: 1 [2713728/3084170 (88.0%)]	Loss: 0.230005
Train Epoch: 1 [2720128/3084170 (88.2%)]	Loss: 0.178809
Train Epoch: 1 [2726528/3084170 (88.4%)]	Loss: 0.320520
Train Epoch: 1 [2732928/3084170 (88.6%)]	Loss: 0.146562
Train Epoch: 1 [2739328/3084170 (88.8%)]	Loss: 0.245632
Train Epoch: 1 [2745728/3084170 (89.0%)]	Loss: 0.276072
Train Epoch: 1 [2752128/3084170 (89.2%)]	Loss: 0.306812
Train Epoch: 1 [2758528/3084170 (89.4%)]	Loss: 0.204952
Train Epoch: 1 [2764928/3084170 (89.6%)]	Loss: 0.300090
Train Epoch: 1 [2771328/3084170 (89.9%)]	Loss: 0.222400
Train Epoch: 1 [2777728/3084170 (90.1%)]	Loss: 0.252695
Train Epoch: 1 [2784128/3084170 (90.3%)]	Loss: 0.265455
Train Epoch: 1 [2790528/3084170 (90.5%)]	Loss: 0.391028
Train Epoch: 1 [2796928/3084170 (90.7%)]	Loss: 0.256719
Train Epoch: 1 [2803328/3084170 (90.9%)]	Loss: 0.298454
Train Epoch: 1 [2809728/3084170 (91.1%)]	Loss: 0.337273
Train Epoch: 1 [2816128/3084170 (91.3%)]	Loss: 0.261603
Train Epoch: 1 [2822528/3084170 (91.5%)]	Loss: 0.261073
Train Epoch: 1 [2828928/3084170 (91.7%)]	Loss: 0.262726
Train Epoch: 1 [2835328/3084170 (91.9%)]	Loss: 0.218570
Train Epoch: 1 [2841728/3084170 (92.1%)]	Loss: 0.236602  3%|▎         | 1/30 [58:51<28:26:46, 3531.26s/it]
Train Epoch: 1 [2848128/3084170 (92.3%)]	Loss: 0.212958
Train Epoch: 1 [2854528/3084170 (92.6%)]	Loss: 0.234050
Train Epoch: 1 [2860928/3084170 (92.8%)]	Loss: 0.303980
Train Epoch: 1 [2867328/3084170 (93.0%)]	Loss: 0.293539
Train Epoch: 1 [2873728/3084170 (93.2%)]	Loss: 0.266595
Train Epoch: 1 [2880128/3084170 (93.4%)]	Loss: 0.272031
Train Epoch: 1 [2886528/3084170 (93.6%)]	Loss: 0.275697
Train Epoch: 1 [2892928/3084170 (93.8%)]	Loss: 0.278838
Train Epoch: 1 [2899328/3084170 (94.0%)]	Loss: 0.181785
Train Epoch: 1 [2905728/3084170 (94.2%)]	Loss: 0.212921
Train Epoch: 1 [2912128/3084170 (94.4%)]	Loss: 0.229989
Train Epoch: 1 [2918528/3084170 (94.6%)]	Loss: 0.273789
Train Epoch: 1 [2924928/3084170 (94.8%)]	Loss: 0.226685
Train Epoch: 1 [2931328/3084170 (95.0%)]	Loss: 0.275993
Train Epoch: 1 [2937728/3084170 (95.3%)]	Loss: 0.281453
Train Epoch: 1 [2944128/3084170 (95.5%)]	Loss: 0.216096
Train Epoch: 1 [2950528/3084170 (95.7%)]	Loss: 0.224001
Train Epoch: 1 [2956928/3084170 (95.9%)]	Loss: 0.239371
Train Epoch: 1 [2963328/3084170 (96.1%)]	Loss: 0.262837
Train Epoch: 1 [2969728/3084170 (96.3%)]	Loss: 0.229765
Train Epoch: 1 [2976128/3084170 (96.5%)]	Loss: 0.279128
Train Epoch: 1 [2982528/3084170 (96.7%)]	Loss: 0.198694
Train Epoch: 1 [2988928/3084170 (96.9%)]	Loss: 0.183957
Train Epoch: 1 [2995328/3084170 (97.1%)]	Loss: 0.249401
Train Epoch: 1 [3001728/3084170 (97.3%)]	Loss: 0.210696
Train Epoch: 1 [3008128/3084170 (97.5%)]	Loss: 0.224499
Train Epoch: 1 [3014528/3084170 (97.7%)]	Loss: 0.212353
Train Epoch: 1 [3020928/3084170 (97.9%)]	Loss: 0.216457
Train Epoch: 1 [3027328/3084170 (98.2%)]	Loss: 0.333899
Train Epoch: 1 [3033728/3084170 (98.4%)]	Loss: 0.227146
Train Epoch: 1 [3040128/3084170 (98.6%)]	Loss: 0.294238
Train Epoch: 1 [3046528/3084170 (98.8%)]	Loss: 0.286593
Train Epoch: 1 [3052928/3084170 (99.0%)]	Loss: 0.313210
Train Epoch: 1 [3059328/3084170 (99.2%)]	Loss: 0.258832
Train Epoch: 1 [3065728/3084170 (99.4%)]	Loss: 0.305531
Train Epoch: 1 [3072128/3084170 (99.6%)]	Loss: 0.313872
Train Epoch: 1 [3078528/3084170 (99.8%)]	Loss: 0.211227
Train Epoch: 2 [128/3084170 (0.0%)]	Loss: 0.259911
Train Epoch: 2 [6528/3084170 (0.2%)]	Loss: 0.207563
Train Epoch: 2 [12928/3084170 (0.4%)]	Loss: 0.233943
Train Epoch: 2 [19328/3084170 (0.6%)]	Loss: 0.262214
Train Epoch: 2 [25728/3084170 (0.8%)]	Loss: 0.209257
Train Epoch: 2 [32128/3084170 (1.0%)]	Loss: 0.271494
Train Epoch: 2 [38528/3084170 (1.2%)]	Loss: 0.159468
Train Epoch: 2 [44928/3084170 (1.5%)]	Loss: 0.269742
Train Epoch: 2 [51328/3084170 (1.7%)]	Loss: 0.341527
Train Epoch: 2 [57728/3084170 (1.9%)]	Loss: 0.262953
Train Epoch: 2 [64128/3084170 (2.1%)]	Loss: 0.258785
Train Epoch: 2 [70528/3084170 (2.3%)]	Loss: 0.228093
Train Epoch: 2 [76928/3084170 (2.5%)]	Loss: 0.302646
Train Epoch: 2 [83328/3084170 (2.7%)]	Loss: 0.183091
Train Epoch: 2 [89728/3084170 (2.9%)]	Loss: 0.225430
Train Epoch: 2 [96128/3084170 (3.1%)]	Loss: 0.290400
Train Epoch: 2 [102528/3084170 (3.3%)]	Loss: 0.290456
Train Epoch: 2 [108928/3084170 (3.5%)]	Loss: 0.186140
Train Epoch: 2 [115328/3084170 (3.7%)]	Loss: 0.255438
Train Epoch: 2 [121728/3084170 (3.9%)]	Loss: 0.193439
Train Epoch: 2 [128128/3084170 (4.2%)]	Loss: 0.202830
Train Epoch: 2 [134528/3084170 (4.4%)]	Loss: 0.206075
Train Epoch: 2 [140928/3084170 (4.6%)]	Loss: 0.221350
Train Epoch: 2 [147328/3084170 (4.8%)]	Loss: 0.269733
Train Epoch: 2 [153728/3084170 (5.0%)]	Loss: 0.206164
Train Epoch: 2 [160128/3084170 (5.2%)]	Loss: 0.299489
Train Epoch: 2 [166528/3084170 (5.4%)]	Loss: 0.283778
Train Epoch: 2 [172928/3084170 (5.6%)]	Loss: 0.259719
Train Epoch: 2 [179328/3084170 (5.8%)]	Loss: 0.296198
Train Epoch: 2 [185728/3084170 (6.0%)]	Loss: 0.223743
Train Epoch: 2 [192128/3084170 (6.2%)]	Loss: 0.283913
Train Epoch: 2 [198528/3084170 (6.4%)]	Loss: 0.197336
Train Epoch: 2 [204928/3084170 (6.6%)]	Loss: 0.255732
Train Epoch: 2 [211328/3084170 (6.9%)]	Loss: 0.197388
Train Epoch: 2 [217728/3084170 (7.1%)]	Loss: 0.315459
Train Epoch: 2 [224128/3084170 (7.3%)]	Loss: 0.169425
Train Epoch: 2 [230528/3084170 (7.5%)]	Loss: 0.268353
Train Epoch: 2 [236928/3084170 (7.7%)]	Loss: 0.309730
Train Epoch: 2 [243328/3084170 (7.9%)]	Loss: 0.176227
Train Epoch: 2 [249728/3084170 (8.1%)]	Loss: 0.276348
Train Epoch: 2 [256128/3084170 (8.3%)]	Loss: 0.225085
Train Epoch: 2 [262528/3084170 (8.5%)]	Loss: 0.224377
Train Epoch: 2 [268928/3084170 (8.7%)]	Loss: 0.453997
Train Epoch: 2 [275328/3084170 (8.9%)]	Loss: 0.291814
Train Epoch: 2 [281728/3084170 (9.1%)]	Loss: 0.262434
Train Epoch: 2 [288128/3084170 (9.3%)]	Loss: 0.249442
Train Epoch: 2 [294528/3084170 (9.5%)]	Loss: 0.263129
Train Epoch: 2 [300928/3084170 (9.8%)]	Loss: 0.306612
Train Epoch: 2 [307328/3084170 (10.0%)]	Loss: 0.317958
Train Epoch: 2 [313728/3084170 (10.2%)]	Loss: 0.283991
Train Epoch: 2 [320128/3084170 (10.4%)]	Loss: 0.286095
Train Epoch: 2 [326528/3084170 (10.6%)]	Loss: 0.235155
Train Epoch: 2 [332928/3084170 (10.8%)]	Loss: 0.235046
Train Epoch: 2 [339328/3084170 (11.0%)]	Loss: 0.210757
Train Epoch: 2 [345728/3084170 (11.2%)]	Loss: 0.279215
Train Epoch: 2 [352128/3084170 (11.4%)]	Loss: 0.212652
Train Epoch: 2 [358528/3084170 (11.6%)]	Loss: 0.207545
Train Epoch: 2 [364928/3084170 (11.8%)]	Loss: 0.212799
Train Epoch: 2 [371328/3084170 (12.0%)]	Loss: 0.265943
Train Epoch: 2 [377728/3084170 (12.2%)]	Loss: 0.253922
Train Epoch: 2 [384128/3084170 (12.5%)]	Loss: 0.230788
Train Epoch: 2 [390528/3084170 (12.7%)]	Loss: 0.185922
Train Epoch: 2 [396928/3084170 (12.9%)]	Loss: 0.149876
Train Epoch: 2 [403328/3084170 (13.1%)]	Loss: 0.215774
Train Epoch: 2 [409728/3084170 (13.3%)]	Loss: 0.282149
Train Epoch: 2 [416128/3084170 (13.5%)]	Loss: 0.176893
Train Epoch: 2 [422528/3084170 (13.7%)]	Loss: 0.185318
Train Epoch: 2 [428928/3084170 (13.9%)]	Loss: 0.197139
Train Epoch: 2 [435328/3084170 (14.1%)]	Loss: 0.220824
Train Epoch: 2 [441728/3084170 (14.3%)]	Loss: 0.348283
Train Epoch: 2 [448128/3084170 (14.5%)]	Loss: 0.232766
Train Epoch: 2 [454528/3084170 (14.7%)]	Loss: 0.301872
Train Epoch: 2 [460928/3084170 (14.9%)]	Loss: 0.314309
Train Epoch: 2 [467328/3084170 (15.2%)]	Loss: 0.231996
Train Epoch: 2 [473728/3084170 (15.4%)]	Loss: 0.315149
Train Epoch: 2 [480128/3084170 (15.6%)]	Loss: 0.206901
Train Epoch: 2 [486528/3084170 (15.8%)]	Loss: 0.267394
Train Epoch: 2 [492928/3084170 (16.0%)]	Loss: 0.206086
Train Epoch: 2 [499328/3084170 (16.2%)]	Loss: 0.265016
Train Epoch: 2 [505728/3084170 (16.4%)]	Loss: 0.141144
Train Epoch: 2 [512128/3084170 (16.6%)]	Loss: 0.247979
Train Epoch: 2 [518528/3084170 (16.8%)]	Loss: 0.186812
Train Epoch: 2 [524928/3084170 (17.0%)]	Loss: 0.167730
Train Epoch: 2 [531328/3084170 (17.2%)]	Loss: 0.215293
Train Epoch: 2 [537728/3084170 (17.4%)]	Loss: 0.303351
Train Epoch: 2 [544128/3084170 (17.6%)]	Loss: 0.211990
Train Epoch: 2 [550528/3084170 (17.9%)]	Loss: 0.148518
Train Epoch: 2 [556928/3084170 (18.1%)]	Loss: 0.267538
Train Epoch: 2 [563328/3084170 (18.3%)]	Loss: 0.187415
Train Epoch: 2 [569728/3084170 (18.5%)]	Loss: 0.292809
Train Epoch: 2 [576128/3084170 (18.7%)]	Loss: 0.274158
Train Epoch: 2 [582528/3084170 (18.9%)]	Loss: 0.195171
Train Epoch: 2 [588928/3084170 (19.1%)]	Loss: 0.160776
Train Epoch: 2 [595328/3084170 (19.3%)]	Loss: 0.268125
Train Epoch: 2 [601728/3084170 (19.5%)]	Loss: 0.301443
Train Epoch: 2 [608128/3084170 (19.7%)]	Loss: 0.208329
Train Epoch: 2 [614528/3084170 (19.9%)]	Loss: 0.211838
Train Epoch: 2 [620928/3084170 (20.1%)]	Loss: 0.233118
Train Epoch: 2 [627328/3084170 (20.3%)]	Loss: 0.292170
Train Epoch: 2 [633728/3084170 (20.5%)]	Loss: 0.225920
Train Epoch: 2 [640128/3084170 (20.8%)]	Loss: 0.179412
Train Epoch: 2 [646528/3084170 (21.0%)]	Loss: 0.204354
Train Epoch: 2 [652928/3084170 (21.2%)]	Loss: 0.124960
Train Epoch: 2 [659328/3084170 (21.4%)]	Loss: 0.285279
Train Epoch: 2 [665728/3084170 (21.6%)]	Loss: 0.249594
Train Epoch: 2 [672128/3084170 (21.8%)]	Loss: 0.263612
Train Epoch: 2 [678528/3084170 (22.0%)]	Loss: 0.192339
Train Epoch: 2 [684928/3084170 (22.2%)]	Loss: 0.246561
Train Epoch: 2 [691328/3084170 (22.4%)]	Loss: 0.265557
Train Epoch: 2 [697728/3084170 (22.6%)]	Loss: 0.228946
Train Epoch: 2 [704128/3084170 (22.8%)]	Loss: 0.274007
Train Epoch: 2 [710528/3084170 (23.0%)]	Loss: 0.224352
Train Epoch: 2 [716928/3084170 (23.2%)]	Loss: 0.287231
Train Epoch: 2 [723328/3084170 (23.5%)]	Loss: 0.262703
Train Epoch: 2 [729728/3084170 (23.7%)]	Loss: 0.202868
Train Epoch: 2 [736128/3084170 (23.9%)]	Loss: 0.279231
Train Epoch: 2 [742528/3084170 (24.1%)]	Loss: 0.265202
Train Epoch: 2 [748928/3084170 (24.3%)]	Loss: 0.260463
Train Epoch: 2 [755328/3084170 (24.5%)]	Loss: 0.315637
Train Epoch: 2 [761728/3084170 (24.7%)]	Loss: 0.304114
Train Epoch: 2 [768128/3084170 (24.9%)]	Loss: 0.271006
Train Epoch: 2 [774528/3084170 (25.1%)]	Loss: 0.212555
Train Epoch: 2 [780928/3084170 (25.3%)]	Loss: 0.260516
Train Epoch: 2 [787328/3084170 (25.5%)]	Loss: 0.281494
Train Epoch: 2 [793728/3084170 (25.7%)]	Loss: 0.290272
Train Epoch: 2 [800128/3084170 (25.9%)]	Loss: 0.243231
Train Epoch: 2 [806528/3084170 (26.2%)]	Loss: 0.272786
Train Epoch: 2 [812928/3084170 (26.4%)]	Loss: 0.287084
Train Epoch: 2 [819328/3084170 (26.6%)]	Loss: 0.294006
Train Epoch: 2 [825728/3084170 (26.8%)]	Loss: 0.224573
Train Epoch: 2 [832128/3084170 (27.0%)]	Loss: 0.199478
Train Epoch: 2 [838528/3084170 (27.2%)]	Loss: 0.187488
Train Epoch: 2 [844928/3084170 (27.4%)]	Loss: 0.244491
Train Epoch: 2 [851328/3084170 (27.6%)]	Loss: 0.293979
Train Epoch: 2 [857728/3084170 (27.8%)]	Loss: 0.226115
Train Epoch: 2 [864128/3084170 (28.0%)]	Loss: 0.254685
Train Epoch: 2 [870528/3084170 (28.2%)]	Loss: 0.255958
Train Epoch: 2 [876928/3084170 (28.4%)]	Loss: 0.222917
Train Epoch: 2 [883328/3084170 (28.6%)]	Loss: 0.200181
Train Epoch: 2 [889728/3084170 (28.8%)]	Loss: 0.194240
Train Epoch: 2 [896128/3084170 (29.1%)]	Loss: 0.242304
Train Epoch: 2 [902528/3084170 (29.3%)]	Loss: 0.176153
Train Epoch: 2 [908928/3084170 (29.5%)]	Loss: 0.181207
Train Epoch: 2 [915328/3084170 (29.7%)]	Loss: 0.231983
Train Epoch: 2 [921728/3084170 (29.9%)]	Loss: 0.242597
Train Epoch: 2 [928128/3084170 (30.1%)]	Loss: 0.239587
Train Epoch: 2 [934528/3084170 (30.3%)]	Loss: 0.287300
Train Epoch: 2 [940928/3084170 (30.5%)]	Loss: 0.281827
Train Epoch: 2 [947328/3084170 (30.7%)]	Loss: 0.198873
Train Epoch: 2 [953728/3084170 (30.9%)]	Loss: 0.195545
Train Epoch: 2 [960128/3084170 (31.1%)]	Loss: 0.281636
Train Epoch: 2 [966528/3084170 (31.3%)]	Loss: 0.185948
Train Epoch: 2 [972928/3084170 (31.5%)]	Loss: 0.237851
Train Epoch: 2 [979328/3084170 (31.8%)]	Loss: 0.210695
Train Epoch: 2 [985728/3084170 (32.0%)]	Loss: 0.245153
Train Epoch: 2 [992128/3084170 (32.2%)]	Loss: 0.216074
Train Epoch: 2 [998528/3084170 (32.4%)]	Loss: 0.249100
Train Epoch: 2 [1004928/3084170 (32.6%)]	Loss: 0.242544
Train Epoch: 2 [1011328/3084170 (32.8%)]	Loss: 0.184607
Train Epoch: 2 [1017728/3084170 (33.0%)]	Loss: 0.252371
Train Epoch: 2 [1024128/3084170 (33.2%)]	Loss: 0.242901
Train Epoch: 2 [1030528/3084170 (33.4%)]	Loss: 0.369010
Train Epoch: 2 [1036928/3084170 (33.6%)]	Loss: 0.187875
Train Epoch: 2 [1043328/3084170 (33.8%)]	Loss: 0.252366
Train Epoch: 2 [1049728/3084170 (34.0%)]	Loss: 0.271392
Train Epoch: 2 [1056128/3084170 (34.2%)]	Loss: 0.228703
Train Epoch: 2 [1062528/3084170 (34.5%)]	Loss: 0.266227
Train Epoch: 2 [1068928/3084170 (34.7%)]	Loss: 0.250333
Train Epoch: 2 [1075328/3084170 (34.9%)]	Loss: 0.187028
Train Epoch: 2 [1081728/3084170 (35.1%)]	Loss: 0.226656
Train Epoch: 2 [1088128/3084170 (35.3%)]	Loss: 0.248597
Train Epoch: 2 [1094528/3084170 (35.5%)]	Loss: 0.241560
Train Epoch: 2 [1100928/3084170 (35.7%)]	Loss: 0.210491
Train Epoch: 2 [1107328/3084170 (35.9%)]	Loss: 0.189509
Train Epoch: 2 [1113728/3084170 (36.1%)]	Loss: 0.222810
Train Epoch: 2 [1120128/3084170 (36.3%)]	Loss: 0.211124
Train Epoch: 2 [1126528/3084170 (36.5%)]	Loss: 0.185782
Train Epoch: 2 [1132928/3084170 (36.7%)]	Loss: 0.349668
Train Epoch: 2 [1139328/3084170 (36.9%)]	Loss: 0.182421
Train Epoch: 2 [1145728/3084170 (37.1%)]	Loss: 0.278321
Train Epoch: 2 [1152128/3084170 (37.4%)]	Loss: 0.282059
Train Epoch: 2 [1158528/3084170 (37.6%)]	Loss: 0.303868
Train Epoch: 2 [1164928/3084170 (37.8%)]	Loss: 0.259120
Train Epoch: 2 [1171328/3084170 (38.0%)]	Loss: 0.298368
Train Epoch: 2 [1177728/3084170 (38.2%)]	Loss: 0.282087
Train Epoch: 2 [1184128/3084170 (38.4%)]	Loss: 0.190232
Train Epoch: 2 [1190528/3084170 (38.6%)]	Loss: 0.242596
Train Epoch: 2 [1196928/3084170 (38.8%)]	Loss: 0.210871
Train Epoch: 2 [1203328/3084170 (39.0%)]	Loss: 0.254003
Train Epoch: 2 [1209728/3084170 (39.2%)]	Loss: 0.319413
Train Epoch: 2 [1216128/3084170 (39.4%)]	Loss: 0.231619
Train Epoch: 2 [1222528/3084170 (39.6%)]	Loss: 0.246595
Train Epoch: 2 [1228928/3084170 (39.8%)]	Loss: 0.232853
Train Epoch: 2 [1235328/3084170 (40.1%)]	Loss: 0.299976
Train Epoch: 2 [1241728/3084170 (40.3%)]	Loss: 0.297431
Train Epoch: 2 [1248128/3084170 (40.5%)]	Loss: 0.198346
Train Epoch: 2 [1254528/3084170 (40.7%)]	Loss: 0.238010
Train Epoch: 2 [1260928/3084170 (40.9%)]	Loss: 0.293283
Train Epoch: 2 [1267328/3084170 (41.1%)]	Loss: 0.235631
Train Epoch: 2 [1273728/3084170 (41.3%)]	Loss: 0.284618
Train Epoch: 2 [1280128/3084170 (41.5%)]	Loss: 0.296563
Train Epoch: 2 [1286528/3084170 (41.7%)]	Loss: 0.208341
Train Epoch: 2 [1292928/3084170 (41.9%)]	Loss: 0.269622
Train Epoch: 2 [1299328/3084170 (42.1%)]	Loss: 0.305457
Train Epoch: 2 [1305728/3084170 (42.3%)]	Loss: 0.306451
Train Epoch: 2 [1312128/3084170 (42.5%)]	Loss: 0.271823
Train Epoch: 2 [1318528/3084170 (42.8%)]	Loss: 0.230888
Train Epoch: 2 [1324928/3084170 (43.0%)]	Loss: 0.219980
Train Epoch: 2 [1331328/3084170 (43.2%)]	Loss: 0.207005
Train Epoch: 2 [1337728/3084170 (43.4%)]	Loss: 0.298833
Train Epoch: 2 [1344128/3084170 (43.6%)]	Loss: 0.194162
Train Epoch: 2 [1350528/3084170 (43.8%)]	Loss: 0.269322
Train Epoch: 2 [1356928/3084170 (44.0%)]	Loss: 0.213820
Train Epoch: 2 [1363328/3084170 (44.2%)]	Loss: 0.231892
Train Epoch: 2 [1369728/3084170 (44.4%)]	Loss: 0.287273
Train Epoch: 2 [1376128/3084170 (44.6%)]	Loss: 0.247275
Train Epoch: 2 [1382528/3084170 (44.8%)]	Loss: 0.250505
Train Epoch: 2 [1388928/3084170 (45.0%)]	Loss: 0.241940
Train Epoch: 2 [1395328/3084170 (45.2%)]	Loss: 0.274619
Train Epoch: 2 [1401728/3084170 (45.4%)]	Loss: 0.212281
Train Epoch: 2 [1408128/3084170 (45.7%)]	Loss: 0.244185
Train Epoch: 2 [1414528/3084170 (45.9%)]	Loss: 0.260727
Train Epoch: 2 [1420928/3084170 (46.1%)]	Loss: 0.246713
Train Epoch: 2 [1427328/3084170 (46.3%)]	Loss: 0.254310
Train Epoch: 2 [1433728/3084170 (46.5%)]	Loss: 0.288448
Train Epoch: 2 [1440128/3084170 (46.7%)]	Loss: 0.275653
Train Epoch: 2 [1446528/3084170 (46.9%)]	Loss: 0.221455
Train Epoch: 2 [1452928/3084170 (47.1%)]	Loss: 0.251258
Train Epoch: 2 [1459328/3084170 (47.3%)]	Loss: 0.293095
Train Epoch: 2 [1465728/3084170 (47.5%)]	Loss: 0.196438
Train Epoch: 2 [1472128/3084170 (47.7%)]	Loss: 0.243834
Train Epoch: 2 [1478528/3084170 (47.9%)]	Loss: 0.243565
Train Epoch: 2 [1484928/3084170 (48.1%)]	Loss: 0.238114
Train Epoch: 2 [1491328/3084170 (48.4%)]	Loss: 0.218270
Train Epoch: 2 [1497728/3084170 (48.6%)]	Loss: 0.266243
Train Epoch: 2 [1504128/3084170 (48.8%)]	Loss: 0.373134
Train Epoch: 2 [1510528/3084170 (49.0%)]	Loss: 0.241102
Train Epoch: 2 [1516928/3084170 (49.2%)]	Loss: 0.197005
Train Epoch: 2 [1523328/3084170 (49.4%)]	Loss: 0.198481
Train Epoch: 2 [1529728/3084170 (49.6%)]	Loss: 0.205797
Train Epoch: 2 [1536128/3084170 (49.8%)]	Loss: 0.241599
Train Epoch: 2 [1542528/3084170 (50.0%)]	Loss: 0.217450
Train Epoch: 2 [1548928/3084170 (50.2%)]	Loss: 0.281739
Train Epoch: 2 [1555328/3084170 (50.4%)]	Loss: 0.181243
Train Epoch: 2 [1561728/3084170 (50.6%)]	Loss: 0.250650
Train Epoch: 2 [1568128/3084170 (50.8%)]	Loss: 0.288376
Train Epoch: 2 [1574528/3084170 (51.1%)]	Loss: 0.278708
Train Epoch: 2 [1580928/3084170 (51.3%)]	Loss: 0.350026
Train Epoch: 2 [1587328/3084170 (51.5%)]	Loss: 0.246723
Train Epoch: 2 [1593728/3084170 (51.7%)]	Loss: 0.217649
Train Epoch: 2 [1600128/3084170 (51.9%)]	Loss: 0.317470
Train Epoch: 2 [1606528/3084170 (52.1%)]	Loss: 0.344307
Train Epoch: 2 [1612928/3084170 (52.3%)]	Loss: 0.147780
Train Epoch: 2 [1619328/3084170 (52.5%)]	Loss: 0.277210
Train Epoch: 2 [1625728/3084170 (52.7%)]	Loss: 0.215463
Train Epoch: 2 [1632128/3084170 (52.9%)]	Loss: 0.279952
Train Epoch: 2 [1638528/3084170 (53.1%)]	Loss: 0.218330
Train Epoch: 2 [1644928/3084170 (53.3%)]	Loss: 0.335138
Train Epoch: 2 [1651328/3084170 (53.5%)]	Loss: 0.250044
Train Epoch: 2 [1657728/3084170 (53.7%)]	Loss: 0.279845
Train Epoch: 2 [1664128/3084170 (54.0%)]	Loss: 0.271480
Train Epoch: 2 [1670528/3084170 (54.2%)]	Loss: 0.336483
Train Epoch: 2 [1676928/3084170 (54.4%)]	Loss: 0.216048
Train Epoch: 2 [1683328/3084170 (54.6%)]	Loss: 0.222887
Train Epoch: 2 [1689728/3084170 (54.8%)]	Loss: 0.297655
Train Epoch: 2 [1696128/3084170 (55.0%)]	Loss: 0.305296
Train Epoch: 2 [1702528/3084170 (55.2%)]	Loss: 0.253612
Train Epoch: 2 [1708928/3084170 (55.4%)]	Loss: 0.234067
Train Epoch: 2 [1715328/3084170 (55.6%)]	Loss: 0.232642
Train Epoch: 2 [1721728/3084170 (55.8%)]	Loss: 0.241791
Train Epoch: 2 [1728128/3084170 (56.0%)]	Loss: 0.194144
Train Epoch: 2 [1734528/3084170 (56.2%)]	Loss: 0.212212
Train Epoch: 2 [1740928/3084170 (56.4%)]	Loss: 0.306996
Train Epoch: 2 [1747328/3084170 (56.7%)]	Loss: 0.270799
Train Epoch: 2 [1753728/3084170 (56.9%)]	Loss: 0.262091
Train Epoch: 2 [1760128/3084170 (57.1%)]	Loss: 0.187834
Train Epoch: 2 [1766528/3084170 (57.3%)]	Loss: 0.249602
Train Epoch: 2 [1772928/3084170 (57.5%)]	Loss: 0.171205
Train Epoch: 2 [1779328/3084170 (57.7%)]	Loss: 0.274282
Train Epoch: 2 [1785728/3084170 (57.9%)]	Loss: 0.294781
Train Epoch: 2 [1792128/3084170 (58.1%)]	Loss: 0.343570
Train Epoch: 2 [1798528/3084170 (58.3%)]	Loss: 0.276281
Train Epoch: 2 [1804928/3084170 (58.5%)]	Loss: 0.224631
Train Epoch: 2 [1811328/3084170 (58.7%)]	Loss: 0.272390
Train Epoch: 2 [1817728/3084170 (58.9%)]	Loss: 0.299288
Train Epoch: 2 [1824128/3084170 (59.1%)]	Loss: 0.202624
Train Epoch: 2 [1830528/3084170 (59.4%)]	Loss: 0.168731
Train Epoch: 2 [1836928/3084170 (59.6%)]	Loss: 0.243530
Train Epoch: 2 [1843328/3084170 (59.8%)]	Loss: 0.172626
Train Epoch: 2 [1849728/3084170 (60.0%)]	Loss: 0.233185
Train Epoch: 2 [1856128/3084170 (60.2%)]	Loss: 0.227063
Train Epoch: 2 [1862528/3084170 (60.4%)]	Loss: 0.211437
Train Epoch: 2 [1868928/3084170 (60.6%)]	Loss: 0.221449
Train Epoch: 2 [1875328/3084170 (60.8%)]	Loss: 0.339383
Train Epoch: 2 [1881728/3084170 (61.0%)]	Loss: 0.272888
Train Epoch: 2 [1888128/3084170 (61.2%)]	Loss: 0.290310
Train Epoch: 2 [1894528/3084170 (61.4%)]	Loss: 0.241293
Train Epoch: 2 [1900928/3084170 (61.6%)]	Loss: 0.170300
Train Epoch: 2 [1907328/3084170 (61.8%)]	Loss: 0.302980
Train Epoch: 2 [1913728/3084170 (62.1%)]	Loss: 0.233177
Train Epoch: 2 [1920128/3084170 (62.3%)]	Loss: 0.350725
Train Epoch: 2 [1926528/3084170 (62.5%)]	Loss: 0.367351
Train Epoch: 2 [1932928/3084170 (62.7%)]	Loss: 0.188376
Train Epoch: 2 [1939328/3084170 (62.9%)]	Loss: 0.257391
Train Epoch: 2 [1945728/3084170 (63.1%)]	Loss: 0.222543
Train Epoch: 2 [1952128/3084170 (63.3%)]	Loss: 0.297038
Train Epoch: 2 [1958528/3084170 (63.5%)]	Loss: 0.177424
Train Epoch: 2 [1964928/3084170 (63.7%)]	Loss: 0.293140
Train Epoch: 2 [1971328/3084170 (63.9%)]	Loss: 0.242482
Train Epoch: 2 [1977728/3084170 (64.1%)]	Loss: 0.309693
Train Epoch: 2 [1984128/3084170 (64.3%)]	Loss: 0.241106
Train Epoch: 2 [1990528/3084170 (64.5%)]	Loss: 0.225822
Train Epoch: 2 [1996928/3084170 (64.7%)]	Loss: 0.281414
Train Epoch: 2 [2003328/3084170 (65.0%)]	Loss: 0.142888
Train Epoch: 2 [2009728/3084170 (65.2%)]	Loss: 0.273593
Train Epoch: 2 [2016128/3084170 (65.4%)]	Loss: 0.318520
Train Epoch: 2 [2022528/3084170 (65.6%)]	Loss: 0.225109
Train Epoch: 2 [2028928/3084170 (65.8%)]	Loss: 0.299614
Train Epoch: 2 [2035328/3084170 (66.0%)]	Loss: 0.272647
Train Epoch: 2 [2041728/3084170 (66.2%)]	Loss: 0.180296
Train Epoch: 2 [2048128/3084170 (66.4%)]	Loss: 0.247775
Train Epoch: 2 [2054528/3084170 (66.6%)]	Loss: 0.218210
Train Epoch: 2 [2060928/3084170 (66.8%)]	Loss: 0.193244
Train Epoch: 2 [2067328/3084170 (67.0%)]	Loss: 0.274214
Train Epoch: 2 [2073728/3084170 (67.2%)]	Loss: 0.295922
Train Epoch: 2 [2080128/3084170 (67.4%)]	Loss: 0.260286
Train Epoch: 2 [2086528/3084170 (67.7%)]	Loss: 0.173457
Train Epoch: 2 [2092928/3084170 (67.9%)]	Loss: 0.178878
Train Epoch: 2 [2099328/3084170 (68.1%)]	Loss: 0.239122
Train Epoch: 2 [2105728/3084170 (68.3%)]	Loss: 0.214323
Train Epoch: 2 [2112128/3084170 (68.5%)]	Loss: 0.225991
Train Epoch: 2 [2118528/3084170 (68.7%)]	Loss: 0.285440
Train Epoch: 2 [2124928/3084170 (68.9%)]	Loss: 0.189229
Train Epoch: 2 [2131328/3084170 (69.1%)]	Loss: 0.248679
Train Epoch: 2 [2137728/3084170 (69.3%)]	Loss: 0.199508
Train Epoch: 2 [2144128/3084170 (69.5%)]	Loss: 0.201184
Train Epoch: 2 [2150528/3084170 (69.7%)]	Loss: 0.252590
Train Epoch: 2 [2156928/3084170 (69.9%)]	Loss: 0.272708
Train Epoch: 2 [2163328/3084170 (70.1%)]	Loss: 0.352364
Train Epoch: 2 [2169728/3084170 (70.4%)]	Loss: 0.292377
Train Epoch: 2 [2176128/3084170 (70.6%)]	Loss: 0.225859
Train Epoch: 2 [2182528/3084170 (70.8%)]	Loss: 0.171290
Train Epoch: 2 [2188928/3084170 (71.0%)]	Loss: 0.307553
Train Epoch: 2 [2195328/3084170 (71.2%)]	Loss: 0.301026
Train Epoch: 2 [2201728/3084170 (71.4%)]	Loss: 0.264367
Train Epoch: 2 [2208128/3084170 (71.6%)]	Loss: 0.285179
Train Epoch: 2 [2214528/3084170 (71.8%)]	Loss: 0.241303
Train Epoch: 2 [2220928/3084170 (72.0%)]	Loss: 0.217888
Train Epoch: 2 [2227328/3084170 (72.2%)]	Loss: 0.305212
Train Epoch: 2 [2233728/3084170 (72.4%)]	Loss: 0.229380
Train Epoch: 2 [2240128/3084170 (72.6%)]	Loss: 0.300115
Train Epoch: 2 [2246528/3084170 (72.8%)]	Loss: 0.229998
Train Epoch: 2 [2252928/3084170 (73.0%)]	Loss: 0.253805
Train Epoch: 2 [2259328/3084170 (73.3%)]	Loss: 0.274086
Train Epoch: 2 [2265728/3084170 (73.5%)]	Loss: 0.304754
Train Epoch: 2 [2272128/3084170 (73.7%)]	Loss: 0.283555
Train Epoch: 2 [2278528/3084170 (73.9%)]	Loss: 0.199210
Train Epoch: 2 [2284928/3084170 (74.1%)]	Loss: 0.274531
Train Epoch: 2 [2291328/3084170 (74.3%)]	Loss: 0.221122
Train Epoch: 2 [2297728/3084170 (74.5%)]	Loss: 0.292337
Train Epoch: 2 [2304128/3084170 (74.7%)]	Loss: 0.195665
Train Epoch: 2 [2310528/3084170 (74.9%)]	Loss: 0.246897
Train Epoch: 2 [2316928/3084170 (75.1%)]	Loss: 0.185117
Train Epoch: 2 [2323328/3084170 (75.3%)]	Loss: 0.264836
Train Epoch: 2 [2329728/3084170 (75.5%)]	Loss: 0.190376
Train Epoch: 2 [2336128/3084170 (75.7%)]	Loss: 0.379435
Train Epoch: 2 [2342528/3084170 (76.0%)]	Loss: 0.223588
Train Epoch: 2 [2348928/3084170 (76.2%)]	Loss: 0.206291
Train Epoch: 2 [2355328/3084170 (76.4%)]	Loss: 0.191107
Train Epoch: 2 [2361728/3084170 (76.6%)]	Loss: 0.181897
Train Epoch: 2 [2368128/3084170 (76.8%)]	Loss: 0.182592
Train Epoch: 2 [2374528/3084170 (77.0%)]	Loss: 0.309145
Train Epoch: 2 [2380928/3084170 (77.2%)]	Loss: 0.282560
Train Epoch: 2 [2387328/3084170 (77.4%)]	Loss: 0.331344
Train Epoch: 2 [2393728/3084170 (77.6%)]	Loss: 0.188209
Train Epoch: 2 [2400128/3084170 (77.8%)]	Loss: 0.220044
Train Epoch: 2 [2406528/3084170 (78.0%)]	Loss: 0.262494
Train Epoch: 2 [2412928/3084170 (78.2%)]	Loss: 0.205196
Train Epoch: 2 [2419328/3084170 (78.4%)]	Loss: 0.218876
Train Epoch: 2 [2425728/3084170 (78.7%)]	Loss: 0.251838
Train Epoch: 2 [2432128/3084170 (78.9%)]	Loss: 0.209669
Train Epoch: 2 [2438528/3084170 (79.1%)]	Loss: 0.280649
Train Epoch: 2 [2444928/3084170 (79.3%)]	Loss: 0.246829
Train Epoch: 2 [2451328/3084170 (79.5%)]	Loss: 0.215438
Train Epoch: 2 [2457728/3084170 (79.7%)]	Loss: 0.287688
Train Epoch: 2 [2464128/3084170 (79.9%)]	Loss: 0.186747
Train Epoch: 2 [2470528/3084170 (80.1%)]	Loss: 0.281361
Train Epoch: 2 [2476928/3084170 (80.3%)]	Loss: 0.248210
Train Epoch: 2 [2483328/3084170 (80.5%)]	Loss: 0.176008
Train Epoch: 2 [2489728/3084170 (80.7%)]	Loss: 0.205827
Train Epoch: 2 [2496128/3084170 (80.9%)]	Loss: 0.200244
Train Epoch: 2 [2502528/3084170 (81.1%)]	Loss: 0.246377
Train Epoch: 2 [2508928/3084170 (81.3%)]	Loss: 0.168812
Train Epoch: 2 [2515328/3084170 (81.6%)]	Loss: 0.271968
Train Epoch: 2 [2521728/3084170 (81.8%)]	Loss: 0.214010
Train Epoch: 2 [2528128/3084170 (82.0%)]	Loss: 0.242686
Train Epoch: 2 [2534528/3084170 (82.2%)]	Loss: 0.307220
Train Epoch: 2 [2540928/3084170 (82.4%)]	Loss: 0.196787
Train Epoch: 2 [2547328/3084170 (82.6%)]	Loss: 0.242795
Train Epoch: 2 [2553728/3084170 (82.8%)]	Loss: 0.238660
Train Epoch: 2 [2560128/3084170 (83.0%)]	Loss: 0.262986
Train Epoch: 2 [2566528/3084170 (83.2%)]	Loss: 0.229682
Train Epoch: 2 [2572928/3084170 (83.4%)]	Loss: 0.276571
Train Epoch: 2 [2579328/3084170 (83.6%)]	Loss: 0.270221
Train Epoch: 2 [2585728/3084170 (83.8%)]	Loss: 0.256555
Train Epoch: 2 [2592128/3084170 (84.0%)]	Loss: 0.305101
Train Epoch: 2 [2598528/3084170 (84.3%)]	Loss: 0.257949
Train Epoch: 2 [2604928/3084170 (84.5%)]	Loss: 0.174937
Train Epoch: 2 [2611328/3084170 (84.7%)]	Loss: 0.267032
Train Epoch: 2 [2617728/3084170 (84.9%)]	Loss: 0.227011
Train Epoch: 2 [2624128/3084170 (85.1%)]	Loss: 0.272849
Train Epoch: 2 [2630528/3084170 (85.3%)]	Loss: 0.237416
Train Epoch: 2 [2636928/3084170 (85.5%)]	Loss: 0.239205
Train Epoch: 2 [2643328/3084170 (85.7%)]	Loss: 0.207330
Train Epoch: 2 [2649728/3084170 (85.9%)]	Loss: 0.379475
Train Epoch: 2 [2656128/3084170 (86.1%)]	Loss: 0.215742
Train Epoch: 2 [2662528/3084170 (86.3%)]	Loss: 0.237870
Train Epoch: 2 [2668928/3084170 (86.5%)]	Loss: 0.186343
Train Epoch: 2 [2675328/3084170 (86.7%)]	Loss: 0.292733
Train Epoch: 2 [2681728/3084170 (87.0%)]	Loss: 0.293300
Train Epoch: 2 [2688128/3084170 (87.2%)]	Loss: 0.251648
Train Epoch: 2 [2694528/3084170 (87.4%)]	Loss: 0.305258
Train Epoch: 2 [2700928/3084170 (87.6%)]	Loss: 0.185166
Train Epoch: 2 [2707328/3084170 (87.8%)]	Loss: 0.232738
Train Epoch: 2 [2713728/3084170 (88.0%)]	Loss: 0.220988
Train Epoch: 2 [2720128/3084170 (88.2%)]	Loss: 0.161476
Train Epoch: 2 [2726528/3084170 (88.4%)]	Loss: 0.194898
Train Epoch: 2 [2732928/3084170 (88.6%)]	Loss: 0.220513
Train Epoch: 2 [2739328/3084170 (88.8%)]	Loss: 0.373398
Train Epoch: 2 [2745728/3084170 (89.0%)]	Loss: 0.187046
Train Epoch: 2 [2752128/3084170 (89.2%)]	Loss: 0.298743
Train Epoch: 2 [2758528/3084170 (89.4%)]	Loss: 0.249247
Train Epoch: 2 [2764928/3084170 (89.6%)]	Loss: 0.227014
Train Epoch: 2 [2771328/3084170 (89.9%)]	Loss: 0.235808
Train Epoch: 2 [2777728/3084170 (90.1%)]	Loss: 0.338683
Train Epoch: 2 [2784128/3084170 (90.3%)]	Loss: 0.209219
Train Epoch: 2 [2790528/3084170 (90.5%)]	Loss: 0.159280
Train Epoch: 2 [2796928/3084170 (90.7%)]	Loss: 0.247564
Train Epoch: 2 [2803328/3084170 (90.9%)]	Loss: 0.314260
Train Epoch: 2 [2809728/3084170 (91.1%)]	Loss: 0.253504
Train Epoch: 2 [2816128/3084170 (91.3%)]	Loss: 0.197286
Train Epoch: 2 [2822528/3084170 (91.5%)]	Loss: 0.206454
Train Epoch: 2 [2828928/3084170 (91.7%)]	Loss: 0.242669
Train Epoch: 2 [2835328/3084170 (91.9%)]	Loss: 0.257662
Train Epoch: 2 [2841728/3084170 (92.1%)]	Loss: 0.172104  7%|▋         | 2/30 [1:57:21<27:22:02, 3518.66s/it]
Train Epoch: 2 [2848128/3084170 (92.3%)]	Loss: 0.213119
Train Epoch: 2 [2854528/3084170 (92.6%)]	Loss: 0.229503
Train Epoch: 2 [2860928/3084170 (92.8%)]	Loss: 0.196119
Train Epoch: 2 [2867328/3084170 (93.0%)]	Loss: 0.175185
Train Epoch: 2 [2873728/3084170 (93.2%)]	Loss: 0.211108
Train Epoch: 2 [2880128/3084170 (93.4%)]	Loss: 0.221286
Train Epoch: 2 [2886528/3084170 (93.6%)]	Loss: 0.271052
Train Epoch: 2 [2892928/3084170 (93.8%)]	Loss: 0.173257
Train Epoch: 2 [2899328/3084170 (94.0%)]	Loss: 0.226760
Train Epoch: 2 [2905728/3084170 (94.2%)]	Loss: 0.279312
Train Epoch: 2 [2912128/3084170 (94.4%)]	Loss: 0.254794
Train Epoch: 2 [2918528/3084170 (94.6%)]	Loss: 0.218565
Train Epoch: 2 [2924928/3084170 (94.8%)]	Loss: 0.193359
Train Epoch: 2 [2931328/3084170 (95.0%)]	Loss: 0.330479
Train Epoch: 2 [2937728/3084170 (95.3%)]	Loss: 0.241011
Train Epoch: 2 [2944128/3084170 (95.5%)]	Loss: 0.254781
Train Epoch: 2 [2950528/3084170 (95.7%)]	Loss: 0.190635
Train Epoch: 2 [2956928/3084170 (95.9%)]	Loss: 0.246674
Train Epoch: 2 [2963328/3084170 (96.1%)]	Loss: 0.265413
Train Epoch: 2 [2969728/3084170 (96.3%)]	Loss: 0.316464
Train Epoch: 2 [2976128/3084170 (96.5%)]	Loss: 0.256915
Train Epoch: 2 [2982528/3084170 (96.7%)]	Loss: 0.389589
Train Epoch: 2 [2988928/3084170 (96.9%)]	Loss: 0.174371
Train Epoch: 2 [2995328/3084170 (97.1%)]	Loss: 0.256070
Train Epoch: 2 [3001728/3084170 (97.3%)]	Loss: 0.233598
Train Epoch: 2 [3008128/3084170 (97.5%)]	Loss: 0.166866
Train Epoch: 2 [3014528/3084170 (97.7%)]	Loss: 0.227089
Train Epoch: 2 [3020928/3084170 (97.9%)]	Loss: 0.189958
Train Epoch: 2 [3027328/3084170 (98.2%)]	Loss: 0.227623
Train Epoch: 2 [3033728/3084170 (98.4%)]	Loss: 0.282522
Train Epoch: 2 [3040128/3084170 (98.6%)]	Loss: 0.213170
Train Epoch: 2 [3046528/3084170 (98.8%)]	Loss: 0.268850
Train Epoch: 2 [3052928/3084170 (99.0%)]	Loss: 0.168280
Train Epoch: 2 [3059328/3084170 (99.2%)]	Loss: 0.213910
Train Epoch: 2 [3065728/3084170 (99.4%)]	Loss: 0.190526
Train Epoch: 2 [3072128/3084170 (99.6%)]	Loss: 0.210700
Train Epoch: 2 [3078528/3084170 (99.8%)]	Loss: 0.191499
Train Epoch: 3 [128/3084170 (0.0%)]	Loss: 0.227364
Train Epoch: 3 [6528/3084170 (0.2%)]	Loss: 0.235067
Train Epoch: 3 [12928/3084170 (0.4%)]	Loss: 0.240088
Train Epoch: 3 [19328/3084170 (0.6%)]	Loss: 0.348604
Train Epoch: 3 [25728/3084170 (0.8%)]	Loss: 0.292136
Train Epoch: 3 [32128/3084170 (1.0%)]	Loss: 0.288811
Train Epoch: 3 [38528/3084170 (1.2%)]	Loss: 0.232359
Train Epoch: 3 [44928/3084170 (1.5%)]	Loss: 0.181167
Train Epoch: 3 [51328/3084170 (1.7%)]	Loss: 0.250392
Train Epoch: 3 [57728/3084170 (1.9%)]	Loss: 0.257876
Train Epoch: 3 [64128/3084170 (2.1%)]	Loss: 0.220127
Train Epoch: 3 [70528/3084170 (2.3%)]	Loss: 0.275924
Train Epoch: 3 [76928/3084170 (2.5%)]	Loss: 0.175833
Train Epoch: 3 [83328/3084170 (2.7%)]	Loss: 0.236357
Train Epoch: 3 [89728/3084170 (2.9%)]	Loss: 0.291583
Train Epoch: 3 [96128/3084170 (3.1%)]	Loss: 0.216883
Train Epoch: 3 [102528/3084170 (3.3%)]	Loss: 0.185274
Train Epoch: 3 [108928/3084170 (3.5%)]	Loss: 0.219322
Train Epoch: 3 [115328/3084170 (3.7%)]	Loss: 0.223383
Train Epoch: 3 [121728/3084170 (3.9%)]	Loss: 0.236629
Train Epoch: 3 [128128/3084170 (4.2%)]	Loss: 0.280317
Train Epoch: 3 [134528/3084170 (4.4%)]	Loss: 0.217684
Train Epoch: 3 [140928/3084170 (4.6%)]	Loss: 0.263849
Train Epoch: 3 [147328/3084170 (4.8%)]	Loss: 0.320233
Train Epoch: 3 [153728/3084170 (5.0%)]	Loss: 0.258366
Train Epoch: 3 [160128/3084170 (5.2%)]	Loss: 0.230337
Train Epoch: 3 [166528/3084170 (5.4%)]	Loss: 0.224800
Train Epoch: 3 [172928/3084170 (5.6%)]	Loss: 0.230533
Train Epoch: 3 [179328/3084170 (5.8%)]	Loss: 0.211706
Train Epoch: 3 [185728/3084170 (6.0%)]	Loss: 0.207946
Train Epoch: 3 [192128/3084170 (6.2%)]	Loss: 0.181679
Train Epoch: 3 [198528/3084170 (6.4%)]	Loss: 0.212743
Train Epoch: 3 [204928/3084170 (6.6%)]	Loss: 0.285322
Train Epoch: 3 [211328/3084170 (6.9%)]	Loss: 0.199297
Train Epoch: 3 [217728/3084170 (7.1%)]	Loss: 0.246255
Train Epoch: 3 [224128/3084170 (7.3%)]	Loss: 0.350413
Train Epoch: 3 [230528/3084170 (7.5%)]	Loss: 0.200577
Train Epoch: 3 [236928/3084170 (7.7%)]	Loss: 0.277138
Train Epoch: 3 [243328/3084170 (7.9%)]	Loss: 0.218553
Train Epoch: 3 [249728/3084170 (8.1%)]	Loss: 0.238268
Train Epoch: 3 [256128/3084170 (8.3%)]	Loss: 0.294630
Train Epoch: 3 [262528/3084170 (8.5%)]	Loss: 0.250043
Train Epoch: 3 [268928/3084170 (8.7%)]	Loss: 0.237615
Train Epoch: 3 [275328/3084170 (8.9%)]	Loss: 0.173350
Train Epoch: 3 [281728/3084170 (9.1%)]	Loss: 0.269615
Train Epoch: 3 [288128/3084170 (9.3%)]	Loss: 0.216875
Train Epoch: 3 [294528/3084170 (9.5%)]	Loss: 0.218241
Train Epoch: 3 [300928/3084170 (9.8%)]	Loss: 0.151492
Train Epoch: 3 [307328/3084170 (10.0%)]	Loss: 0.180025
Train Epoch: 3 [313728/3084170 (10.2%)]	Loss: 0.297402
Train Epoch: 3 [320128/3084170 (10.4%)]	Loss: 0.191818
Train Epoch: 3 [326528/3084170 (10.6%)]	Loss: 0.241744
Train Epoch: 3 [332928/3084170 (10.8%)]	Loss: 0.290164
Train Epoch: 3 [339328/3084170 (11.0%)]	Loss: 0.317304
Train Epoch: 3 [345728/3084170 (11.2%)]	Loss: 0.225296
Train Epoch: 3 [352128/3084170 (11.4%)]	Loss: 0.209596
Train Epoch: 3 [358528/3084170 (11.6%)]	Loss: 0.237650
Train Epoch: 3 [364928/3084170 (11.8%)]	Loss: 0.156912
Train Epoch: 3 [371328/3084170 (12.0%)]	Loss: 0.214848
Train Epoch: 3 [377728/3084170 (12.2%)]	Loss: 0.222763
Train Epoch: 3 [384128/3084170 (12.5%)]	Loss: 0.190222
Train Epoch: 3 [390528/3084170 (12.7%)]	Loss: 0.173296
Train Epoch: 3 [396928/3084170 (12.9%)]	Loss: 0.278564
Train Epoch: 3 [403328/3084170 (13.1%)]	Loss: 0.177279
Train Epoch: 3 [409728/3084170 (13.3%)]	Loss: 0.333289
Train Epoch: 3 [416128/3084170 (13.5%)]	Loss: 0.247005
Train Epoch: 3 [422528/3084170 (13.7%)]	Loss: 0.226258
Train Epoch: 3 [428928/3084170 (13.9%)]	Loss: 0.258548
Train Epoch: 3 [435328/3084170 (14.1%)]	Loss: 0.181952
Train Epoch: 3 [441728/3084170 (14.3%)]	Loss: 0.248630
Train Epoch: 3 [448128/3084170 (14.5%)]	Loss: 0.243917
Train Epoch: 3 [454528/3084170 (14.7%)]	Loss: 0.245215
Train Epoch: 3 [460928/3084170 (14.9%)]	Loss: 0.260036
Train Epoch: 3 [467328/3084170 (15.2%)]	Loss: 0.280307
Train Epoch: 3 [473728/3084170 (15.4%)]	Loss: 0.213389
Train Epoch: 3 [480128/3084170 (15.6%)]	Loss: 0.356382
Train Epoch: 3 [486528/3084170 (15.8%)]	Loss: 0.313023
Train Epoch: 3 [492928/3084170 (16.0%)]	Loss: 0.210985
Train Epoch: 3 [499328/3084170 (16.2%)]	Loss: 0.309214
Train Epoch: 3 [505728/3084170 (16.4%)]	Loss: 0.232724
Train Epoch: 3 [512128/3084170 (16.6%)]	Loss: 0.231767
Train Epoch: 3 [518528/3084170 (16.8%)]	Loss: 0.292137
Train Epoch: 3 [524928/3084170 (17.0%)]	Loss: 0.199541
Train Epoch: 3 [531328/3084170 (17.2%)]	Loss: 0.277238
Train Epoch: 3 [537728/3084170 (17.4%)]	Loss: 0.246873
Train Epoch: 3 [544128/3084170 (17.6%)]	Loss: 0.206962
Train Epoch: 3 [550528/3084170 (17.9%)]	Loss: 0.295612
Train Epoch: 3 [556928/3084170 (18.1%)]	Loss: 0.319445
Train Epoch: 3 [563328/3084170 (18.3%)]	Loss: 0.229179
Train Epoch: 3 [569728/3084170 (18.5%)]	Loss: 0.232891
Train Epoch: 3 [576128/3084170 (18.7%)]	Loss: 0.214417
Train Epoch: 3 [582528/3084170 (18.9%)]	Loss: 0.132953
Train Epoch: 3 [588928/3084170 (19.1%)]	Loss: 0.369042
Train Epoch: 3 [595328/3084170 (19.3%)]	Loss: 0.323853
Train Epoch: 3 [601728/3084170 (19.5%)]	Loss: 0.211123
Train Epoch: 3 [608128/3084170 (19.7%)]	Loss: 0.250025
Train Epoch: 3 [614528/3084170 (19.9%)]	Loss: 0.272011
Train Epoch: 3 [620928/3084170 (20.1%)]	Loss: 0.188483
Train Epoch: 3 [627328/3084170 (20.3%)]	Loss: 0.221904
Train Epoch: 3 [633728/3084170 (20.5%)]	Loss: 0.226803
Train Epoch: 3 [640128/3084170 (20.8%)]	Loss: 0.217563
Train Epoch: 3 [646528/3084170 (21.0%)]	Loss: 0.219006
Train Epoch: 3 [652928/3084170 (21.2%)]	Loss: 0.278680
Train Epoch: 3 [659328/3084170 (21.4%)]	Loss: 0.203460
Train Epoch: 3 [665728/3084170 (21.6%)]	Loss: 0.220867
Train Epoch: 3 [672128/3084170 (21.8%)]	Loss: 0.187447
Train Epoch: 3 [678528/3084170 (22.0%)]	Loss: 0.199398
Train Epoch: 3 [684928/3084170 (22.2%)]	Loss: 0.180137
Train Epoch: 3 [691328/3084170 (22.4%)]	Loss: 0.258264
Train Epoch: 3 [697728/3084170 (22.6%)]	Loss: 0.230249
Train Epoch: 3 [704128/3084170 (22.8%)]	Loss: 0.385572
Train Epoch: 3 [710528/3084170 (23.0%)]	Loss: 0.374775
Train Epoch: 3 [716928/3084170 (23.2%)]	Loss: 0.266895
Train Epoch: 3 [723328/3084170 (23.5%)]	Loss: 0.243546
Train Epoch: 3 [729728/3084170 (23.7%)]	Loss: 0.192092
Train Epoch: 3 [736128/3084170 (23.9%)]	Loss: 0.220127
Train Epoch: 3 [742528/3084170 (24.1%)]	Loss: 0.259792
Train Epoch: 3 [748928/3084170 (24.3%)]	Loss: 0.298444
Train Epoch: 3 [755328/3084170 (24.5%)]	Loss: 0.292241
Train Epoch: 3 [761728/3084170 (24.7%)]	Loss: 0.191290
Train Epoch: 3 [768128/3084170 (24.9%)]	Loss: 0.224431
Train Epoch: 3 [774528/3084170 (25.1%)]	Loss: 0.281446
Train Epoch: 3 [780928/3084170 (25.3%)]	Loss: 0.291813
Train Epoch: 3 [787328/3084170 (25.5%)]	Loss: 0.337672
Train Epoch: 3 [793728/3084170 (25.7%)]	Loss: 0.266067
Train Epoch: 3 [800128/3084170 (25.9%)]	Loss: 0.256353
Train Epoch: 3 [806528/3084170 (26.2%)]	Loss: 0.213077
Train Epoch: 3 [812928/3084170 (26.4%)]	Loss: 0.161560
Train Epoch: 3 [819328/3084170 (26.6%)]	Loss: 0.219608
Train Epoch: 3 [825728/3084170 (26.8%)]	Loss: 0.240318
Train Epoch: 3 [832128/3084170 (27.0%)]	Loss: 0.305981
Train Epoch: 3 [838528/3084170 (27.2%)]	Loss: 0.297585
Train Epoch: 3 [844928/3084170 (27.4%)]	Loss: 0.294799
Train Epoch: 3 [851328/3084170 (27.6%)]	Loss: 0.306917
Train Epoch: 3 [857728/3084170 (27.8%)]	Loss: 0.264269
Train Epoch: 3 [864128/3084170 (28.0%)]	Loss: 0.224845
Train Epoch: 3 [870528/3084170 (28.2%)]	Loss: 0.227040
Train Epoch: 3 [876928/3084170 (28.4%)]	Loss: 0.234311
Train Epoch: 3 [883328/3084170 (28.6%)]	Loss: 0.158107
Train Epoch: 3 [889728/3084170 (28.8%)]	Loss: 0.234960
Train Epoch: 3 [896128/3084170 (29.1%)]	Loss: 0.241671
Train Epoch: 3 [902528/3084170 (29.3%)]	Loss: 0.272757
Train Epoch: 3 [908928/3084170 (29.5%)]	Loss: 0.233801
Train Epoch: 3 [915328/3084170 (29.7%)]	Loss: 0.188587
Train Epoch: 3 [921728/3084170 (29.9%)]	Loss: 0.280856
Train Epoch: 3 [928128/3084170 (30.1%)]	Loss: 0.198378
Train Epoch: 3 [934528/3084170 (30.3%)]	Loss: 0.305196
Train Epoch: 3 [940928/3084170 (30.5%)]	Loss: 0.304861
Train Epoch: 3 [947328/3084170 (30.7%)]	Loss: 0.206989
Train Epoch: 3 [953728/3084170 (30.9%)]	Loss: 0.193103
Train Epoch: 3 [960128/3084170 (31.1%)]	Loss: 0.270768