  0%|          | 0/30 [00:00<?, ?it/s]
Random seeds has been fixed as 42


Random seeds has been fixed as 42

Indice of mice to load: 03
Ranger optimizer loaded. 
Gradient Centralization usage = True
GC applied to both conv and fc layers
Train Epoch: 1 [128/2383430 (0.0%)]	Loss: 0.699431
Train Epoch: 1 [6528/2383430 (0.3%)]	Loss: 0.548687
Train Epoch: 1 [12928/2383430 (0.5%)]	Loss: 0.313009
Train Epoch: 1 [19328/2383430 (0.8%)]	Loss: 0.232235
Train Epoch: 1 [25728/2383430 (1.1%)]	Loss: 0.291143
Train Epoch: 1 [32128/2383430 (1.3%)]	Loss: 0.249083
Train Epoch: 1 [38528/2383430 (1.6%)]	Loss: 0.288211
Train Epoch: 1 [44928/2383430 (1.9%)]	Loss: 0.225742
Train Epoch: 1 [51328/2383430 (2.2%)]	Loss: 0.205642
Train Epoch: 1 [57728/2383430 (2.4%)]	Loss: 0.194121
Train Epoch: 1 [64128/2383430 (2.7%)]	Loss: 0.265822
Train Epoch: 1 [70528/2383430 (3.0%)]	Loss: 0.203633
Train Epoch: 1 [76928/2383430 (3.2%)]	Loss: 0.282505
Train Epoch: 1 [83328/2383430 (3.5%)]	Loss: 0.247594
Train Epoch: 1 [89728/2383430 (3.8%)]	Loss: 0.230783
Train Epoch: 1 [96128/2383430 (4.0%)]	Loss: 0.208270
Train Epoch: 1 [102528/2383430 (4.3%)]	Loss: 0.198066
Train Epoch: 1 [108928/2383430 (4.6%)]	Loss: 0.218252
Train Epoch: 1 [115328/2383430 (4.8%)]	Loss: 0.155906
Train Epoch: 1 [121728/2383430 (5.1%)]	Loss: 0.223335
Train Epoch: 1 [128128/2383430 (5.4%)]	Loss: 0.202921
Train Epoch: 1 [134528/2383430 (5.6%)]	Loss: 0.235284
Train Epoch: 1 [140928/2383430 (5.9%)]	Loss: 0.214732
Train Epoch: 1 [147328/2383430 (6.2%)]	Loss: 0.190088
Train Epoch: 1 [153728/2383430 (6.4%)]	Loss: 0.339567
Train Epoch: 1 [160128/2383430 (6.7%)]	Loss: 0.123318
Train Epoch: 1 [166528/2383430 (7.0%)]	Loss: 0.218216
Train Epoch: 1 [172928/2383430 (7.3%)]	Loss: 0.150392
Train Epoch: 1 [179328/2383430 (7.5%)]	Loss: 0.199899
Train Epoch: 1 [185728/2383430 (7.8%)]	Loss: 0.196917
Train Epoch: 1 [192128/2383430 (8.1%)]	Loss: 0.160834
Train Epoch: 1 [198528/2383430 (8.3%)]	Loss: 0.224205
Train Epoch: 1 [204928/2383430 (8.6%)]	Loss: 0.290960
Train Epoch: 1 [211328/2383430 (8.9%)]	Loss: 0.127548
Train Epoch: 1 [217728/2383430 (9.1%)]	Loss: 0.294230
Train Epoch: 1 [224128/2383430 (9.4%)]	Loss: 0.193274
Train Epoch: 1 [230528/2383430 (9.7%)]	Loss: 0.199482
Train Epoch: 1 [236928/2383430 (9.9%)]	Loss: 0.184475
Train Epoch: 1 [243328/2383430 (10.2%)]	Loss: 0.314068
Train Epoch: 1 [249728/2383430 (10.5%)]	Loss: 0.146616
Train Epoch: 1 [256128/2383430 (10.7%)]	Loss: 0.301167
Train Epoch: 1 [262528/2383430 (11.0%)]	Loss: 0.247508
Train Epoch: 1 [268928/2383430 (11.3%)]	Loss: 0.247443
Train Epoch: 1 [275328/2383430 (11.6%)]	Loss: 0.124016
Train Epoch: 1 [281728/2383430 (11.8%)]	Loss: 0.196493
Train Epoch: 1 [288128/2383430 (12.1%)]	Loss: 0.211710
Train Epoch: 1 [294528/2383430 (12.4%)]	Loss: 0.296919
Train Epoch: 1 [300928/2383430 (12.6%)]	Loss: 0.196542
Train Epoch: 1 [307328/2383430 (12.9%)]	Loss: 0.257671
Train Epoch: 1 [313728/2383430 (13.2%)]	Loss: 0.229077
Train Epoch: 1 [320128/2383430 (13.4%)]	Loss: 0.316087
Train Epoch: 1 [326528/2383430 (13.7%)]	Loss: 0.245536
Train Epoch: 1 [332928/2383430 (14.0%)]	Loss: 0.202113
Train Epoch: 1 [339328/2383430 (14.2%)]	Loss: 0.190728
Train Epoch: 1 [345728/2383430 (14.5%)]	Loss: 0.204886
Train Epoch: 1 [352128/2383430 (14.8%)]	Loss: 0.192373
Train Epoch: 1 [358528/2383430 (15.0%)]	Loss: 0.156506
Train Epoch: 1 [364928/2383430 (15.3%)]	Loss: 0.206919
Train Epoch: 1 [371328/2383430 (15.6%)]	Loss: 0.172511
Train Epoch: 1 [377728/2383430 (15.8%)]	Loss: 0.206392
Train Epoch: 1 [384128/2383430 (16.1%)]	Loss: 0.175211
Train Epoch: 1 [390528/2383430 (16.4%)]	Loss: 0.178878
Train Epoch: 1 [396928/2383430 (16.7%)]	Loss: 0.314005
Train Epoch: 1 [403328/2383430 (16.9%)]	Loss: 0.209633
Train Epoch: 1 [409728/2383430 (17.2%)]	Loss: 0.319960
Train Epoch: 1 [416128/2383430 (17.5%)]	Loss: 0.203591
Train Epoch: 1 [422528/2383430 (17.7%)]	Loss: 0.256270
Train Epoch: 1 [428928/2383430 (18.0%)]	Loss: 0.229863
Train Epoch: 1 [435328/2383430 (18.3%)]	Loss: 0.290027
Train Epoch: 1 [441728/2383430 (18.5%)]	Loss: 0.145352
Train Epoch: 1 [448128/2383430 (18.8%)]	Loss: 0.219457
Train Epoch: 1 [454528/2383430 (19.1%)]	Loss: 0.242154
Train Epoch: 1 [460928/2383430 (19.3%)]	Loss: 0.242642
Train Epoch: 1 [467328/2383430 (19.6%)]	Loss: 0.288503
Train Epoch: 1 [473728/2383430 (19.9%)]	Loss: 0.120662
Train Epoch: 1 [480128/2383430 (20.1%)]	Loss: 0.203266
Train Epoch: 1 [486528/2383430 (20.4%)]	Loss: 0.226866
Train Epoch: 1 [492928/2383430 (20.7%)]	Loss: 0.159064
Train Epoch: 1 [499328/2383430 (20.9%)]	Loss: 0.243792
Train Epoch: 1 [505728/2383430 (21.2%)]	Loss: 0.140102
Train Epoch: 1 [512128/2383430 (21.5%)]	Loss: 0.200628
Train Epoch: 1 [518528/2383430 (21.8%)]	Loss: 0.333200
Train Epoch: 1 [524928/2383430 (22.0%)]	Loss: 0.181298
Train Epoch: 1 [531328/2383430 (22.3%)]	Loss: 0.178797
Train Epoch: 1 [537728/2383430 (22.6%)]	Loss: 0.148891
Train Epoch: 1 [544128/2383430 (22.8%)]	Loss: 0.197074
Train Epoch: 1 [550528/2383430 (23.1%)]	Loss: 0.123434
Train Epoch: 1 [556928/2383430 (23.4%)]	Loss: 0.184440
Train Epoch: 1 [563328/2383430 (23.6%)]	Loss: 0.223600
Train Epoch: 1 [569728/2383430 (23.9%)]	Loss: 0.187264
Train Epoch: 1 [576128/2383430 (24.2%)]	Loss: 0.143733
Train Epoch: 1 [582528/2383430 (24.4%)]	Loss: 0.151442
Train Epoch: 1 [588928/2383430 (24.7%)]	Loss: 0.238817
Train Epoch: 1 [595328/2383430 (25.0%)]	Loss: 0.287261
Train Epoch: 1 [601728/2383430 (25.2%)]	Loss: 0.186926
Train Epoch: 1 [608128/2383430 (25.5%)]	Loss: 0.226150
Train Epoch: 1 [614528/2383430 (25.8%)]	Loss: 0.215559
Train Epoch: 1 [620928/2383430 (26.1%)]	Loss: 0.259821
Train Epoch: 1 [627328/2383430 (26.3%)]	Loss: 0.244185
Train Epoch: 1 [633728/2383430 (26.6%)]	Loss: 0.197946
Train Epoch: 1 [640128/2383430 (26.9%)]	Loss: 0.232503
Train Epoch: 1 [646528/2383430 (27.1%)]	Loss: 0.180157
Train Epoch: 1 [652928/2383430 (27.4%)]	Loss: 0.144229
Train Epoch: 1 [659328/2383430 (27.7%)]	Loss: 0.256861
Train Epoch: 1 [665728/2383430 (27.9%)]	Loss: 0.190652
Train Epoch: 1 [672128/2383430 (28.2%)]	Loss: 0.255182
Train Epoch: 1 [678528/2383430 (28.5%)]	Loss: 0.154107
Train Epoch: 1 [684928/2383430 (28.7%)]	Loss: 0.236744
Train Epoch: 1 [691328/2383430 (29.0%)]	Loss: 0.237327
Train Epoch: 1 [697728/2383430 (29.3%)]	Loss: 0.248669
Train Epoch: 1 [704128/2383430 (29.5%)]	Loss: 0.208139
Train Epoch: 1 [710528/2383430 (29.8%)]	Loss: 0.247850
Train Epoch: 1 [716928/2383430 (30.1%)]	Loss: 0.119012
Train Epoch: 1 [723328/2383430 (30.3%)]	Loss: 0.145404
Train Epoch: 1 [729728/2383430 (30.6%)]	Loss: 0.241118
Train Epoch: 1 [736128/2383430 (30.9%)]	Loss: 0.258380
Train Epoch: 1 [742528/2383430 (31.2%)]	Loss: 0.179577
Train Epoch: 1 [748928/2383430 (31.4%)]	Loss: 0.210338
Train Epoch: 1 [755328/2383430 (31.7%)]	Loss: 0.329129
Train Epoch: 1 [761728/2383430 (32.0%)]	Loss: 0.146019
Train Epoch: 1 [768128/2383430 (32.2%)]	Loss: 0.211387
Train Epoch: 1 [774528/2383430 (32.5%)]	Loss: 0.218938
Train Epoch: 1 [780928/2383430 (32.8%)]	Loss: 0.210078
Train Epoch: 1 [787328/2383430 (33.0%)]	Loss: 0.170363
Train Epoch: 1 [793728/2383430 (33.3%)]	Loss: 0.167321
Train Epoch: 1 [800128/2383430 (33.6%)]	Loss: 0.205080
Train Epoch: 1 [806528/2383430 (33.8%)]	Loss: 0.194473
Train Epoch: 1 [812928/2383430 (34.1%)]	Loss: 0.214753
Train Epoch: 1 [819328/2383430 (34.4%)]	Loss: 0.236802
Train Epoch: 1 [825728/2383430 (34.6%)]	Loss: 0.244141
Train Epoch: 1 [832128/2383430 (34.9%)]	Loss: 0.103022
Train Epoch: 1 [838528/2383430 (35.2%)]	Loss: 0.190509
Train Epoch: 1 [844928/2383430 (35.5%)]	Loss: 0.193234
Train Epoch: 1 [851328/2383430 (35.7%)]	Loss: 0.236670
Train Epoch: 1 [857728/2383430 (36.0%)]	Loss: 0.261616
Train Epoch: 1 [864128/2383430 (36.3%)]	Loss: 0.262963
Train Epoch: 1 [870528/2383430 (36.5%)]	Loss: 0.224724
Train Epoch: 1 [876928/2383430 (36.8%)]	Loss: 0.161927
Train Epoch: 1 [883328/2383430 (37.1%)]	Loss: 0.140297
Train Epoch: 1 [889728/2383430 (37.3%)]	Loss: 0.238330
Train Epoch: 1 [896128/2383430 (37.6%)]	Loss: 0.178901
Train Epoch: 1 [902528/2383430 (37.9%)]	Loss: 0.209021
Train Epoch: 1 [908928/2383430 (38.1%)]	Loss: 0.232901
Train Epoch: 1 [915328/2383430 (38.4%)]	Loss: 0.226235
Train Epoch: 1 [921728/2383430 (38.7%)]	Loss: 0.332408
Train Epoch: 1 [928128/2383430 (38.9%)]	Loss: 0.244997
Train Epoch: 1 [934528/2383430 (39.2%)]	Loss: 0.231039
Train Epoch: 1 [940928/2383430 (39.5%)]	Loss: 0.204520
Train Epoch: 1 [947328/2383430 (39.7%)]	Loss: 0.219097
Train Epoch: 1 [953728/2383430 (40.0%)]	Loss: 0.305984
Train Epoch: 1 [960128/2383430 (40.3%)]	Loss: 0.170417
Train Epoch: 1 [966528/2383430 (40.6%)]	Loss: 0.172837
Train Epoch: 1 [972928/2383430 (40.8%)]	Loss: 0.237156
Train Epoch: 1 [979328/2383430 (41.1%)]	Loss: 0.150879
Train Epoch: 1 [985728/2383430 (41.4%)]	Loss: 0.223162
Train Epoch: 1 [992128/2383430 (41.6%)]	Loss: 0.254046
Train Epoch: 1 [998528/2383430 (41.9%)]	Loss: 0.159624
Train Epoch: 1 [1004928/2383430 (42.2%)]	Loss: 0.305089
Train Epoch: 1 [1011328/2383430 (42.4%)]	Loss: 0.179275
Train Epoch: 1 [1017728/2383430 (42.7%)]	Loss: 0.173322
Train Epoch: 1 [1024128/2383430 (43.0%)]	Loss: 0.156272
Train Epoch: 1 [1030528/2383430 (43.2%)]	Loss: 0.254376
Train Epoch: 1 [1036928/2383430 (43.5%)]	Loss: 0.236827
Train Epoch: 1 [1043328/2383430 (43.8%)]	Loss: 0.288534
Train Epoch: 1 [1049728/2383430 (44.0%)]	Loss: 0.198258
Train Epoch: 1 [1056128/2383430 (44.3%)]	Loss: 0.257709
Train Epoch: 1 [1062528/2383430 (44.6%)]	Loss: 0.125768
Train Epoch: 1 [1068928/2383430 (44.8%)]	Loss: 0.287441
Train Epoch: 1 [1075328/2383430 (45.1%)]	Loss: 0.308576
Train Epoch: 1 [1081728/2383430 (45.4%)]	Loss: 0.184442
Train Epoch: 1 [1088128/2383430 (45.7%)]	Loss: 0.141088
Train Epoch: 1 [1094528/2383430 (45.9%)]	Loss: 0.245187
Train Epoch: 1 [1100928/2383430 (46.2%)]	Loss: 0.162808
Train Epoch: 1 [1107328/2383430 (46.5%)]	Loss: 0.229532
Train Epoch: 1 [1113728/2383430 (46.7%)]	Loss: 0.139407
Train Epoch: 1 [1120128/2383430 (47.0%)]	Loss: 0.249993
Train Epoch: 1 [1126528/2383430 (47.3%)]	Loss: 0.208746
Train Epoch: 1 [1132928/2383430 (47.5%)]	Loss: 0.175467
Train Epoch: 1 [1139328/2383430 (47.8%)]	Loss: 0.212914
Train Epoch: 1 [1145728/2383430 (48.1%)]	Loss: 0.175113
Train Epoch: 1 [1152128/2383430 (48.3%)]	Loss: 0.189744
Train Epoch: 1 [1158528/2383430 (48.6%)]	Loss: 0.337442
Train Epoch: 1 [1164928/2383430 (48.9%)]	Loss: 0.203404
Train Epoch: 1 [1171328/2383430 (49.1%)]	Loss: 0.276059
Train Epoch: 1 [1177728/2383430 (49.4%)]	Loss: 0.171866
Train Epoch: 1 [1184128/2383430 (49.7%)]	Loss: 0.152424
Train Epoch: 1 [1190528/2383430 (50.0%)]	Loss: 0.182944
Train Epoch: 1 [1196928/2383430 (50.2%)]	Loss: 0.259902
Train Epoch: 1 [1203328/2383430 (50.5%)]	Loss: 0.215110
Train Epoch: 1 [1209728/2383430 (50.8%)]	Loss: 0.196825
Train Epoch: 1 [1216128/2383430 (51.0%)]	Loss: 0.164764
Train Epoch: 1 [1222528/2383430 (51.3%)]	Loss: 0.152750
Train Epoch: 1 [1228928/2383430 (51.6%)]	Loss: 0.161335
Train Epoch: 1 [1235328/2383430 (51.8%)]	Loss: 0.135536
Train Epoch: 1 [1241728/2383430 (52.1%)]	Loss: 0.219076
Train Epoch: 1 [1248128/2383430 (52.4%)]	Loss: 0.172709
Train Epoch: 1 [1254528/2383430 (52.6%)]	Loss: 0.302101
Train Epoch: 1 [1260928/2383430 (52.9%)]	Loss: 0.254585
Train Epoch: 1 [1267328/2383430 (53.2%)]	Loss: 0.245508
Train Epoch: 1 [1273728/2383430 (53.4%)]	Loss: 0.227433
Train Epoch: 1 [1280128/2383430 (53.7%)]	Loss: 0.238949
Train Epoch: 1 [1286528/2383430 (54.0%)]	Loss: 0.233801
Train Epoch: 1 [1292928/2383430 (54.2%)]	Loss: 0.254215
Train Epoch: 1 [1299328/2383430 (54.5%)]	Loss: 0.159483
Train Epoch: 1 [1305728/2383430 (54.8%)]	Loss: 0.216623
Train Epoch: 1 [1312128/2383430 (55.1%)]	Loss: 0.260782
Train Epoch: 1 [1318528/2383430 (55.3%)]	Loss: 0.159638
Train Epoch: 1 [1324928/2383430 (55.6%)]	Loss: 0.234824
Train Epoch: 1 [1331328/2383430 (55.9%)]	Loss: 0.268082
Train Epoch: 1 [1337728/2383430 (56.1%)]	Loss: 0.262262
Train Epoch: 1 [1344128/2383430 (56.4%)]	Loss: 0.222937
Train Epoch: 1 [1350528/2383430 (56.7%)]	Loss: 0.316282
Train Epoch: 1 [1356928/2383430 (56.9%)]	Loss: 0.181857
Train Epoch: 1 [1363328/2383430 (57.2%)]	Loss: 0.185132
Train Epoch: 1 [1369728/2383430 (57.5%)]	Loss: 0.263040
Train Epoch: 1 [1376128/2383430 (57.7%)]	Loss: 0.214077
Train Epoch: 1 [1382528/2383430 (58.0%)]	Loss: 0.142031
Train Epoch: 1 [1388928/2383430 (58.3%)]	Loss: 0.224988
Train Epoch: 1 [1395328/2383430 (58.5%)]	Loss: 0.207954
Train Epoch: 1 [1401728/2383430 (58.8%)]	Loss: 0.208405
Train Epoch: 1 [1408128/2383430 (59.1%)]	Loss: 0.184607
Train Epoch: 1 [1414528/2383430 (59.3%)]	Loss: 0.227288
Train Epoch: 1 [1420928/2383430 (59.6%)]	Loss: 0.117064
Train Epoch: 1 [1427328/2383430 (59.9%)]	Loss: 0.203135
Train Epoch: 1 [1433728/2383430 (60.2%)]	Loss: 0.241032
Train Epoch: 1 [1440128/2383430 (60.4%)]	Loss: 0.189586
Train Epoch: 1 [1446528/2383430 (60.7%)]	Loss: 0.256110
Train Epoch: 1 [1452928/2383430 (61.0%)]	Loss: 0.251326
Train Epoch: 1 [1459328/2383430 (61.2%)]	Loss: 0.200925
Train Epoch: 1 [1465728/2383430 (61.5%)]	Loss: 0.226116
Train Epoch: 1 [1472128/2383430 (61.8%)]	Loss: 0.199273
Train Epoch: 1 [1478528/2383430 (62.0%)]	Loss: 0.295234
Train Epoch: 1 [1484928/2383430 (62.3%)]	Loss: 0.187864
Train Epoch: 1 [1491328/2383430 (62.6%)]	Loss: 0.220627
Train Epoch: 1 [1497728/2383430 (62.8%)]	Loss: 0.352639
Train Epoch: 1 [1504128/2383430 (63.1%)]	Loss: 0.154509
Train Epoch: 1 [1510528/2383430 (63.4%)]	Loss: 0.187951
Train Epoch: 1 [1516928/2383430 (63.6%)]	Loss: 0.191016
Train Epoch: 1 [1523328/2383430 (63.9%)]	Loss: 0.251428
Train Epoch: 1 [1529728/2383430 (64.2%)]	Loss: 0.224791
Train Epoch: 1 [1536128/2383430 (64.5%)]	Loss: 0.149690
Train Epoch: 1 [1542528/2383430 (64.7%)]	Loss: 0.257934
Train Epoch: 1 [1548928/2383430 (65.0%)]	Loss: 0.188034
Train Epoch: 1 [1555328/2383430 (65.3%)]	Loss: 0.204707
Train Epoch: 1 [1561728/2383430 (65.5%)]	Loss: 0.188287
Train Epoch: 1 [1568128/2383430 (65.8%)]	Loss: 0.222782
Train Epoch: 1 [1574528/2383430 (66.1%)]	Loss: 0.186140
Train Epoch: 1 [1580928/2383430 (66.3%)]	Loss: 0.165365
Train Epoch: 1 [1587328/2383430 (66.6%)]	Loss: 0.168060
Train Epoch: 1 [1593728/2383430 (66.9%)]	Loss: 0.205921
Train Epoch: 1 [1600128/2383430 (67.1%)]	Loss: 0.177895
Train Epoch: 1 [1606528/2383430 (67.4%)]	Loss: 0.252059
Train Epoch: 1 [1612928/2383430 (67.7%)]	Loss: 0.276331
Train Epoch: 1 [1619328/2383430 (67.9%)]	Loss: 0.233818
Train Epoch: 1 [1625728/2383430 (68.2%)]	Loss: 0.186051
Train Epoch: 1 [1632128/2383430 (68.5%)]	Loss: 0.198222
Train Epoch: 1 [1638528/2383430 (68.7%)]	Loss: 0.206809
Train Epoch: 1 [1644928/2383430 (69.0%)]	Loss: 0.240580
Train Epoch: 1 [1651328/2383430 (69.3%)]	Loss: 0.147824
Train Epoch: 1 [1657728/2383430 (69.6%)]	Loss: 0.135487
Train Epoch: 1 [1664128/2383430 (69.8%)]	Loss: 0.260823
Train Epoch: 1 [1670528/2383430 (70.1%)]	Loss: 0.148641
Train Epoch: 1 [1676928/2383430 (70.4%)]	Loss: 0.219240
Train Epoch: 1 [1683328/2383430 (70.6%)]	Loss: 0.191890
Train Epoch: 1 [1689728/2383430 (70.9%)]	Loss: 0.255991
Train Epoch: 1 [1696128/2383430 (71.2%)]	Loss: 0.196952
Train Epoch: 1 [1702528/2383430 (71.4%)]	Loss: 0.227128
Train Epoch: 1 [1708928/2383430 (71.7%)]	Loss: 0.226912
Train Epoch: 1 [1715328/2383430 (72.0%)]	Loss: 0.264456
Train Epoch: 1 [1721728/2383430 (72.2%)]	Loss: 0.137063
Train Epoch: 1 [1728128/2383430 (72.5%)]	Loss: 0.238479
Train Epoch: 1 [1734528/2383430 (72.8%)]	Loss: 0.180882
Train Epoch: 1 [1740928/2383430 (73.0%)]	Loss: 0.190291
Train Epoch: 1 [1747328/2383430 (73.3%)]	Loss: 0.205640
Train Epoch: 1 [1753728/2383430 (73.6%)]	Loss: 0.197551
Train Epoch: 1 [1760128/2383430 (73.8%)]	Loss: 0.191135
Train Epoch: 1 [1766528/2383430 (74.1%)]	Loss: 0.166611
Train Epoch: 1 [1772928/2383430 (74.4%)]	Loss: 0.278299
Train Epoch: 1 [1779328/2383430 (74.7%)]	Loss: 0.158527
Train Epoch: 1 [1785728/2383430 (74.9%)]	Loss: 0.165111
Train Epoch: 1 [1792128/2383430 (75.2%)]	Loss: 0.239122
Train Epoch: 1 [1798528/2383430 (75.5%)]	Loss: 0.166130
Train Epoch: 1 [1804928/2383430 (75.7%)]	Loss: 0.198732
Train Epoch: 1 [1811328/2383430 (76.0%)]	Loss: 0.273853
Train Epoch: 1 [1817728/2383430 (76.3%)]	Loss: 0.188108
Train Epoch: 1 [1824128/2383430 (76.5%)]	Loss: 0.252329
Train Epoch: 1 [1830528/2383430 (76.8%)]	Loss: 0.161796
Train Epoch: 1 [1836928/2383430 (77.1%)]	Loss: 0.272369
Train Epoch: 1 [1843328/2383430 (77.3%)]	Loss: 0.111580
Train Epoch: 1 [1849728/2383430 (77.6%)]	Loss: 0.172800
Train Epoch: 1 [1856128/2383430 (77.9%)]	Loss: 0.238973
Train Epoch: 1 [1862528/2383430 (78.1%)]	Loss: 0.206914
Train Epoch: 1 [1868928/2383430 (78.4%)]	Loss: 0.089898
Train Epoch: 1 [1875328/2383430 (78.7%)]	Loss: 0.331857
Train Epoch: 1 [1881728/2383430 (79.0%)]	Loss: 0.220077
Train Epoch: 1 [1888128/2383430 (79.2%)]	Loss: 0.146068
Train Epoch: 1 [1894528/2383430 (79.5%)]	Loss: 0.215485  3%|▎         | 1/30 [45:22<21:56:03, 2722.86s/it]
Train Epoch: 1 [1900928/2383430 (79.8%)]	Loss: 0.250286
Train Epoch: 1 [1907328/2383430 (80.0%)]	Loss: 0.301490
Train Epoch: 1 [1913728/2383430 (80.3%)]	Loss: 0.252731
Train Epoch: 1 [1920128/2383430 (80.6%)]	Loss: 0.210870
Train Epoch: 1 [1926528/2383430 (80.8%)]	Loss: 0.180271
Train Epoch: 1 [1932928/2383430 (81.1%)]	Loss: 0.160313
Train Epoch: 1 [1939328/2383430 (81.4%)]	Loss: 0.177042
Train Epoch: 1 [1945728/2383430 (81.6%)]	Loss: 0.192036
Train Epoch: 1 [1952128/2383430 (81.9%)]	Loss: 0.189428
Train Epoch: 1 [1958528/2383430 (82.2%)]	Loss: 0.121804
Train Epoch: 1 [1964928/2383430 (82.4%)]	Loss: 0.240277
Train Epoch: 1 [1971328/2383430 (82.7%)]	Loss: 0.146055
Train Epoch: 1 [1977728/2383430 (83.0%)]	Loss: 0.206874
Train Epoch: 1 [1984128/2383430 (83.2%)]	Loss: 0.140611
Train Epoch: 1 [1990528/2383430 (83.5%)]	Loss: 0.171176
Train Epoch: 1 [1996928/2383430 (83.8%)]	Loss: 0.160805
Train Epoch: 1 [2003328/2383430 (84.1%)]	Loss: 0.208428
Train Epoch: 1 [2009728/2383430 (84.3%)]	Loss: 0.199423
Train Epoch: 1 [2016128/2383430 (84.6%)]	Loss: 0.371727
Train Epoch: 1 [2022528/2383430 (84.9%)]	Loss: 0.314479
Train Epoch: 1 [2028928/2383430 (85.1%)]	Loss: 0.217896
Train Epoch: 1 [2035328/2383430 (85.4%)]	Loss: 0.189033
Train Epoch: 1 [2041728/2383430 (85.7%)]	Loss: 0.172394
Train Epoch: 1 [2048128/2383430 (85.9%)]	Loss: 0.163924
Train Epoch: 1 [2054528/2383430 (86.2%)]	Loss: 0.357736
Train Epoch: 1 [2060928/2383430 (86.5%)]	Loss: 0.189828
Train Epoch: 1 [2067328/2383430 (86.7%)]	Loss: 0.227314
Train Epoch: 1 [2073728/2383430 (87.0%)]	Loss: 0.170508
Train Epoch: 1 [2080128/2383430 (87.3%)]	Loss: 0.178874
Train Epoch: 1 [2086528/2383430 (87.5%)]	Loss: 0.236679
Train Epoch: 1 [2092928/2383430 (87.8%)]	Loss: 0.215400
Train Epoch: 1 [2099328/2383430 (88.1%)]	Loss: 0.179823
Train Epoch: 1 [2105728/2383430 (88.3%)]	Loss: 0.129877
Train Epoch: 1 [2112128/2383430 (88.6%)]	Loss: 0.261970
Train Epoch: 1 [2118528/2383430 (88.9%)]	Loss: 0.185205
Train Epoch: 1 [2124928/2383430 (89.2%)]	Loss: 0.239578
Train Epoch: 1 [2131328/2383430 (89.4%)]	Loss: 0.230829
Train Epoch: 1 [2137728/2383430 (89.7%)]	Loss: 0.175248
Train Epoch: 1 [2144128/2383430 (90.0%)]	Loss: 0.225313
Train Epoch: 1 [2150528/2383430 (90.2%)]	Loss: 0.157907
Train Epoch: 1 [2156928/2383430 (90.5%)]	Loss: 0.195381
Train Epoch: 1 [2163328/2383430 (90.8%)]	Loss: 0.219875
Train Epoch: 1 [2169728/2383430 (91.0%)]	Loss: 0.318083
Train Epoch: 1 [2176128/2383430 (91.3%)]	Loss: 0.224027
Train Epoch: 1 [2182528/2383430 (91.6%)]	Loss: 0.239926
Train Epoch: 1 [2188928/2383430 (91.8%)]	Loss: 0.230508
Train Epoch: 1 [2195328/2383430 (92.1%)]	Loss: 0.093203
Train Epoch: 1 [2201728/2383430 (92.4%)]	Loss: 0.207223
Train Epoch: 1 [2208128/2383430 (92.6%)]	Loss: 0.213962
Train Epoch: 1 [2214528/2383430 (92.9%)]	Loss: 0.189004
Train Epoch: 1 [2220928/2383430 (93.2%)]	Loss: 0.170134
Train Epoch: 1 [2227328/2383430 (93.5%)]	Loss: 0.195009
Train Epoch: 1 [2233728/2383430 (93.7%)]	Loss: 0.212487
Train Epoch: 1 [2240128/2383430 (94.0%)]	Loss: 0.227300
Train Epoch: 1 [2246528/2383430 (94.3%)]	Loss: 0.256311
Train Epoch: 1 [2252928/2383430 (94.5%)]	Loss: 0.254097
Train Epoch: 1 [2259328/2383430 (94.8%)]	Loss: 0.146504
Train Epoch: 1 [2265728/2383430 (95.1%)]	Loss: 0.292111
Train Epoch: 1 [2272128/2383430 (95.3%)]	Loss: 0.224088
Train Epoch: 1 [2278528/2383430 (95.6%)]	Loss: 0.132628
Train Epoch: 1 [2284928/2383430 (95.9%)]	Loss: 0.228143
Train Epoch: 1 [2291328/2383430 (96.1%)]	Loss: 0.178186
Train Epoch: 1 [2297728/2383430 (96.4%)]	Loss: 0.170415
Train Epoch: 1 [2304128/2383430 (96.7%)]	Loss: 0.196461
Train Epoch: 1 [2310528/2383430 (96.9%)]	Loss: 0.212860
Train Epoch: 1 [2316928/2383430 (97.2%)]	Loss: 0.183253
Train Epoch: 1 [2323328/2383430 (97.5%)]	Loss: 0.196469
Train Epoch: 1 [2329728/2383430 (97.7%)]	Loss: 0.211747
Train Epoch: 1 [2336128/2383430 (98.0%)]	Loss: 0.150823
Train Epoch: 1 [2342528/2383430 (98.3%)]	Loss: 0.246430
Train Epoch: 1 [2348928/2383430 (98.6%)]	Loss: 0.133945
Train Epoch: 1 [2355328/2383430 (98.8%)]	Loss: 0.185294
Train Epoch: 1 [2361728/2383430 (99.1%)]	Loss: 0.201830
Train Epoch: 1 [2368128/2383430 (99.4%)]	Loss: 0.172003
Train Epoch: 1 [2374528/2383430 (99.6%)]	Loss: 0.250098
Train Epoch: 1 [2380928/2383430 (99.9%)]	Loss: 0.130535
Train Epoch: 2 [128/2383430 (0.0%)]	Loss: 0.148422
Train Epoch: 2 [6528/2383430 (0.3%)]	Loss: 0.231217
Train Epoch: 2 [12928/2383430 (0.5%)]	Loss: 0.111247
Train Epoch: 2 [19328/2383430 (0.8%)]	Loss: 0.179758
Train Epoch: 2 [25728/2383430 (1.1%)]	Loss: 0.231294
Train Epoch: 2 [32128/2383430 (1.3%)]	Loss: 0.164911
Train Epoch: 2 [38528/2383430 (1.6%)]	Loss: 0.160232
Train Epoch: 2 [44928/2383430 (1.9%)]	Loss: 0.207353
Train Epoch: 2 [51328/2383430 (2.2%)]	Loss: 0.122815
Train Epoch: 2 [57728/2383430 (2.4%)]	Loss: 0.173731
Train Epoch: 2 [64128/2383430 (2.7%)]	Loss: 0.221877
Train Epoch: 2 [70528/2383430 (3.0%)]	Loss: 0.086987
Train Epoch: 2 [76928/2383430 (3.2%)]	Loss: 0.146038
Train Epoch: 2 [83328/2383430 (3.5%)]	Loss: 0.204976
Train Epoch: 2 [89728/2383430 (3.8%)]	Loss: 0.247064
Train Epoch: 2 [96128/2383430 (4.0%)]	Loss: 0.240783
Train Epoch: 2 [102528/2383430 (4.3%)]	Loss: 0.168000
Train Epoch: 2 [108928/2383430 (4.6%)]	Loss: 0.167846
Train Epoch: 2 [115328/2383430 (4.8%)]	Loss: 0.161872
Train Epoch: 2 [121728/2383430 (5.1%)]	Loss: 0.209295
Train Epoch: 2 [128128/2383430 (5.4%)]	Loss: 0.222247
Train Epoch: 2 [134528/2383430 (5.6%)]	Loss: 0.193232
Train Epoch: 2 [140928/2383430 (5.9%)]	Loss: 0.157304
Train Epoch: 2 [147328/2383430 (6.2%)]	Loss: 0.148536
Train Epoch: 2 [153728/2383430 (6.4%)]	Loss: 0.197159
Train Epoch: 2 [160128/2383430 (6.7%)]	Loss: 0.183106
Train Epoch: 2 [166528/2383430 (7.0%)]	Loss: 0.216444
Train Epoch: 2 [172928/2383430 (7.3%)]	Loss: 0.144411
Train Epoch: 2 [179328/2383430 (7.5%)]	Loss: 0.167322
Train Epoch: 2 [185728/2383430 (7.8%)]	Loss: 0.209530
Train Epoch: 2 [192128/2383430 (8.1%)]	Loss: 0.216510
Train Epoch: 2 [198528/2383430 (8.3%)]	Loss: 0.209928
Train Epoch: 2 [204928/2383430 (8.6%)]	Loss: 0.110948
Train Epoch: 2 [211328/2383430 (8.9%)]	Loss: 0.176042
Train Epoch: 2 [217728/2383430 (9.1%)]	Loss: 0.223685
Train Epoch: 2 [224128/2383430 (9.4%)]	Loss: 0.156842
Train Epoch: 2 [230528/2383430 (9.7%)]	Loss: 0.159782
Train Epoch: 2 [236928/2383430 (9.9%)]	Loss: 0.349678
Train Epoch: 2 [243328/2383430 (10.2%)]	Loss: 0.172909
Train Epoch: 2 [249728/2383430 (10.5%)]	Loss: 0.183935
Train Epoch: 2 [256128/2383430 (10.7%)]	Loss: 0.278196
Train Epoch: 2 [262528/2383430 (11.0%)]	Loss: 0.262982
Train Epoch: 2 [268928/2383430 (11.3%)]	Loss: 0.217748
Train Epoch: 2 [275328/2383430 (11.6%)]	Loss: 0.221104
Train Epoch: 2 [281728/2383430 (11.8%)]	Loss: 0.232427
Train Epoch: 2 [288128/2383430 (12.1%)]	Loss: 0.216874
Train Epoch: 2 [294528/2383430 (12.4%)]	Loss: 0.219560
Train Epoch: 2 [300928/2383430 (12.6%)]	Loss: 0.135290
Train Epoch: 2 [307328/2383430 (12.9%)]	Loss: 0.109401
Train Epoch: 2 [313728/2383430 (13.2%)]	Loss: 0.225879
Train Epoch: 2 [320128/2383430 (13.4%)]	Loss: 0.260920
Train Epoch: 2 [326528/2383430 (13.7%)]	Loss: 0.149701
Train Epoch: 2 [332928/2383430 (14.0%)]	Loss: 0.201937
Train Epoch: 2 [339328/2383430 (14.2%)]	Loss: 0.225449
Train Epoch: 2 [345728/2383430 (14.5%)]	Loss: 0.249294
Train Epoch: 2 [352128/2383430 (14.8%)]	Loss: 0.228201
Train Epoch: 2 [358528/2383430 (15.0%)]	Loss: 0.210340
Train Epoch: 2 [364928/2383430 (15.3%)]	Loss: 0.128171
Train Epoch: 2 [371328/2383430 (15.6%)]	Loss: 0.139410
Train Epoch: 2 [377728/2383430 (15.8%)]	Loss: 0.240369
Train Epoch: 2 [384128/2383430 (16.1%)]	Loss: 0.198682
Train Epoch: 2 [390528/2383430 (16.4%)]	Loss: 0.204421
Train Epoch: 2 [396928/2383430 (16.7%)]	Loss: 0.195841
Train Epoch: 2 [403328/2383430 (16.9%)]	Loss: 0.239751
Train Epoch: 2 [409728/2383430 (17.2%)]	Loss: 0.273683
Train Epoch: 2 [416128/2383430 (17.5%)]	Loss: 0.296448
Train Epoch: 2 [422528/2383430 (17.7%)]	Loss: 0.167546
Train Epoch: 2 [428928/2383430 (18.0%)]	Loss: 0.192232
Train Epoch: 2 [435328/2383430 (18.3%)]	Loss: 0.199190
Train Epoch: 2 [441728/2383430 (18.5%)]	Loss: 0.276114
Train Epoch: 2 [448128/2383430 (18.8%)]	Loss: 0.214667
Train Epoch: 2 [454528/2383430 (19.1%)]	Loss: 0.189627
Train Epoch: 2 [460928/2383430 (19.3%)]	Loss: 0.156681
Train Epoch: 2 [467328/2383430 (19.6%)]	Loss: 0.224958
Train Epoch: 2 [473728/2383430 (19.9%)]	Loss: 0.168167
Train Epoch: 2 [480128/2383430 (20.1%)]	Loss: 0.188766
Train Epoch: 2 [486528/2383430 (20.4%)]	Loss: 0.166646
Train Epoch: 2 [492928/2383430 (20.7%)]	Loss: 0.221804
Train Epoch: 2 [499328/2383430 (20.9%)]	Loss: 0.159407
Train Epoch: 2 [505728/2383430 (21.2%)]	Loss: 0.210665
Train Epoch: 2 [512128/2383430 (21.5%)]	Loss: 0.296845
Train Epoch: 2 [518528/2383430 (21.8%)]	Loss: 0.104622
Train Epoch: 2 [524928/2383430 (22.0%)]	Loss: 0.225493
Train Epoch: 2 [531328/2383430 (22.3%)]	Loss: 0.179214
Train Epoch: 2 [537728/2383430 (22.6%)]	Loss: 0.126864
Train Epoch: 2 [544128/2383430 (22.8%)]	Loss: 0.276279
Train Epoch: 2 [550528/2383430 (23.1%)]	Loss: 0.110701
Train Epoch: 2 [556928/2383430 (23.4%)]	Loss: 0.185670
Train Epoch: 2 [563328/2383430 (23.6%)]	Loss: 0.197247
Train Epoch: 2 [569728/2383430 (23.9%)]	Loss: 0.215867
Train Epoch: 2 [576128/2383430 (24.2%)]	Loss: 0.262927
Train Epoch: 2 [582528/2383430 (24.4%)]	Loss: 0.247723
Train Epoch: 2 [588928/2383430 (24.7%)]	Loss: 0.240841
Train Epoch: 2 [595328/2383430 (25.0%)]	Loss: 0.236776
Train Epoch: 2 [601728/2383430 (25.2%)]	Loss: 0.236058
Train Epoch: 2 [608128/2383430 (25.5%)]	Loss: 0.213792
Train Epoch: 2 [614528/2383430 (25.8%)]	Loss: 0.208681
Train Epoch: 2 [620928/2383430 (26.1%)]	Loss: 0.179869
Train Epoch: 2 [627328/2383430 (26.3%)]	Loss: 0.214339
Train Epoch: 2 [633728/2383430 (26.6%)]	Loss: 0.225282
Train Epoch: 2 [640128/2383430 (26.9%)]	Loss: 0.164957
Train Epoch: 2 [646528/2383430 (27.1%)]	Loss: 0.174807
Train Epoch: 2 [652928/2383430 (27.4%)]	Loss: 0.217165
Train Epoch: 2 [659328/2383430 (27.7%)]	Loss: 0.231083
Train Epoch: 2 [665728/2383430 (27.9%)]	Loss: 0.127125
Train Epoch: 2 [672128/2383430 (28.2%)]	Loss: 0.186283
Train Epoch: 2 [678528/2383430 (28.5%)]	Loss: 0.265370
Train Epoch: 2 [684928/2383430 (28.7%)]	Loss: 0.197384
Train Epoch: 2 [691328/2383430 (29.0%)]	Loss: 0.149746
Train Epoch: 2 [697728/2383430 (29.3%)]	Loss: 0.216533
Train Epoch: 2 [704128/2383430 (29.5%)]	Loss: 0.194706
Train Epoch: 2 [710528/2383430 (29.8%)]	Loss: 0.226882
Train Epoch: 2 [716928/2383430 (30.1%)]	Loss: 0.146859
Train Epoch: 2 [723328/2383430 (30.3%)]	Loss: 0.188569
Train Epoch: 2 [729728/2383430 (30.6%)]	Loss: 0.238649
Train Epoch: 2 [736128/2383430 (30.9%)]	Loss: 0.203401
Train Epoch: 2 [742528/2383430 (31.2%)]	Loss: 0.252394
Train Epoch: 2 [748928/2383430 (31.4%)]	Loss: 0.185302
Train Epoch: 2 [755328/2383430 (31.7%)]	Loss: 0.204873
Train Epoch: 2 [761728/2383430 (32.0%)]	Loss: 0.178258
Train Epoch: 2 [768128/2383430 (32.2%)]	Loss: 0.188146
Train Epoch: 2 [774528/2383430 (32.5%)]	Loss: 0.261374
Train Epoch: 2 [780928/2383430 (32.8%)]	Loss: 0.149006
Train Epoch: 2 [787328/2383430 (33.0%)]	Loss: 0.180580
Train Epoch: 2 [793728/2383430 (33.3%)]	Loss: 0.132293
Train Epoch: 2 [800128/2383430 (33.6%)]	Loss: 0.296279
Train Epoch: 2 [806528/2383430 (33.8%)]	Loss: 0.202136
Train Epoch: 2 [812928/2383430 (34.1%)]	Loss: 0.217563
Train Epoch: 2 [819328/2383430 (34.4%)]	Loss: 0.169224
Train Epoch: 2 [825728/2383430 (34.6%)]	Loss: 0.229381
Train Epoch: 2 [832128/2383430 (34.9%)]	Loss: 0.161794
Train Epoch: 2 [838528/2383430 (35.2%)]	Loss: 0.199045
Train Epoch: 2 [844928/2383430 (35.5%)]	Loss: 0.173299
Train Epoch: 2 [851328/2383430 (35.7%)]	Loss: 0.112333
Train Epoch: 2 [857728/2383430 (36.0%)]	Loss: 0.233261
Train Epoch: 2 [864128/2383430 (36.3%)]	Loss: 0.247967
Train Epoch: 2 [870528/2383430 (36.5%)]	Loss: 0.204402
Train Epoch: 2 [876928/2383430 (36.8%)]	Loss: 0.210427
Train Epoch: 2 [883328/2383430 (37.1%)]	Loss: 0.215956
Train Epoch: 2 [889728/2383430 (37.3%)]	Loss: 0.216076
Train Epoch: 2 [896128/2383430 (37.6%)]	Loss: 0.218757
Train Epoch: 2 [902528/2383430 (37.9%)]	Loss: 0.193800
Train Epoch: 2 [908928/2383430 (38.1%)]	Loss: 0.191214
Train Epoch: 2 [915328/2383430 (38.4%)]	Loss: 0.203823
Train Epoch: 2 [921728/2383430 (38.7%)]	Loss: 0.152487
Train Epoch: 2 [928128/2383430 (38.9%)]	Loss: 0.178861
Train Epoch: 2 [934528/2383430 (39.2%)]	Loss: 0.177357
Train Epoch: 2 [940928/2383430 (39.5%)]	Loss: 0.259709
Train Epoch: 2 [947328/2383430 (39.7%)]	Loss: 0.256978
Train Epoch: 2 [953728/2383430 (40.0%)]	Loss: 0.165437
Train Epoch: 2 [960128/2383430 (40.3%)]	Loss: 0.231282
Train Epoch: 2 [966528/2383430 (40.6%)]	Loss: 0.193617
Train Epoch: 2 [972928/2383430 (40.8%)]	Loss: 0.123026
Train Epoch: 2 [979328/2383430 (41.1%)]	Loss: 0.210561
Train Epoch: 2 [985728/2383430 (41.4%)]	Loss: 0.163593
Train Epoch: 2 [992128/2383430 (41.6%)]	Loss: 0.154897
Train Epoch: 2 [998528/2383430 (41.9%)]	Loss: 0.171573
Train Epoch: 2 [1004928/2383430 (42.2%)]	Loss: 0.142590
Train Epoch: 2 [1011328/2383430 (42.4%)]	Loss: 0.251148
Train Epoch: 2 [1017728/2383430 (42.7%)]	Loss: 0.313015
Train Epoch: 2 [1024128/2383430 (43.0%)]	Loss: 0.220759
Train Epoch: 2 [1030528/2383430 (43.2%)]	Loss: 0.231762
Train Epoch: 2 [1036928/2383430 (43.5%)]	Loss: 0.189817
Train Epoch: 2 [1043328/2383430 (43.8%)]	Loss: 0.206042
Train Epoch: 2 [1049728/2383430 (44.0%)]	Loss: 0.189114
Train Epoch: 2 [1056128/2383430 (44.3%)]	Loss: 0.302934
Train Epoch: 2 [1062528/2383430 (44.6%)]	Loss: 0.146979
Train Epoch: 2 [1068928/2383430 (44.8%)]	Loss: 0.246442
Train Epoch: 2 [1075328/2383430 (45.1%)]	Loss: 0.232376
Train Epoch: 2 [1081728/2383430 (45.4%)]	Loss: 0.205838
Train Epoch: 2 [1088128/2383430 (45.7%)]	Loss: 0.205160
Train Epoch: 2 [1094528/2383430 (45.9%)]	Loss: 0.158545
Train Epoch: 2 [1100928/2383430 (46.2%)]	Loss: 0.253009
Train Epoch: 2 [1107328/2383430 (46.5%)]	Loss: 0.138127
Train Epoch: 2 [1113728/2383430 (46.7%)]	Loss: 0.176236
Train Epoch: 2 [1120128/2383430 (47.0%)]	Loss: 0.167781
Train Epoch: 2 [1126528/2383430 (47.3%)]	Loss: 0.105849
Train Epoch: 2 [1132928/2383430 (47.5%)]	Loss: 0.141796
Train Epoch: 2 [1139328/2383430 (47.8%)]	Loss: 0.197926
Train Epoch: 2 [1145728/2383430 (48.1%)]	Loss: 0.184432
Train Epoch: 2 [1152128/2383430 (48.3%)]	Loss: 0.200724
Train Epoch: 2 [1158528/2383430 (48.6%)]	Loss: 0.227609
Train Epoch: 2 [1164928/2383430 (48.9%)]	Loss: 0.128720
Train Epoch: 2 [1171328/2383430 (49.1%)]	Loss: 0.186034
Train Epoch: 2 [1177728/2383430 (49.4%)]	Loss: 0.143364
Train Epoch: 2 [1184128/2383430 (49.7%)]	Loss: 0.173993
Train Epoch: 2 [1190528/2383430 (50.0%)]	Loss: 0.157061
Train Epoch: 2 [1196928/2383430 (50.2%)]	Loss: 0.236272
Train Epoch: 2 [1203328/2383430 (50.5%)]	Loss: 0.304421
Train Epoch: 2 [1209728/2383430 (50.8%)]	Loss: 0.171250
Train Epoch: 2 [1216128/2383430 (51.0%)]	Loss: 0.244699
Train Epoch: 2 [1222528/2383430 (51.3%)]	Loss: 0.175335
Train Epoch: 2 [1228928/2383430 (51.6%)]	Loss: 0.243930
Train Epoch: 2 [1235328/2383430 (51.8%)]	Loss: 0.181402
Train Epoch: 2 [1241728/2383430 (52.1%)]	Loss: 0.195972
Train Epoch: 2 [1248128/2383430 (52.4%)]	Loss: 0.197110
Train Epoch: 2 [1254528/2383430 (52.6%)]	Loss: 0.166577
Train Epoch: 2 [1260928/2383430 (52.9%)]	Loss: 0.198833
Train Epoch: 2 [1267328/2383430 (53.2%)]	Loss: 0.180008
Train Epoch: 2 [1273728/2383430 (53.4%)]	Loss: 0.187285
Train Epoch: 2 [1280128/2383430 (53.7%)]	Loss: 0.130937
Train Epoch: 2 [1286528/2383430 (54.0%)]	Loss: 0.129307
Train Epoch: 2 [1292928/2383430 (54.2%)]	Loss: 0.192388
Train Epoch: 2 [1299328/2383430 (54.5%)]	Loss: 0.165794
Train Epoch: 2 [1305728/2383430 (54.8%)]	Loss: 0.227069
Train Epoch: 2 [1312128/2383430 (55.1%)]	Loss: 0.129402
Train Epoch: 2 [1318528/2383430 (55.3%)]	Loss: 0.173301
Train Epoch: 2 [1324928/2383430 (55.6%)]	Loss: 0.234716
Train Epoch: 2 [1331328/2383430 (55.9%)]	Loss: 0.206354
Train Epoch: 2 [1337728/2383430 (56.1%)]	Loss: 0.227739
Train Epoch: 2 [1344128/2383430 (56.4%)]	Loss: 0.231985
Train Epoch: 2 [1350528/2383430 (56.7%)]	Loss: 0.239370
Train Epoch: 2 [1356928/2383430 (56.9%)]	Loss: 0.223934
Train Epoch: 2 [1363328/2383430 (57.2%)]	Loss: 0.168855
Train Epoch: 2 [1369728/2383430 (57.5%)]	Loss: 0.168830
Train Epoch: 2 [1376128/2383430 (57.7%)]	Loss: 0.222902
Train Epoch: 2 [1382528/2383430 (58.0%)]	Loss: 0.229506
Train Epoch: 2 [1388928/2383430 (58.3%)]	Loss: 0.263919
Train Epoch: 2 [1395328/2383430 (58.5%)]	Loss: 0.242576
Train Epoch: 2 [1401728/2383430 (58.8%)]	Loss: 0.209180
Train Epoch: 2 [1408128/2383430 (59.1%)]	Loss: 0.193898
Train Epoch: 2 [1414528/2383430 (59.3%)]	Loss: 0.255496
Train Epoch: 2 [1420928/2383430 (59.6%)]	Loss: 0.182832
Train Epoch: 2 [1427328/2383430 (59.9%)]	Loss: 0.195817
Train Epoch: 2 [1433728/2383430 (60.2%)]	Loss: 0.144366
Train Epoch: 2 [1440128/2383430 (60.4%)]	Loss: 0.260507
Train Epoch: 2 [1446528/2383430 (60.7%)]	Loss: 0.166030
Train Epoch: 2 [1452928/2383430 (61.0%)]	Loss: 0.209677
Train Epoch: 2 [1459328/2383430 (61.2%)]	Loss: 0.118138
Train Epoch: 2 [1465728/2383430 (61.5%)]	Loss: 0.156409
Train Epoch: 2 [1472128/2383430 (61.8%)]	Loss: 0.267240
Train Epoch: 2 [1478528/2383430 (62.0%)]	Loss: 0.173177
Train Epoch: 2 [1484928/2383430 (62.3%)]	Loss: 0.185703
Train Epoch: 2 [1491328/2383430 (62.6%)]	Loss: 0.129517
Train Epoch: 2 [1497728/2383430 (62.8%)]	Loss: 0.124554
Train Epoch: 2 [1504128/2383430 (63.1%)]	Loss: 0.248086
Train Epoch: 2 [1510528/2383430 (63.4%)]	Loss: 0.181967
Train Epoch: 2 [1516928/2383430 (63.6%)]	Loss: 0.158963
Train Epoch: 2 [1523328/2383430 (63.9%)]	Loss: 0.130132
Train Epoch: 2 [1529728/2383430 (64.2%)]	Loss: 0.246638
Train Epoch: 2 [1536128/2383430 (64.5%)]	Loss: 0.120347
Train Epoch: 2 [1542528/2383430 (64.7%)]	Loss: 0.213359
Train Epoch: 2 [1548928/2383430 (65.0%)]	Loss: 0.170003
Train Epoch: 2 [1555328/2383430 (65.3%)]	Loss: 0.115687
Train Epoch: 2 [1561728/2383430 (65.5%)]	Loss: 0.256948
Train Epoch: 2 [1568128/2383430 (65.8%)]	Loss: 0.241892
Train Epoch: 2 [1574528/2383430 (66.1%)]	Loss: 0.263573
Train Epoch: 2 [1580928/2383430 (66.3%)]	Loss: 0.207219
Train Epoch: 2 [1587328/2383430 (66.6%)]	Loss: 0.173895
Train Epoch: 2 [1593728/2383430 (66.9%)]	Loss: 0.199133
Train Epoch: 2 [1600128/2383430 (67.1%)]	Loss: 0.171539
Train Epoch: 2 [1606528/2383430 (67.4%)]	Loss: 0.170037
Train Epoch: 2 [1612928/2383430 (67.7%)]	Loss: 0.183491
Train Epoch: 2 [1619328/2383430 (67.9%)]	Loss: 0.200327
Train Epoch: 2 [1625728/2383430 (68.2%)]	Loss: 0.169438
Train Epoch: 2 [1632128/2383430 (68.5%)]	Loss: 0.134038
Train Epoch: 2 [1638528/2383430 (68.7%)]	Loss: 0.171630
Train Epoch: 2 [1644928/2383430 (69.0%)]	Loss: 0.228206
Train Epoch: 2 [1651328/2383430 (69.3%)]	Loss: 0.143204
Train Epoch: 2 [1657728/2383430 (69.6%)]	Loss: 0.151046
Train Epoch: 2 [1664128/2383430 (69.8%)]	Loss: 0.165176
Train Epoch: 2 [1670528/2383430 (70.1%)]	Loss: 0.139323
Train Epoch: 2 [1676928/2383430 (70.4%)]	Loss: 0.214725
Train Epoch: 2 [1683328/2383430 (70.6%)]	Loss: 0.167142
Train Epoch: 2 [1689728/2383430 (70.9%)]	Loss: 0.157250
Train Epoch: 2 [1696128/2383430 (71.2%)]	Loss: 0.134547
Train Epoch: 2 [1702528/2383430 (71.4%)]	Loss: 0.228222
Train Epoch: 2 [1708928/2383430 (71.7%)]	Loss: 0.196390
Train Epoch: 2 [1715328/2383430 (72.0%)]	Loss: 0.213605
Train Epoch: 2 [1721728/2383430 (72.2%)]	Loss: 0.160292
Train Epoch: 2 [1728128/2383430 (72.5%)]	Loss: 0.162552
Train Epoch: 2 [1734528/2383430 (72.8%)]	Loss: 0.264592
Train Epoch: 2 [1740928/2383430 (73.0%)]	Loss: 0.156120
Train Epoch: 2 [1747328/2383430 (73.3%)]	Loss: 0.116060
Train Epoch: 2 [1753728/2383430 (73.6%)]	Loss: 0.211146
Train Epoch: 2 [1760128/2383430 (73.8%)]	Loss: 0.145820
Train Epoch: 2 [1766528/2383430 (74.1%)]	Loss: 0.176858
Train Epoch: 2 [1772928/2383430 (74.4%)]	Loss: 0.284642
Train Epoch: 2 [1779328/2383430 (74.7%)]	Loss: 0.255782
Train Epoch: 2 [1785728/2383430 (74.9%)]	Loss: 0.244375
Train Epoch: 2 [1792128/2383430 (75.2%)]	Loss: 0.153887
Train Epoch: 2 [1798528/2383430 (75.5%)]	Loss: 0.161411
Train Epoch: 2 [1804928/2383430 (75.7%)]	Loss: 0.217800
Train Epoch: 2 [1811328/2383430 (76.0%)]	Loss: 0.186227
Train Epoch: 2 [1817728/2383430 (76.3%)]	Loss: 0.151708
Train Epoch: 2 [1824128/2383430 (76.5%)]	Loss: 0.165555
Train Epoch: 2 [1830528/2383430 (76.8%)]	Loss: 0.162709
Train Epoch: 2 [1836928/2383430 (77.1%)]	Loss: 0.177089
Train Epoch: 2 [1843328/2383430 (77.3%)]	Loss: 0.210607
Train Epoch: 2 [1849728/2383430 (77.6%)]	Loss: 0.216744
Train Epoch: 2 [1856128/2383430 (77.9%)]	Loss: 0.315043
Train Epoch: 2 [1862528/2383430 (78.1%)]	Loss: 0.251096
Train Epoch: 2 [1868928/2383430 (78.4%)]	Loss: 0.272891
Train Epoch: 2 [1875328/2383430 (78.7%)]	Loss: 0.097908
Train Epoch: 2 [1881728/2383430 (79.0%)]	Loss: 0.169221
Train Epoch: 2 [1888128/2383430 (79.2%)]	Loss: 0.258728
Train Epoch: 2 [1894528/2383430 (79.5%)]	Loss: 0.280505  7%|▋         | 2/30 [1:30:32<21:07:01, 2715.04s/it]
Train Epoch: 2 [1900928/2383430 (79.8%)]	Loss: 0.171590
Train Epoch: 2 [1907328/2383430 (80.0%)]	Loss: 0.205239
Train Epoch: 2 [1913728/2383430 (80.3%)]	Loss: 0.188740
Train Epoch: 2 [1920128/2383430 (80.6%)]	Loss: 0.272026
Train Epoch: 2 [1926528/2383430 (80.8%)]	Loss: 0.195808
Train Epoch: 2 [1932928/2383430 (81.1%)]	Loss: 0.202179
Train Epoch: 2 [1939328/2383430 (81.4%)]	Loss: 0.170999
Train Epoch: 2 [1945728/2383430 (81.6%)]	Loss: 0.197709
Train Epoch: 2 [1952128/2383430 (81.9%)]	Loss: 0.128626
Train Epoch: 2 [1958528/2383430 (82.2%)]	Loss: 0.252609
Train Epoch: 2 [1964928/2383430 (82.4%)]	Loss: 0.277934
Train Epoch: 2 [1971328/2383430 (82.7%)]	Loss: 0.271747
Train Epoch: 2 [1977728/2383430 (83.0%)]	Loss: 0.184115
Train Epoch: 2 [1984128/2383430 (83.2%)]	Loss: 0.176791
Train Epoch: 2 [1990528/2383430 (83.5%)]	Loss: 0.183390
Train Epoch: 2 [1996928/2383430 (83.8%)]	Loss: 0.271530
Train Epoch: 2 [2003328/2383430 (84.1%)]	Loss: 0.160891
Train Epoch: 2 [2009728/2383430 (84.3%)]	Loss: 0.131826
Train Epoch: 2 [2016128/2383430 (84.6%)]	Loss: 0.232401
Train Epoch: 2 [2022528/2383430 (84.9%)]	Loss: 0.160324
Train Epoch: 2 [2028928/2383430 (85.1%)]	Loss: 0.143463
Train Epoch: 2 [2035328/2383430 (85.4%)]	Loss: 0.216900
Train Epoch: 2 [2041728/2383430 (85.7%)]	Loss: 0.137436
Train Epoch: 2 [2048128/2383430 (85.9%)]	Loss: 0.125895
Train Epoch: 2 [2054528/2383430 (86.2%)]	Loss: 0.234188
Train Epoch: 2 [2060928/2383430 (86.5%)]	Loss: 0.175636
Train Epoch: 2 [2067328/2383430 (86.7%)]	Loss: 0.173158
Train Epoch: 2 [2073728/2383430 (87.0%)]	Loss: 0.124258
Train Epoch: 2 [2080128/2383430 (87.3%)]	Loss: 0.217083
Train Epoch: 2 [2086528/2383430 (87.5%)]	Loss: 0.157905
Train Epoch: 2 [2092928/2383430 (87.8%)]	Loss: 0.219308
Train Epoch: 2 [2099328/2383430 (88.1%)]	Loss: 0.199462
Train Epoch: 2 [2105728/2383430 (88.3%)]	Loss: 0.160644
Train Epoch: 2 [2112128/2383430 (88.6%)]	Loss: 0.114881
Train Epoch: 2 [2118528/2383430 (88.9%)]	Loss: 0.238185
Train Epoch: 2 [2124928/2383430 (89.2%)]	Loss: 0.216054
Train Epoch: 2 [2131328/2383430 (89.4%)]	Loss: 0.159111
Train Epoch: 2 [2137728/2383430 (89.7%)]	Loss: 0.166777
Train Epoch: 2 [2144128/2383430 (90.0%)]	Loss: 0.193888
Train Epoch: 2 [2150528/2383430 (90.2%)]	Loss: 0.148027
Train Epoch: 2 [2156928/2383430 (90.5%)]	Loss: 0.261676
Train Epoch: 2 [2163328/2383430 (90.8%)]	Loss: 0.177237
Train Epoch: 2 [2169728/2383430 (91.0%)]	Loss: 0.125104
Train Epoch: 2 [2176128/2383430 (91.3%)]	Loss: 0.163314
Train Epoch: 2 [2182528/2383430 (91.6%)]	Loss: 0.252465
Train Epoch: 2 [2188928/2383430 (91.8%)]	Loss: 0.186528
Train Epoch: 2 [2195328/2383430 (92.1%)]	Loss: 0.235039
Train Epoch: 2 [2201728/2383430 (92.4%)]	Loss: 0.105961
Train Epoch: 2 [2208128/2383430 (92.6%)]	Loss: 0.252798
Train Epoch: 2 [2214528/2383430 (92.9%)]	Loss: 0.227596
Train Epoch: 2 [2220928/2383430 (93.2%)]	Loss: 0.196872
Train Epoch: 2 [2227328/2383430 (93.5%)]	Loss: 0.219990
Train Epoch: 2 [2233728/2383430 (93.7%)]	Loss: 0.124244
Train Epoch: 2 [2240128/2383430 (94.0%)]	Loss: 0.184003
Train Epoch: 2 [2246528/2383430 (94.3%)]	Loss: 0.152578
Train Epoch: 2 [2252928/2383430 (94.5%)]	Loss: 0.170068
Train Epoch: 2 [2259328/2383430 (94.8%)]	Loss: 0.210252
Train Epoch: 2 [2265728/2383430 (95.1%)]	Loss: 0.153770
Train Epoch: 2 [2272128/2383430 (95.3%)]	Loss: 0.239060
Train Epoch: 2 [2278528/2383430 (95.6%)]	Loss: 0.167269
Train Epoch: 2 [2284928/2383430 (95.9%)]	Loss: 0.203293
Train Epoch: 2 [2291328/2383430 (96.1%)]	Loss: 0.191237
Train Epoch: 2 [2297728/2383430 (96.4%)]	Loss: 0.134865
Train Epoch: 2 [2304128/2383430 (96.7%)]	Loss: 0.199756
Train Epoch: 2 [2310528/2383430 (96.9%)]	Loss: 0.069147
Train Epoch: 2 [2316928/2383430 (97.2%)]	Loss: 0.127640
Train Epoch: 2 [2323328/2383430 (97.5%)]	Loss: 0.182337
Train Epoch: 2 [2329728/2383430 (97.7%)]	Loss: 0.110418
Train Epoch: 2 [2336128/2383430 (98.0%)]	Loss: 0.256430
Train Epoch: 2 [2342528/2383430 (98.3%)]	Loss: 0.214257
Train Epoch: 2 [2348928/2383430 (98.6%)]	Loss: 0.199482
Train Epoch: 2 [2355328/2383430 (98.8%)]	Loss: 0.258335
Train Epoch: 2 [2361728/2383430 (99.1%)]	Loss: 0.171029
Train Epoch: 2 [2368128/2383430 (99.4%)]	Loss: 0.215200
Train Epoch: 2 [2374528/2383430 (99.6%)]	Loss: 0.131836
Train Epoch: 2 [2380928/2383430 (99.9%)]	Loss: 0.131969
Train Epoch: 3 [128/2383430 (0.0%)]	Loss: 0.187648
Train Epoch: 3 [6528/2383430 (0.3%)]	Loss: 0.201197
Train Epoch: 3 [12928/2383430 (0.5%)]	Loss: 0.162973
Train Epoch: 3 [19328/2383430 (0.8%)]	Loss: 0.209198
Train Epoch: 3 [25728/2383430 (1.1%)]	Loss: 0.149848
Train Epoch: 3 [32128/2383430 (1.3%)]	Loss: 0.185256
Train Epoch: 3 [38528/2383430 (1.6%)]	Loss: 0.129015
Train Epoch: 3 [44928/2383430 (1.9%)]	Loss: 0.201399
Train Epoch: 3 [51328/2383430 (2.2%)]	Loss: 0.196616
Train Epoch: 3 [57728/2383430 (2.4%)]	Loss: 0.207149
Train Epoch: 3 [64128/2383430 (2.7%)]	Loss: 0.103342
Train Epoch: 3 [70528/2383430 (3.0%)]	Loss: 0.210771
Train Epoch: 3 [76928/2383430 (3.2%)]	Loss: 0.161947
Train Epoch: 3 [83328/2383430 (3.5%)]	Loss: 0.141663
Train Epoch: 3 [89728/2383430 (3.8%)]	Loss: 0.142808
Train Epoch: 3 [96128/2383430 (4.0%)]	Loss: 0.270252
Train Epoch: 3 [102528/2383430 (4.3%)]	Loss: 0.157824
Train Epoch: 3 [108928/2383430 (4.6%)]	Loss: 0.195904
Train Epoch: 3 [115328/2383430 (4.8%)]	Loss: 0.238082
Train Epoch: 3 [121728/2383430 (5.1%)]	Loss: 0.269270
Train Epoch: 3 [128128/2383430 (5.4%)]	Loss: 0.212685
Train Epoch: 3 [134528/2383430 (5.6%)]	Loss: 0.183035
Train Epoch: 3 [140928/2383430 (5.9%)]	Loss: 0.237477
Train Epoch: 3 [147328/2383430 (6.2%)]	Loss: 0.140952
Train Epoch: 3 [153728/2383430 (6.4%)]	Loss: 0.280381
Train Epoch: 3 [160128/2383430 (6.7%)]	Loss: 0.221957
Train Epoch: 3 [166528/2383430 (7.0%)]	Loss: 0.214893
Train Epoch: 3 [172928/2383430 (7.3%)]	Loss: 0.229833
Train Epoch: 3 [179328/2383430 (7.5%)]	Loss: 0.211396
Train Epoch: 3 [185728/2383430 (7.8%)]	Loss: 0.164007
Train Epoch: 3 [192128/2383430 (8.1%)]	Loss: 0.172553
Train Epoch: 3 [198528/2383430 (8.3%)]	Loss: 0.219171
Train Epoch: 3 [204928/2383430 (8.6%)]	Loss: 0.144845
Train Epoch: 3 [211328/2383430 (8.9%)]	Loss: 0.299225
Train Epoch: 3 [217728/2383430 (9.1%)]	Loss: 0.254099
Train Epoch: 3 [224128/2383430 (9.4%)]	Loss: 0.175578
Train Epoch: 3 [230528/2383430 (9.7%)]	Loss: 0.137737
Train Epoch: 3 [236928/2383430 (9.9%)]	Loss: 0.119532
Train Epoch: 3 [243328/2383430 (10.2%)]	Loss: 0.186937
Train Epoch: 3 [249728/2383430 (10.5%)]	Loss: 0.148944
Train Epoch: 3 [256128/2383430 (10.7%)]	Loss: 0.173158
Train Epoch: 3 [262528/2383430 (11.0%)]	Loss: 0.237873
Train Epoch: 3 [268928/2383430 (11.3%)]	Loss: 0.176682
Train Epoch: 3 [275328/2383430 (11.6%)]	Loss: 0.108655
Train Epoch: 3 [281728/2383430 (11.8%)]	Loss: 0.138769
Train Epoch: 3 [288128/2383430 (12.1%)]	Loss: 0.169111
Train Epoch: 3 [294528/2383430 (12.4%)]	Loss: 0.221659
Train Epoch: 3 [300928/2383430 (12.6%)]	Loss: 0.289340
Train Epoch: 3 [307328/2383430 (12.9%)]	Loss: 0.131482
Train Epoch: 3 [313728/2383430 (13.2%)]	Loss: 0.214676
Train Epoch: 3 [320128/2383430 (13.4%)]	Loss: 0.172759
Train Epoch: 3 [326528/2383430 (13.7%)]	Loss: 0.183010
Train Epoch: 3 [332928/2383430 (14.0%)]	Loss: 0.155133
Train Epoch: 3 [339328/2383430 (14.2%)]	Loss: 0.227541
Train Epoch: 3 [345728/2383430 (14.5%)]	Loss: 0.178398
Train Epoch: 3 [352128/2383430 (14.8%)]	Loss: 0.137038
Train Epoch: 3 [358528/2383430 (15.0%)]	Loss: 0.166589
Train Epoch: 3 [364928/2383430 (15.3%)]	Loss: 0.219510
Train Epoch: 3 [371328/2383430 (15.6%)]	Loss: 0.191215
Train Epoch: 3 [377728/2383430 (15.8%)]	Loss: 0.250652
Train Epoch: 3 [384128/2383430 (16.1%)]	Loss: 0.178255
Train Epoch: 3 [390528/2383430 (16.4%)]	Loss: 0.127051
Train Epoch: 3 [396928/2383430 (16.7%)]	Loss: 0.208347
Train Epoch: 3 [403328/2383430 (16.9%)]	Loss: 0.162993
Train Epoch: 3 [409728/2383430 (17.2%)]	Loss: 0.210107
Train Epoch: 3 [416128/2383430 (17.5%)]	Loss: 0.239513
Train Epoch: 3 [422528/2383430 (17.7%)]	Loss: 0.202712
Train Epoch: 3 [428928/2383430 (18.0%)]	Loss: 0.170340
Train Epoch: 3 [435328/2383430 (18.3%)]	Loss: 0.183286
Train Epoch: 3 [441728/2383430 (18.5%)]	Loss: 0.296795
Train Epoch: 3 [448128/2383430 (18.8%)]	Loss: 0.181762
Train Epoch: 3 [454528/2383430 (19.1%)]	Loss: 0.198166
Train Epoch: 3 [460928/2383430 (19.3%)]	Loss: 0.200114
Train Epoch: 3 [467328/2383430 (19.6%)]	Loss: 0.139454
Train Epoch: 3 [473728/2383430 (19.9%)]	Loss: 0.134315
Train Epoch: 3 [480128/2383430 (20.1%)]	Loss: 0.274664
Train Epoch: 3 [486528/2383430 (20.4%)]	Loss: 0.238349
Train Epoch: 3 [492928/2383430 (20.7%)]	Loss: 0.148490
Train Epoch: 3 [499328/2383430 (20.9%)]	Loss: 0.169455
Train Epoch: 3 [505728/2383430 (21.2%)]	Loss: 0.154978
Train Epoch: 3 [512128/2383430 (21.5%)]	Loss: 0.106736
Train Epoch: 3 [518528/2383430 (21.8%)]	Loss: 0.372039
Train Epoch: 3 [524928/2383430 (22.0%)]	Loss: 0.131580
Train Epoch: 3 [531328/2383430 (22.3%)]	Loss: 0.109054
Train Epoch: 3 [537728/2383430 (22.6%)]	Loss: 0.142613
Train Epoch: 3 [544128/2383430 (22.8%)]	Loss: 0.227211
Train Epoch: 3 [550528/2383430 (23.1%)]	Loss: 0.151024
Train Epoch: 3 [556928/2383430 (23.4%)]	Loss: 0.123998
Train Epoch: 3 [563328/2383430 (23.6%)]	Loss: 0.219630
Train Epoch: 3 [569728/2383430 (23.9%)]	Loss: 0.215942
Train Epoch: 3 [576128/2383430 (24.2%)]	Loss: 0.129523
Train Epoch: 3 [582528/2383430 (24.4%)]	Loss: 0.191668
Train Epoch: 3 [588928/2383430 (24.7%)]	Loss: 0.167123
Train Epoch: 3 [595328/2383430 (25.0%)]	Loss: 0.175914
Train Epoch: 3 [601728/2383430 (25.2%)]	Loss: 0.185301
Train Epoch: 3 [608128/2383430 (25.5%)]	Loss: 0.175823
Train Epoch: 3 [614528/2383430 (25.8%)]	Loss: 0.213139
Train Epoch: 3 [620928/2383430 (26.1%)]	Loss: 0.223658
Train Epoch: 3 [627328/2383430 (26.3%)]	Loss: 0.177319
Train Epoch: 3 [633728/2383430 (26.6%)]	Loss: 0.284159
Train Epoch: 3 [640128/2383430 (26.9%)]	Loss: 0.161424
Train Epoch: 3 [646528/2383430 (27.1%)]	Loss: 0.209664
Train Epoch: 3 [652928/2383430 (27.4%)]	Loss: 0.116563
Train Epoch: 3 [659328/2383430 (27.7%)]	Loss: 0.166970
Train Epoch: 3 [665728/2383430 (27.9%)]	Loss: 0.201609
Train Epoch: 3 [672128/2383430 (28.2%)]	Loss: 0.291076
Train Epoch: 3 [678528/2383430 (28.5%)]	Loss: 0.159308
Train Epoch: 3 [684928/2383430 (28.7%)]	Loss: 0.164008
Train Epoch: 3 [691328/2383430 (29.0%)]	Loss: 0.177872
Train Epoch: 3 [697728/2383430 (29.3%)]	Loss: 0.161031
Train Epoch: 3 [704128/2383430 (29.5%)]	Loss: 0.168275
Train Epoch: 3 [710528/2383430 (29.8%)]	Loss: 0.213646
Train Epoch: 3 [716928/2383430 (30.1%)]	Loss: 0.119782
Train Epoch: 3 [723328/2383430 (30.3%)]	Loss: 0.152354
Train Epoch: 3 [729728/2383430 (30.6%)]	Loss: 0.208699
Train Epoch: 3 [736128/2383430 (30.9%)]	Loss: 0.166919
Train Epoch: 3 [742528/2383430 (31.2%)]	Loss: 0.239832
Train Epoch: 3 [748928/2383430 (31.4%)]	Loss: 0.153596
Train Epoch: 3 [755328/2383430 (31.7%)]	Loss: 0.234481
Train Epoch: 3 [761728/2383430 (32.0%)]	Loss: 0.123838
Train Epoch: 3 [768128/2383430 (32.2%)]	Loss: 0.220272
Train Epoch: 3 [774528/2383430 (32.5%)]	Loss: 0.255543
Train Epoch: 3 [780928/2383430 (32.8%)]	Loss: 0.268697
Train Epoch: 3 [787328/2383430 (33.0%)]	Loss: 0.259545
Train Epoch: 3 [793728/2383430 (33.3%)]	Loss: 0.093704
Train Epoch: 3 [800128/2383430 (33.6%)]	Loss: 0.159213
Train Epoch: 3 [806528/2383430 (33.8%)]	Loss: 0.164575
Train Epoch: 3 [812928/2383430 (34.1%)]	Loss: 0.175848
Train Epoch: 3 [819328/2383430 (34.4%)]	Loss: 0.209461
Train Epoch: 3 [825728/2383430 (34.6%)]	Loss: 0.171227
Train Epoch: 3 [832128/2383430 (34.9%)]	Loss: 0.182225
Train Epoch: 3 [838528/2383430 (35.2%)]	Loss: 0.163480
Train Epoch: 3 [844928/2383430 (35.5%)]	Loss: 0.222396
Train Epoch: 3 [851328/2383430 (35.7%)]	Loss: 0.255464
Train Epoch: 3 [857728/2383430 (36.0%)]	Loss: 0.203583
Train Epoch: 3 [864128/2383430 (36.3%)]	Loss: 0.233227
Train Epoch: 3 [870528/2383430 (36.5%)]	Loss: 0.235309
Train Epoch: 3 [876928/2383430 (36.8%)]	Loss: 0.180449
Train Epoch: 3 [883328/2383430 (37.1%)]	Loss: 0.105735
Train Epoch: 3 [889728/2383430 (37.3%)]	Loss: 0.214787
Train Epoch: 3 [896128/2383430 (37.6%)]	Loss: 0.110238
Train Epoch: 3 [902528/2383430 (37.9%)]	Loss: 0.266750
Train Epoch: 3 [908928/2383430 (38.1%)]	Loss: 0.198707
Train Epoch: 3 [915328/2383430 (38.4%)]	Loss: 0.136687
Train Epoch: 3 [921728/2383430 (38.7%)]	Loss: 0.141794
Train Epoch: 3 [928128/2383430 (38.9%)]	Loss: 0.161455
Train Epoch: 3 [934528/2383430 (39.2%)]	Loss: 0.238502
Train Epoch: 3 [940928/2383430 (39.5%)]	Loss: 0.163398
Train Epoch: 3 [947328/2383430 (39.7%)]	Loss: 0.162698
Train Epoch: 3 [953728/2383430 (40.0%)]	Loss: 0.206358
Train Epoch: 3 [960128/2383430 (40.3%)]	Loss: 0.148605
Train Epoch: 3 [966528/2383430 (40.6%)]	Loss: 0.161190
Train Epoch: 3 [972928/2383430 (40.8%)]	Loss: 0.233466
Train Epoch: 3 [979328/2383430 (41.1%)]	Loss: 0.154940
Train Epoch: 3 [985728/2383430 (41.4%)]	Loss: 0.122819
Train Epoch: 3 [992128/2383430 (41.6%)]	Loss: 0.236077
Train Epoch: 3 [998528/2383430 (41.9%)]	Loss: 0.258303
Train Epoch: 3 [1004928/2383430 (42.2%)]	Loss: 0.188886
Train Epoch: 3 [1011328/2383430 (42.4%)]	Loss: 0.243668
Train Epoch: 3 [1017728/2383430 (42.7%)]	Loss: 0.174486
Train Epoch: 3 [1024128/2383430 (43.0%)]	Loss: 0.235610
Train Epoch: 3 [1030528/2383430 (43.2%)]	Loss: 0.215200
Train Epoch: 3 [1036928/2383430 (43.5%)]	Loss: 0.158920
Train Epoch: 3 [1043328/2383430 (43.8%)]	Loss: 0.168074
Train Epoch: 3 [1049728/2383430 (44.0%)]	Loss: 0.237983
Train Epoch: 3 [1056128/2383430 (44.3%)]	Loss: 0.149201
Train Epoch: 3 [1062528/2383430 (44.6%)]	Loss: 0.254588
Train Epoch: 3 [1068928/2383430 (44.8%)]	Loss: 0.236530
Train Epoch: 3 [1075328/2383430 (45.1%)]	Loss: 0.204043
Train Epoch: 3 [1081728/2383430 (45.4%)]	Loss: 0.141467
Train Epoch: 3 [1088128/2383430 (45.7%)]	Loss: 0.212364
Train Epoch: 3 [1094528/2383430 (45.9%)]	Loss: 0.189797
Train Epoch: 3 [1100928/2383430 (46.2%)]	Loss: 0.222786
Train Epoch: 3 [1107328/2383430 (46.5%)]	Loss: 0.224295
Train Epoch: 3 [1113728/2383430 (46.7%)]	Loss: 0.143403
Train Epoch: 3 [1120128/2383430 (47.0%)]	Loss: 0.249470
Train Epoch: 3 [1126528/2383430 (47.3%)]	Loss: 0.125189
Train Epoch: 3 [1132928/2383430 (47.5%)]	Loss: 0.226161
Train Epoch: 3 [1139328/2383430 (47.8%)]	Loss: 0.178382
Train Epoch: 3 [1145728/2383430 (48.1%)]	Loss: 0.142327
Train Epoch: 3 [1152128/2383430 (48.3%)]	Loss: 0.176006
Train Epoch: 3 [1158528/2383430 (48.6%)]	Loss: 0.162420
Train Epoch: 3 [1164928/2383430 (48.9%)]	Loss: 0.169478
Train Epoch: 3 [1171328/2383430 (49.1%)]	Loss: 0.212671
Train Epoch: 3 [1177728/2383430 (49.4%)]	Loss: 0.233576
Train Epoch: 3 [1184128/2383430 (49.7%)]	Loss: 0.150495
Train Epoch: 3 [1190528/2383430 (50.0%)]	Loss: 0.120916
Train Epoch: 3 [1196928/2383430 (50.2%)]	Loss: 0.122064
Train Epoch: 3 [1203328/2383430 (50.5%)]	Loss: 0.233225
Train Epoch: 3 [1209728/2383430 (50.8%)]	Loss: 0.231638
Train Epoch: 3 [1216128/2383430 (51.0%)]	Loss: 0.177117
Train Epoch: 3 [1222528/2383430 (51.3%)]	Loss: 0.171773
Train Epoch: 3 [1228928/2383430 (51.6%)]	Loss: 0.221761
Train Epoch: 3 [1235328/2383430 (51.8%)]	Loss: 0.200623
Train Epoch: 3 [1241728/2383430 (52.1%)]	Loss: 0.179041
Train Epoch: 3 [1248128/2383430 (52.4%)]	Loss: 0.143676
Train Epoch: 3 [1254528/2383430 (52.6%)]	Loss: 0.193425
Train Epoch: 3 [1260928/2383430 (52.9%)]	Loss: 0.237288
Train Epoch: 3 [1267328/2383430 (53.2%)]	Loss: 0.160420
Train Epoch: 3 [1273728/2383430 (53.4%)]	Loss: 0.194901
Train Epoch: 3 [1280128/2383430 (53.7%)]	Loss: 0.114170
Train Epoch: 3 [1286528/2383430 (54.0%)]	Loss: 0.209664
Train Epoch: 3 [1292928/2383430 (54.2%)]	Loss: 0.175523
Train Epoch: 3 [1299328/2383430 (54.5%)]	Loss: 0.162305
Train Epoch: 3 [1305728/2383430 (54.8%)]	Loss: 0.186583
Train Epoch: 3 [1312128/2383430 (55.1%)]	Loss: 0.198963
Train Epoch: 3 [1318528/2383430 (55.3%)]	Loss: 0.165249
Train Epoch: 3 [1324928/2383430 (55.6%)]	Loss: 0.156529
Train Epoch: 3 [1331328/2383430 (55.9%)]	Loss: 0.314912
Train Epoch: 3 [1337728/2383430 (56.1%)]	Loss: 0.141789
Train Epoch: 3 [1344128/2383430 (56.4%)]	Loss: 0.217192
Train Epoch: 3 [1350528/2383430 (56.7%)]	Loss: 0.158401
Train Epoch: 3 [1356928/2383430 (56.9%)]	Loss: 0.210311
Train Epoch: 3 [1363328/2383430 (57.2%)]	Loss: 0.180231
Train Epoch: 3 [1369728/2383430 (57.5%)]	Loss: 0.152225
Train Epoch: 3 [1376128/2383430 (57.7%)]	Loss: 0.199045
Train Epoch: 3 [1382528/2383430 (58.0%)]	Loss: 0.202408
Train Epoch: 3 [1388928/2383430 (58.3%)]	Loss: 0.193499
Train Epoch: 3 [1395328/2383430 (58.5%)]	Loss: 0.131935
Train Epoch: 3 [1401728/2383430 (58.8%)]	Loss: 0.291992
Train Epoch: 3 [1408128/2383430 (59.1%)]	Loss: 0.182940
Train Epoch: 3 [1414528/2383430 (59.3%)]	Loss: 0.141416
Train Epoch: 3 [1420928/2383430 (59.6%)]	Loss: 0.167692
Train Epoch: 3 [1427328/2383430 (59.9%)]	Loss: 0.315200
Train Epoch: 3 [1433728/2383430 (60.2%)]	Loss: 0.224795
Train Epoch: 3 [1440128/2383430 (60.4%)]	Loss: 0.166137
Train Epoch: 3 [1446528/2383430 (60.7%)]	Loss: 0.221879
Train Epoch: 3 [1452928/2383430 (61.0%)]	Loss: 0.174096
Train Epoch: 3 [1459328/2383430 (61.2%)]	Loss: 0.132795
Train Epoch: 3 [1465728/2383430 (61.5%)]	Loss: 0.173787
Train Epoch: 3 [1472128/2383430 (61.8%)]	Loss: 0.191947
Train Epoch: 3 [1478528/2383430 (62.0%)]	Loss: 0.189599
Train Epoch: 3 [1484928/2383430 (62.3%)]	Loss: 0.101877
Train Epoch: 3 [1491328/2383430 (62.6%)]	Loss: 0.219500
Train Epoch: 3 [1497728/2383430 (62.8%)]	Loss: 0.273930
Train Epoch: 3 [1504128/2383430 (63.1%)]	Loss: 0.287059
Train Epoch: 3 [1510528/2383430 (63.4%)]	Loss: 0.153527
Train Epoch: 3 [1516928/2383430 (63.6%)]	Loss: 0.292459
Train Epoch: 3 [1523328/2383430 (63.9%)]	Loss: 0.176467
Train Epoch: 3 [1529728/2383430 (64.2%)]	Loss: 0.127168
Train Epoch: 3 [1536128/2383430 (64.5%)]	Loss: 0.221355
Train Epoch: 3 [1542528/2383430 (64.7%)]	Loss: 0.226025
Train Epoch: 3 [1548928/2383430 (65.0%)]	Loss: 0.178780
Train Epoch: 3 [1555328/2383430 (65.3%)]	Loss: 0.142656
Train Epoch: 3 [1561728/2383430 (65.5%)]	Loss: 0.229261
Train Epoch: 3 [1568128/2383430 (65.8%)]	Loss: 0.210965
Train Epoch: 3 [1574528/2383430 (66.1%)]	Loss: 0.181708
Train Epoch: 3 [1580928/2383430 (66.3%)]	Loss: 0.127454
Train Epoch: 3 [1587328/2383430 (66.6%)]	Loss: 0.192123
Train Epoch: 3 [1593728/2383430 (66.9%)]	Loss: 0.190467
Train Epoch: 3 [1600128/2383430 (67.1%)]	Loss: 0.178866
Train Epoch: 3 [1606528/2383430 (67.4%)]	Loss: 0.209046
Train Epoch: 3 [1612928/2383430 (67.7%)]	Loss: 0.188908
Train Epoch: 3 [1619328/2383430 (67.9%)]	Loss: 0.226748
Train Epoch: 3 [1625728/2383430 (68.2%)]	Loss: 0.204618
Train Epoch: 3 [1632128/2383430 (68.5%)]	Loss: 0.166815
Train Epoch: 3 [1638528/2383430 (68.7%)]	Loss: 0.233731
Train Epoch: 3 [1644928/2383430 (69.0%)]	Loss: 0.282680
Train Epoch: 3 [1651328/2383430 (69.3%)]	Loss: 0.168703
Train Epoch: 3 [1657728/2383430 (69.6%)]	Loss: 0.221286
Train Epoch: 3 [1664128/2383430 (69.8%)]	Loss: 0.257428
Train Epoch: 3 [1670528/2383430 (70.1%)]	Loss: 0.211231
Train Epoch: 3 [1676928/2383430 (70.4%)]	Loss: 0.249625
Train Epoch: 3 [1683328/2383430 (70.6%)]	Loss: 0.259600
Train Epoch: 3 [1689728/2383430 (70.9%)]	Loss: 0.175519
Train Epoch: 3 [1696128/2383430 (71.2%)]	Loss: 0.163263
Train Epoch: 3 [1702528/2383430 (71.4%)]	Loss: 0.170146
Train Epoch: 3 [1708928/2383430 (71.7%)]	Loss: 0.162924
Train Epoch: 3 [1715328/2383430 (72.0%)]	Loss: 0.250059
Train Epoch: 3 [1721728/2383430 (72.2%)]	Loss: 0.182999
Train Epoch: 3 [1728128/2383430 (72.5%)]	Loss: 0.166740
Train Epoch: 3 [1734528/2383430 (72.8%)]	Loss: 0.265384
Train Epoch: 3 [1740928/2383430 (73.0%)]	Loss: 0.206862
Train Epoch: 3 [1747328/2383430 (73.3%)]	Loss: 0.223980
Train Epoch: 3 [1753728/2383430 (73.6%)]	Loss: 0.134298
Train Epoch: 3 [1760128/2383430 (73.8%)]	Loss: 0.247622
Train Epoch: 3 [1766528/2383430 (74.1%)]	Loss: 0.168811
Train Epoch: 3 [1772928/2383430 (74.4%)]	Loss: 0.210771
Train Epoch: 3 [1779328/2383430 (74.7%)]	Loss: 0.177559
Train Epoch: 3 [1785728/2383430 (74.9%)]	Loss: 0.160812
Train Epoch: 3 [1792128/2383430 (75.2%)]	Loss: 0.156460
Train Epoch: 3 [1798528/2383430 (75.5%)]	Loss: 0.228292
Train Epoch: 3 [1804928/2383430 (75.7%)]	Loss: 0.177843
Train Epoch: 3 [1811328/2383430 (76.0%)]	Loss: 0.225218
Train Epoch: 3 [1817728/2383430 (76.3%)]	Loss: 0.232967
Train Epoch: 3 [1824128/2383430 (76.5%)]	Loss: 0.251415
Train Epoch: 3 [1830528/2383430 (76.8%)]	Loss: 0.242875
Train Epoch: 3 [1836928/2383430 (77.1%)]	Loss: 0.199515
Train Epoch: 3 [1843328/2383430 (77.3%)]	Loss: 0.137835
Train Epoch: 3 [1849728/2383430 (77.6%)]	Loss: 0.179932
Train Epoch: 3 [1856128/2383430 (77.9%)]	Loss: 0.128475
Train Epoch: 3 [1862528/2383430 (78.1%)]	Loss: 0.100391
Train Epoch: 3 [1868928/2383430 (78.4%)]	Loss: 0.203604
Train Epoch: 3 [1875328/2383430 (78.7%)]	Loss: 0.138085
Train Epoch: 3 [1881728/2383430 (79.0%)]	Loss: 0.187942
Train Epoch: 3 [1888128/2383430 (79.2%)]	Loss: 0.168276
Train Epoch: 3 [1894528/2383430 (79.5%)]	Loss: 0.220884 10%|█         | 3/30 [2:15:48<20:22:04, 2715.71s/it]
Train Epoch: 3 [1900928/2383430 (79.8%)]	Loss: 0.205255
Train Epoch: 3 [1907328/2383430 (80.0%)]	Loss: 0.199203
Train Epoch: 3 [1913728/2383430 (80.3%)]	Loss: 0.344527
Train Epoch: 3 [1920128/2383430 (80.6%)]	Loss: 0.184262
Train Epoch: 3 [1926528/2383430 (80.8%)]	Loss: 0.195228
Train Epoch: 3 [1932928/2383430 (81.1%)]	Loss: 0.154468
Train Epoch: 3 [1939328/2383430 (81.4%)]	Loss: 0.162453
Train Epoch: 3 [1945728/2383430 (81.6%)]	Loss: 0.139923
Train Epoch: 3 [1952128/2383430 (81.9%)]	Loss: 0.098000
Train Epoch: 3 [1958528/2383430 (82.2%)]	Loss: 0.140447
Train Epoch: 3 [1964928/2383430 (82.4%)]	Loss: 0.216926
Train Epoch: 3 [1971328/2383430 (82.7%)]	Loss: 0.179636
Train Epoch: 3 [1977728/2383430 (83.0%)]	Loss: 0.235893
Train Epoch: 3 [1984128/2383430 (83.2%)]	Loss: 0.191690
Train Epoch: 3 [1990528/2383430 (83.5%)]	Loss: 0.148151
Train Epoch: 3 [1996928/2383430 (83.8%)]	Loss: 0.219832
Train Epoch: 3 [2003328/2383430 (84.1%)]	Loss: 0.117073
Train Epoch: 3 [2009728/2383430 (84.3%)]	Loss: 0.286332
Train Epoch: 3 [2016128/2383430 (84.6%)]	Loss: 0.198555
Train Epoch: 3 [2022528/2383430 (84.9%)]	Loss: 0.175899
Train Epoch: 3 [2028928/2383430 (85.1%)]	Loss: 0.131444
Train Epoch: 3 [2035328/2383430 (85.4%)]	Loss: 0.172507
Train Epoch: 3 [2041728/2383430 (85.7%)]	Loss: 0.094738
Train Epoch: 3 [2048128/2383430 (85.9%)]	Loss: 0.162741
Train Epoch: 3 [2054528/2383430 (86.2%)]	Loss: 0.274540
Train Epoch: 3 [2060928/2383430 (86.5%)]	Loss: 0.159337
Train Epoch: 3 [2067328/2383430 (86.7%)]	Loss: 0.223269
Train Epoch: 3 [2073728/2383430 (87.0%)]	Loss: 0.105708
Train Epoch: 3 [2080128/2383430 (87.3%)]	Loss: 0.274418
Train Epoch: 3 [2086528/2383430 (87.5%)]	Loss: 0.156114
Train Epoch: 3 [2092928/2383430 (87.8%)]	Loss: 0.249268
Train Epoch: 3 [2099328/2383430 (88.1%)]	Loss: 0.199483
Train Epoch: 3 [2105728/2383430 (88.3%)]	Loss: 0.169572
Train Epoch: 3 [2112128/2383430 (88.6%)]	Loss: 0.135953
Train Epoch: 3 [2118528/2383430 (88.9%)]	Loss: 0.185003
Train Epoch: 3 [2124928/2383430 (89.2%)]	Loss: 0.147875
Train Epoch: 3 [2131328/2383430 (89.4%)]	Loss: 0.172462
Train Epoch: 3 [2137728/2383430 (89.7%)]	Loss: 0.157816
Train Epoch: 3 [2144128/2383430 (90.0%)]	Loss: 0.165007
Train Epoch: 3 [2150528/2383430 (90.2%)]	Loss: 0.177293
Train Epoch: 3 [2156928/2383430 (90.5%)]	Loss: 0.237595
Train Epoch: 3 [2163328/2383430 (90.8%)]	Loss: 0.195213
Train Epoch: 3 [2169728/2383430 (91.0%)]	Loss: 0.147662
Train Epoch: 3 [2176128/2383430 (91.3%)]	Loss: 0.225472
Train Epoch: 3 [2182528/2383430 (91.6%)]	Loss: 0.193255
Train Epoch: 3 [2188928/2383430 (91.8%)]	Loss: 0.250151
Train Epoch: 3 [2195328/2383430 (92.1%)]	Loss: 0.135886
Train Epoch: 3 [2201728/2383430 (92.4%)]	Loss: 0.256339
Train Epoch: 3 [2208128/2383430 (92.6%)]	Loss: 0.164660
Train Epoch: 3 [2214528/2383430 (92.9%)]	Loss: 0.132620
Train Epoch: 3 [2220928/2383430 (93.2%)]	Loss: 0.231703
Train Epoch: 3 [2227328/2383430 (93.5%)]	Loss: 0.230703
Train Epoch: 3 [2233728/2383430 (93.7%)]	Loss: 0.179693
Train Epoch: 3 [2240128/2383430 (94.0%)]	Loss: 0.195976
Train Epoch: 3 [2246528/2383430 (94.3%)]	Loss: 0.211119
Train Epoch: 3 [2252928/2383430 (94.5%)]	Loss: 0.132750
Train Epoch: 3 [2259328/2383430 (94.8%)]	Loss: 0.180888
Train Epoch: 3 [2265728/2383430 (95.1%)]	Loss: 0.148245
Train Epoch: 3 [2272128/2383430 (95.3%)]	Loss: 0.246431
Train Epoch: 3 [2278528/2383430 (95.6%)]	Loss: 0.206553
Train Epoch: 3 [2284928/2383430 (95.9%)]	Loss: 0.130488
Train Epoch: 3 [2291328/2383430 (96.1%)]	Loss: 0.193810
Train Epoch: 3 [2297728/2383430 (96.4%)]	Loss: 0.185560
Train Epoch: 3 [2304128/2383430 (96.7%)]	Loss: 0.255632
Train Epoch: 3 [2310528/2383430 (96.9%)]	Loss: 0.146943
Train Epoch: 3 [2316928/2383430 (97.2%)]	Loss: 0.165825
Train Epoch: 3 [2323328/2383430 (97.5%)]	Loss: 0.226098
Train Epoch: 3 [2329728/2383430 (97.7%)]	Loss: 0.214444
Train Epoch: 3 [2336128/2383430 (98.0%)]	Loss: 0.190159
Train Epoch: 3 [2342528/2383430 (98.3%)]	Loss: 0.177117
Train Epoch: 3 [2348928/2383430 (98.6%)]	Loss: 0.237430
Train Epoch: 3 [2355328/2383430 (98.8%)]	Loss: 0.154117
Train Epoch: 3 [2361728/2383430 (99.1%)]	Loss: 0.264239
Train Epoch: 3 [2368128/2383430 (99.4%)]	Loss: 0.167144
Train Epoch: 3 [2374528/2383430 (99.6%)]	Loss: 0.135372
Train Epoch: 3 [2380928/2383430 (99.9%)]	Loss: 0.202083
