  0%|          | 0/30 [00:00<?, ?it/s]
Random seeds has been fixed as 42


Random seeds has been fixed as 42

Indice of mice to load: 01
Ranger optimizer loaded. 
Gradient Centralization usage = True
GC applied to both conv and fc layers
  3%|▎         | 1/30 [08:15<3:59:22, 495.26s/it]Train Epoch: 1 [128/497351 (0.0%)]	Loss: 0.686707
Train Epoch: 1 [6528/497351 (1.3%)]	Loss: 0.544707
Train Epoch: 1 [12928/497351 (2.6%)]	Loss: 0.335560
Train Epoch: 1 [19328/497351 (3.9%)]	Loss: 0.251594
Train Epoch: 1 [25728/497351 (5.2%)]	Loss: 0.228785
Train Epoch: 1 [32128/497351 (6.5%)]	Loss: 0.191768
Train Epoch: 1 [38528/497351 (7.7%)]	Loss: 0.157288
Train Epoch: 1 [44928/497351 (9.0%)]	Loss: 0.250301
Train Epoch: 1 [51328/497351 (10.3%)]	Loss: 0.230724
Train Epoch: 1 [57728/497351 (11.6%)]	Loss: 0.194451
Train Epoch: 1 [64128/497351 (12.9%)]	Loss: 0.184272
Train Epoch: 1 [70528/497351 (14.2%)]	Loss: 0.218249
Train Epoch: 1 [76928/497351 (15.5%)]	Loss: 0.215113
Train Epoch: 1 [83328/497351 (16.8%)]	Loss: 0.129637
Train Epoch: 1 [89728/497351 (18.0%)]	Loss: 0.234073
Train Epoch: 1 [96128/497351 (19.3%)]	Loss: 0.359973
Train Epoch: 1 [102528/497351 (20.6%)]	Loss: 0.237654
Train Epoch: 1 [108928/497351 (21.9%)]	Loss: 0.220000
Train Epoch: 1 [115328/497351 (23.2%)]	Loss: 0.196371
Train Epoch: 1 [121728/497351 (24.5%)]	Loss: 0.141209
Train Epoch: 1 [128128/497351 (25.8%)]	Loss: 0.132410
Train Epoch: 1 [134528/497351 (27.0%)]	Loss: 0.223622
Train Epoch: 1 [140928/497351 (28.3%)]	Loss: 0.137610
Train Epoch: 1 [147328/497351 (29.6%)]	Loss: 0.146503
Train Epoch: 1 [153728/497351 (30.9%)]	Loss: 0.155287
Train Epoch: 1 [160128/497351 (32.2%)]	Loss: 0.152606
Train Epoch: 1 [166528/497351 (33.5%)]	Loss: 0.170128
Train Epoch: 1 [172928/497351 (34.8%)]	Loss: 0.138658
Train Epoch: 1 [179328/497351 (36.1%)]	Loss: 0.167833
Train Epoch: 1 [185728/497351 (37.3%)]	Loss: 0.251654
Train Epoch: 1 [192128/497351 (38.6%)]	Loss: 0.135586
Train Epoch: 1 [198528/497351 (39.9%)]	Loss: 0.155714
Train Epoch: 1 [204928/497351 (41.2%)]	Loss: 0.168113
Train Epoch: 1 [211328/497351 (42.5%)]	Loss: 0.210409
Train Epoch: 1 [217728/497351 (43.8%)]	Loss: 0.186488
Train Epoch: 1 [224128/497351 (45.1%)]	Loss: 0.161978
Train Epoch: 1 [230528/497351 (46.4%)]	Loss: 0.159664
Train Epoch: 1 [236928/497351 (47.6%)]	Loss: 0.183808
Train Epoch: 1 [243328/497351 (48.9%)]	Loss: 0.229367
Train Epoch: 1 [249728/497351 (50.2%)]	Loss: 0.159470
Train Epoch: 1 [256128/497351 (51.5%)]	Loss: 0.197044
Train Epoch: 1 [262528/497351 (52.8%)]	Loss: 0.212761
Train Epoch: 1 [268928/497351 (54.1%)]	Loss: 0.222125
Train Epoch: 1 [275328/497351 (55.4%)]	Loss: 0.178641
Train Epoch: 1 [281728/497351 (56.6%)]	Loss: 0.156395
Train Epoch: 1 [288128/497351 (57.9%)]	Loss: 0.220801
Train Epoch: 1 [294528/497351 (59.2%)]	Loss: 0.209480
Train Epoch: 1 [300928/497351 (60.5%)]	Loss: 0.154762
Train Epoch: 1 [307328/497351 (61.8%)]	Loss: 0.292094
Train Epoch: 1 [313728/497351 (63.1%)]	Loss: 0.136082
Train Epoch: 1 [320128/497351 (64.4%)]	Loss: 0.217036
Train Epoch: 1 [326528/497351 (65.7%)]	Loss: 0.122745
Train Epoch: 1 [332928/497351 (66.9%)]	Loss: 0.186268
Train Epoch: 1 [339328/497351 (68.2%)]	Loss: 0.133956
Train Epoch: 1 [345728/497351 (69.5%)]	Loss: 0.158970
Train Epoch: 1 [352128/497351 (70.8%)]	Loss: 0.165716
Train Epoch: 1 [358528/497351 (72.1%)]	Loss: 0.166947
Train Epoch: 1 [364928/497351 (73.4%)]	Loss: 0.214328
Train Epoch: 1 [371328/497351 (74.7%)]	Loss: 0.232279
Train Epoch: 1 [377728/497351 (75.9%)]	Loss: 0.152961
Train Epoch: 1 [384128/497351 (77.2%)]	Loss: 0.196120
Train Epoch: 1 [390528/497351 (78.5%)]	Loss: 0.158932
Train Epoch: 1 [396928/497351 (79.8%)]	Loss: 0.111021
Train Epoch: 1 [403328/497351 (81.1%)]	Loss: 0.134924
Train Epoch: 1 [409728/497351 (82.4%)]	Loss: 0.089383
Train Epoch: 1 [416128/497351 (83.7%)]	Loss: 0.144869
Train Epoch: 1 [422528/497351 (85.0%)]	Loss: 0.114869
Train Epoch: 1 [428928/497351 (86.2%)]	Loss: 0.222335
Train Epoch: 1 [435328/497351 (87.5%)]	Loss: 0.198698
Train Epoch: 1 [441728/497351 (88.8%)]	Loss: 0.166840
Train Epoch: 1 [448128/497351 (90.1%)]	Loss: 0.193852
Train Epoch: 1 [454528/497351 (91.4%)]	Loss: 0.153960
Train Epoch: 1 [460928/497351 (92.7%)]	Loss: 0.206928
Train Epoch: 1 [467328/497351 (94.0%)]	Loss: 0.102902
Train Epoch: 1 [473728/497351 (95.3%)]	Loss: 0.157031
Train Epoch: 1 [480128/497351 (96.5%)]	Loss: 0.221815
Train Epoch: 1 [486528/497351 (97.8%)]	Loss: 0.282577
Train Epoch: 1 [492928/497351 (99.1%)]	Loss: 0.177390
  7%|▋         | 2/30 [17:39<4:10:06, 535.96s/it]Train Epoch: 2 [128/497351 (0.0%)]	Loss: 0.226016
Train Epoch: 2 [6528/497351 (1.3%)]	Loss: 0.207494
Train Epoch: 2 [12928/497351 (2.6%)]	Loss: 0.139181
Train Epoch: 2 [19328/497351 (3.9%)]	Loss: 0.212356
Train Epoch: 2 [25728/497351 (5.2%)]	Loss: 0.141541
Train Epoch: 2 [32128/497351 (6.5%)]	Loss: 0.180570
Train Epoch: 2 [38528/497351 (7.7%)]	Loss: 0.174469
Train Epoch: 2 [44928/497351 (9.0%)]	Loss: 0.223920
Train Epoch: 2 [51328/497351 (10.3%)]	Loss: 0.211738
Train Epoch: 2 [57728/497351 (11.6%)]	Loss: 0.155272
Train Epoch: 2 [64128/497351 (12.9%)]	Loss: 0.153053
Train Epoch: 2 [70528/497351 (14.2%)]	Loss: 0.148342
Train Epoch: 2 [76928/497351 (15.5%)]	Loss: 0.211796
Train Epoch: 2 [83328/497351 (16.8%)]	Loss: 0.269049
Train Epoch: 2 [89728/497351 (18.0%)]	Loss: 0.118765
Train Epoch: 2 [96128/497351 (19.3%)]	Loss: 0.134084
Train Epoch: 2 [102528/497351 (20.6%)]	Loss: 0.202047
Train Epoch: 2 [108928/497351 (21.9%)]	Loss: 0.195138
Train Epoch: 2 [115328/497351 (23.2%)]	Loss: 0.157136
Train Epoch: 2 [121728/497351 (24.5%)]	Loss: 0.191788
Train Epoch: 2 [128128/497351 (25.8%)]	Loss: 0.087594
Train Epoch: 2 [134528/497351 (27.0%)]	Loss: 0.142223
Train Epoch: 2 [140928/497351 (28.3%)]	Loss: 0.242245
Train Epoch: 2 [147328/497351 (29.6%)]	Loss: 0.184360
Train Epoch: 2 [153728/497351 (30.9%)]	Loss: 0.243102
Train Epoch: 2 [160128/497351 (32.2%)]	Loss: 0.126690
Train Epoch: 2 [166528/497351 (33.5%)]	Loss: 0.212145
Train Epoch: 2 [172928/497351 (34.8%)]	Loss: 0.198281
Train Epoch: 2 [179328/497351 (36.1%)]	Loss: 0.092191
Train Epoch: 2 [185728/497351 (37.3%)]	Loss: 0.138972
Train Epoch: 2 [192128/497351 (38.6%)]	Loss: 0.188830
Train Epoch: 2 [198528/497351 (39.9%)]	Loss: 0.194665
Train Epoch: 2 [204928/497351 (41.2%)]	Loss: 0.184449
Train Epoch: 2 [211328/497351 (42.5%)]	Loss: 0.098771
Train Epoch: 2 [217728/497351 (43.8%)]	Loss: 0.179325
Train Epoch: 2 [224128/497351 (45.1%)]	Loss: 0.151850
Train Epoch: 2 [230528/497351 (46.4%)]	Loss: 0.103744
Train Epoch: 2 [236928/497351 (47.6%)]	Loss: 0.172574
Train Epoch: 2 [243328/497351 (48.9%)]	Loss: 0.238158
Train Epoch: 2 [249728/497351 (50.2%)]	Loss: 0.139730
Train Epoch: 2 [256128/497351 (51.5%)]	Loss: 0.225142
Train Epoch: 2 [262528/497351 (52.8%)]	Loss: 0.146294
Train Epoch: 2 [268928/497351 (54.1%)]	Loss: 0.204840
Train Epoch: 2 [275328/497351 (55.4%)]	Loss: 0.233276
Train Epoch: 2 [281728/497351 (56.6%)]	Loss: 0.158491
Train Epoch: 2 [288128/497351 (57.9%)]	Loss: 0.260504
Train Epoch: 2 [294528/497351 (59.2%)]	Loss: 0.083754
Train Epoch: 2 [300928/497351 (60.5%)]	Loss: 0.123521
Train Epoch: 2 [307328/497351 (61.8%)]	Loss: 0.174838
Train Epoch: 2 [313728/497351 (63.1%)]	Loss: 0.216652
Train Epoch: 2 [320128/497351 (64.4%)]	Loss: 0.133546
Train Epoch: 2 [326528/497351 (65.7%)]	Loss: 0.215220
Train Epoch: 2 [332928/497351 (66.9%)]	Loss: 0.152957
Train Epoch: 2 [339328/497351 (68.2%)]	Loss: 0.115861
Train Epoch: 2 [345728/497351 (69.5%)]	Loss: 0.127163
Train Epoch: 2 [352128/497351 (70.8%)]	Loss: 0.300174
Train Epoch: 2 [358528/497351 (72.1%)]	Loss: 0.222732
Train Epoch: 2 [364928/497351 (73.4%)]	Loss: 0.180295
Train Epoch: 2 [371328/497351 (74.7%)]	Loss: 0.163314
Train Epoch: 2 [377728/497351 (75.9%)]	Loss: 0.252191
Train Epoch: 2 [384128/497351 (77.2%)]	Loss: 0.231831
Train Epoch: 2 [390528/497351 (78.5%)]	Loss: 0.173768
Train Epoch: 2 [396928/497351 (79.8%)]	Loss: 0.105625
Train Epoch: 2 [403328/497351 (81.1%)]	Loss: 0.159338
Train Epoch: 2 [409728/497351 (82.4%)]	Loss: 0.208570
Train Epoch: 2 [416128/497351 (83.7%)]	Loss: 0.148893
Train Epoch: 2 [422528/497351 (85.0%)]	Loss: 0.122196
Train Epoch: 2 [428928/497351 (86.2%)]	Loss: 0.167517
Train Epoch: 2 [435328/497351 (87.5%)]	Loss: 0.165568
Train Epoch: 2 [441728/497351 (88.8%)]	Loss: 0.228197
Train Epoch: 2 [448128/497351 (90.1%)]	Loss: 0.235136
Train Epoch: 2 [454528/497351 (91.4%)]	Loss: 0.187252
Train Epoch: 2 [460928/497351 (92.7%)]	Loss: 0.118922
Train Epoch: 2 [467328/497351 (94.0%)]	Loss: 0.159331
Train Epoch: 2 [473728/497351 (95.3%)]	Loss: 0.201044
Train Epoch: 2 [480128/497351 (96.5%)]	Loss: 0.141002
Train Epoch: 2 [486528/497351 (97.8%)]	Loss: 0.299824
Train Epoch: 2 [492928/497351 (99.1%)]	Loss: 0.172103
 10%|█         | 3/30 [27:08<4:07:53, 550.88s/it]Train Epoch: 3 [128/497351 (0.0%)]	Loss: 0.186287
Train Epoch: 3 [6528/497351 (1.3%)]	Loss: 0.124146
Train Epoch: 3 [12928/497351 (2.6%)]	Loss: 0.117076
Train Epoch: 3 [19328/497351 (3.9%)]	Loss: 0.167145
Train Epoch: 3 [25728/497351 (5.2%)]	Loss: 0.185487
Train Epoch: 3 [32128/497351 (6.5%)]	Loss: 0.215714
Train Epoch: 3 [38528/497351 (7.7%)]	Loss: 0.153957
Train Epoch: 3 [44928/497351 (9.0%)]	Loss: 0.112333
Train Epoch: 3 [51328/497351 (10.3%)]	Loss: 0.192980
Train Epoch: 3 [57728/497351 (11.6%)]	Loss: 0.124224
Train Epoch: 3 [64128/497351 (12.9%)]	Loss: 0.110708
Train Epoch: 3 [70528/497351 (14.2%)]	Loss: 0.175808
Train Epoch: 3 [76928/497351 (15.5%)]	Loss: 0.145996
Train Epoch: 3 [83328/497351 (16.8%)]	Loss: 0.155116
Train Epoch: 3 [89728/497351 (18.0%)]	Loss: 0.152972
Train Epoch: 3 [96128/497351 (19.3%)]	Loss: 0.134236
Train Epoch: 3 [102528/497351 (20.6%)]	Loss: 0.125108
Train Epoch: 3 [108928/497351 (21.9%)]	Loss: 0.141869
Train Epoch: 3 [115328/497351 (23.2%)]	Loss: 0.182963
Train Epoch: 3 [121728/497351 (24.5%)]	Loss: 0.192606
Train Epoch: 3 [128128/497351 (25.8%)]	Loss: 0.141011
Train Epoch: 3 [134528/497351 (27.0%)]	Loss: 0.232370
Train Epoch: 3 [140928/497351 (28.3%)]	Loss: 0.099459
Train Epoch: 3 [147328/497351 (29.6%)]	Loss: 0.160263
Train Epoch: 3 [153728/497351 (30.9%)]	Loss: 0.139003
Train Epoch: 3 [160128/497351 (32.2%)]	Loss: 0.099213
Train Epoch: 3 [166528/497351 (33.5%)]	Loss: 0.172134
Train Epoch: 3 [172928/497351 (34.8%)]	Loss: 0.268572
Train Epoch: 3 [179328/497351 (36.1%)]	Loss: 0.168449
Train Epoch: 3 [185728/497351 (37.3%)]	Loss: 0.146561
Train Epoch: 3 [192128/497351 (38.6%)]	Loss: 0.091520
Train Epoch: 3 [198528/497351 (39.9%)]	Loss: 0.193839
Train Epoch: 3 [204928/497351 (41.2%)]	Loss: 0.206247
Train Epoch: 3 [211328/497351 (42.5%)]	Loss: 0.146233
Train Epoch: 3 [217728/497351 (43.8%)]	Loss: 0.149593
Train Epoch: 3 [224128/497351 (45.1%)]	Loss: 0.139867
Train Epoch: 3 [230528/497351 (46.4%)]	Loss: 0.188153
Train Epoch: 3 [236928/497351 (47.6%)]	Loss: 0.179804
Train Epoch: 3 [243328/497351 (48.9%)]	Loss: 0.122067
Train Epoch: 3 [249728/497351 (50.2%)]	Loss: 0.238623
Train Epoch: 3 [256128/497351 (51.5%)]	Loss: 0.144688
Train Epoch: 3 [262528/497351 (52.8%)]	Loss: 0.251874
Train Epoch: 3 [268928/497351 (54.1%)]	Loss: 0.148921
Train Epoch: 3 [275328/497351 (55.4%)]	Loss: 0.120911
Train Epoch: 3 [281728/497351 (56.6%)]	Loss: 0.144523
Train Epoch: 3 [288128/497351 (57.9%)]	Loss: 0.097638
Train Epoch: 3 [294528/497351 (59.2%)]	Loss: 0.122348
Train Epoch: 3 [300928/497351 (60.5%)]	Loss: 0.134830
Train Epoch: 3 [307328/497351 (61.8%)]	Loss: 0.236666
Train Epoch: 3 [313728/497351 (63.1%)]	Loss: 0.219371
Train Epoch: 3 [320128/497351 (64.4%)]	Loss: 0.151924
Train Epoch: 3 [326528/497351 (65.7%)]	Loss: 0.189755
Train Epoch: 3 [332928/497351 (66.9%)]	Loss: 0.181765
Train Epoch: 3 [339328/497351 (68.2%)]	Loss: 0.186871
Train Epoch: 3 [345728/497351 (69.5%)]	Loss: 0.259089
Train Epoch: 3 [352128/497351 (70.8%)]	Loss: 0.153659
Train Epoch: 3 [358528/497351 (72.1%)]	Loss: 0.130356
Train Epoch: 3 [364928/497351 (73.4%)]	Loss: 0.191306
Train Epoch: 3 [371328/497351 (74.7%)]	Loss: 0.168178
Train Epoch: 3 [377728/497351 (75.9%)]	Loss: 0.202711
Train Epoch: 3 [384128/497351 (77.2%)]	Loss: 0.117818
Train Epoch: 3 [390528/497351 (78.5%)]	Loss: 0.137433
Train Epoch: 3 [396928/497351 (79.8%)]	Loss: 0.174177
Train Epoch: 3 [403328/497351 (81.1%)]	Loss: 0.171801
Train Epoch: 3 [409728/497351 (82.4%)]	Loss: 0.119350
Train Epoch: 3 [416128/497351 (83.7%)]	Loss: 0.127876
Train Epoch: 3 [422528/497351 (85.0%)]	Loss: 0.196916
Train Epoch: 3 [428928/497351 (86.2%)]	Loss: 0.263335
Train Epoch: 3 [435328/497351 (87.5%)]	Loss: 0.179004
Train Epoch: 3 [441728/497351 (88.8%)]	Loss: 0.146484
Train Epoch: 3 [448128/497351 (90.1%)]	Loss: 0.140481
Train Epoch: 3 [454528/497351 (91.4%)]	Loss: 0.191175
Train Epoch: 3 [460928/497351 (92.7%)]	Loss: 0.220242
Train Epoch: 3 [467328/497351 (94.0%)]	Loss: 0.158216
Train Epoch: 3 [473728/497351 (95.3%)]	Loss: 0.194614
Train Epoch: 3 [480128/497351 (96.5%)]	Loss: 0.228708
Train Epoch: 3 [486528/497351 (97.8%)]	Loss: 0.098861
Train Epoch: 3 [492928/497351 (99.1%)]	Loss: 0.158110
 13%|█▎        | 4/30 [36:37<4:01:49, 558.06s/it]Train Epoch: 4 [128/497351 (0.0%)]	Loss: 0.154240
Train Epoch: 4 [6528/497351 (1.3%)]	Loss: 0.091100
Train Epoch: 4 [12928/497351 (2.6%)]	Loss: 0.206644
Train Epoch: 4 [19328/497351 (3.9%)]	Loss: 0.204339
Train Epoch: 4 [25728/497351 (5.2%)]	Loss: 0.207365
Train Epoch: 4 [32128/497351 (6.5%)]	Loss: 0.194135
Train Epoch: 4 [38528/497351 (7.7%)]	Loss: 0.187794
Train Epoch: 4 [44928/497351 (9.0%)]	Loss: 0.187522
Train Epoch: 4 [51328/497351 (10.3%)]	Loss: 0.138503
Train Epoch: 4 [57728/497351 (11.6%)]	Loss: 0.161529
Train Epoch: 4 [64128/497351 (12.9%)]	Loss: 0.197759
Train Epoch: 4 [70528/497351 (14.2%)]	Loss: 0.128655
Train Epoch: 4 [76928/497351 (15.5%)]	Loss: 0.135796
Train Epoch: 4 [83328/497351 (16.8%)]	Loss: 0.120872
Train Epoch: 4 [89728/497351 (18.0%)]	Loss: 0.123624
Train Epoch: 4 [96128/497351 (19.3%)]	Loss: 0.150529
Train Epoch: 4 [102528/497351 (20.6%)]	Loss: 0.134549
Train Epoch: 4 [108928/497351 (21.9%)]	Loss: 0.193142
Train Epoch: 4 [115328/497351 (23.2%)]	Loss: 0.151163
Train Epoch: 4 [121728/497351 (24.5%)]	Loss: 0.157061
Train Epoch: 4 [128128/497351 (25.8%)]	Loss: 0.146163
Train Epoch: 4 [134528/497351 (27.0%)]	Loss: 0.140178
Train Epoch: 4 [140928/497351 (28.3%)]	Loss: 0.315371
Train Epoch: 4 [147328/497351 (29.6%)]	Loss: 0.177579
Train Epoch: 4 [153728/497351 (30.9%)]	Loss: 0.211042
Train Epoch: 4 [160128/497351 (32.2%)]	Loss: 0.156420
Train Epoch: 4 [166528/497351 (33.5%)]	Loss: 0.141847
Train Epoch: 4 [172928/497351 (34.8%)]	Loss: 0.166171
Train Epoch: 4 [179328/497351 (36.1%)]	Loss: 0.157101
Train Epoch: 4 [185728/497351 (37.3%)]	Loss: 0.166930
Train Epoch: 4 [192128/497351 (38.6%)]	Loss: 0.110368
Train Epoch: 4 [198528/497351 (39.9%)]	Loss: 0.117324
Train Epoch: 4 [204928/497351 (41.2%)]	Loss: 0.175444
Train Epoch: 4 [211328/497351 (42.5%)]	Loss: 0.157294
Train Epoch: 4 [217728/497351 (43.8%)]	Loss: 0.099585
Train Epoch: 4 [224128/497351 (45.1%)]	Loss: 0.246286
Train Epoch: 4 [230528/497351 (46.4%)]	Loss: 0.292084
Train Epoch: 4 [236928/497351 (47.6%)]	Loss: 0.104156
Train Epoch: 4 [243328/497351 (48.9%)]	Loss: 0.139464
Train Epoch: 4 [249728/497351 (50.2%)]	Loss: 0.164389
Train Epoch: 4 [256128/497351 (51.5%)]	Loss: 0.164006
Train Epoch: 4 [262528/497351 (52.8%)]	Loss: 0.206643
Train Epoch: 4 [268928/497351 (54.1%)]	Loss: 0.154533
Train Epoch: 4 [275328/497351 (55.4%)]	Loss: 0.181165
Train Epoch: 4 [281728/497351 (56.6%)]	Loss: 0.166480
Train Epoch: 4 [288128/497351 (57.9%)]	Loss: 0.179494
Train Epoch: 4 [294528/497351 (59.2%)]	Loss: 0.201470
Train Epoch: 4 [300928/497351 (60.5%)]	Loss: 0.176763
Train Epoch: 4 [307328/497351 (61.8%)]	Loss: 0.192725
Train Epoch: 4 [313728/497351 (63.1%)]	Loss: 0.131762
Train Epoch: 4 [320128/497351 (64.4%)]	Loss: 0.151018
Train Epoch: 4 [326528/497351 (65.7%)]	Loss: 0.105740
Train Epoch: 4 [332928/497351 (66.9%)]	Loss: 0.132312
Train Epoch: 4 [339328/497351 (68.2%)]	Loss: 0.171466
Train Epoch: 4 [345728/497351 (69.5%)]	Loss: 0.144028
Train Epoch: 4 [352128/497351 (70.8%)]	Loss: 0.108236
Train Epoch: 4 [358528/497351 (72.1%)]	Loss: 0.075464
Train Epoch: 4 [364928/497351 (73.4%)]	Loss: 0.143884
Train Epoch: 4 [371328/497351 (74.7%)]	Loss: 0.130371
Train Epoch: 4 [377728/497351 (75.9%)]	Loss: 0.202253
Train Epoch: 4 [384128/497351 (77.2%)]	Loss: 0.142296
Train Epoch: 4 [390528/497351 (78.5%)]	Loss: 0.233557
Train Epoch: 4 [396928/497351 (79.8%)]	Loss: 0.115921
Train Epoch: 4 [403328/497351 (81.1%)]	Loss: 0.158795
Train Epoch: 4 [409728/497351 (82.4%)]	Loss: 0.277512
Train Epoch: 4 [416128/497351 (83.7%)]	Loss: 0.149850
Train Epoch: 4 [422528/497351 (85.0%)]	Loss: 0.149417
Train Epoch: 4 [428928/497351 (86.2%)]	Loss: 0.119069
Train Epoch: 4 [435328/497351 (87.5%)]	Loss: 0.159057
Train Epoch: 4 [441728/497351 (88.8%)]	Loss: 0.175246
Train Epoch: 4 [448128/497351 (90.1%)]	Loss: 0.155703
Train Epoch: 4 [454528/497351 (91.4%)]	Loss: 0.146134
Train Epoch: 4 [460928/497351 (92.7%)]	Loss: 0.180843
Train Epoch: 4 [467328/497351 (94.0%)]	Loss: 0.115008
Train Epoch: 4 [473728/497351 (95.3%)]	Loss: 0.122144
Train Epoch: 4 [480128/497351 (96.5%)]	Loss: 0.189754
Train Epoch: 4 [486528/497351 (97.8%)]	Loss: 0.166666
Train Epoch: 4 [492928/497351 (99.1%)]	Loss: 0.133328
 17%|█▋        | 5/30 [46:08<3:54:28, 562.75s/it]Train Epoch: 5 [128/497351 (0.0%)]	Loss: 0.126889
Train Epoch: 5 [6528/497351 (1.3%)]	Loss: 0.263138
Train Epoch: 5 [12928/497351 (2.6%)]	Loss: 0.179285
Train Epoch: 5 [19328/497351 (3.9%)]	Loss: 0.120169
Train Epoch: 5 [25728/497351 (5.2%)]	Loss: 0.214494
Train Epoch: 5 [32128/497351 (6.5%)]	Loss: 0.177727
Train Epoch: 5 [38528/497351 (7.7%)]	Loss: 0.113785
Train Epoch: 5 [44928/497351 (9.0%)]	Loss: 0.155857
Train Epoch: 5 [51328/497351 (10.3%)]	Loss: 0.200129
Train Epoch: 5 [57728/497351 (11.6%)]	Loss: 0.153873
Train Epoch: 5 [64128/497351 (12.9%)]	Loss: 0.199002
Train Epoch: 5 [70528/497351 (14.2%)]	Loss: 0.206038
Train Epoch: 5 [76928/497351 (15.5%)]	Loss: 0.189491
Train Epoch: 5 [83328/497351 (16.8%)]	Loss: 0.120294
Train Epoch: 5 [89728/497351 (18.0%)]	Loss: 0.199459
Train Epoch: 5 [96128/497351 (19.3%)]	Loss: 0.153123
Train Epoch: 5 [102528/497351 (20.6%)]	Loss: 0.098042
Train Epoch: 5 [108928/497351 (21.9%)]	Loss: 0.179952
Train Epoch: 5 [115328/497351 (23.2%)]	Loss: 0.127053
Train Epoch: 5 [121728/497351 (24.5%)]	Loss: 0.176283
Train Epoch: 5 [128128/497351 (25.8%)]	Loss: 0.178636
Train Epoch: 5 [134528/497351 (27.0%)]	Loss: 0.138720
Train Epoch: 5 [140928/497351 (28.3%)]	Loss: 0.127747
Train Epoch: 5 [147328/497351 (29.6%)]	Loss: 0.154917
Train Epoch: 5 [153728/497351 (30.9%)]	Loss: 0.109075
Train Epoch: 5 [160128/497351 (32.2%)]	Loss: 0.157597
Train Epoch: 5 [166528/497351 (33.5%)]	Loss: 0.174762
Train Epoch: 5 [172928/497351 (34.8%)]	Loss: 0.210539
Train Epoch: 5 [179328/497351 (36.1%)]	Loss: 0.149174
Train Epoch: 5 [185728/497351 (37.3%)]	Loss: 0.112107
Train Epoch: 5 [192128/497351 (38.6%)]	Loss: 0.208303
Train Epoch: 5 [198528/497351 (39.9%)]	Loss: 0.120337
Train Epoch: 5 [204928/497351 (41.2%)]	Loss: 0.171196
Train Epoch: 5 [211328/497351 (42.5%)]	Loss: 0.138091
Train Epoch: 5 [217728/497351 (43.8%)]	Loss: 0.145612
Train Epoch: 5 [224128/497351 (45.1%)]	Loss: 0.167558
Train Epoch: 5 [230528/497351 (46.4%)]	Loss: 0.112204
Train Epoch: 5 [236928/497351 (47.6%)]	Loss: 0.236679
Train Epoch: 5 [243328/497351 (48.9%)]	Loss: 0.152088
Train Epoch: 5 [249728/497351 (50.2%)]	Loss: 0.207487
Train Epoch: 5 [256128/497351 (51.5%)]	Loss: 0.099468
Train Epoch: 5 [262528/497351 (52.8%)]	Loss: 0.182397
Train Epoch: 5 [268928/497351 (54.1%)]	Loss: 0.097000
Train Epoch: 5 [275328/497351 (55.4%)]	Loss: 0.222993
Train Epoch: 5 [281728/497351 (56.6%)]	Loss: 0.176684
Train Epoch: 5 [288128/497351 (57.9%)]	Loss: 0.226864
Train Epoch: 5 [294528/497351 (59.2%)]	Loss: 0.139786
Train Epoch: 5 [300928/497351 (60.5%)]	Loss: 0.125828
Train Epoch: 5 [307328/497351 (61.8%)]	Loss: 0.229699
Train Epoch: 5 [313728/497351 (63.1%)]	Loss: 0.095653
Train Epoch: 5 [320128/497351 (64.4%)]	Loss: 0.154868
Train Epoch: 5 [326528/497351 (65.7%)]	Loss: 0.095458
Train Epoch: 5 [332928/497351 (66.9%)]	Loss: 0.204492
Train Epoch: 5 [339328/497351 (68.2%)]	Loss: 0.166982
Train Epoch: 5 [345728/497351 (69.5%)]	Loss: 0.128933
Train Epoch: 5 [352128/497351 (70.8%)]	Loss: 0.164719
Train Epoch: 5 [358528/497351 (72.1%)]	Loss: 0.240009
Train Epoch: 5 [364928/497351 (73.4%)]	Loss: 0.137200
Train Epoch: 5 [371328/497351 (74.7%)]	Loss: 0.196688
Train Epoch: 5 [377728/497351 (75.9%)]	Loss: 0.168690
Train Epoch: 5 [384128/497351 (77.2%)]	Loss: 0.139184
Train Epoch: 5 [390528/497351 (78.5%)]	Loss: 0.159659
Train Epoch: 5 [396928/497351 (79.8%)]	Loss: 0.075028
Train Epoch: 5 [403328/497351 (81.1%)]	Loss: 0.092155
Train Epoch: 5 [409728/497351 (82.4%)]	Loss: 0.177142
Train Epoch: 5 [416128/497351 (83.7%)]	Loss: 0.173910
Train Epoch: 5 [422528/497351 (85.0%)]	Loss: 0.142630
Train Epoch: 5 [428928/497351 (86.2%)]	Loss: 0.126816
Train Epoch: 5 [435328/497351 (87.5%)]	Loss: 0.118438
Train Epoch: 5 [441728/497351 (88.8%)]	Loss: 0.245751
Train Epoch: 5 [448128/497351 (90.1%)]	Loss: 0.185725
Train Epoch: 5 [454528/497351 (91.4%)]	Loss: 0.143077
Train Epoch: 5 [460928/497351 (92.7%)]	Loss: 0.174764
Train Epoch: 5 [467328/497351 (94.0%)]	Loss: 0.138147
Train Epoch: 5 [473728/497351 (95.3%)]	Loss: 0.081301
Train Epoch: 5 [480128/497351 (96.5%)]	Loss: 0.196547
Train Epoch: 5 [486528/497351 (97.8%)]	Loss: 0.194653
Train Epoch: 5 [492928/497351 (99.1%)]	Loss: 0.190115
 20%|██        | 6/30 [55:34<3:45:33, 563.90s/it]Train Epoch: 6 [128/497351 (0.0%)]	Loss: 0.127131
Train Epoch: 6 [6528/497351 (1.3%)]	Loss: 0.140754
Train Epoch: 6 [12928/497351 (2.6%)]	Loss: 0.217772
Train Epoch: 6 [19328/497351 (3.9%)]	Loss: 0.211339
Train Epoch: 6 [25728/497351 (5.2%)]	Loss: 0.249291
Train Epoch: 6 [32128/497351 (6.5%)]	Loss: 0.139477
Train Epoch: 6 [38528/497351 (7.7%)]	Loss: 0.095467
Train Epoch: 6 [44928/497351 (9.0%)]	Loss: 0.240114
Train Epoch: 6 [51328/497351 (10.3%)]	Loss: 0.145932
Train Epoch: 6 [57728/497351 (11.6%)]	Loss: 0.139373
Train Epoch: 6 [64128/497351 (12.9%)]	Loss: 0.194823
Train Epoch: 6 [70528/497351 (14.2%)]	Loss: 0.144685
Train Epoch: 6 [76928/497351 (15.5%)]	Loss: 0.199926
Train Epoch: 6 [83328/497351 (16.8%)]	Loss: 0.272408
Train Epoch: 6 [89728/497351 (18.0%)]	Loss: 0.059517
Train Epoch: 6 [96128/497351 (19.3%)]	Loss: 0.181603
Train Epoch: 6 [102528/497351 (20.6%)]	Loss: 0.174874
Train Epoch: 6 [108928/497351 (21.9%)]	Loss: 0.163155
Train Epoch: 6 [115328/497351 (23.2%)]	Loss: 0.215112
Train Epoch: 6 [121728/497351 (24.5%)]	Loss: 0.240967
Train Epoch: 6 [128128/497351 (25.8%)]	Loss: 0.136064
Train Epoch: 6 [134528/497351 (27.0%)]	Loss: 0.088259
Train Epoch: 6 [140928/497351 (28.3%)]	Loss: 0.174854
Train Epoch: 6 [147328/497351 (29.6%)]	Loss: 0.171984
Train Epoch: 6 [153728/497351 (30.9%)]	Loss: 0.195603
Train Epoch: 6 [160128/497351 (32.2%)]	Loss: 0.181599
Train Epoch: 6 [166528/497351 (33.5%)]	Loss: 0.228291
Train Epoch: 6 [172928/497351 (34.8%)]	Loss: 0.222191
Train Epoch: 6 [179328/497351 (36.1%)]	Loss: 0.194297
Train Epoch: 6 [185728/497351 (37.3%)]	Loss: 0.153000
Train Epoch: 6 [192128/497351 (38.6%)]	Loss: 0.128914
Train Epoch: 6 [198528/497351 (39.9%)]	Loss: 0.151030
Train Epoch: 6 [204928/497351 (41.2%)]	Loss: 0.174650
Train Epoch: 6 [211328/497351 (42.5%)]	Loss: 0.144691
Train Epoch: 6 [217728/497351 (43.8%)]	Loss: 0.136795
Train Epoch: 6 [224128/497351 (45.1%)]	Loss: 0.193074
Train Epoch: 6 [230528/497351 (46.4%)]	Loss: 0.149158
Train Epoch: 6 [236928/497351 (47.6%)]	Loss: 0.209752
Train Epoch: 6 [243328/497351 (48.9%)]	Loss: 0.154191
Train Epoch: 6 [249728/497351 (50.2%)]	Loss: 0.134281
Train Epoch: 6 [256128/497351 (51.5%)]	Loss: 0.195434
Train Epoch: 6 [262528/497351 (52.8%)]	Loss: 0.156516
Train Epoch: 6 [268928/497351 (54.1%)]	Loss: 0.155186
Train Epoch: 6 [275328/497351 (55.4%)]	Loss: 0.172266
Train Epoch: 6 [281728/497351 (56.6%)]	Loss: 0.154754
Train Epoch: 6 [288128/497351 (57.9%)]	Loss: 0.176997
Train Epoch: 6 [294528/497351 (59.2%)]	Loss: 0.171987
Train Epoch: 6 [300928/497351 (60.5%)]	Loss: 0.070544
Train Epoch: 6 [307328/497351 (61.8%)]	Loss: 0.146425
Train Epoch: 6 [313728/497351 (63.1%)]	Loss: 0.229909
Train Epoch: 6 [320128/497351 (64.4%)]	Loss: 0.076516
Train Epoch: 6 [326528/497351 (65.7%)]	Loss: 0.129901
Train Epoch: 6 [332928/497351 (66.9%)]	Loss: 0.154595
Train Epoch: 6 [339328/497351 (68.2%)]	Loss: 0.214098
Train Epoch: 6 [345728/497351 (69.5%)]	Loss: 0.224413
Train Epoch: 6 [352128/497351 (70.8%)]	Loss: 0.171982
Train Epoch: 6 [358528/497351 (72.1%)]	Loss: 0.176596
Train Epoch: 6 [364928/497351 (73.4%)]	Loss: 0.142377
Train Epoch: 6 [371328/497351 (74.7%)]	Loss: 0.157208
Train Epoch: 6 [377728/497351 (75.9%)]	Loss: 0.190238
Train Epoch: 6 [384128/497351 (77.2%)]	Loss: 0.123645
Train Epoch: 6 [390528/497351 (78.5%)]	Loss: 0.192616
Train Epoch: 6 [396928/497351 (79.8%)]	Loss: 0.151976
Train Epoch: 6 [403328/497351 (81.1%)]	Loss: 0.124179
Train Epoch: 6 [409728/497351 (82.4%)]	Loss: 0.144928
Train Epoch: 6 [416128/497351 (83.7%)]	Loss: 0.197632
Train Epoch: 6 [422528/497351 (85.0%)]	Loss: 0.166332
Train Epoch: 6 [428928/497351 (86.2%)]	Loss: 0.273863
Train Epoch: 6 [435328/497351 (87.5%)]	Loss: 0.153719
Train Epoch: 6 [441728/497351 (88.8%)]	Loss: 0.134551
Train Epoch: 6 [448128/497351 (90.1%)]	Loss: 0.160354
Train Epoch: 6 [454528/497351 (91.4%)]	Loss: 0.199539
Train Epoch: 6 [460928/497351 (92.7%)]	Loss: 0.232443
Train Epoch: 6 [467328/497351 (94.0%)]	Loss: 0.132085
Train Epoch: 6 [473728/497351 (95.3%)]	Loss: 0.197385
Train Epoch: 6 [480128/497351 (96.5%)]	Loss: 0.137458
Train Epoch: 6 [486528/497351 (97.8%)]	Loss: 0.168892
Train Epoch: 6 [492928/497351 (99.1%)]	Loss: 0.121316
 23%|██▎       | 7/30 [1:04:59<3:36:14, 564.09s/it]Train Epoch: 7 [128/497351 (0.0%)]	Loss: 0.134214
Train Epoch: 7 [6528/497351 (1.3%)]	Loss: 0.111287
Train Epoch: 7 [12928/497351 (2.6%)]	Loss: 0.139094
Train Epoch: 7 [19328/497351 (3.9%)]	Loss: 0.176897
Train Epoch: 7 [25728/497351 (5.2%)]	Loss: 0.146127
Train Epoch: 7 [32128/497351 (6.5%)]	Loss: 0.169625
Train Epoch: 7 [38528/497351 (7.7%)]	Loss: 0.147395
Train Epoch: 7 [44928/497351 (9.0%)]	Loss: 0.217843
Train Epoch: 7 [51328/497351 (10.3%)]	Loss: 0.111732
Train Epoch: 7 [57728/497351 (11.6%)]	Loss: 0.165271
Train Epoch: 7 [64128/497351 (12.9%)]	Loss: 0.189036
Train Epoch: 7 [70528/497351 (14.2%)]	Loss: 0.129272
Train Epoch: 7 [76928/497351 (15.5%)]	Loss: 0.218977
Train Epoch: 7 [83328/497351 (16.8%)]	Loss: 0.162012
Train Epoch: 7 [89728/497351 (18.0%)]	Loss: 0.119188
Train Epoch: 7 [96128/497351 (19.3%)]	Loss: 0.103753
Train Epoch: 7 [102528/497351 (20.6%)]	Loss: 0.162297
Train Epoch: 7 [108928/497351 (21.9%)]	Loss: 0.282953
Train Epoch: 7 [115328/497351 (23.2%)]	Loss: 0.142178
Train Epoch: 7 [121728/497351 (24.5%)]	Loss: 0.156184
Train Epoch: 7 [128128/497351 (25.8%)]	Loss: 0.141014
Train Epoch: 7 [134528/497351 (27.0%)]	Loss: 0.103473
Train Epoch: 7 [140928/497351 (28.3%)]	Loss: 0.164622
Train Epoch: 7 [147328/497351 (29.6%)]	Loss: 0.228746
Train Epoch: 7 [153728/497351 (30.9%)]	Loss: 0.140227
Train Epoch: 7 [160128/497351 (32.2%)]	Loss: 0.168867
Train Epoch: 7 [166528/497351 (33.5%)]	Loss: 0.098196
Train Epoch: 7 [172928/497351 (34.8%)]	Loss: 0.200981
Train Epoch: 7 [179328/497351 (36.1%)]	Loss: 0.138877
Train Epoch: 7 [185728/497351 (37.3%)]	Loss: 0.235697
Train Epoch: 7 [192128/497351 (38.6%)]	Loss: 0.172001
Train Epoch: 7 [198528/497351 (39.9%)]	Loss: 0.219997
Train Epoch: 7 [204928/497351 (41.2%)]	Loss: 0.181179
Train Epoch: 7 [211328/497351 (42.5%)]	Loss: 0.170202
Train Epoch: 7 [217728/497351 (43.8%)]	Loss: 0.123368
Train Epoch: 7 [224128/497351 (45.1%)]	Loss: 0.139050
Train Epoch: 7 [230528/497351 (46.4%)]	Loss: 0.207461
Train Epoch: 7 [236928/497351 (47.6%)]	Loss: 0.134429
Train Epoch: 7 [243328/497351 (48.9%)]	Loss: 0.114439
Train Epoch: 7 [249728/497351 (50.2%)]	Loss: 0.225359
Train Epoch: 7 [256128/497351 (51.5%)]	Loss: 0.173121
Train Epoch: 7 [262528/497351 (52.8%)]	Loss: 0.133616
Train Epoch: 7 [268928/497351 (54.1%)]	Loss: 0.099654
Train Epoch: 7 [275328/497351 (55.4%)]	Loss: 0.166203
Train Epoch: 7 [281728/497351 (56.6%)]	Loss: 0.198030
Train Epoch: 7 [288128/497351 (57.9%)]	Loss: 0.318860
Train Epoch: 7 [294528/497351 (59.2%)]	Loss: 0.207937
Train Epoch: 7 [300928/497351 (60.5%)]	Loss: 0.131150
Train Epoch: 7 [307328/497351 (61.8%)]	Loss: 0.172338
Train Epoch: 7 [313728/497351 (63.1%)]	Loss: 0.124111
Train Epoch: 7 [320128/497351 (64.4%)]	Loss: 0.202369
Train Epoch: 7 [326528/497351 (65.7%)]	Loss: 0.172473
Train Epoch: 7 [332928/497351 (66.9%)]	Loss: 0.188035
Train Epoch: 7 [339328/497351 (68.2%)]	Loss: 0.173478
Train Epoch: 7 [345728/497351 (69.5%)]	Loss: 0.151999
Train Epoch: 7 [352128/497351 (70.8%)]	Loss: 0.129351
Train Epoch: 7 [358528/497351 (72.1%)]	Loss: 0.167343
Train Epoch: 7 [364928/497351 (73.4%)]	Loss: 0.124936
Train Epoch: 7 [371328/497351 (74.7%)]	Loss: 0.152001
Train Epoch: 7 [377728/497351 (75.9%)]	Loss: 0.137505
Train Epoch: 7 [384128/497351 (77.2%)]	Loss: 0.101954
Train Epoch: 7 [390528/497351 (78.5%)]	Loss: 0.097456
Train Epoch: 7 [396928/497351 (79.8%)]	Loss: 0.170450
Train Epoch: 7 [403328/497351 (81.1%)]	Loss: 0.167052
Train Epoch: 7 [409728/497351 (82.4%)]	Loss: 0.150452
Train Epoch: 7 [416128/497351 (83.7%)]	Loss: 0.175385
Train Epoch: 7 [422528/497351 (85.0%)]	Loss: 0.158126
Train Epoch: 7 [428928/497351 (86.2%)]	Loss: 0.129017
Train Epoch: 7 [435328/497351 (87.5%)]	Loss: 0.162726
Train Epoch: 7 [441728/497351 (88.8%)]	Loss: 0.127951
Train Epoch: 7 [448128/497351 (90.1%)]	Loss: 0.225786
Train Epoch: 7 [454528/497351 (91.4%)]	Loss: 0.152939
Train Epoch: 7 [460928/497351 (92.7%)]	Loss: 0.182381
Train Epoch: 7 [467328/497351 (94.0%)]	Loss: 0.215124
Train Epoch: 7 [473728/497351 (95.3%)]	Loss: 0.136321
Train Epoch: 7 [480128/497351 (96.5%)]	Loss: 0.271225
Train Epoch: 7 [486528/497351 (97.8%)]	Loss: 0.163982
Train Epoch: 7 [492928/497351 (99.1%)]	Loss: 0.170868
 27%|██▋       | 8/30 [1:14:25<3:27:06, 564.82s/it]Train Epoch: 8 [128/497351 (0.0%)]	Loss: 0.181164
Train Epoch: 8 [6528/497351 (1.3%)]	Loss: 0.194801
Train Epoch: 8 [12928/497351 (2.6%)]	Loss: 0.102499
Train Epoch: 8 [19328/497351 (3.9%)]	Loss: 0.159520
Train Epoch: 8 [25728/497351 (5.2%)]	Loss: 0.176393
Train Epoch: 8 [32128/497351 (6.5%)]	Loss: 0.168016
Train Epoch: 8 [38528/497351 (7.7%)]	Loss: 0.106228
Train Epoch: 8 [44928/497351 (9.0%)]	Loss: 0.124436
Train Epoch: 8 [51328/497351 (10.3%)]	Loss: 0.155448
Train Epoch: 8 [57728/497351 (11.6%)]	Loss: 0.130827
Train Epoch: 8 [64128/497351 (12.9%)]	Loss: 0.148378
Train Epoch: 8 [70528/497351 (14.2%)]	Loss: 0.146288
Train Epoch: 8 [76928/497351 (15.5%)]	Loss: 0.291988
Train Epoch: 8 [83328/497351 (16.8%)]	Loss: 0.125424
Train Epoch: 8 [89728/497351 (18.0%)]	Loss: 0.168153
Train Epoch: 8 [96128/497351 (19.3%)]	Loss: 0.148738
Train Epoch: 8 [102528/497351 (20.6%)]	Loss: 0.193975
Train Epoch: 8 [108928/497351 (21.9%)]	Loss: 0.143506
Train Epoch: 8 [115328/497351 (23.2%)]	Loss: 0.134982
Train Epoch: 8 [121728/497351 (24.5%)]	Loss: 0.173078
Train Epoch: 8 [128128/497351 (25.8%)]	Loss: 0.119492
Train Epoch: 8 [134528/497351 (27.0%)]	Loss: 0.177780
Train Epoch: 8 [140928/497351 (28.3%)]	Loss: 0.213399
Train Epoch: 8 [147328/497351 (29.6%)]	Loss: 0.152520
Train Epoch: 8 [153728/497351 (30.9%)]	Loss: 0.192255
Train Epoch: 8 [160128/497351 (32.2%)]	Loss: 0.138026
Train Epoch: 8 [166528/497351 (33.5%)]	Loss: 0.111117
Train Epoch: 8 [172928/497351 (34.8%)]	Loss: 0.109715
Train Epoch: 8 [179328/497351 (36.1%)]	Loss: 0.142233
Train Epoch: 8 [185728/497351 (37.3%)]	Loss: 0.129387
Train Epoch: 8 [192128/497351 (38.6%)]	Loss: 0.168137
Train Epoch: 8 [198528/497351 (39.9%)]	Loss: 0.144280
Train Epoch: 8 [204928/497351 (41.2%)]	Loss: 0.112823
Train Epoch: 8 [211328/497351 (42.5%)]	Loss: 0.121685
Train Epoch: 8 [217728/497351 (43.8%)]	Loss: 0.113387
Train Epoch: 8 [224128/497351 (45.1%)]	Loss: 0.136646
Train Epoch: 8 [230528/497351 (46.4%)]	Loss: 0.233360
Train Epoch: 8 [236928/497351 (47.6%)]	Loss: 0.141298
Train Epoch: 8 [243328/497351 (48.9%)]	Loss: 0.145502
Train Epoch: 8 [249728/497351 (50.2%)]	Loss: 0.140251
Train Epoch: 8 [256128/497351 (51.5%)]	Loss: 0.180155
Train Epoch: 8 [262528/497351 (52.8%)]	Loss: 0.221861
Train Epoch: 8 [268928/497351 (54.1%)]	Loss: 0.180562
Train Epoch: 8 [275328/497351 (55.4%)]	Loss: 0.193547
Train Epoch: 8 [281728/497351 (56.6%)]	Loss: 0.146090
Train Epoch: 8 [288128/497351 (57.9%)]	Loss: 0.126472
Train Epoch: 8 [294528/497351 (59.2%)]	Loss: 0.125613
Train Epoch: 8 [300928/497351 (60.5%)]	Loss: 0.201080
Train Epoch: 8 [307328/497351 (61.8%)]	Loss: 0.172372
Train Epoch: 8 [313728/497351 (63.1%)]	Loss: 0.167353
Train Epoch: 8 [320128/497351 (64.4%)]	Loss: 0.226955
Train Epoch: 8 [326528/497351 (65.7%)]	Loss: 0.133846
Train Epoch: 8 [332928/497351 (66.9%)]	Loss: 0.137634
Train Epoch: 8 [339328/497351 (68.2%)]	Loss: 0.268112
Train Epoch: 8 [345728/497351 (69.5%)]	Loss: 0.093592
Train Epoch: 8 [352128/497351 (70.8%)]	Loss: 0.174090
Train Epoch: 8 [358528/497351 (72.1%)]	Loss: 0.202370
Train Epoch: 8 [364928/497351 (73.4%)]	Loss: 0.261996
Train Epoch: 8 [371328/497351 (74.7%)]	Loss: 0.149529
Train Epoch: 8 [377728/497351 (75.9%)]	Loss: 0.121550
Train Epoch: 8 [384128/497351 (77.2%)]	Loss: 0.240007
Train Epoch: 8 [390528/497351 (78.5%)]	Loss: 0.161847
Train Epoch: 8 [396928/497351 (79.8%)]	Loss: 0.111051
Train Epoch: 8 [403328/497351 (81.1%)]	Loss: 0.225555
Train Epoch: 8 [409728/497351 (82.4%)]	Loss: 0.091704
Train Epoch: 8 [416128/497351 (83.7%)]	Loss: 0.159239
Train Epoch: 8 [422528/497351 (85.0%)]	Loss: 0.159941
Train Epoch: 8 [428928/497351 (86.2%)]	Loss: 0.174511
Train Epoch: 8 [435328/497351 (87.5%)]	Loss: 0.134449
Train Epoch: 8 [441728/497351 (88.8%)]	Loss: 0.260455
Train Epoch: 8 [448128/497351 (90.1%)]	Loss: 0.226418
Train Epoch: 8 [454528/497351 (91.4%)]	Loss: 0.183790
Train Epoch: 8 [460928/497351 (92.7%)]	Loss: 0.156286
Train Epoch: 8 [467328/497351 (94.0%)]	Loss: 0.172225
Train Epoch: 8 [473728/497351 (95.3%)]	Loss: 0.131811
Train Epoch: 8 [480128/497351 (96.5%)]	Loss: 0.209930
Train Epoch: 8 [486528/497351 (97.8%)]	Loss: 0.085937
Train Epoch: 8 [492928/497351 (99.1%)]	Loss: 0.215759
 30%|███       | 9/30 [1:23:51<3:17:46, 565.07s/it]Train Epoch: 9 [128/497351 (0.0%)]	Loss: 0.211978
Train Epoch: 9 [6528/497351 (1.3%)]	Loss: 0.131245
Train Epoch: 9 [12928/497351 (2.6%)]	Loss: 0.088991
Train Epoch: 9 [19328/497351 (3.9%)]	Loss: 0.141341
Train Epoch: 9 [25728/497351 (5.2%)]	Loss: 0.163280
Train Epoch: 9 [32128/497351 (6.5%)]	Loss: 0.206109
Train Epoch: 9 [38528/497351 (7.7%)]	Loss: 0.101658
Train Epoch: 9 [44928/497351 (9.0%)]	Loss: 0.124851
Train Epoch: 9 [51328/497351 (10.3%)]	Loss: 0.192832
Train Epoch: 9 [57728/497351 (11.6%)]	Loss: 0.189042
Train Epoch: 9 [64128/497351 (12.9%)]	Loss: 0.100187
Train Epoch: 9 [70528/497351 (14.2%)]	Loss: 0.127595
Train Epoch: 9 [76928/497351 (15.5%)]	Loss: 0.130192
Train Epoch: 9 [83328/497351 (16.8%)]	Loss: 0.166409
Train Epoch: 9 [89728/497351 (18.0%)]	Loss: 0.173120
Train Epoch: 9 [96128/497351 (19.3%)]	Loss: 0.099715
Train Epoch: 9 [102528/497351 (20.6%)]	Loss: 0.121911
Train Epoch: 9 [108928/497351 (21.9%)]	Loss: 0.106684
Train Epoch: 9 [115328/497351 (23.2%)]	Loss: 0.144195
Train Epoch: 9 [121728/497351 (24.5%)]	Loss: 0.172772
Train Epoch: 9 [128128/497351 (25.8%)]	Loss: 0.179829
Train Epoch: 9 [134528/497351 (27.0%)]	Loss: 0.112580
Train Epoch: 9 [140928/497351 (28.3%)]	Loss: 0.158024
Train Epoch: 9 [147328/497351 (29.6%)]	Loss: 0.171861
Train Epoch: 9 [153728/497351 (30.9%)]	Loss: 0.109596
Train Epoch: 9 [160128/497351 (32.2%)]	Loss: 0.110809
Train Epoch: 9 [166528/497351 (33.5%)]	Loss: 0.133052
Train Epoch: 9 [172928/497351 (34.8%)]	Loss: 0.175468
Train Epoch: 9 [179328/497351 (36.1%)]	Loss: 0.135951
Train Epoch: 9 [185728/497351 (37.3%)]	Loss: 0.136734
Train Epoch: 9 [192128/497351 (38.6%)]	Loss: 0.108594
Train Epoch: 9 [198528/497351 (39.9%)]	Loss: 0.147078
Train Epoch: 9 [204928/497351 (41.2%)]	Loss: 0.189196
Train Epoch: 9 [211328/497351 (42.5%)]	Loss: 0.115492
Train Epoch: 9 [217728/497351 (43.8%)]	Loss: 0.188352
Train Epoch: 9 [224128/497351 (45.1%)]	Loss: 0.151724
Train Epoch: 9 [230528/497351 (46.4%)]	Loss: 0.141026
Train Epoch: 9 [236928/497351 (47.6%)]	Loss: 0.207803
Train Epoch: 9 [243328/497351 (48.9%)]	Loss: 0.194927
Train Epoch: 9 [249728/497351 (50.2%)]	Loss: 0.129343
Train Epoch: 9 [256128/497351 (51.5%)]	Loss: 0.142275
Train Epoch: 9 [262528/497351 (52.8%)]	Loss: 0.192909
Train Epoch: 9 [268928/497351 (54.1%)]	Loss: 0.123564
Train Epoch: 9 [275328/497351 (55.4%)]	Loss: 0.162892
Train Epoch: 9 [281728/497351 (56.6%)]	Loss: 0.131188
Train Epoch: 9 [288128/497351 (57.9%)]	Loss: 0.106792
Train Epoch: 9 [294528/497351 (59.2%)]	Loss: 0.175117
Train Epoch: 9 [300928/497351 (60.5%)]	Loss: 0.120004
Train Epoch: 9 [307328/497351 (61.8%)]	Loss: 0.161176
Train Epoch: 9 [313728/497351 (63.1%)]	Loss: 0.154122
Train Epoch: 9 [320128/497351 (64.4%)]	Loss: 0.137233
Train Epoch: 9 [326528/497351 (65.7%)]	Loss: 0.109452
Train Epoch: 9 [332928/497351 (66.9%)]	Loss: 0.194530
Train Epoch: 9 [339328/497351 (68.2%)]	Loss: 0.102119
Train Epoch: 9 [345728/497351 (69.5%)]	Loss: 0.146787
Train Epoch: 9 [352128/497351 (70.8%)]	Loss: 0.218552
Train Epoch: 9 [358528/497351 (72.1%)]	Loss: 0.200139
Train Epoch: 9 [364928/497351 (73.4%)]	Loss: 0.144924
Train Epoch: 9 [371328/497351 (74.7%)]	Loss: 0.151882
Train Epoch: 9 [377728/497351 (75.9%)]	Loss: 0.220572
Train Epoch: 9 [384128/497351 (77.2%)]	Loss: 0.117507
Train Epoch: 9 [390528/497351 (78.5%)]	Loss: 0.179255
Train Epoch: 9 [396928/497351 (79.8%)]	Loss: 0.267920
Train Epoch: 9 [403328/497351 (81.1%)]	Loss: 0.211544
Train Epoch: 9 [409728/497351 (82.4%)]	Loss: 0.086797
Train Epoch: 9 [416128/497351 (83.7%)]	Loss: 0.131560
Train Epoch: 9 [422528/497351 (85.0%)]	Loss: 0.151698
Train Epoch: 9 [428928/497351 (86.2%)]	Loss: 0.058765
Train Epoch: 9 [435328/497351 (87.5%)]	Loss: 0.251882
Train Epoch: 9 [441728/497351 (88.8%)]	Loss: 0.206205
Train Epoch: 9 [448128/497351 (90.1%)]	Loss: 0.171958
Train Epoch: 9 [454528/497351 (91.4%)]	Loss: 0.192314
Train Epoch: 9 [460928/497351 (92.7%)]	Loss: 0.189714
Train Epoch: 9 [467328/497351 (94.0%)]	Loss: 0.150830
Train Epoch: 9 [473728/497351 (95.3%)]	Loss: 0.185224
Train Epoch: 9 [480128/497351 (96.5%)]	Loss: 0.162564
Train Epoch: 9 [486528/497351 (97.8%)]	Loss: 0.109341
Train Epoch: 9 [492928/497351 (99.1%)]	Loss: 0.257700
 33%|███▎      | 10/30 [1:33:15<3:08:14, 564.75s/it]Train Epoch: 10 [128/497351 (0.0%)]	Loss: 0.128610
Train Epoch: 10 [6528/497351 (1.3%)]	Loss: 0.124959
Train Epoch: 10 [12928/497351 (2.6%)]	Loss: 0.162383
Train Epoch: 10 [19328/497351 (3.9%)]	Loss: 0.118830
Train Epoch: 10 [25728/497351 (5.2%)]	Loss: 0.123474
Train Epoch: 10 [32128/497351 (6.5%)]	Loss: 0.087359
Train Epoch: 10 [38528/497351 (7.7%)]	Loss: 0.145883
Train Epoch: 10 [44928/497351 (9.0%)]	Loss: 0.198432
Train Epoch: 10 [51328/497351 (10.3%)]	Loss: 0.145396
Train Epoch: 10 [57728/497351 (11.6%)]	Loss: 0.124231
Train Epoch: 10 [64128/497351 (12.9%)]	Loss: 0.180272
Train Epoch: 10 [70528/497351 (14.2%)]	Loss: 0.087715
Train Epoch: 10 [76928/497351 (15.5%)]	Loss: 0.128135
Train Epoch: 10 [83328/497351 (16.8%)]	Loss: 0.128255
Train Epoch: 10 [89728/497351 (18.0%)]	Loss: 0.176199
Train Epoch: 10 [96128/497351 (19.3%)]	Loss: 0.171410
Train Epoch: 10 [102528/497351 (20.6%)]	Loss: 0.131616
Train Epoch: 10 [108928/497351 (21.9%)]	Loss: 0.106241
Train Epoch: 10 [115328/497351 (23.2%)]	Loss: 0.109853
Train Epoch: 10 [121728/497351 (24.5%)]	Loss: 0.184798
Train Epoch: 10 [128128/497351 (25.8%)]	Loss: 0.145388
Train Epoch: 10 [134528/497351 (27.0%)]	Loss: 0.136865
Train Epoch: 10 [140928/497351 (28.3%)]	Loss: 0.160864
Train Epoch: 10 [147328/497351 (29.6%)]	Loss: 0.211298
Train Epoch: 10 [153728/497351 (30.9%)]	Loss: 0.149231
Train Epoch: 10 [160128/497351 (32.2%)]	Loss: 0.152024
Train Epoch: 10 [166528/497351 (33.5%)]	Loss: 0.090013
Train Epoch: 10 [172928/497351 (34.8%)]	Loss: 0.160445
Train Epoch: 10 [179328/497351 (36.1%)]	Loss: 0.170219
Train Epoch: 10 [185728/497351 (37.3%)]	Loss: 0.186379
Train Epoch: 10 [192128/497351 (38.6%)]	Loss: 0.173979
Train Epoch: 10 [198528/497351 (39.9%)]	Loss: 0.162598
Train Epoch: 10 [204928/497351 (41.2%)]	Loss: 0.116421
Train Epoch: 10 [211328/497351 (42.5%)]	Loss: 0.207396
Train Epoch: 10 [217728/497351 (43.8%)]	Loss: 0.165646
Train Epoch: 10 [224128/497351 (45.1%)]	Loss: 0.165846
Train Epoch: 10 [230528/497351 (46.4%)]	Loss: 0.119481
Train Epoch: 10 [236928/497351 (47.6%)]	Loss: 0.133368
Train Epoch: 10 [243328/497351 (48.9%)]	Loss: 0.110217
Train Epoch: 10 [249728/497351 (50.2%)]	Loss: 0.248453
Train Epoch: 10 [256128/497351 (51.5%)]	Loss: 0.118377
Train Epoch: 10 [262528/497351 (52.8%)]	Loss: 0.262893
Train Epoch: 10 [268928/497351 (54.1%)]	Loss: 0.229726
Train Epoch: 10 [275328/497351 (55.4%)]	Loss: 0.204087
Train Epoch: 10 [281728/497351 (56.6%)]	Loss: 0.172631
Train Epoch: 10 [288128/497351 (57.9%)]	Loss: 0.242716
Train Epoch: 10 [294528/497351 (59.2%)]	Loss: 0.061932
Train Epoch: 10 [300928/497351 (60.5%)]	Loss: 0.184324
Train Epoch: 10 [307328/497351 (61.8%)]	Loss: 0.218657
Train Epoch: 10 [313728/497351 (63.1%)]	Loss: 0.142957
Train Epoch: 10 [320128/497351 (64.4%)]	Loss: 0.167903
Train Epoch: 10 [326528/497351 (65.7%)]	Loss: 0.093134
Train Epoch: 10 [332928/497351 (66.9%)]	Loss: 0.182739
Train Epoch: 10 [339328/497351 (68.2%)]	Loss: 0.198884
Train Epoch: 10 [345728/497351 (69.5%)]	Loss: 0.160531
Train Epoch: 10 [352128/497351 (70.8%)]	Loss: 0.148457
Train Epoch: 10 [358528/497351 (72.1%)]	Loss: 0.138028
Train Epoch: 10 [364928/497351 (73.4%)]	Loss: 0.106965
Train Epoch: 10 [371328/497351 (74.7%)]	Loss: 0.140615
Train Epoch: 10 [377728/497351 (75.9%)]	Loss: 0.186373
Train Epoch: 10 [384128/497351 (77.2%)]	Loss: 0.104630
Train Epoch: 10 [390528/497351 (78.5%)]	Loss: 0.144644
Train Epoch: 10 [396928/497351 (79.8%)]	Loss: 0.230542
Train Epoch: 10 [403328/497351 (81.1%)]	Loss: 0.124211
Train Epoch: 10 [409728/497351 (82.4%)]	Loss: 0.158871
Train Epoch: 10 [416128/497351 (83.7%)]	Loss: 0.136111
Train Epoch: 10 [422528/497351 (85.0%)]	Loss: 0.211769
Train Epoch: 10 [428928/497351 (86.2%)]	Loss: 0.211673
Train Epoch: 10 [435328/497351 (87.5%)]	Loss: 0.108468
Train Epoch: 10 [441728/497351 (88.8%)]	Loss: 0.118847
Train Epoch: 10 [448128/497351 (90.1%)]	Loss: 0.165065
Train Epoch: 10 [454528/497351 (91.4%)]	Loss: 0.185215
Train Epoch: 10 [460928/497351 (92.7%)]	Loss: 0.160697
Train Epoch: 10 [467328/497351 (94.0%)]	Loss: 0.165117
Train Epoch: 10 [473728/497351 (95.3%)]	Loss: 0.156166
Train Epoch: 10 [480128/497351 (96.5%)]	Loss: 0.093057
Train Epoch: 10 [486528/497351 (97.8%)]	Loss: 0.210286
Train Epoch: 10 [492928/497351 (99.1%)]	Loss: 0.117261
 37%|███▋      | 11/30 [1:42:39<2:58:49, 564.73s/it]Train Epoch: 11 [128/497351 (0.0%)]	Loss: 0.123497
Train Epoch: 11 [6528/497351 (1.3%)]	Loss: 0.247326
Train Epoch: 11 [12928/497351 (2.6%)]	Loss: 0.222821
Train Epoch: 11 [19328/497351 (3.9%)]	Loss: 0.212924
Train Epoch: 11 [25728/497351 (5.2%)]	Loss: 0.199802
Train Epoch: 11 [32128/497351 (6.5%)]	Loss: 0.100473
Train Epoch: 11 [38528/497351 (7.7%)]	Loss: 0.088703
Train Epoch: 11 [44928/497351 (9.0%)]	Loss: 0.139785
Train Epoch: 11 [51328/497351 (10.3%)]	Loss: 0.207929
Train Epoch: 11 [57728/497351 (11.6%)]	Loss: 0.133598
Train Epoch: 11 [64128/497351 (12.9%)]	Loss: 0.191231
Train Epoch: 11 [70528/497351 (14.2%)]	Loss: 0.165327
Train Epoch: 11 [76928/497351 (15.5%)]	Loss: 0.227620
Train Epoch: 11 [83328/497351 (16.8%)]	Loss: 0.132944
Train Epoch: 11 [89728/497351 (18.0%)]	Loss: 0.184057
Train Epoch: 11 [96128/497351 (19.3%)]	Loss: 0.182861
Train Epoch: 11 [102528/497351 (20.6%)]	Loss: 0.147983
Train Epoch: 11 [108928/497351 (21.9%)]	Loss: 0.165054
Train Epoch: 11 [115328/497351 (23.2%)]	Loss: 0.140254
Train Epoch: 11 [121728/497351 (24.5%)]	Loss: 0.197934
Train Epoch: 11 [128128/497351 (25.8%)]	Loss: 0.141066
Train Epoch: 11 [134528/497351 (27.0%)]	Loss: 0.103023
Train Epoch: 11 [140928/497351 (28.3%)]	Loss: 0.152598
Train Epoch: 11 [147328/497351 (29.6%)]	Loss: 0.187677
Train Epoch: 11 [153728/497351 (30.9%)]	Loss: 0.205397
Train Epoch: 11 [160128/497351 (32.2%)]	Loss: 0.077783
Train Epoch: 11 [166528/497351 (33.5%)]	Loss: 0.137626
Train Epoch: 11 [172928/497351 (34.8%)]	Loss: 0.191759
Train Epoch: 11 [179328/497351 (36.1%)]	Loss: 0.146403
Train Epoch: 11 [185728/497351 (37.3%)]	Loss: 0.186954
Train Epoch: 11 [192128/497351 (38.6%)]	Loss: 0.220367
Train Epoch: 11 [198528/497351 (39.9%)]	Loss: 0.206036
Train Epoch: 11 [204928/497351 (41.2%)]	Loss: 0.163760
Train Epoch: 11 [211328/497351 (42.5%)]	Loss: 0.130098
Train Epoch: 11 [217728/497351 (43.8%)]	Loss: 0.154887
Train Epoch: 11 [224128/497351 (45.1%)]	Loss: 0.158000
Train Epoch: 11 [230528/497351 (46.4%)]	Loss: 0.263137
Train Epoch: 11 [236928/497351 (47.6%)]	Loss: 0.216089
Train Epoch: 11 [243328/497351 (48.9%)]	Loss: 0.245340
Train Epoch: 11 [249728/497351 (50.2%)]	Loss: 0.149759
Train Epoch: 11 [256128/497351 (51.5%)]	Loss: 0.109853
Train Epoch: 11 [262528/497351 (52.8%)]	Loss: 0.104423
Train Epoch: 11 [268928/497351 (54.1%)]	Loss: 0.114348
Train Epoch: 11 [275328/497351 (55.4%)]	Loss: 0.318923
Train Epoch: 11 [281728/497351 (56.6%)]	Loss: 0.129317
Train Epoch: 11 [288128/497351 (57.9%)]	Loss: 0.162432
Train Epoch: 11 [294528/497351 (59.2%)]	Loss: 0.167215
Train Epoch: 11 [300928/497351 (60.5%)]	Loss: 0.172776
Train Epoch: 11 [307328/497351 (61.8%)]	Loss: 0.139908
Train Epoch: 11 [313728/497351 (63.1%)]	Loss: 0.151339
Train Epoch: 11 [320128/497351 (64.4%)]	Loss: 0.171069
Train Epoch: 11 [326528/497351 (65.7%)]	Loss: 0.148681
Train Epoch: 11 [332928/497351 (66.9%)]	Loss: 0.225155
Train Epoch: 11 [339328/497351 (68.2%)]	Loss: 0.124446
Train Epoch: 11 [345728/497351 (69.5%)]	Loss: 0.105684
Train Epoch: 11 [352128/497351 (70.8%)]	Loss: 0.124397
Train Epoch: 11 [358528/497351 (72.1%)]	Loss: 0.132216
Train Epoch: 11 [364928/497351 (73.4%)]	Loss: 0.148186
Train Epoch: 11 [371328/497351 (74.7%)]	Loss: 0.157695
Train Epoch: 11 [377728/497351 (75.9%)]	Loss: 0.106518
Train Epoch: 11 [384128/497351 (77.2%)]	Loss: 0.179357
Train Epoch: 11 [390528/497351 (78.5%)]	Loss: 0.107614
Train Epoch: 11 [396928/497351 (79.8%)]	Loss: 0.151946
Train Epoch: 11 [403328/497351 (81.1%)]	Loss: 0.137138
Train Epoch: 11 [409728/497351 (82.4%)]	Loss: 0.122911
Train Epoch: 11 [416128/497351 (83.7%)]	Loss: 0.136157
Train Epoch: 11 [422528/497351 (85.0%)]	Loss: 0.132961
Train Epoch: 11 [428928/497351 (86.2%)]	Loss: 0.217868
Train Epoch: 11 [435328/497351 (87.5%)]	Loss: 0.124916
Train Epoch: 11 [441728/497351 (88.8%)]	Loss: 0.201925
Train Epoch: 11 [448128/497351 (90.1%)]	Loss: 0.208436
Train Epoch: 11 [454528/497351 (91.4%)]	Loss: 0.130434
Train Epoch: 11 [460928/497351 (92.7%)]	Loss: 0.140059
Train Epoch: 11 [467328/497351 (94.0%)]	Loss: 0.140072
Train Epoch: 11 [473728/497351 (95.3%)]	Loss: 0.102731
Train Epoch: 11 [480128/497351 (96.5%)]	Loss: 0.104457
Train Epoch: 11 [486528/497351 (97.8%)]	Loss: 0.128387
Train Epoch: 11 [492928/497351 (99.1%)]	Loss: 0.193999
 40%|████      | 12/30 [1:52:09<2:49:50, 566.15s/it]Train Epoch: 12 [128/497351 (0.0%)]	Loss: 0.072945
Train Epoch: 12 [6528/497351 (1.3%)]	Loss: 0.237331
Train Epoch: 12 [12928/497351 (2.6%)]	Loss: 0.180992
Train Epoch: 12 [19328/497351 (3.9%)]	Loss: 0.111850
Train Epoch: 12 [25728/497351 (5.2%)]	Loss: 0.110164
Train Epoch: 12 [32128/497351 (6.5%)]	Loss: 0.176560
Train Epoch: 12 [38528/497351 (7.7%)]	Loss: 0.203282
Train Epoch: 12 [44928/497351 (9.0%)]	Loss: 0.160684
Train Epoch: 12 [51328/497351 (10.3%)]	Loss: 0.226361
Train Epoch: 12 [57728/497351 (11.6%)]	Loss: 0.120329
Train Epoch: 12 [64128/497351 (12.9%)]	Loss: 0.207652
Train Epoch: 12 [70528/497351 (14.2%)]	Loss: 0.166038
Train Epoch: 12 [76928/497351 (15.5%)]	Loss: 0.191631
Train Epoch: 12 [83328/497351 (16.8%)]	Loss: 0.135160
Train Epoch: 12 [89728/497351 (18.0%)]	Loss: 0.226122
Train Epoch: 12 [96128/497351 (19.3%)]	Loss: 0.226750
Train Epoch: 12 [102528/497351 (20.6%)]	Loss: 0.214997
Train Epoch: 12 [108928/497351 (21.9%)]	Loss: 0.130638
Train Epoch: 12 [115328/497351 (23.2%)]	Loss: 0.226975
Train Epoch: 12 [121728/497351 (24.5%)]	Loss: 0.125802
Train Epoch: 12 [128128/497351 (25.8%)]	Loss: 0.127806
Train Epoch: 12 [134528/497351 (27.0%)]	Loss: 0.164834
Train Epoch: 12 [140928/497351 (28.3%)]	Loss: 0.113001
Train Epoch: 12 [147328/497351 (29.6%)]	Loss: 0.149564
Train Epoch: 12 [153728/497351 (30.9%)]	Loss: 0.182338
Train Epoch: 12 [160128/497351 (32.2%)]	Loss: 0.212055
Train Epoch: 12 [166528/497351 (33.5%)]	Loss: 0.166204
Train Epoch: 12 [172928/497351 (34.8%)]	Loss: 0.119161
Train Epoch: 12 [179328/497351 (36.1%)]	Loss: 0.222109
Train Epoch: 12 [185728/497351 (37.3%)]	Loss: 0.162285
Train Epoch: 12 [192128/497351 (38.6%)]	Loss: 0.107386
Train Epoch: 12 [198528/497351 (39.9%)]	Loss: 0.182489
Train Epoch: 12 [204928/497351 (41.2%)]	Loss: 0.152940
Train Epoch: 12 [211328/497351 (42.5%)]	Loss: 0.168684
Train Epoch: 12 [217728/497351 (43.8%)]	Loss: 0.186687
Train Epoch: 12 [224128/497351 (45.1%)]	Loss: 0.195360
Train Epoch: 12 [230528/497351 (46.4%)]	Loss: 0.130852
Train Epoch: 12 [236928/497351 (47.6%)]	Loss: 0.144406
Train Epoch: 12 [243328/497351 (48.9%)]	Loss: 0.218090
Train Epoch: 12 [249728/497351 (50.2%)]	Loss: 0.164985
Train Epoch: 12 [256128/497351 (51.5%)]	Loss: 0.145635
Train Epoch: 12 [262528/497351 (52.8%)]	Loss: 0.113247
Train Epoch: 12 [268928/497351 (54.1%)]	Loss: 0.186259
Train Epoch: 12 [275328/497351 (55.4%)]	Loss: 0.119108
Train Epoch: 12 [281728/497351 (56.6%)]	Loss: 0.137546
Train Epoch: 12 [288128/497351 (57.9%)]	Loss: 0.225406
Train Epoch: 12 [294528/497351 (59.2%)]	Loss: 0.131857
Train Epoch: 12 [300928/497351 (60.5%)]	Loss: 0.107012
Train Epoch: 12 [307328/497351 (61.8%)]	Loss: 0.141816
Train Epoch: 12 [313728/497351 (63.1%)]	Loss: 0.149174
Train Epoch: 12 [320128/497351 (64.4%)]	Loss: 0.169846
Train Epoch: 12 [326528/497351 (65.7%)]	Loss: 0.183804
Train Epoch: 12 [332928/497351 (66.9%)]	Loss: 0.157060
Train Epoch: 12 [339328/497351 (68.2%)]	Loss: 0.126903
Train Epoch: 12 [345728/497351 (69.5%)]	Loss: 0.114242
Train Epoch: 12 [352128/497351 (70.8%)]	Loss: 0.092634
Train Epoch: 12 [358528/497351 (72.1%)]	Loss: 0.123999
Train Epoch: 12 [364928/497351 (73.4%)]	Loss: 0.127573
Train Epoch: 12 [371328/497351 (74.7%)]	Loss: 0.098346
Train Epoch: 12 [377728/497351 (75.9%)]	Loss: 0.093337
Train Epoch: 12 [384128/497351 (77.2%)]	Loss: 0.129475
Train Epoch: 12 [390528/497351 (78.5%)]	Loss: 0.191364
Train Epoch: 12 [396928/497351 (79.8%)]	Loss: 0.167142
Train Epoch: 12 [403328/497351 (81.1%)]	Loss: 0.153207
Train Epoch: 12 [409728/497351 (82.4%)]	Loss: 0.099606
Train Epoch: 12 [416128/497351 (83.7%)]	Loss: 0.144679
Train Epoch: 12 [422528/497351 (85.0%)]	Loss: 0.170833
Train Epoch: 12 [428928/497351 (86.2%)]	Loss: 0.209893
Train Epoch: 12 [435328/497351 (87.5%)]	Loss: 0.140168
Train Epoch: 12 [441728/497351 (88.8%)]	Loss: 0.184024
Train Epoch: 12 [448128/497351 (90.1%)]	Loss: 0.107298
Train Epoch: 12 [454528/497351 (91.4%)]	Loss: 0.182862
Train Epoch: 12 [460928/497351 (92.7%)]	Loss: 0.175304
Train Epoch: 12 [467328/497351 (94.0%)]	Loss: 0.150246
Train Epoch: 12 [473728/497351 (95.3%)]	Loss: 0.092308
Train Epoch: 12 [480128/497351 (96.5%)]	Loss: 0.176312
Train Epoch: 12 [486528/497351 (97.8%)]	Loss: 0.173922
Train Epoch: 12 [492928/497351 (99.1%)]	Loss: 0.151258
 43%|████▎     | 13/30 [2:01:36<2:40:30, 566.51s/it]Train Epoch: 13 [128/497351 (0.0%)]	Loss: 0.201751
Train Epoch: 13 [6528/497351 (1.3%)]	Loss: 0.086701
Train Epoch: 13 [12928/497351 (2.6%)]	Loss: 0.174180
Train Epoch: 13 [19328/497351 (3.9%)]	Loss: 0.145966
Train Epoch: 13 [25728/497351 (5.2%)]	Loss: 0.211298
Train Epoch: 13 [32128/497351 (6.5%)]	Loss: 0.291262
Train Epoch: 13 [38528/497351 (7.7%)]	Loss: 0.174921
Train Epoch: 13 [44928/497351 (9.0%)]	Loss: 0.168670
Train Epoch: 13 [51328/497351 (10.3%)]	Loss: 0.143408
Train Epoch: 13 [57728/497351 (11.6%)]	Loss: 0.132464
Train Epoch: 13 [64128/497351 (12.9%)]	Loss: 0.151192
Train Epoch: 13 [70528/497351 (14.2%)]	Loss: 0.162124
Train Epoch: 13 [76928/497351 (15.5%)]	Loss: 0.112498
Train Epoch: 13 [83328/497351 (16.8%)]	Loss: 0.167828
Train Epoch: 13 [89728/497351 (18.0%)]	Loss: 0.098764
Train Epoch: 13 [96128/497351 (19.3%)]	Loss: 0.222608
Train Epoch: 13 [102528/497351 (20.6%)]	Loss: 0.201751
Train Epoch: 13 [108928/497351 (21.9%)]	Loss: 0.171653
Train Epoch: 13 [115328/497351 (23.2%)]	Loss: 0.130900
Train Epoch: 13 [121728/497351 (24.5%)]	Loss: 0.203009
Train Epoch: 13 [128128/497351 (25.8%)]	Loss: 0.129191
Train Epoch: 13 [134528/497351 (27.0%)]	Loss: 0.143521
Train Epoch: 13 [140928/497351 (28.3%)]	Loss: 0.245290
Train Epoch: 13 [147328/497351 (29.6%)]	Loss: 0.177545
Train Epoch: 13 [153728/497351 (30.9%)]	Loss: 0.171290
Train Epoch: 13 [160128/497351 (32.2%)]	Loss: 0.232223
Train Epoch: 13 [166528/497351 (33.5%)]	Loss: 0.233821
Train Epoch: 13 [172928/497351 (34.8%)]	Loss: 0.167852
Train Epoch: 13 [179328/497351 (36.1%)]	Loss: 0.123083
Train Epoch: 13 [185728/497351 (37.3%)]	Loss: 0.145237
Train Epoch: 13 [192128/497351 (38.6%)]	Loss: 0.136570
Train Epoch: 13 [198528/497351 (39.9%)]	Loss: 0.111617
Train Epoch: 13 [204928/497351 (41.2%)]	Loss: 0.125286
Train Epoch: 13 [211328/497351 (42.5%)]	Loss: 0.207324
Train Epoch: 13 [217728/497351 (43.8%)]	Loss: 0.168991
Train Epoch: 13 [224128/497351 (45.1%)]	Loss: 0.152188
Train Epoch: 13 [230528/497351 (46.4%)]	Loss: 0.144046
Train Epoch: 13 [236928/497351 (47.6%)]	Loss: 0.145719
Train Epoch: 13 [243328/497351 (48.9%)]	Loss: 0.180329
Train Epoch: 13 [249728/497351 (50.2%)]	Loss: 0.140520
Train Epoch: 13 [256128/497351 (51.5%)]	Loss: 0.159059
Train Epoch: 13 [262528/497351 (52.8%)]	Loss: 0.137421
Train Epoch: 13 [268928/497351 (54.1%)]	Loss: 0.166705
Train Epoch: 13 [275328/497351 (55.4%)]	Loss: 0.185255
Train Epoch: 13 [281728/497351 (56.6%)]	Loss: 0.112966
Train Epoch: 13 [288128/497351 (57.9%)]	Loss: 0.278832
Train Epoch: 13 [294528/497351 (59.2%)]	Loss: 0.178122
Train Epoch: 13 [300928/497351 (60.5%)]	Loss: 0.112031
Train Epoch: 13 [307328/497351 (61.8%)]	Loss: 0.204974
Train Epoch: 13 [313728/497351 (63.1%)]	Loss: 0.129436
Train Epoch: 13 [320128/497351 (64.4%)]	Loss: 0.170075
Train Epoch: 13 [326528/497351 (65.7%)]	Loss: 0.247246
Train Epoch: 13 [332928/497351 (66.9%)]	Loss: 0.234312
Train Epoch: 13 [339328/497351 (68.2%)]	Loss: 0.161410
Train Epoch: 13 [345728/497351 (69.5%)]	Loss: 0.186230
Train Epoch: 13 [352128/497351 (70.8%)]	Loss: 0.156015
Train Epoch: 13 [358528/497351 (72.1%)]	Loss: 0.090208
Train Epoch: 13 [364928/497351 (73.4%)]	Loss: 0.166642
Train Epoch: 13 [371328/497351 (74.7%)]	Loss: 0.202286
Train Epoch: 13 [377728/497351 (75.9%)]	Loss: 0.192794
Train Epoch: 13 [384128/497351 (77.2%)]	Loss: 0.149525
Train Epoch: 13 [390528/497351 (78.5%)]	Loss: 0.130414
Train Epoch: 13 [396928/497351 (79.8%)]	Loss: 0.098660
Train Epoch: 13 [403328/497351 (81.1%)]	Loss: 0.109281
Train Epoch: 13 [409728/497351 (82.4%)]	Loss: 0.132968
Train Epoch: 13 [416128/497351 (83.7%)]	Loss: 0.138745
Train Epoch: 13 [422528/497351 (85.0%)]	Loss: 0.191411
Train Epoch: 13 [428928/497351 (86.2%)]	Loss: 0.152740
Train Epoch: 13 [435328/497351 (87.5%)]	Loss: 0.169886
Train Epoch: 13 [441728/497351 (88.8%)]	Loss: 0.171079
Train Epoch: 13 [448128/497351 (90.1%)]	Loss: 0.146435
Train Epoch: 13 [454528/497351 (91.4%)]	Loss: 0.105755
Train Epoch: 13 [460928/497351 (92.7%)]	Loss: 0.247222
Train Epoch: 13 [467328/497351 (94.0%)]	Loss: 0.198165
Train Epoch: 13 [473728/497351 (95.3%)]	Loss: 0.105097
Train Epoch: 13 [480128/497351 (96.5%)]	Loss: 0.120794
Train Epoch: 13 [486528/497351 (97.8%)]	Loss: 0.098432
Train Epoch: 13 [492928/497351 (99.1%)]	Loss: 0.131891
 47%|████▋     | 14/30 [2:11:03<2:31:05, 566.61s/it]Train Epoch: 14 [128/497351 (0.0%)]	Loss: 0.261239
Train Epoch: 14 [6528/497351 (1.3%)]	Loss: 0.145465
Train Epoch: 14 [12928/497351 (2.6%)]	Loss: 0.230882
Train Epoch: 14 [19328/497351 (3.9%)]	Loss: 0.154376
Train Epoch: 14 [25728/497351 (5.2%)]	Loss: 0.184572
Train Epoch: 14 [32128/497351 (6.5%)]	Loss: 0.114352
Train Epoch: 14 [38528/497351 (7.7%)]	Loss: 0.147544
Train Epoch: 14 [44928/497351 (9.0%)]	Loss: 0.185795
Train Epoch: 14 [51328/497351 (10.3%)]	Loss: 0.188094
Train Epoch: 14 [57728/497351 (11.6%)]	Loss: 0.238278
Train Epoch: 14 [64128/497351 (12.9%)]	Loss: 0.165044
Train Epoch: 14 [70528/497351 (14.2%)]	Loss: 0.151233
Train Epoch: 14 [76928/497351 (15.5%)]	Loss: 0.103888
Train Epoch: 14 [83328/497351 (16.8%)]	Loss: 0.064470
Train Epoch: 14 [89728/497351 (18.0%)]	Loss: 0.166808
Train Epoch: 14 [96128/497351 (19.3%)]	Loss: 0.148381
Train Epoch: 14 [102528/497351 (20.6%)]	Loss: 0.095458
Train Epoch: 14 [108928/497351 (21.9%)]	Loss: 0.162842
Train Epoch: 14 [115328/497351 (23.2%)]	Loss: 0.135712
Train Epoch: 14 [121728/497351 (24.5%)]	Loss: 0.133863
Train Epoch: 14 [128128/497351 (25.8%)]	Loss: 0.282332
Train Epoch: 14 [134528/497351 (27.0%)]	Loss: 0.128622
Train Epoch: 14 [140928/497351 (28.3%)]	Loss: 0.205493
Train Epoch: 14 [147328/497351 (29.6%)]	Loss: 0.207215
Train Epoch: 14 [153728/497351 (30.9%)]	Loss: 0.146954
Train Epoch: 14 [160128/497351 (32.2%)]	Loss: 0.202241
Train Epoch: 14 [166528/497351 (33.5%)]	Loss: 0.131852
Train Epoch: 14 [172928/497351 (34.8%)]	Loss: 0.155035
Train Epoch: 14 [179328/497351 (36.1%)]	Loss: 0.190732
Train Epoch: 14 [185728/497351 (37.3%)]	Loss: 0.099747
Train Epoch: 14 [192128/497351 (38.6%)]	Loss: 0.149358
Train Epoch: 14 [198528/497351 (39.9%)]	Loss: 0.149577
Train Epoch: 14 [204928/497351 (41.2%)]	Loss: 0.210127
Train Epoch: 14 [211328/497351 (42.5%)]	Loss: 0.154067
Train Epoch: 14 [217728/497351 (43.8%)]	Loss: 0.188092
Train Epoch: 14 [224128/497351 (45.1%)]	Loss: 0.174901
Train Epoch: 14 [230528/497351 (46.4%)]	Loss: 0.101403
Train Epoch: 14 [236928/497351 (47.6%)]	Loss: 0.196689
Train Epoch: 14 [243328/497351 (48.9%)]	Loss: 0.123225
Train Epoch: 14 [249728/497351 (50.2%)]	Loss: 0.161164
Train Epoch: 14 [256128/497351 (51.5%)]	Loss: 0.206319
Train Epoch: 14 [262528/497351 (52.8%)]	Loss: 0.209838
Train Epoch: 14 [268928/497351 (54.1%)]	Loss: 0.198454
Train Epoch: 14 [275328/497351 (55.4%)]	Loss: 0.154692
Train Epoch: 14 [281728/497351 (56.6%)]	Loss: 0.175239
Train Epoch: 14 [288128/497351 (57.9%)]	Loss: 0.126692
Train Epoch: 14 [294528/497351 (59.2%)]	Loss: 0.145415
Train Epoch: 14 [300928/497351 (60.5%)]	Loss: 0.218484
Train Epoch: 14 [307328/497351 (61.8%)]	Loss: 0.129220
Train Epoch: 14 [313728/497351 (63.1%)]	Loss: 0.093526
Train Epoch: 14 [320128/497351 (64.4%)]	Loss: 0.157857
Train Epoch: 14 [326528/497351 (65.7%)]	Loss: 0.179606
Train Epoch: 14 [332928/497351 (66.9%)]	Loss: 0.088635
Train Epoch: 14 [339328/497351 (68.2%)]	Loss: 0.212422
Train Epoch: 14 [345728/497351 (69.5%)]	Loss: 0.207956
Train Epoch: 14 [352128/497351 (70.8%)]	Loss: 0.164648
Train Epoch: 14 [358528/497351 (72.1%)]	Loss: 0.196242
Train Epoch: 14 [364928/497351 (73.4%)]	Loss: 0.129015
Train Epoch: 14 [371328/497351 (74.7%)]	Loss: 0.181474
Train Epoch: 14 [377728/497351 (75.9%)]	Loss: 0.139292
Train Epoch: 14 [384128/497351 (77.2%)]	Loss: 0.148917
Train Epoch: 14 [390528/497351 (78.5%)]	Loss: 0.107905
Train Epoch: 14 [396928/497351 (79.8%)]	Loss: 0.210656
Train Epoch: 14 [403328/497351 (81.1%)]	Loss: 0.119393
Train Epoch: 14 [409728/497351 (82.4%)]	Loss: 0.200921
Train Epoch: 14 [416128/497351 (83.7%)]	Loss: 0.158780
Train Epoch: 14 [422528/497351 (85.0%)]	Loss: 0.093104
Train Epoch: 14 [428928/497351 (86.2%)]	Loss: 0.190744
Train Epoch: 14 [435328/497351 (87.5%)]	Loss: 0.157018
Train Epoch: 14 [441728/497351 (88.8%)]	Loss: 0.126866
Train Epoch: 14 [448128/497351 (90.1%)]	Loss: 0.127456
Train Epoch: 14 [454528/497351 (91.4%)]	Loss: 0.166332
Train Epoch: 14 [460928/497351 (92.7%)]	Loss: 0.137638
Train Epoch: 14 [467328/497351 (94.0%)]	Loss: 0.230634
Train Epoch: 14 [473728/497351 (95.3%)]	Loss: 0.090753
Train Epoch: 14 [480128/497351 (96.5%)]	Loss: 0.133551
Train Epoch: 14 [486528/497351 (97.8%)]	Loss: 0.113182
Train Epoch: 14 [492928/497351 (99.1%)]	Loss: 0.172475
 50%|█████     | 15/30 [2:20:31<2:21:46, 567.07s/it]Train Epoch: 15 [128/497351 (0.0%)]	Loss: 0.144425
Train Epoch: 15 [6528/497351 (1.3%)]	Loss: 0.168482
Train Epoch: 15 [12928/497351 (2.6%)]	Loss: 0.134464
Train Epoch: 15 [19328/497351 (3.9%)]	Loss: 0.201941
Train Epoch: 15 [25728/497351 (5.2%)]	Loss: 0.171132
Train Epoch: 15 [32128/497351 (6.5%)]	Loss: 0.291066
Train Epoch: 15 [38528/497351 (7.7%)]	Loss: 0.159183
Train Epoch: 15 [44928/497351 (9.0%)]	Loss: 0.229304
Train Epoch: 15 [51328/497351 (10.3%)]	Loss: 0.253391
Train Epoch: 15 [57728/497351 (11.6%)]	Loss: 0.144306
Train Epoch: 15 [64128/497351 (12.9%)]	Loss: 0.168780
Train Epoch: 15 [70528/497351 (14.2%)]	Loss: 0.177427
Train Epoch: 15 [76928/497351 (15.5%)]	Loss: 0.110479
Train Epoch: 15 [83328/497351 (16.8%)]	Loss: 0.100601
Train Epoch: 15 [89728/497351 (18.0%)]	Loss: 0.141841
Train Epoch: 15 [96128/497351 (19.3%)]	Loss: 0.091092
Train Epoch: 15 [102528/497351 (20.6%)]	Loss: 0.133951
Train Epoch: 15 [108928/497351 (21.9%)]	Loss: 0.192885
Train Epoch: 15 [115328/497351 (23.2%)]	Loss: 0.143090
Train Epoch: 15 [121728/497351 (24.5%)]	Loss: 0.153304
Train Epoch: 15 [128128/497351 (25.8%)]	Loss: 0.143671
Train Epoch: 15 [134528/497351 (27.0%)]	Loss: 0.104327
Train Epoch: 15 [140928/497351 (28.3%)]	Loss: 0.096664
Train Epoch: 15 [147328/497351 (29.6%)]	Loss: 0.179971
Train Epoch: 15 [153728/497351 (30.9%)]	Loss: 0.130692
Train Epoch: 15 [160128/497351 (32.2%)]	Loss: 0.127760
Train Epoch: 15 [166528/497351 (33.5%)]	Loss: 0.147349
Train Epoch: 15 [172928/497351 (34.8%)]	Loss: 0.211097
Train Epoch: 15 [179328/497351 (36.1%)]	Loss: 0.104490
Train Epoch: 15 [185728/497351 (37.3%)]	Loss: 0.097337
Train Epoch: 15 [192128/497351 (38.6%)]	Loss: 0.147807
Train Epoch: 15 [198528/497351 (39.9%)]	Loss: 0.187241
Train Epoch: 15 [204928/497351 (41.2%)]	Loss: 0.185680
Train Epoch: 15 [211328/497351 (42.5%)]	Loss: 0.178154
Train Epoch: 15 [217728/497351 (43.8%)]	Loss: 0.125180
Train Epoch: 15 [224128/497351 (45.1%)]	Loss: 0.191752
Train Epoch: 15 [230528/497351 (46.4%)]	Loss: 0.128372
Train Epoch: 15 [236928/497351 (47.6%)]	Loss: 0.109276
Train Epoch: 15 [243328/497351 (48.9%)]	Loss: 0.129458
Train Epoch: 15 [249728/497351 (50.2%)]	Loss: 0.148158
Train Epoch: 15 [256128/497351 (51.5%)]	Loss: 0.111216
Train Epoch: 15 [262528/497351 (52.8%)]	Loss: 0.261170
Train Epoch: 15 [268928/497351 (54.1%)]	Loss: 0.154745
Train Epoch: 15 [275328/497351 (55.4%)]	Loss: 0.137558
Train Epoch: 15 [281728/497351 (56.6%)]	Loss: 0.200682
Train Epoch: 15 [288128/497351 (57.9%)]	Loss: 0.134318
Train Epoch: 15 [294528/497351 (59.2%)]	Loss: 0.109400
Train Epoch: 15 [300928/497351 (60.5%)]	Loss: 0.137844
Train Epoch: 15 [307328/497351 (61.8%)]	Loss: 0.130709
Train Epoch: 15 [313728/497351 (63.1%)]	Loss: 0.135244
Train Epoch: 15 [320128/497351 (64.4%)]	Loss: 0.193228
Train Epoch: 15 [326528/497351 (65.7%)]	Loss: 0.151393
Train Epoch: 15 [332928/497351 (66.9%)]	Loss: 0.125581
Train Epoch: 15 [339328/497351 (68.2%)]	Loss: 0.162893
Train Epoch: 15 [345728/497351 (69.5%)]	Loss: 0.180220
Train Epoch: 15 [352128/497351 (70.8%)]	Loss: 0.194851
Train Epoch: 15 [358528/497351 (72.1%)]	Loss: 0.139173
Train Epoch: 15 [364928/497351 (73.4%)]	Loss: 0.170318
Train Epoch: 15 [371328/497351 (74.7%)]	Loss: 0.157774
Train Epoch: 15 [377728/497351 (75.9%)]	Loss: 0.163236
Train Epoch: 15 [384128/497351 (77.2%)]	Loss: 0.126028
Train Epoch: 15 [390528/497351 (78.5%)]	Loss: 0.137827
Train Epoch: 15 [396928/497351 (79.8%)]	Loss: 0.133982
Train Epoch: 15 [403328/497351 (81.1%)]	Loss: 0.170595
Train Epoch: 15 [409728/497351 (82.4%)]	Loss: 0.189647
Train Epoch: 15 [416128/497351 (83.7%)]	Loss: 0.143928
Train Epoch: 15 [422528/497351 (85.0%)]	Loss: 0.124710
Train Epoch: 15 [428928/497351 (86.2%)]	Loss: 0.175800
Train Epoch: 15 [435328/497351 (87.5%)]	Loss: 0.148048
Train Epoch: 15 [441728/497351 (88.8%)]	Loss: 0.110895
Train Epoch: 15 [448128/497351 (90.1%)]	Loss: 0.158884
Train Epoch: 15 [454528/497351 (91.4%)]	Loss: 0.104095
Train Epoch: 15 [460928/497351 (92.7%)]	Loss: 0.176626
Train Epoch: 15 [467328/497351 (94.0%)]	Loss: 0.213980
Train Epoch: 15 [473728/497351 (95.3%)]	Loss: 0.096110
Train Epoch: 15 [480128/497351 (96.5%)]	Loss: 0.104399
Train Epoch: 15 [486528/497351 (97.8%)]	Loss: 0.191234
Train Epoch: 15 [492928/497351 (99.1%)]	Loss: 0.198780
