  0%|          | 0/30 [00:00<?, ?it/s]
Random seeds has been fixed as 42


Random seeds has been fixed as 42

Indice of mice to load: 04
Ranger optimizer loaded. 
Gradient Centralization usage = True
GC applied to both conv and fc layers
Train Epoch: 1 [128/2777098 (0.0%)]	Loss: 0.704723
Train Epoch: 1 [6528/2777098 (0.2%)]	Loss: 0.484612
Train Epoch: 1 [12928/2777098 (0.5%)]	Loss: 0.370574
Train Epoch: 1 [19328/2777098 (0.7%)]	Loss: 0.325437
Train Epoch: 1 [25728/2777098 (0.9%)]	Loss: 0.309841
Train Epoch: 1 [32128/2777098 (1.2%)]	Loss: 0.312088
Train Epoch: 1 [38528/2777098 (1.4%)]	Loss: 0.304319
Train Epoch: 1 [44928/2777098 (1.6%)]	Loss: 0.346113
Train Epoch: 1 [51328/2777098 (1.8%)]	Loss: 0.311231
Train Epoch: 1 [57728/2777098 (2.1%)]	Loss: 0.293612
Train Epoch: 1 [64128/2777098 (2.3%)]	Loss: 0.315797
Train Epoch: 1 [70528/2777098 (2.5%)]	Loss: 0.288464
Train Epoch: 1 [76928/2777098 (2.8%)]	Loss: 0.281405
Train Epoch: 1 [83328/2777098 (3.0%)]	Loss: 0.359451
Train Epoch: 1 [89728/2777098 (3.2%)]	Loss: 0.257178
Train Epoch: 1 [96128/2777098 (3.5%)]	Loss: 0.174802
Train Epoch: 1 [102528/2777098 (3.7%)]	Loss: 0.317084
Train Epoch: 1 [108928/2777098 (3.9%)]	Loss: 0.245340
Train Epoch: 1 [115328/2777098 (4.2%)]	Loss: 0.278289
Train Epoch: 1 [121728/2777098 (4.4%)]	Loss: 0.378277
Train Epoch: 1 [128128/2777098 (4.6%)]	Loss: 0.296758
Train Epoch: 1 [134528/2777098 (4.8%)]	Loss: 0.235905
Train Epoch: 1 [140928/2777098 (5.1%)]	Loss: 0.311105
Train Epoch: 1 [147328/2777098 (5.3%)]	Loss: 0.257159
Train Epoch: 1 [153728/2777098 (5.5%)]	Loss: 0.281970
Train Epoch: 1 [160128/2777098 (5.8%)]	Loss: 0.316650
Train Epoch: 1 [166528/2777098 (6.0%)]	Loss: 0.259238
Train Epoch: 1 [172928/2777098 (6.2%)]	Loss: 0.266295
Train Epoch: 1 [179328/2777098 (6.5%)]	Loss: 0.250467
Train Epoch: 1 [185728/2777098 (6.7%)]	Loss: 0.328907
Train Epoch: 1 [192128/2777098 (6.9%)]	Loss: 0.216620
Train Epoch: 1 [198528/2777098 (7.1%)]	Loss: 0.277489
Train Epoch: 1 [204928/2777098 (7.4%)]	Loss: 0.256378
Train Epoch: 1 [211328/2777098 (7.6%)]	Loss: 0.280722
Train Epoch: 1 [217728/2777098 (7.8%)]	Loss: 0.192788
Train Epoch: 1 [224128/2777098 (8.1%)]	Loss: 0.309844
Train Epoch: 1 [230528/2777098 (8.3%)]	Loss: 0.188124
Train Epoch: 1 [236928/2777098 (8.5%)]	Loss: 0.235383
Train Epoch: 1 [243328/2777098 (8.8%)]	Loss: 0.288442
Train Epoch: 1 [249728/2777098 (9.0%)]	Loss: 0.288508
Train Epoch: 1 [256128/2777098 (9.2%)]	Loss: 0.344427
Train Epoch: 1 [262528/2777098 (9.5%)]	Loss: 0.259305
Train Epoch: 1 [268928/2777098 (9.7%)]	Loss: 0.257463
Train Epoch: 1 [275328/2777098 (9.9%)]	Loss: 0.290994
Train Epoch: 1 [281728/2777098 (10.1%)]	Loss: 0.261482
Train Epoch: 1 [288128/2777098 (10.4%)]	Loss: 0.285604
Train Epoch: 1 [294528/2777098 (10.6%)]	Loss: 0.184691
Train Epoch: 1 [300928/2777098 (10.8%)]	Loss: 0.246673
Train Epoch: 1 [307328/2777098 (11.1%)]	Loss: 0.189677
Train Epoch: 1 [313728/2777098 (11.3%)]	Loss: 0.299477
Train Epoch: 1 [320128/2777098 (11.5%)]	Loss: 0.218358
Train Epoch: 1 [326528/2777098 (11.8%)]	Loss: 0.288112
Train Epoch: 1 [332928/2777098 (12.0%)]	Loss: 0.240044
Train Epoch: 1 [339328/2777098 (12.2%)]	Loss: 0.293271
Train Epoch: 1 [345728/2777098 (12.4%)]	Loss: 0.236420
Train Epoch: 1 [352128/2777098 (12.7%)]	Loss: 0.286827
Train Epoch: 1 [358528/2777098 (12.9%)]	Loss: 0.308834
Train Epoch: 1 [364928/2777098 (13.1%)]	Loss: 0.339434
Train Epoch: 1 [371328/2777098 (13.4%)]	Loss: 0.279745
Train Epoch: 1 [377728/2777098 (13.6%)]	Loss: 0.250121
Train Epoch: 1 [384128/2777098 (13.8%)]	Loss: 0.228273
Train Epoch: 1 [390528/2777098 (14.1%)]	Loss: 0.355216
Train Epoch: 1 [396928/2777098 (14.3%)]	Loss: 0.347413
Train Epoch: 1 [403328/2777098 (14.5%)]	Loss: 0.245882
Train Epoch: 1 [409728/2777098 (14.8%)]	Loss: 0.209664
Train Epoch: 1 [416128/2777098 (15.0%)]	Loss: 0.247648
Train Epoch: 1 [422528/2777098 (15.2%)]	Loss: 0.330914
Train Epoch: 1 [428928/2777098 (15.4%)]	Loss: 0.290012
Train Epoch: 1 [435328/2777098 (15.7%)]	Loss: 0.302764
Train Epoch: 1 [441728/2777098 (15.9%)]	Loss: 0.358266
Train Epoch: 1 [448128/2777098 (16.1%)]	Loss: 0.213667
Train Epoch: 1 [454528/2777098 (16.4%)]	Loss: 0.254495
Train Epoch: 1 [460928/2777098 (16.6%)]	Loss: 0.254762
Train Epoch: 1 [467328/2777098 (16.8%)]	Loss: 0.350958
Train Epoch: 1 [473728/2777098 (17.1%)]	Loss: 0.363928
Train Epoch: 1 [480128/2777098 (17.3%)]	Loss: 0.271171
Train Epoch: 1 [486528/2777098 (17.5%)]	Loss: 0.245228
Train Epoch: 1 [492928/2777098 (17.7%)]	Loss: 0.245733
Train Epoch: 1 [499328/2777098 (18.0%)]	Loss: 0.200057
Train Epoch: 1 [505728/2777098 (18.2%)]	Loss: 0.252349
Train Epoch: 1 [512128/2777098 (18.4%)]	Loss: 0.285842
Train Epoch: 1 [518528/2777098 (18.7%)]	Loss: 0.338959
Train Epoch: 1 [524928/2777098 (18.9%)]	Loss: 0.279175
Train Epoch: 1 [531328/2777098 (19.1%)]	Loss: 0.223794
Train Epoch: 1 [537728/2777098 (19.4%)]	Loss: 0.226073
Train Epoch: 1 [544128/2777098 (19.6%)]	Loss: 0.199155
Train Epoch: 1 [550528/2777098 (19.8%)]	Loss: 0.278038
Train Epoch: 1 [556928/2777098 (20.1%)]	Loss: 0.271369
Train Epoch: 1 [563328/2777098 (20.3%)]	Loss: 0.246411
Train Epoch: 1 [569728/2777098 (20.5%)]	Loss: 0.274766
Train Epoch: 1 [576128/2777098 (20.7%)]	Loss: 0.352926
Train Epoch: 1 [582528/2777098 (21.0%)]	Loss: 0.254062
Train Epoch: 1 [588928/2777098 (21.2%)]	Loss: 0.296224
Train Epoch: 1 [595328/2777098 (21.4%)]	Loss: 0.270449
Train Epoch: 1 [601728/2777098 (21.7%)]	Loss: 0.335629
Train Epoch: 1 [608128/2777098 (21.9%)]	Loss: 0.235067
Train Epoch: 1 [614528/2777098 (22.1%)]	Loss: 0.209029
Train Epoch: 1 [620928/2777098 (22.4%)]	Loss: 0.239681
Train Epoch: 1 [627328/2777098 (22.6%)]	Loss: 0.328487
Train Epoch: 1 [633728/2777098 (22.8%)]	Loss: 0.216749
Train Epoch: 1 [640128/2777098 (23.1%)]	Loss: 0.235880
Train Epoch: 1 [646528/2777098 (23.3%)]	Loss: 0.274062
Train Epoch: 1 [652928/2777098 (23.5%)]	Loss: 0.241377
Train Epoch: 1 [659328/2777098 (23.7%)]	Loss: 0.278213
Train Epoch: 1 [665728/2777098 (24.0%)]	Loss: 0.236415
Train Epoch: 1 [672128/2777098 (24.2%)]	Loss: 0.200544
Train Epoch: 1 [678528/2777098 (24.4%)]	Loss: 0.298963
Train Epoch: 1 [684928/2777098 (24.7%)]	Loss: 0.328841
Train Epoch: 1 [691328/2777098 (24.9%)]	Loss: 0.237993
Train Epoch: 1 [697728/2777098 (25.1%)]	Loss: 0.283542
Train Epoch: 1 [704128/2777098 (25.4%)]	Loss: 0.290553
Train Epoch: 1 [710528/2777098 (25.6%)]	Loss: 0.207247
Train Epoch: 1 [716928/2777098 (25.8%)]	Loss: 0.317649
Train Epoch: 1 [723328/2777098 (26.0%)]	Loss: 0.161762
Train Epoch: 1 [729728/2777098 (26.3%)]	Loss: 0.241693
Train Epoch: 1 [736128/2777098 (26.5%)]	Loss: 0.260774
Train Epoch: 1 [742528/2777098 (26.7%)]	Loss: 0.187780
Train Epoch: 1 [748928/2777098 (27.0%)]	Loss: 0.248694
Train Epoch: 1 [755328/2777098 (27.2%)]	Loss: 0.159988
Train Epoch: 1 [761728/2777098 (27.4%)]	Loss: 0.292590
Train Epoch: 1 [768128/2777098 (27.7%)]	Loss: 0.276191
Train Epoch: 1 [774528/2777098 (27.9%)]	Loss: 0.301080
Train Epoch: 1 [780928/2777098 (28.1%)]	Loss: 0.262092
Train Epoch: 1 [787328/2777098 (28.4%)]	Loss: 0.270467
Train Epoch: 1 [793728/2777098 (28.6%)]	Loss: 0.297252
Train Epoch: 1 [800128/2777098 (28.8%)]	Loss: 0.212434
Train Epoch: 1 [806528/2777098 (29.0%)]	Loss: 0.452111
Train Epoch: 1 [812928/2777098 (29.3%)]	Loss: 0.247121
Train Epoch: 1 [819328/2777098 (29.5%)]	Loss: 0.262468
Train Epoch: 1 [825728/2777098 (29.7%)]	Loss: 0.375772
Train Epoch: 1 [832128/2777098 (30.0%)]	Loss: 0.248580
Train Epoch: 1 [838528/2777098 (30.2%)]	Loss: 0.259316
Train Epoch: 1 [844928/2777098 (30.4%)]	Loss: 0.252011
Train Epoch: 1 [851328/2777098 (30.7%)]	Loss: 0.218432
Train Epoch: 1 [857728/2777098 (30.9%)]	Loss: 0.249140
Train Epoch: 1 [864128/2777098 (31.1%)]	Loss: 0.198511
Train Epoch: 1 [870528/2777098 (31.3%)]	Loss: 0.246774
Train Epoch: 1 [876928/2777098 (31.6%)]	Loss: 0.224076
Train Epoch: 1 [883328/2777098 (31.8%)]	Loss: 0.236811
Train Epoch: 1 [889728/2777098 (32.0%)]	Loss: 0.164497
Train Epoch: 1 [896128/2777098 (32.3%)]	Loss: 0.201400
Train Epoch: 1 [902528/2777098 (32.5%)]	Loss: 0.233464
Train Epoch: 1 [908928/2777098 (32.7%)]	Loss: 0.284566
Train Epoch: 1 [915328/2777098 (33.0%)]	Loss: 0.279212
Train Epoch: 1 [921728/2777098 (33.2%)]	Loss: 0.260418
Train Epoch: 1 [928128/2777098 (33.4%)]	Loss: 0.212396
Train Epoch: 1 [934528/2777098 (33.7%)]	Loss: 0.365805
Train Epoch: 1 [940928/2777098 (33.9%)]	Loss: 0.240132
Train Epoch: 1 [947328/2777098 (34.1%)]	Loss: 0.291866
Train Epoch: 1 [953728/2777098 (34.3%)]	Loss: 0.224072
Train Epoch: 1 [960128/2777098 (34.6%)]	Loss: 0.324613
Train Epoch: 1 [966528/2777098 (34.8%)]	Loss: 0.260545
Train Epoch: 1 [972928/2777098 (35.0%)]	Loss: 0.195759
Train Epoch: 1 [979328/2777098 (35.3%)]	Loss: 0.277042
Train Epoch: 1 [985728/2777098 (35.5%)]	Loss: 0.199739
Train Epoch: 1 [992128/2777098 (35.7%)]	Loss: 0.354519
Train Epoch: 1 [998528/2777098 (36.0%)]	Loss: 0.271259
Train Epoch: 1 [1004928/2777098 (36.2%)]	Loss: 0.202380
Train Epoch: 1 [1011328/2777098 (36.4%)]	Loss: 0.221451
Train Epoch: 1 [1017728/2777098 (36.6%)]	Loss: 0.302044
Train Epoch: 1 [1024128/2777098 (36.9%)]	Loss: 0.251286
Train Epoch: 1 [1030528/2777098 (37.1%)]	Loss: 0.301916
Train Epoch: 1 [1036928/2777098 (37.3%)]	Loss: 0.264684
Train Epoch: 1 [1043328/2777098 (37.6%)]	Loss: 0.196466
Train Epoch: 1 [1049728/2777098 (37.8%)]	Loss: 0.299033
Train Epoch: 1 [1056128/2777098 (38.0%)]	Loss: 0.225362
Train Epoch: 1 [1062528/2777098 (38.3%)]	Loss: 0.253517
Train Epoch: 1 [1068928/2777098 (38.5%)]	Loss: 0.228281
Train Epoch: 1 [1075328/2777098 (38.7%)]	Loss: 0.360900
Train Epoch: 1 [1081728/2777098 (39.0%)]	Loss: 0.268818
Train Epoch: 1 [1088128/2777098 (39.2%)]	Loss: 0.274873
Train Epoch: 1 [1094528/2777098 (39.4%)]	Loss: 0.274972
Train Epoch: 1 [1100928/2777098 (39.6%)]	Loss: 0.167097
Train Epoch: 1 [1107328/2777098 (39.9%)]	Loss: 0.228376
Train Epoch: 1 [1113728/2777098 (40.1%)]	Loss: 0.264651
Train Epoch: 1 [1120128/2777098 (40.3%)]	Loss: 0.297964
Train Epoch: 1 [1126528/2777098 (40.6%)]	Loss: 0.287177
Train Epoch: 1 [1132928/2777098 (40.8%)]	Loss: 0.244442
Train Epoch: 1 [1139328/2777098 (41.0%)]	Loss: 0.175628
Train Epoch: 1 [1145728/2777098 (41.3%)]	Loss: 0.265812
Train Epoch: 1 [1152128/2777098 (41.5%)]	Loss: 0.236727
Train Epoch: 1 [1158528/2777098 (41.7%)]	Loss: 0.275922
Train Epoch: 1 [1164928/2777098 (41.9%)]	Loss: 0.377135
Train Epoch: 1 [1171328/2777098 (42.2%)]	Loss: 0.260336
Train Epoch: 1 [1177728/2777098 (42.4%)]	Loss: 0.280978
Train Epoch: 1 [1184128/2777098 (42.6%)]	Loss: 0.255174
Train Epoch: 1 [1190528/2777098 (42.9%)]	Loss: 0.213621
Train Epoch: 1 [1196928/2777098 (43.1%)]	Loss: 0.325425
Train Epoch: 1 [1203328/2777098 (43.3%)]	Loss: 0.285198
Train Epoch: 1 [1209728/2777098 (43.6%)]	Loss: 0.207753
Train Epoch: 1 [1216128/2777098 (43.8%)]	Loss: 0.211366
Train Epoch: 1 [1222528/2777098 (44.0%)]	Loss: 0.193879
Train Epoch: 1 [1228928/2777098 (44.3%)]	Loss: 0.256913
Train Epoch: 1 [1235328/2777098 (44.5%)]	Loss: 0.218151
Train Epoch: 1 [1241728/2777098 (44.7%)]	Loss: 0.342505
Train Epoch: 1 [1248128/2777098 (44.9%)]	Loss: 0.302860
Train Epoch: 1 [1254528/2777098 (45.2%)]	Loss: 0.261083
Train Epoch: 1 [1260928/2777098 (45.4%)]	Loss: 0.315502
Train Epoch: 1 [1267328/2777098 (45.6%)]	Loss: 0.259954
Train Epoch: 1 [1273728/2777098 (45.9%)]	Loss: 0.197563
Train Epoch: 1 [1280128/2777098 (46.1%)]	Loss: 0.331505
Train Epoch: 1 [1286528/2777098 (46.3%)]	Loss: 0.288140
Train Epoch: 1 [1292928/2777098 (46.6%)]	Loss: 0.319365
Train Epoch: 1 [1299328/2777098 (46.8%)]	Loss: 0.240757
Train Epoch: 1 [1305728/2777098 (47.0%)]	Loss: 0.262425
Train Epoch: 1 [1312128/2777098 (47.2%)]	Loss: 0.375311
Train Epoch: 1 [1318528/2777098 (47.5%)]	Loss: 0.232004
Train Epoch: 1 [1324928/2777098 (47.7%)]	Loss: 0.298687
Train Epoch: 1 [1331328/2777098 (47.9%)]	Loss: 0.249233
Train Epoch: 1 [1337728/2777098 (48.2%)]	Loss: 0.292447
Train Epoch: 1 [1344128/2777098 (48.4%)]	Loss: 0.313885
Train Epoch: 1 [1350528/2777098 (48.6%)]	Loss: 0.324670
Train Epoch: 1 [1356928/2777098 (48.9%)]	Loss: 0.247664
Train Epoch: 1 [1363328/2777098 (49.1%)]	Loss: 0.143197
Train Epoch: 1 [1369728/2777098 (49.3%)]	Loss: 0.270940
Train Epoch: 1 [1376128/2777098 (49.6%)]	Loss: 0.252280
Train Epoch: 1 [1382528/2777098 (49.8%)]	Loss: 0.276124
Train Epoch: 1 [1388928/2777098 (50.0%)]	Loss: 0.284838
Train Epoch: 1 [1395328/2777098 (50.2%)]	Loss: 0.309761
Train Epoch: 1 [1401728/2777098 (50.5%)]	Loss: 0.321705
Train Epoch: 1 [1408128/2777098 (50.7%)]	Loss: 0.338078
Train Epoch: 1 [1414528/2777098 (50.9%)]	Loss: 0.306296
Train Epoch: 1 [1420928/2777098 (51.2%)]	Loss: 0.231494
Train Epoch: 1 [1427328/2777098 (51.4%)]	Loss: 0.235016
Train Epoch: 1 [1433728/2777098 (51.6%)]	Loss: 0.228024
Train Epoch: 1 [1440128/2777098 (51.9%)]	Loss: 0.165055
Train Epoch: 1 [1446528/2777098 (52.1%)]	Loss: 0.218381
Train Epoch: 1 [1452928/2777098 (52.3%)]	Loss: 0.313860
Train Epoch: 1 [1459328/2777098 (52.5%)]	Loss: 0.319058
Train Epoch: 1 [1465728/2777098 (52.8%)]	Loss: 0.188217
Train Epoch: 1 [1472128/2777098 (53.0%)]	Loss: 0.250437
Train Epoch: 1 [1478528/2777098 (53.2%)]	Loss: 0.316307
Train Epoch: 1 [1484928/2777098 (53.5%)]	Loss: 0.266920
Train Epoch: 1 [1491328/2777098 (53.7%)]	Loss: 0.262908
Train Epoch: 1 [1497728/2777098 (53.9%)]	Loss: 0.189506
Train Epoch: 1 [1504128/2777098 (54.2%)]	Loss: 0.309786
Train Epoch: 1 [1510528/2777098 (54.4%)]	Loss: 0.244310
Train Epoch: 1 [1516928/2777098 (54.6%)]	Loss: 0.325608
Train Epoch: 1 [1523328/2777098 (54.9%)]	Loss: 0.202761
Train Epoch: 1 [1529728/2777098 (55.1%)]	Loss: 0.201377
Train Epoch: 1 [1536128/2777098 (55.3%)]	Loss: 0.172195
Train Epoch: 1 [1542528/2777098 (55.5%)]	Loss: 0.236992
Train Epoch: 1 [1548928/2777098 (55.8%)]	Loss: 0.199934
Train Epoch: 1 [1555328/2777098 (56.0%)]	Loss: 0.274553
Train Epoch: 1 [1561728/2777098 (56.2%)]	Loss: 0.340842
Train Epoch: 1 [1568128/2777098 (56.5%)]	Loss: 0.358270
Train Epoch: 1 [1574528/2777098 (56.7%)]	Loss: 0.179869
Train Epoch: 1 [1580928/2777098 (56.9%)]	Loss: 0.282937
Train Epoch: 1 [1587328/2777098 (57.2%)]	Loss: 0.338707
Train Epoch: 1 [1593728/2777098 (57.4%)]	Loss: 0.178917
Train Epoch: 1 [1600128/2777098 (57.6%)]	Loss: 0.200225
Train Epoch: 1 [1606528/2777098 (57.8%)]	Loss: 0.306001
Train Epoch: 1 [1612928/2777098 (58.1%)]	Loss: 0.306923
Train Epoch: 1 [1619328/2777098 (58.3%)]	Loss: 0.194147
Train Epoch: 1 [1625728/2777098 (58.5%)]	Loss: 0.266180
Train Epoch: 1 [1632128/2777098 (58.8%)]	Loss: 0.189272
Train Epoch: 1 [1638528/2777098 (59.0%)]	Loss: 0.246347
Train Epoch: 1 [1644928/2777098 (59.2%)]	Loss: 0.260698
Train Epoch: 1 [1651328/2777098 (59.5%)]	Loss: 0.218590
Train Epoch: 1 [1657728/2777098 (59.7%)]	Loss: 0.261980
Train Epoch: 1 [1664128/2777098 (59.9%)]	Loss: 0.265991
Train Epoch: 1 [1670528/2777098 (60.2%)]	Loss: 0.265383
Train Epoch: 1 [1676928/2777098 (60.4%)]	Loss: 0.267651
Train Epoch: 1 [1683328/2777098 (60.6%)]	Loss: 0.203823
Train Epoch: 1 [1689728/2777098 (60.8%)]	Loss: 0.250306
Train Epoch: 1 [1696128/2777098 (61.1%)]	Loss: 0.184917
Train Epoch: 1 [1702528/2777098 (61.3%)]	Loss: 0.260009
Train Epoch: 1 [1708928/2777098 (61.5%)]	Loss: 0.270905
Train Epoch: 1 [1715328/2777098 (61.8%)]	Loss: 0.335645
Train Epoch: 1 [1721728/2777098 (62.0%)]	Loss: 0.188083
Train Epoch: 1 [1728128/2777098 (62.2%)]	Loss: 0.213947
Train Epoch: 1 [1734528/2777098 (62.5%)]	Loss: 0.262990
Train Epoch: 1 [1740928/2777098 (62.7%)]	Loss: 0.295659
Train Epoch: 1 [1747328/2777098 (62.9%)]	Loss: 0.246333
Train Epoch: 1 [1753728/2777098 (63.1%)]	Loss: 0.238507
Train Epoch: 1 [1760128/2777098 (63.4%)]	Loss: 0.205204
Train Epoch: 1 [1766528/2777098 (63.6%)]	Loss: 0.221671
Train Epoch: 1 [1772928/2777098 (63.8%)]	Loss: 0.231181
Train Epoch: 1 [1779328/2777098 (64.1%)]	Loss: 0.228160
Train Epoch: 1 [1785728/2777098 (64.3%)]	Loss: 0.300089
Train Epoch: 1 [1792128/2777098 (64.5%)]	Loss: 0.353742
Train Epoch: 1 [1798528/2777098 (64.8%)]	Loss: 0.332949
Train Epoch: 1 [1804928/2777098 (65.0%)]	Loss: 0.245573
Train Epoch: 1 [1811328/2777098 (65.2%)]	Loss: 0.148336
Train Epoch: 1 [1817728/2777098 (65.5%)]	Loss: 0.208006
Train Epoch: 1 [1824128/2777098 (65.7%)]	Loss: 0.215510
Train Epoch: 1 [1830528/2777098 (65.9%)]	Loss: 0.402964
Train Epoch: 1 [1836928/2777098 (66.1%)]	Loss: 0.261294
Train Epoch: 1 [1843328/2777098 (66.4%)]	Loss: 0.306430
Train Epoch: 1 [1849728/2777098 (66.6%)]	Loss: 0.209976
Train Epoch: 1 [1856128/2777098 (66.8%)]	Loss: 0.290566
Train Epoch: 1 [1862528/2777098 (67.1%)]	Loss: 0.185744
Train Epoch: 1 [1868928/2777098 (67.3%)]	Loss: 0.208958
Train Epoch: 1 [1875328/2777098 (67.5%)]	Loss: 0.183677
Train Epoch: 1 [1881728/2777098 (67.8%)]	Loss: 0.264032
Train Epoch: 1 [1888128/2777098 (68.0%)]	Loss: 0.286480
Train Epoch: 1 [1894528/2777098 (68.2%)]	Loss: 0.284828
Train Epoch: 1 [1900928/2777098 (68.5%)]	Loss: 0.268213  3%|▎         | 1/30 [53:01<25:37:56, 3181.94s/it]
Train Epoch: 1 [1907328/2777098 (68.7%)]	Loss: 0.376423
Train Epoch: 1 [1913728/2777098 (68.9%)]	Loss: 0.289269
Train Epoch: 1 [1920128/2777098 (69.1%)]	Loss: 0.219011
Train Epoch: 1 [1926528/2777098 (69.4%)]	Loss: 0.325435
Train Epoch: 1 [1932928/2777098 (69.6%)]	Loss: 0.239208
Train Epoch: 1 [1939328/2777098 (69.8%)]	Loss: 0.242382
Train Epoch: 1 [1945728/2777098 (70.1%)]	Loss: 0.263282
Train Epoch: 1 [1952128/2777098 (70.3%)]	Loss: 0.276969
Train Epoch: 1 [1958528/2777098 (70.5%)]	Loss: 0.186305
Train Epoch: 1 [1964928/2777098 (70.8%)]	Loss: 0.202634
Train Epoch: 1 [1971328/2777098 (71.0%)]	Loss: 0.257586
Train Epoch: 1 [1977728/2777098 (71.2%)]	Loss: 0.270585
Train Epoch: 1 [1984128/2777098 (71.4%)]	Loss: 0.178075
Train Epoch: 1 [1990528/2777098 (71.7%)]	Loss: 0.252292
Train Epoch: 1 [1996928/2777098 (71.9%)]	Loss: 0.245975
Train Epoch: 1 [2003328/2777098 (72.1%)]	Loss: 0.221253
Train Epoch: 1 [2009728/2777098 (72.4%)]	Loss: 0.196272
Train Epoch: 1 [2016128/2777098 (72.6%)]	Loss: 0.207132
Train Epoch: 1 [2022528/2777098 (72.8%)]	Loss: 0.239322
Train Epoch: 1 [2028928/2777098 (73.1%)]	Loss: 0.220987
Train Epoch: 1 [2035328/2777098 (73.3%)]	Loss: 0.305434
Train Epoch: 1 [2041728/2777098 (73.5%)]	Loss: 0.243598
Train Epoch: 1 [2048128/2777098 (73.8%)]	Loss: 0.233647
Train Epoch: 1 [2054528/2777098 (74.0%)]	Loss: 0.208974
Train Epoch: 1 [2060928/2777098 (74.2%)]	Loss: 0.270290
Train Epoch: 1 [2067328/2777098 (74.4%)]	Loss: 0.292974
Train Epoch: 1 [2073728/2777098 (74.7%)]	Loss: 0.228992
Train Epoch: 1 [2080128/2777098 (74.9%)]	Loss: 0.255395
Train Epoch: 1 [2086528/2777098 (75.1%)]	Loss: 0.232905
Train Epoch: 1 [2092928/2777098 (75.4%)]	Loss: 0.160687
Train Epoch: 1 [2099328/2777098 (75.6%)]	Loss: 0.263309
Train Epoch: 1 [2105728/2777098 (75.8%)]	Loss: 0.285291
Train Epoch: 1 [2112128/2777098 (76.1%)]	Loss: 0.246100
Train Epoch: 1 [2118528/2777098 (76.3%)]	Loss: 0.218045
Train Epoch: 1 [2124928/2777098 (76.5%)]	Loss: 0.166445
Train Epoch: 1 [2131328/2777098 (76.7%)]	Loss: 0.197257
Train Epoch: 1 [2137728/2777098 (77.0%)]	Loss: 0.282637
Train Epoch: 1 [2144128/2777098 (77.2%)]	Loss: 0.228677
Train Epoch: 1 [2150528/2777098 (77.4%)]	Loss: 0.287955
Train Epoch: 1 [2156928/2777098 (77.7%)]	Loss: 0.232390
Train Epoch: 1 [2163328/2777098 (77.9%)]	Loss: 0.140184
Train Epoch: 1 [2169728/2777098 (78.1%)]	Loss: 0.255225
Train Epoch: 1 [2176128/2777098 (78.4%)]	Loss: 0.274272
Train Epoch: 1 [2182528/2777098 (78.6%)]	Loss: 0.156525
Train Epoch: 1 [2188928/2777098 (78.8%)]	Loss: 0.160883
Train Epoch: 1 [2195328/2777098 (79.1%)]	Loss: 0.255442
Train Epoch: 1 [2201728/2777098 (79.3%)]	Loss: 0.201644
Train Epoch: 1 [2208128/2777098 (79.5%)]	Loss: 0.290002
Train Epoch: 1 [2214528/2777098 (79.7%)]	Loss: 0.307596
Train Epoch: 1 [2220928/2777098 (80.0%)]	Loss: 0.215701
Train Epoch: 1 [2227328/2777098 (80.2%)]	Loss: 0.290961
Train Epoch: 1 [2233728/2777098 (80.4%)]	Loss: 0.263063
Train Epoch: 1 [2240128/2777098 (80.7%)]	Loss: 0.217458
Train Epoch: 1 [2246528/2777098 (80.9%)]	Loss: 0.222276
Train Epoch: 1 [2252928/2777098 (81.1%)]	Loss: 0.175905
Train Epoch: 1 [2259328/2777098 (81.4%)]	Loss: 0.228686
Train Epoch: 1 [2265728/2777098 (81.6%)]	Loss: 0.271839
Train Epoch: 1 [2272128/2777098 (81.8%)]	Loss: 0.239019
Train Epoch: 1 [2278528/2777098 (82.0%)]	Loss: 0.218037
Train Epoch: 1 [2284928/2777098 (82.3%)]	Loss: 0.310789
Train Epoch: 1 [2291328/2777098 (82.5%)]	Loss: 0.358503
Train Epoch: 1 [2297728/2777098 (82.7%)]	Loss: 0.268801
Train Epoch: 1 [2304128/2777098 (83.0%)]	Loss: 0.196620
Train Epoch: 1 [2310528/2777098 (83.2%)]	Loss: 0.273350
Train Epoch: 1 [2316928/2777098 (83.4%)]	Loss: 0.267844
Train Epoch: 1 [2323328/2777098 (83.7%)]	Loss: 0.214416
Train Epoch: 1 [2329728/2777098 (83.9%)]	Loss: 0.334330
Train Epoch: 1 [2336128/2777098 (84.1%)]	Loss: 0.245351
Train Epoch: 1 [2342528/2777098 (84.4%)]	Loss: 0.242964
Train Epoch: 1 [2348928/2777098 (84.6%)]	Loss: 0.266461
Train Epoch: 1 [2355328/2777098 (84.8%)]	Loss: 0.209926
Train Epoch: 1 [2361728/2777098 (85.0%)]	Loss: 0.170509
Train Epoch: 1 [2368128/2777098 (85.3%)]	Loss: 0.191535
Train Epoch: 1 [2374528/2777098 (85.5%)]	Loss: 0.212136
Train Epoch: 1 [2380928/2777098 (85.7%)]	Loss: 0.364192
Train Epoch: 1 [2387328/2777098 (86.0%)]	Loss: 0.260347
Train Epoch: 1 [2393728/2777098 (86.2%)]	Loss: 0.301518
Train Epoch: 1 [2400128/2777098 (86.4%)]	Loss: 0.224070
Train Epoch: 1 [2406528/2777098 (86.7%)]	Loss: 0.201968
Train Epoch: 1 [2412928/2777098 (86.9%)]	Loss: 0.273488
Train Epoch: 1 [2419328/2777098 (87.1%)]	Loss: 0.263408
Train Epoch: 1 [2425728/2777098 (87.3%)]	Loss: 0.252410
Train Epoch: 1 [2432128/2777098 (87.6%)]	Loss: 0.205250
Train Epoch: 1 [2438528/2777098 (87.8%)]	Loss: 0.334622
Train Epoch: 1 [2444928/2777098 (88.0%)]	Loss: 0.282117
Train Epoch: 1 [2451328/2777098 (88.3%)]	Loss: 0.190490
Train Epoch: 1 [2457728/2777098 (88.5%)]	Loss: 0.210485
Train Epoch: 1 [2464128/2777098 (88.7%)]	Loss: 0.268115
Train Epoch: 1 [2470528/2777098 (89.0%)]	Loss: 0.195531
Train Epoch: 1 [2476928/2777098 (89.2%)]	Loss: 0.246044
Train Epoch: 1 [2483328/2777098 (89.4%)]	Loss: 0.272823
Train Epoch: 1 [2489728/2777098 (89.7%)]	Loss: 0.245744
Train Epoch: 1 [2496128/2777098 (89.9%)]	Loss: 0.240850
Train Epoch: 1 [2502528/2777098 (90.1%)]	Loss: 0.318253
Train Epoch: 1 [2508928/2777098 (90.3%)]	Loss: 0.189644
Train Epoch: 1 [2515328/2777098 (90.6%)]	Loss: 0.214193
Train Epoch: 1 [2521728/2777098 (90.8%)]	Loss: 0.218629
Train Epoch: 1 [2528128/2777098 (91.0%)]	Loss: 0.217364
Train Epoch: 1 [2534528/2777098 (91.3%)]	Loss: 0.268492
Train Epoch: 1 [2540928/2777098 (91.5%)]	Loss: 0.275527
Train Epoch: 1 [2547328/2777098 (91.7%)]	Loss: 0.244020
Train Epoch: 1 [2553728/2777098 (92.0%)]	Loss: 0.286016
Train Epoch: 1 [2560128/2777098 (92.2%)]	Loss: 0.221212
Train Epoch: 1 [2566528/2777098 (92.4%)]	Loss: 0.285315
Train Epoch: 1 [2572928/2777098 (92.6%)]	Loss: 0.227678
Train Epoch: 1 [2579328/2777098 (92.9%)]	Loss: 0.195366
Train Epoch: 1 [2585728/2777098 (93.1%)]	Loss: 0.266112
Train Epoch: 1 [2592128/2777098 (93.3%)]	Loss: 0.269851
Train Epoch: 1 [2598528/2777098 (93.6%)]	Loss: 0.253626
Train Epoch: 1 [2604928/2777098 (93.8%)]	Loss: 0.205624
Train Epoch: 1 [2611328/2777098 (94.0%)]	Loss: 0.233583
Train Epoch: 1 [2617728/2777098 (94.3%)]	Loss: 0.252288
Train Epoch: 1 [2624128/2777098 (94.5%)]	Loss: 0.317973
Train Epoch: 1 [2630528/2777098 (94.7%)]	Loss: 0.190691
Train Epoch: 1 [2636928/2777098 (95.0%)]	Loss: 0.302215
Train Epoch: 1 [2643328/2777098 (95.2%)]	Loss: 0.228497
Train Epoch: 1 [2649728/2777098 (95.4%)]	Loss: 0.181194
Train Epoch: 1 [2656128/2777098 (95.6%)]	Loss: 0.210582
Train Epoch: 1 [2662528/2777098 (95.9%)]	Loss: 0.201356
Train Epoch: 1 [2668928/2777098 (96.1%)]	Loss: 0.214813
Train Epoch: 1 [2675328/2777098 (96.3%)]	Loss: 0.247075
Train Epoch: 1 [2681728/2777098 (96.6%)]	Loss: 0.227846
Train Epoch: 1 [2688128/2777098 (96.8%)]	Loss: 0.311788
Train Epoch: 1 [2694528/2777098 (97.0%)]	Loss: 0.217329
Train Epoch: 1 [2700928/2777098 (97.3%)]	Loss: 0.197203
Train Epoch: 1 [2707328/2777098 (97.5%)]	Loss: 0.260219
Train Epoch: 1 [2713728/2777098 (97.7%)]	Loss: 0.190383
Train Epoch: 1 [2720128/2777098 (97.9%)]	Loss: 0.234544
Train Epoch: 1 [2726528/2777098 (98.2%)]	Loss: 0.150212
Train Epoch: 1 [2732928/2777098 (98.4%)]	Loss: 0.239626
Train Epoch: 1 [2739328/2777098 (98.6%)]	Loss: 0.277498
Train Epoch: 1 [2745728/2777098 (98.9%)]	Loss: 0.218531
Train Epoch: 1 [2752128/2777098 (99.1%)]	Loss: 0.253336
Train Epoch: 1 [2758528/2777098 (99.3%)]	Loss: 0.233943
Train Epoch: 1 [2764928/2777098 (99.6%)]	Loss: 0.276823
Train Epoch: 1 [2771328/2777098 (99.8%)]	Loss: 0.245430
Train Epoch: 2 [128/2777098 (0.0%)]	Loss: 0.290517
Train Epoch: 2 [6528/2777098 (0.2%)]	Loss: 0.329450
Train Epoch: 2 [12928/2777098 (0.5%)]	Loss: 0.237736
Train Epoch: 2 [19328/2777098 (0.7%)]	Loss: 0.328514
Train Epoch: 2 [25728/2777098 (0.9%)]	Loss: 0.207035
Train Epoch: 2 [32128/2777098 (1.2%)]	Loss: 0.228302
Train Epoch: 2 [38528/2777098 (1.4%)]	Loss: 0.196874
Train Epoch: 2 [44928/2777098 (1.6%)]	Loss: 0.341034
Train Epoch: 2 [51328/2777098 (1.8%)]	Loss: 0.224453
Train Epoch: 2 [57728/2777098 (2.1%)]	Loss: 0.255163
Train Epoch: 2 [64128/2777098 (2.3%)]	Loss: 0.323669
Train Epoch: 2 [70528/2777098 (2.5%)]	Loss: 0.173042
Train Epoch: 2 [76928/2777098 (2.8%)]	Loss: 0.246200
Train Epoch: 2 [83328/2777098 (3.0%)]	Loss: 0.203134
Train Epoch: 2 [89728/2777098 (3.2%)]	Loss: 0.185589
Train Epoch: 2 [96128/2777098 (3.5%)]	Loss: 0.241501
Train Epoch: 2 [102528/2777098 (3.7%)]	Loss: 0.316874
Train Epoch: 2 [108928/2777098 (3.9%)]	Loss: 0.271505
Train Epoch: 2 [115328/2777098 (4.2%)]	Loss: 0.282492
Train Epoch: 2 [121728/2777098 (4.4%)]	Loss: 0.328286
Train Epoch: 2 [128128/2777098 (4.6%)]	Loss: 0.307329
Train Epoch: 2 [134528/2777098 (4.8%)]	Loss: 0.170919
Train Epoch: 2 [140928/2777098 (5.1%)]	Loss: 0.241795
Train Epoch: 2 [147328/2777098 (5.3%)]	Loss: 0.264874
Train Epoch: 2 [153728/2777098 (5.5%)]	Loss: 0.152443
Train Epoch: 2 [160128/2777098 (5.8%)]	Loss: 0.224464
Train Epoch: 2 [166528/2777098 (6.0%)]	Loss: 0.249181
Train Epoch: 2 [172928/2777098 (6.2%)]	Loss: 0.241448
Train Epoch: 2 [179328/2777098 (6.5%)]	Loss: 0.214054
Train Epoch: 2 [185728/2777098 (6.7%)]	Loss: 0.297539
Train Epoch: 2 [192128/2777098 (6.9%)]	Loss: 0.198364
Train Epoch: 2 [198528/2777098 (7.1%)]	Loss: 0.226369
Train Epoch: 2 [204928/2777098 (7.4%)]	Loss: 0.217055
Train Epoch: 2 [211328/2777098 (7.6%)]	Loss: 0.228282
Train Epoch: 2 [217728/2777098 (7.8%)]	Loss: 0.233684
Train Epoch: 2 [224128/2777098 (8.1%)]	Loss: 0.251200
Train Epoch: 2 [230528/2777098 (8.3%)]	Loss: 0.171157
Train Epoch: 2 [236928/2777098 (8.5%)]	Loss: 0.335033
Train Epoch: 2 [243328/2777098 (8.8%)]	Loss: 0.166365
Train Epoch: 2 [249728/2777098 (9.0%)]	Loss: 0.264321
Train Epoch: 2 [256128/2777098 (9.2%)]	Loss: 0.220783
Train Epoch: 2 [262528/2777098 (9.5%)]	Loss: 0.196127
Train Epoch: 2 [268928/2777098 (9.7%)]	Loss: 0.231591
Train Epoch: 2 [275328/2777098 (9.9%)]	Loss: 0.277876
Train Epoch: 2 [281728/2777098 (10.1%)]	Loss: 0.266065
Train Epoch: 2 [288128/2777098 (10.4%)]	Loss: 0.227299
Train Epoch: 2 [294528/2777098 (10.6%)]	Loss: 0.367956
Train Epoch: 2 [300928/2777098 (10.8%)]	Loss: 0.202875
Train Epoch: 2 [307328/2777098 (11.1%)]	Loss: 0.259535
Train Epoch: 2 [313728/2777098 (11.3%)]	Loss: 0.305382
Train Epoch: 2 [320128/2777098 (11.5%)]	Loss: 0.259643
Train Epoch: 2 [326528/2777098 (11.8%)]	Loss: 0.234911
Train Epoch: 2 [332928/2777098 (12.0%)]	Loss: 0.320763
Train Epoch: 2 [339328/2777098 (12.2%)]	Loss: 0.278597
Train Epoch: 2 [345728/2777098 (12.4%)]	Loss: 0.260743
Train Epoch: 2 [352128/2777098 (12.7%)]	Loss: 0.266109
Train Epoch: 2 [358528/2777098 (12.9%)]	Loss: 0.249783
Train Epoch: 2 [364928/2777098 (13.1%)]	Loss: 0.297719
Train Epoch: 2 [371328/2777098 (13.4%)]	Loss: 0.147900
Train Epoch: 2 [377728/2777098 (13.6%)]	Loss: 0.202305
Train Epoch: 2 [384128/2777098 (13.8%)]	Loss: 0.204179
Train Epoch: 2 [390528/2777098 (14.1%)]	Loss: 0.224589
Train Epoch: 2 [396928/2777098 (14.3%)]	Loss: 0.173377
Train Epoch: 2 [403328/2777098 (14.5%)]	Loss: 0.244060
Train Epoch: 2 [409728/2777098 (14.8%)]	Loss: 0.254001
Train Epoch: 2 [416128/2777098 (15.0%)]	Loss: 0.210592
Train Epoch: 2 [422528/2777098 (15.2%)]	Loss: 0.263247
Train Epoch: 2 [428928/2777098 (15.4%)]	Loss: 0.207823
Train Epoch: 2 [435328/2777098 (15.7%)]	Loss: 0.299411
Train Epoch: 2 [441728/2777098 (15.9%)]	Loss: 0.238267
Train Epoch: 2 [448128/2777098 (16.1%)]	Loss: 0.223806
Train Epoch: 2 [454528/2777098 (16.4%)]	Loss: 0.299038
Train Epoch: 2 [460928/2777098 (16.6%)]	Loss: 0.242302
Train Epoch: 2 [467328/2777098 (16.8%)]	Loss: 0.232898
Train Epoch: 2 [473728/2777098 (17.1%)]	Loss: 0.267309
Train Epoch: 2 [480128/2777098 (17.3%)]	Loss: 0.178106
Train Epoch: 2 [486528/2777098 (17.5%)]	Loss: 0.323871
Train Epoch: 2 [492928/2777098 (17.7%)]	Loss: 0.208701
Train Epoch: 2 [499328/2777098 (18.0%)]	Loss: 0.205469
Train Epoch: 2 [505728/2777098 (18.2%)]	Loss: 0.280170
Train Epoch: 2 [512128/2777098 (18.4%)]	Loss: 0.282632
Train Epoch: 2 [518528/2777098 (18.7%)]	Loss: 0.237811
Train Epoch: 2 [524928/2777098 (18.9%)]	Loss: 0.192154
Train Epoch: 2 [531328/2777098 (19.1%)]	Loss: 0.303881
Train Epoch: 2 [537728/2777098 (19.4%)]	Loss: 0.251877
Train Epoch: 2 [544128/2777098 (19.6%)]	Loss: 0.181077
Train Epoch: 2 [550528/2777098 (19.8%)]	Loss: 0.222719
Train Epoch: 2 [556928/2777098 (20.1%)]	Loss: 0.230991
Train Epoch: 2 [563328/2777098 (20.3%)]	Loss: 0.223618
Train Epoch: 2 [569728/2777098 (20.5%)]	Loss: 0.195760
Train Epoch: 2 [576128/2777098 (20.7%)]	Loss: 0.219333
Train Epoch: 2 [582528/2777098 (21.0%)]	Loss: 0.211556
Train Epoch: 2 [588928/2777098 (21.2%)]	Loss: 0.164885
Train Epoch: 2 [595328/2777098 (21.4%)]	Loss: 0.300411
Train Epoch: 2 [601728/2777098 (21.7%)]	Loss: 0.246105
Train Epoch: 2 [608128/2777098 (21.9%)]	Loss: 0.279336
Train Epoch: 2 [614528/2777098 (22.1%)]	Loss: 0.196948
Train Epoch: 2 [620928/2777098 (22.4%)]	Loss: 0.197944
Train Epoch: 2 [627328/2777098 (22.6%)]	Loss: 0.340255
Train Epoch: 2 [633728/2777098 (22.8%)]	Loss: 0.244631
Train Epoch: 2 [640128/2777098 (23.1%)]	Loss: 0.352934
Train Epoch: 2 [646528/2777098 (23.3%)]	Loss: 0.303684
Train Epoch: 2 [652928/2777098 (23.5%)]	Loss: 0.266890
Train Epoch: 2 [659328/2777098 (23.7%)]	Loss: 0.334328
Train Epoch: 2 [665728/2777098 (24.0%)]	Loss: 0.321653
Train Epoch: 2 [672128/2777098 (24.2%)]	Loss: 0.183022
Train Epoch: 2 [678528/2777098 (24.4%)]	Loss: 0.322311
Train Epoch: 2 [684928/2777098 (24.7%)]	Loss: 0.176895
Train Epoch: 2 [691328/2777098 (24.9%)]	Loss: 0.384354
Train Epoch: 2 [697728/2777098 (25.1%)]	Loss: 0.313709
Train Epoch: 2 [704128/2777098 (25.4%)]	Loss: 0.154635
Train Epoch: 2 [710528/2777098 (25.6%)]	Loss: 0.266999
Train Epoch: 2 [716928/2777098 (25.8%)]	Loss: 0.230946
Train Epoch: 2 [723328/2777098 (26.0%)]	Loss: 0.379634
Train Epoch: 2 [729728/2777098 (26.3%)]	Loss: 0.250300
Train Epoch: 2 [736128/2777098 (26.5%)]	Loss: 0.222126
Train Epoch: 2 [742528/2777098 (26.7%)]	Loss: 0.180697
Train Epoch: 2 [748928/2777098 (27.0%)]	Loss: 0.222696
Train Epoch: 2 [755328/2777098 (27.2%)]	Loss: 0.203739
Train Epoch: 2 [761728/2777098 (27.4%)]	Loss: 0.249446
Train Epoch: 2 [768128/2777098 (27.7%)]	Loss: 0.242736
Train Epoch: 2 [774528/2777098 (27.9%)]	Loss: 0.202128
Train Epoch: 2 [780928/2777098 (28.1%)]	Loss: 0.275985
Train Epoch: 2 [787328/2777098 (28.4%)]	Loss: 0.193295
Train Epoch: 2 [793728/2777098 (28.6%)]	Loss: 0.241532
Train Epoch: 2 [800128/2777098 (28.8%)]	Loss: 0.218826
Train Epoch: 2 [806528/2777098 (29.0%)]	Loss: 0.229208
Train Epoch: 2 [812928/2777098 (29.3%)]	Loss: 0.249113
Train Epoch: 2 [819328/2777098 (29.5%)]	Loss: 0.256424
Train Epoch: 2 [825728/2777098 (29.7%)]	Loss: 0.296426
Train Epoch: 2 [832128/2777098 (30.0%)]	Loss: 0.276516
Train Epoch: 2 [838528/2777098 (30.2%)]	Loss: 0.210107
Train Epoch: 2 [844928/2777098 (30.4%)]	Loss: 0.239008
Train Epoch: 2 [851328/2777098 (30.7%)]	Loss: 0.254246
Train Epoch: 2 [857728/2777098 (30.9%)]	Loss: 0.246525
Train Epoch: 2 [864128/2777098 (31.1%)]	Loss: 0.225997
Train Epoch: 2 [870528/2777098 (31.3%)]	Loss: 0.248629
Train Epoch: 2 [876928/2777098 (31.6%)]	Loss: 0.273162
Train Epoch: 2 [883328/2777098 (31.8%)]	Loss: 0.258545
Train Epoch: 2 [889728/2777098 (32.0%)]	Loss: 0.296851
Train Epoch: 2 [896128/2777098 (32.3%)]	Loss: 0.214925
Train Epoch: 2 [902528/2777098 (32.5%)]	Loss: 0.303809
Train Epoch: 2 [908928/2777098 (32.7%)]	Loss: 0.260907
Train Epoch: 2 [915328/2777098 (33.0%)]	Loss: 0.203944
Train Epoch: 2 [921728/2777098 (33.2%)]	Loss: 0.242619
Train Epoch: 2 [928128/2777098 (33.4%)]	Loss: 0.224719
Train Epoch: 2 [934528/2777098 (33.7%)]	Loss: 0.158492
Train Epoch: 2 [940928/2777098 (33.9%)]	Loss: 0.159952
Train Epoch: 2 [947328/2777098 (34.1%)]	Loss: 0.268766
Train Epoch: 2 [953728/2777098 (34.3%)]	Loss: 0.280621
Train Epoch: 2 [960128/2777098 (34.6%)]	Loss: 0.218651
Train Epoch: 2 [966528/2777098 (34.8%)]	Loss: 0.234093
Train Epoch: 2 [972928/2777098 (35.0%)]	Loss: 0.204013
Train Epoch: 2 [979328/2777098 (35.3%)]	Loss: 0.272550
Train Epoch: 2 [985728/2777098 (35.5%)]	Loss: 0.227944
Train Epoch: 2 [992128/2777098 (35.7%)]	Loss: 0.253156
Train Epoch: 2 [998528/2777098 (36.0%)]	Loss: 0.252137
Train Epoch: 2 [1004928/2777098 (36.2%)]	Loss: 0.301734
Train Epoch: 2 [1011328/2777098 (36.4%)]	Loss: 0.353020
Train Epoch: 2 [1017728/2777098 (36.6%)]	Loss: 0.214425
Train Epoch: 2 [1024128/2777098 (36.9%)]	Loss: 0.266173
Train Epoch: 2 [1030528/2777098 (37.1%)]	Loss: 0.217497
Train Epoch: 2 [1036928/2777098 (37.3%)]	Loss: 0.195266
Train Epoch: 2 [1043328/2777098 (37.6%)]	Loss: 0.242522
Train Epoch: 2 [1049728/2777098 (37.8%)]	Loss: 0.230349
Train Epoch: 2 [1056128/2777098 (38.0%)]	Loss: 0.245284
Train Epoch: 2 [1062528/2777098 (38.3%)]	Loss: 0.275621
Train Epoch: 2 [1068928/2777098 (38.5%)]	Loss: 0.278499
Train Epoch: 2 [1075328/2777098 (38.7%)]	Loss: 0.393280
Train Epoch: 2 [1081728/2777098 (39.0%)]	Loss: 0.225458
Train Epoch: 2 [1088128/2777098 (39.2%)]	Loss: 0.235447
Train Epoch: 2 [1094528/2777098 (39.4%)]	Loss: 0.253065
Train Epoch: 2 [1100928/2777098 (39.6%)]	Loss: 0.207761
Train Epoch: 2 [1107328/2777098 (39.9%)]	Loss: 0.304017
Train Epoch: 2 [1113728/2777098 (40.1%)]	Loss: 0.242837
Train Epoch: 2 [1120128/2777098 (40.3%)]	Loss: 0.222424
Train Epoch: 2 [1126528/2777098 (40.6%)]	Loss: 0.170591
Train Epoch: 2 [1132928/2777098 (40.8%)]	Loss: 0.169425
Train Epoch: 2 [1139328/2777098 (41.0%)]	Loss: 0.310652
Train Epoch: 2 [1145728/2777098 (41.3%)]	Loss: 0.165421
Train Epoch: 2 [1152128/2777098 (41.5%)]	Loss: 0.245318
Train Epoch: 2 [1158528/2777098 (41.7%)]	Loss: 0.160534
Train Epoch: 2 [1164928/2777098 (41.9%)]	Loss: 0.241467
Train Epoch: 2 [1171328/2777098 (42.2%)]	Loss: 0.304311
Train Epoch: 2 [1177728/2777098 (42.4%)]	Loss: 0.218058
Train Epoch: 2 [1184128/2777098 (42.6%)]	Loss: 0.235106
Train Epoch: 2 [1190528/2777098 (42.9%)]	Loss: 0.271942
Train Epoch: 2 [1196928/2777098 (43.1%)]	Loss: 0.228311
Train Epoch: 2 [1203328/2777098 (43.3%)]	Loss: 0.210430
Train Epoch: 2 [1209728/2777098 (43.6%)]	Loss: 0.244708
Train Epoch: 2 [1216128/2777098 (43.8%)]	Loss: 0.384194
Train Epoch: 2 [1222528/2777098 (44.0%)]	Loss: 0.245729
Train Epoch: 2 [1228928/2777098 (44.3%)]	Loss: 0.247789
Train Epoch: 2 [1235328/2777098 (44.5%)]	Loss: 0.319606
Train Epoch: 2 [1241728/2777098 (44.7%)]	Loss: 0.216504
Train Epoch: 2 [1248128/2777098 (44.9%)]	Loss: 0.284400
Train Epoch: 2 [1254528/2777098 (45.2%)]	Loss: 0.191109
Train Epoch: 2 [1260928/2777098 (45.4%)]	Loss: 0.228747
Train Epoch: 2 [1267328/2777098 (45.6%)]	Loss: 0.273797
Train Epoch: 2 [1273728/2777098 (45.9%)]	Loss: 0.327937
Train Epoch: 2 [1280128/2777098 (46.1%)]	Loss: 0.232769
Train Epoch: 2 [1286528/2777098 (46.3%)]	Loss: 0.219017
Train Epoch: 2 [1292928/2777098 (46.6%)]	Loss: 0.284140
Train Epoch: 2 [1299328/2777098 (46.8%)]	Loss: 0.263430
Train Epoch: 2 [1305728/2777098 (47.0%)]	Loss: 0.348646
Train Epoch: 2 [1312128/2777098 (47.2%)]	Loss: 0.213603
Train Epoch: 2 [1318528/2777098 (47.5%)]	Loss: 0.188398
Train Epoch: 2 [1324928/2777098 (47.7%)]	Loss: 0.191658
Train Epoch: 2 [1331328/2777098 (47.9%)]	Loss: 0.276232
Train Epoch: 2 [1337728/2777098 (48.2%)]	Loss: 0.240172
Train Epoch: 2 [1344128/2777098 (48.4%)]	Loss: 0.234561
Train Epoch: 2 [1350528/2777098 (48.6%)]	Loss: 0.384768
Train Epoch: 2 [1356928/2777098 (48.9%)]	Loss: 0.313638
Train Epoch: 2 [1363328/2777098 (49.1%)]	Loss: 0.247521
Train Epoch: 2 [1369728/2777098 (49.3%)]	Loss: 0.235894
Train Epoch: 2 [1376128/2777098 (49.6%)]	Loss: 0.249039
Train Epoch: 2 [1382528/2777098 (49.8%)]	Loss: 0.213889
Train Epoch: 2 [1388928/2777098 (50.0%)]	Loss: 0.273753
Train Epoch: 2 [1395328/2777098 (50.2%)]	Loss: 0.228218
Train Epoch: 2 [1401728/2777098 (50.5%)]	Loss: 0.251660
Train Epoch: 2 [1408128/2777098 (50.7%)]	Loss: 0.184708
Train Epoch: 2 [1414528/2777098 (50.9%)]	Loss: 0.260059
Train Epoch: 2 [1420928/2777098 (51.2%)]	Loss: 0.227230
Train Epoch: 2 [1427328/2777098 (51.4%)]	Loss: 0.177114
Train Epoch: 2 [1433728/2777098 (51.6%)]	Loss: 0.209215
Train Epoch: 2 [1440128/2777098 (51.9%)]	Loss: 0.203877
Train Epoch: 2 [1446528/2777098 (52.1%)]	Loss: 0.196523
Train Epoch: 2 [1452928/2777098 (52.3%)]	Loss: 0.195306
Train Epoch: 2 [1459328/2777098 (52.5%)]	Loss: 0.224429
Train Epoch: 2 [1465728/2777098 (52.8%)]	Loss: 0.296887
Train Epoch: 2 [1472128/2777098 (53.0%)]	Loss: 0.239287
Train Epoch: 2 [1478528/2777098 (53.2%)]	Loss: 0.220121
Train Epoch: 2 [1484928/2777098 (53.5%)]	Loss: 0.319671
Train Epoch: 2 [1491328/2777098 (53.7%)]	Loss: 0.283654
Train Epoch: 2 [1497728/2777098 (53.9%)]	Loss: 0.206190
Train Epoch: 2 [1504128/2777098 (54.2%)]	Loss: 0.263882
Train Epoch: 2 [1510528/2777098 (54.4%)]	Loss: 0.230214
Train Epoch: 2 [1516928/2777098 (54.6%)]	Loss: 0.232706
Train Epoch: 2 [1523328/2777098 (54.9%)]	Loss: 0.265316
Train Epoch: 2 [1529728/2777098 (55.1%)]	Loss: 0.228342
Train Epoch: 2 [1536128/2777098 (55.3%)]	Loss: 0.276389
Train Epoch: 2 [1542528/2777098 (55.5%)]	Loss: 0.343386
Train Epoch: 2 [1548928/2777098 (55.8%)]	Loss: 0.211254
Train Epoch: 2 [1555328/2777098 (56.0%)]	Loss: 0.162080
Train Epoch: 2 [1561728/2777098 (56.2%)]	Loss: 0.239379
Train Epoch: 2 [1568128/2777098 (56.5%)]	Loss: 0.196784
Train Epoch: 2 [1574528/2777098 (56.7%)]	Loss: 0.291238
Train Epoch: 2 [1580928/2777098 (56.9%)]	Loss: 0.282293
Train Epoch: 2 [1587328/2777098 (57.2%)]	Loss: 0.307798
Train Epoch: 2 [1593728/2777098 (57.4%)]	Loss: 0.273864
Train Epoch: 2 [1600128/2777098 (57.6%)]	Loss: 0.221905
Train Epoch: 2 [1606528/2777098 (57.8%)]	Loss: 0.290129
Train Epoch: 2 [1612928/2777098 (58.1%)]	Loss: 0.345970
Train Epoch: 2 [1619328/2777098 (58.3%)]	Loss: 0.254396
Train Epoch: 2 [1625728/2777098 (58.5%)]	Loss: 0.190363
Train Epoch: 2 [1632128/2777098 (58.8%)]	Loss: 0.256307
Train Epoch: 2 [1638528/2777098 (59.0%)]	Loss: 0.156825
Train Epoch: 2 [1644928/2777098 (59.2%)]	Loss: 0.231161
Train Epoch: 2 [1651328/2777098 (59.5%)]	Loss: 0.160915
Train Epoch: 2 [1657728/2777098 (59.7%)]	Loss: 0.201266
Train Epoch: 2 [1664128/2777098 (59.9%)]	Loss: 0.289913
Train Epoch: 2 [1670528/2777098 (60.2%)]	Loss: 0.227781
Train Epoch: 2 [1676928/2777098 (60.4%)]	Loss: 0.272941
Train Epoch: 2 [1683328/2777098 (60.6%)]	Loss: 0.275761
Train Epoch: 2 [1689728/2777098 (60.8%)]	Loss: 0.171416
Train Epoch: 2 [1696128/2777098 (61.1%)]	Loss: 0.265834
Train Epoch: 2 [1702528/2777098 (61.3%)]	Loss: 0.265524
Train Epoch: 2 [1708928/2777098 (61.5%)]	Loss: 0.261394
Train Epoch: 2 [1715328/2777098 (61.8%)]	Loss: 0.264301
Train Epoch: 2 [1721728/2777098 (62.0%)]	Loss: 0.220343
Train Epoch: 2 [1728128/2777098 (62.2%)]	Loss: 0.170133
Train Epoch: 2 [1734528/2777098 (62.5%)]	Loss: 0.180756
Train Epoch: 2 [1740928/2777098 (62.7%)]	Loss: 0.388482
Train Epoch: 2 [1747328/2777098 (62.9%)]	Loss: 0.300485
Train Epoch: 2 [1753728/2777098 (63.1%)]	Loss: 0.272269
Train Epoch: 2 [1760128/2777098 (63.4%)]	Loss: 0.170661
Train Epoch: 2 [1766528/2777098 (63.6%)]	Loss: 0.204647
Train Epoch: 2 [1772928/2777098 (63.8%)]	Loss: 0.215868
Train Epoch: 2 [1779328/2777098 (64.1%)]	Loss: 0.215320
Train Epoch: 2 [1785728/2777098 (64.3%)]	Loss: 0.179917
Train Epoch: 2 [1792128/2777098 (64.5%)]	Loss: 0.257430
Train Epoch: 2 [1798528/2777098 (64.8%)]	Loss: 0.227168
Train Epoch: 2 [1804928/2777098 (65.0%)]	Loss: 0.213739
Train Epoch: 2 [1811328/2777098 (65.2%)]	Loss: 0.288355
Train Epoch: 2 [1817728/2777098 (65.5%)]	Loss: 0.213476
Train Epoch: 2 [1824128/2777098 (65.7%)]	Loss: 0.224106
Train Epoch: 2 [1830528/2777098 (65.9%)]	Loss: 0.269998
Train Epoch: 2 [1836928/2777098 (66.1%)]	Loss: 0.157631
Train Epoch: 2 [1843328/2777098 (66.4%)]	Loss: 0.365863
Train Epoch: 2 [1849728/2777098 (66.6%)]	Loss: 0.232350
Train Epoch: 2 [1856128/2777098 (66.8%)]	Loss: 0.313259
Train Epoch: 2 [1862528/2777098 (67.1%)]	Loss: 0.246383
Train Epoch: 2 [1868928/2777098 (67.3%)]	Loss: 0.182422
Train Epoch: 2 [1875328/2777098 (67.5%)]	Loss: 0.216362
Train Epoch: 2 [1881728/2777098 (67.8%)]	Loss: 0.197153
Train Epoch: 2 [1888128/2777098 (68.0%)]	Loss: 0.234665
Train Epoch: 2 [1894528/2777098 (68.2%)]	Loss: 0.332203
Train Epoch: 2 [1900928/2777098 (68.5%)]	Loss: 0.259537  7%|▋         | 2/30 [1:45:39<24:38:04, 3167.31s/it]
Train Epoch: 2 [1907328/2777098 (68.7%)]	Loss: 0.248580
Train Epoch: 2 [1913728/2777098 (68.9%)]	Loss: 0.201604
Train Epoch: 2 [1920128/2777098 (69.1%)]	Loss: 0.302011
Train Epoch: 2 [1926528/2777098 (69.4%)]	Loss: 0.134036
Train Epoch: 2 [1932928/2777098 (69.6%)]	Loss: 0.224721
Train Epoch: 2 [1939328/2777098 (69.8%)]	Loss: 0.226600
Train Epoch: 2 [1945728/2777098 (70.1%)]	Loss: 0.322728
Train Epoch: 2 [1952128/2777098 (70.3%)]	Loss: 0.254925
Train Epoch: 2 [1958528/2777098 (70.5%)]	Loss: 0.350568
Train Epoch: 2 [1964928/2777098 (70.8%)]	Loss: 0.380673
Train Epoch: 2 [1971328/2777098 (71.0%)]	Loss: 0.249558
Train Epoch: 2 [1977728/2777098 (71.2%)]	Loss: 0.305786
Train Epoch: 2 [1984128/2777098 (71.4%)]	Loss: 0.208981
Train Epoch: 2 [1990528/2777098 (71.7%)]	Loss: 0.216751
Train Epoch: 2 [1996928/2777098 (71.9%)]	Loss: 0.310891
Train Epoch: 2 [2003328/2777098 (72.1%)]	Loss: 0.236054
Train Epoch: 2 [2009728/2777098 (72.4%)]	Loss: 0.226244
Train Epoch: 2 [2016128/2777098 (72.6%)]	Loss: 0.305662
Train Epoch: 2 [2022528/2777098 (72.8%)]	Loss: 0.245827
Train Epoch: 2 [2028928/2777098 (73.1%)]	Loss: 0.257726
Train Epoch: 2 [2035328/2777098 (73.3%)]	Loss: 0.128362
Train Epoch: 2 [2041728/2777098 (73.5%)]	Loss: 0.202063
Train Epoch: 2 [2048128/2777098 (73.8%)]	Loss: 0.190703
Train Epoch: 2 [2054528/2777098 (74.0%)]	Loss: 0.239684
Train Epoch: 2 [2060928/2777098 (74.2%)]	Loss: 0.243221
Train Epoch: 2 [2067328/2777098 (74.4%)]	Loss: 0.158104
Train Epoch: 2 [2073728/2777098 (74.7%)]	Loss: 0.218113
Train Epoch: 2 [2080128/2777098 (74.9%)]	Loss: 0.253202
Train Epoch: 2 [2086528/2777098 (75.1%)]	Loss: 0.172209
Train Epoch: 2 [2092928/2777098 (75.4%)]	Loss: 0.207179
Train Epoch: 2 [2099328/2777098 (75.6%)]	Loss: 0.227431
Train Epoch: 2 [2105728/2777098 (75.8%)]	Loss: 0.368899
Train Epoch: 2 [2112128/2777098 (76.1%)]	Loss: 0.299370
Train Epoch: 2 [2118528/2777098 (76.3%)]	Loss: 0.236336
Train Epoch: 2 [2124928/2777098 (76.5%)]	Loss: 0.240811
Train Epoch: 2 [2131328/2777098 (76.7%)]	Loss: 0.269356
Train Epoch: 2 [2137728/2777098 (77.0%)]	Loss: 0.280804
Train Epoch: 2 [2144128/2777098 (77.2%)]	Loss: 0.225958
Train Epoch: 2 [2150528/2777098 (77.4%)]	Loss: 0.303489
Train Epoch: 2 [2156928/2777098 (77.7%)]	Loss: 0.262984
Train Epoch: 2 [2163328/2777098 (77.9%)]	Loss: 0.303317
Train Epoch: 2 [2169728/2777098 (78.1%)]	Loss: 0.278588
Train Epoch: 2 [2176128/2777098 (78.4%)]	Loss: 0.217958
Train Epoch: 2 [2182528/2777098 (78.6%)]	Loss: 0.315948
Train Epoch: 2 [2188928/2777098 (78.8%)]	Loss: 0.185766
Train Epoch: 2 [2195328/2777098 (79.1%)]	Loss: 0.260847
Train Epoch: 2 [2201728/2777098 (79.3%)]	Loss: 0.251910
Train Epoch: 2 [2208128/2777098 (79.5%)]	Loss: 0.173324
Train Epoch: 2 [2214528/2777098 (79.7%)]	Loss: 0.271302
Train Epoch: 2 [2220928/2777098 (80.0%)]	Loss: 0.287172
Train Epoch: 2 [2227328/2777098 (80.2%)]	Loss: 0.173613
Train Epoch: 2 [2233728/2777098 (80.4%)]	Loss: 0.314997
Train Epoch: 2 [2240128/2777098 (80.7%)]	Loss: 0.254038
Train Epoch: 2 [2246528/2777098 (80.9%)]	Loss: 0.290741
Train Epoch: 2 [2252928/2777098 (81.1%)]	Loss: 0.201508
Train Epoch: 2 [2259328/2777098 (81.4%)]	Loss: 0.218990
Train Epoch: 2 [2265728/2777098 (81.6%)]	Loss: 0.354682
Train Epoch: 2 [2272128/2777098 (81.8%)]	Loss: 0.199635
Train Epoch: 2 [2278528/2777098 (82.0%)]	Loss: 0.222396
Train Epoch: 2 [2284928/2777098 (82.3%)]	Loss: 0.189860
Train Epoch: 2 [2291328/2777098 (82.5%)]	Loss: 0.223521
Train Epoch: 2 [2297728/2777098 (82.7%)]	Loss: 0.302718
Train Epoch: 2 [2304128/2777098 (83.0%)]	Loss: 0.286191
Train Epoch: 2 [2310528/2777098 (83.2%)]	Loss: 0.193763
Train Epoch: 2 [2316928/2777098 (83.4%)]	Loss: 0.179457
Train Epoch: 2 [2323328/2777098 (83.7%)]	Loss: 0.242234
Train Epoch: 2 [2329728/2777098 (83.9%)]	Loss: 0.220822
Train Epoch: 2 [2336128/2777098 (84.1%)]	Loss: 0.182781
Train Epoch: 2 [2342528/2777098 (84.4%)]	Loss: 0.295260
Train Epoch: 2 [2348928/2777098 (84.6%)]	Loss: 0.245888
Train Epoch: 2 [2355328/2777098 (84.8%)]	Loss: 0.155861
Train Epoch: 2 [2361728/2777098 (85.0%)]	Loss: 0.239076
Train Epoch: 2 [2368128/2777098 (85.3%)]	Loss: 0.196209
Train Epoch: 2 [2374528/2777098 (85.5%)]	Loss: 0.266219
Train Epoch: 2 [2380928/2777098 (85.7%)]	Loss: 0.201017
Train Epoch: 2 [2387328/2777098 (86.0%)]	Loss: 0.175432
Train Epoch: 2 [2393728/2777098 (86.2%)]	Loss: 0.202790
Train Epoch: 2 [2400128/2777098 (86.4%)]	Loss: 0.235489
Train Epoch: 2 [2406528/2777098 (86.7%)]	Loss: 0.222358
Train Epoch: 2 [2412928/2777098 (86.9%)]	Loss: 0.216604
Train Epoch: 2 [2419328/2777098 (87.1%)]	Loss: 0.279549
Train Epoch: 2 [2425728/2777098 (87.3%)]	Loss: 0.319694
Train Epoch: 2 [2432128/2777098 (87.6%)]	Loss: 0.226619
Train Epoch: 2 [2438528/2777098 (87.8%)]	Loss: 0.175255
Train Epoch: 2 [2444928/2777098 (88.0%)]	Loss: 0.283937
Train Epoch: 2 [2451328/2777098 (88.3%)]	Loss: 0.293355
Train Epoch: 2 [2457728/2777098 (88.5%)]	Loss: 0.209036
Train Epoch: 2 [2464128/2777098 (88.7%)]	Loss: 0.168207
Train Epoch: 2 [2470528/2777098 (89.0%)]	Loss: 0.232914
Train Epoch: 2 [2476928/2777098 (89.2%)]	Loss: 0.333433
Train Epoch: 2 [2483328/2777098 (89.4%)]	Loss: 0.190040
Train Epoch: 2 [2489728/2777098 (89.7%)]	Loss: 0.210875
Train Epoch: 2 [2496128/2777098 (89.9%)]	Loss: 0.251739
Train Epoch: 2 [2502528/2777098 (90.1%)]	Loss: 0.182748
Train Epoch: 2 [2508928/2777098 (90.3%)]	Loss: 0.285367
Train Epoch: 2 [2515328/2777098 (90.6%)]	Loss: 0.222934
Train Epoch: 2 [2521728/2777098 (90.8%)]	Loss: 0.286933
Train Epoch: 2 [2528128/2777098 (91.0%)]	Loss: 0.202178
Train Epoch: 2 [2534528/2777098 (91.3%)]	Loss: 0.213618
Train Epoch: 2 [2540928/2777098 (91.5%)]	Loss: 0.234685
Train Epoch: 2 [2547328/2777098 (91.7%)]	Loss: 0.273583
Train Epoch: 2 [2553728/2777098 (92.0%)]	Loss: 0.214240
Train Epoch: 2 [2560128/2777098 (92.2%)]	Loss: 0.211588
Train Epoch: 2 [2566528/2777098 (92.4%)]	Loss: 0.221764
Train Epoch: 2 [2572928/2777098 (92.6%)]	Loss: 0.201217
Train Epoch: 2 [2579328/2777098 (92.9%)]	Loss: 0.227911
Train Epoch: 2 [2585728/2777098 (93.1%)]	Loss: 0.246870
Train Epoch: 2 [2592128/2777098 (93.3%)]	Loss: 0.259300
Train Epoch: 2 [2598528/2777098 (93.6%)]	Loss: 0.227101
Train Epoch: 2 [2604928/2777098 (93.8%)]	Loss: 0.247895
Train Epoch: 2 [2611328/2777098 (94.0%)]	Loss: 0.247437
Train Epoch: 2 [2617728/2777098 (94.3%)]	Loss: 0.232941
Train Epoch: 2 [2624128/2777098 (94.5%)]	Loss: 0.270246
Train Epoch: 2 [2630528/2777098 (94.7%)]	Loss: 0.282300
Train Epoch: 2 [2636928/2777098 (95.0%)]	Loss: 0.194859
Train Epoch: 2 [2643328/2777098 (95.2%)]	Loss: 0.157833
Train Epoch: 2 [2649728/2777098 (95.4%)]	Loss: 0.265229
Train Epoch: 2 [2656128/2777098 (95.6%)]	Loss: 0.365801
Train Epoch: 2 [2662528/2777098 (95.9%)]	Loss: 0.217651
Train Epoch: 2 [2668928/2777098 (96.1%)]	Loss: 0.193781
Train Epoch: 2 [2675328/2777098 (96.3%)]	Loss: 0.202812
Train Epoch: 2 [2681728/2777098 (96.6%)]	Loss: 0.165591
Train Epoch: 2 [2688128/2777098 (96.8%)]	Loss: 0.243093
Train Epoch: 2 [2694528/2777098 (97.0%)]	Loss: 0.194529
Train Epoch: 2 [2700928/2777098 (97.3%)]	Loss: 0.267562
Train Epoch: 2 [2707328/2777098 (97.5%)]	Loss: 0.340215
Train Epoch: 2 [2713728/2777098 (97.7%)]	Loss: 0.268079
Train Epoch: 2 [2720128/2777098 (97.9%)]	Loss: 0.252266
Train Epoch: 2 [2726528/2777098 (98.2%)]	Loss: 0.290720
Train Epoch: 2 [2732928/2777098 (98.4%)]	Loss: 0.174330
Train Epoch: 2 [2739328/2777098 (98.6%)]	Loss: 0.243004
Train Epoch: 2 [2745728/2777098 (98.9%)]	Loss: 0.321900
Train Epoch: 2 [2752128/2777098 (99.1%)]	Loss: 0.340735
Train Epoch: 2 [2758528/2777098 (99.3%)]	Loss: 0.265207
Train Epoch: 2 [2764928/2777098 (99.6%)]	Loss: 0.181464
Train Epoch: 2 [2771328/2777098 (99.8%)]	Loss: 0.370471
Train Epoch: 3 [128/2777098 (0.0%)]	Loss: 0.193136
Train Epoch: 3 [6528/2777098 (0.2%)]	Loss: 0.234347
Train Epoch: 3 [12928/2777098 (0.5%)]	Loss: 0.255199
Train Epoch: 3 [19328/2777098 (0.7%)]	Loss: 0.299348
Train Epoch: 3 [25728/2777098 (0.9%)]	Loss: 0.252684
Train Epoch: 3 [32128/2777098 (1.2%)]	Loss: 0.253143
Train Epoch: 3 [38528/2777098 (1.4%)]	Loss: 0.239236
Train Epoch: 3 [44928/2777098 (1.6%)]	Loss: 0.228235
Train Epoch: 3 [51328/2777098 (1.8%)]	Loss: 0.304261
Train Epoch: 3 [57728/2777098 (2.1%)]	Loss: 0.175517
Train Epoch: 3 [64128/2777098 (2.3%)]	Loss: 0.223440
Train Epoch: 3 [70528/2777098 (2.5%)]	Loss: 0.290848
Train Epoch: 3 [76928/2777098 (2.8%)]	Loss: 0.182936
Train Epoch: 3 [83328/2777098 (3.0%)]	Loss: 0.286959
Train Epoch: 3 [89728/2777098 (3.2%)]	Loss: 0.237511
Train Epoch: 3 [96128/2777098 (3.5%)]	Loss: 0.206172
Train Epoch: 3 [102528/2777098 (3.7%)]	Loss: 0.243613
Train Epoch: 3 [108928/2777098 (3.9%)]	Loss: 0.229207
Train Epoch: 3 [115328/2777098 (4.2%)]	Loss: 0.286910
Train Epoch: 3 [121728/2777098 (4.4%)]	Loss: 0.229183
Train Epoch: 3 [128128/2777098 (4.6%)]	Loss: 0.280116
Train Epoch: 3 [134528/2777098 (4.8%)]	Loss: 0.254686
Train Epoch: 3 [140928/2777098 (5.1%)]	Loss: 0.238116
Train Epoch: 3 [147328/2777098 (5.3%)]	Loss: 0.336351
Train Epoch: 3 [153728/2777098 (5.5%)]	Loss: 0.242905
Train Epoch: 3 [160128/2777098 (5.8%)]	Loss: 0.132770
Train Epoch: 3 [166528/2777098 (6.0%)]	Loss: 0.173381
Train Epoch: 3 [172928/2777098 (6.2%)]	Loss: 0.227843
Train Epoch: 3 [179328/2777098 (6.5%)]	Loss: 0.199239
Train Epoch: 3 [185728/2777098 (6.7%)]	Loss: 0.165725
Train Epoch: 3 [192128/2777098 (6.9%)]	Loss: 0.167463
Train Epoch: 3 [198528/2777098 (7.1%)]	Loss: 0.285337
Train Epoch: 3 [204928/2777098 (7.4%)]	Loss: 0.229816
Train Epoch: 3 [211328/2777098 (7.6%)]	Loss: 0.271698
Train Epoch: 3 [217728/2777098 (7.8%)]	Loss: 0.225789
Train Epoch: 3 [224128/2777098 (8.1%)]	Loss: 0.296803
Train Epoch: 3 [230528/2777098 (8.3%)]	Loss: 0.228074
Train Epoch: 3 [236928/2777098 (8.5%)]	Loss: 0.229461
Train Epoch: 3 [243328/2777098 (8.8%)]	Loss: 0.260298
Train Epoch: 3 [249728/2777098 (9.0%)]	Loss: 0.258743
Train Epoch: 3 [256128/2777098 (9.2%)]	Loss: 0.275409
Train Epoch: 3 [262528/2777098 (9.5%)]	Loss: 0.223861
Train Epoch: 3 [268928/2777098 (9.7%)]	Loss: 0.200388
Train Epoch: 3 [275328/2777098 (9.9%)]	Loss: 0.290126
Train Epoch: 3 [281728/2777098 (10.1%)]	Loss: 0.245514
Train Epoch: 3 [288128/2777098 (10.4%)]	Loss: 0.229402
Train Epoch: 3 [294528/2777098 (10.6%)]	Loss: 0.239807
Train Epoch: 3 [300928/2777098 (10.8%)]	Loss: 0.231428
Train Epoch: 3 [307328/2777098 (11.1%)]	Loss: 0.253291
Train Epoch: 3 [313728/2777098 (11.3%)]	Loss: 0.165760
Train Epoch: 3 [320128/2777098 (11.5%)]	Loss: 0.265206
Train Epoch: 3 [326528/2777098 (11.8%)]	Loss: 0.246402
Train Epoch: 3 [332928/2777098 (12.0%)]	Loss: 0.234126
Train Epoch: 3 [339328/2777098 (12.2%)]	Loss: 0.388869
Train Epoch: 3 [345728/2777098 (12.4%)]	Loss: 0.306335
Train Epoch: 3 [352128/2777098 (12.7%)]	Loss: 0.230213
Train Epoch: 3 [358528/2777098 (12.9%)]	Loss: 0.243275
Train Epoch: 3 [364928/2777098 (13.1%)]	Loss: 0.240821
Train Epoch: 3 [371328/2777098 (13.4%)]	Loss: 0.274018
Train Epoch: 3 [377728/2777098 (13.6%)]	Loss: 0.173627
Train Epoch: 3 [384128/2777098 (13.8%)]	Loss: 0.286455
Train Epoch: 3 [390528/2777098 (14.1%)]	Loss: 0.340697
Train Epoch: 3 [396928/2777098 (14.3%)]	Loss: 0.179953
Train Epoch: 3 [403328/2777098 (14.5%)]	Loss: 0.236740
Train Epoch: 3 [409728/2777098 (14.8%)]	Loss: 0.275161
Train Epoch: 3 [416128/2777098 (15.0%)]	Loss: 0.298288
Train Epoch: 3 [422528/2777098 (15.2%)]	Loss: 0.168351
Train Epoch: 3 [428928/2777098 (15.4%)]	Loss: 0.263818
Train Epoch: 3 [435328/2777098 (15.7%)]	Loss: 0.211377
Train Epoch: 3 [441728/2777098 (15.9%)]	Loss: 0.245797
Train Epoch: 3 [448128/2777098 (16.1%)]	Loss: 0.248756
Train Epoch: 3 [454528/2777098 (16.4%)]	Loss: 0.194680
Train Epoch: 3 [460928/2777098 (16.6%)]	Loss: 0.245425
Train Epoch: 3 [467328/2777098 (16.8%)]	Loss: 0.143860
Train Epoch: 3 [473728/2777098 (17.1%)]	Loss: 0.329044
Train Epoch: 3 [480128/2777098 (17.3%)]	Loss: 0.242935
Train Epoch: 3 [486528/2777098 (17.5%)]	Loss: 0.228462
Train Epoch: 3 [492928/2777098 (17.7%)]	Loss: 0.135634
Train Epoch: 3 [499328/2777098 (18.0%)]	Loss: 0.280893
Train Epoch: 3 [505728/2777098 (18.2%)]	Loss: 0.278235
Train Epoch: 3 [512128/2777098 (18.4%)]	Loss: 0.286315
Train Epoch: 3 [518528/2777098 (18.7%)]	Loss: 0.180373
Train Epoch: 3 [524928/2777098 (18.9%)]	Loss: 0.233045
Train Epoch: 3 [531328/2777098 (19.1%)]	Loss: 0.209330
Train Epoch: 3 [537728/2777098 (19.4%)]	Loss: 0.261863
Train Epoch: 3 [544128/2777098 (19.6%)]	Loss: 0.233737
Train Epoch: 3 [550528/2777098 (19.8%)]	Loss: 0.236781
Train Epoch: 3 [556928/2777098 (20.1%)]	Loss: 0.277727
Train Epoch: 3 [563328/2777098 (20.3%)]	Loss: 0.267256
Train Epoch: 3 [569728/2777098 (20.5%)]	Loss: 0.183663
Train Epoch: 3 [576128/2777098 (20.7%)]	Loss: 0.270260
Train Epoch: 3 [582528/2777098 (21.0%)]	Loss: 0.303741
Train Epoch: 3 [588928/2777098 (21.2%)]	Loss: 0.238596
Train Epoch: 3 [595328/2777098 (21.4%)]	Loss: 0.158718
Train Epoch: 3 [601728/2777098 (21.7%)]	Loss: 0.243798
Train Epoch: 3 [608128/2777098 (21.9%)]	Loss: 0.210524
Train Epoch: 3 [614528/2777098 (22.1%)]	Loss: 0.261939
Train Epoch: 3 [620928/2777098 (22.4%)]	Loss: 0.190161
Train Epoch: 3 [627328/2777098 (22.6%)]	Loss: 0.213549
Train Epoch: 3 [633728/2777098 (22.8%)]	Loss: 0.204798
Train Epoch: 3 [640128/2777098 (23.1%)]	Loss: 0.237231
Train Epoch: 3 [646528/2777098 (23.3%)]	Loss: 0.239806
Train Epoch: 3 [652928/2777098 (23.5%)]	Loss: 0.280075
Train Epoch: 3 [659328/2777098 (23.7%)]	Loss: 0.144970
Train Epoch: 3 [665728/2777098 (24.0%)]	Loss: 0.256465
Train Epoch: 3 [672128/2777098 (24.2%)]	Loss: 0.233909
Train Epoch: 3 [678528/2777098 (24.4%)]	Loss: 0.249746
Train Epoch: 3 [684928/2777098 (24.7%)]	Loss: 0.326856
Train Epoch: 3 [691328/2777098 (24.9%)]	Loss: 0.238085
Train Epoch: 3 [697728/2777098 (25.1%)]	Loss: 0.219487
Train Epoch: 3 [704128/2777098 (25.4%)]	Loss: 0.191195
Train Epoch: 3 [710528/2777098 (25.6%)]	Loss: 0.308787
Train Epoch: 3 [716928/2777098 (25.8%)]	Loss: 0.286437
Train Epoch: 3 [723328/2777098 (26.0%)]	Loss: 0.230997
Train Epoch: 3 [729728/2777098 (26.3%)]	Loss: 0.217885
Train Epoch: 3 [736128/2777098 (26.5%)]	Loss: 0.174988
Train Epoch: 3 [742528/2777098 (26.7%)]	Loss: 0.237963
Train Epoch: 3 [748928/2777098 (27.0%)]	Loss: 0.211675
Train Epoch: 3 [755328/2777098 (27.2%)]	Loss: 0.212973
Train Epoch: 3 [761728/2777098 (27.4%)]	Loss: 0.213178
Train Epoch: 3 [768128/2777098 (27.7%)]	Loss: 0.213472
Train Epoch: 3 [774528/2777098 (27.9%)]	Loss: 0.281217
Train Epoch: 3 [780928/2777098 (28.1%)]	Loss: 0.238395
Train Epoch: 3 [787328/2777098 (28.4%)]	Loss: 0.269230
Train Epoch: 3 [793728/2777098 (28.6%)]	Loss: 0.241973
Train Epoch: 3 [800128/2777098 (28.8%)]	Loss: 0.250390
Train Epoch: 3 [806528/2777098 (29.0%)]	Loss: 0.180881
Train Epoch: 3 [812928/2777098 (29.3%)]	Loss: 0.236135
Train Epoch: 3 [819328/2777098 (29.5%)]	Loss: 0.200161
Train Epoch: 3 [825728/2777098 (29.7%)]	Loss: 0.209594
Train Epoch: 3 [832128/2777098 (30.0%)]	Loss: 0.211008
Train Epoch: 3 [838528/2777098 (30.2%)]	Loss: 0.188333
Train Epoch: 3 [844928/2777098 (30.4%)]	Loss: 0.244899
Train Epoch: 3 [851328/2777098 (30.7%)]	Loss: 0.259189
Train Epoch: 3 [857728/2777098 (30.9%)]	Loss: 0.232149
Train Epoch: 3 [864128/2777098 (31.1%)]	Loss: 0.288776
Train Epoch: 3 [870528/2777098 (31.3%)]	Loss: 0.195019
Train Epoch: 3 [876928/2777098 (31.6%)]	Loss: 0.165088
Train Epoch: 3 [883328/2777098 (31.8%)]	Loss: 0.256533
Train Epoch: 3 [889728/2777098 (32.0%)]	Loss: 0.236265
Train Epoch: 3 [896128/2777098 (32.3%)]	Loss: 0.393358
Train Epoch: 3 [902528/2777098 (32.5%)]	Loss: 0.212480
Train Epoch: 3 [908928/2777098 (32.7%)]	Loss: 0.247036
Train Epoch: 3 [915328/2777098 (33.0%)]	Loss: 0.209707
Train Epoch: 3 [921728/2777098 (33.2%)]	Loss: 0.213974
Train Epoch: 3 [928128/2777098 (33.4%)]	Loss: 0.203597
Train Epoch: 3 [934528/2777098 (33.7%)]	Loss: 0.174212
Train Epoch: 3 [940928/2777098 (33.9%)]	Loss: 0.273043
Train Epoch: 3 [947328/2777098 (34.1%)]	Loss: 0.309374
Train Epoch: 3 [953728/2777098 (34.3%)]	Loss: 0.220391
Train Epoch: 3 [960128/2777098 (34.6%)]	Loss: 0.305591
Train Epoch: 3 [966528/2777098 (34.8%)]	Loss: 0.230603
Train Epoch: 3 [972928/2777098 (35.0%)]	Loss: 0.210049
Train Epoch: 3 [979328/2777098 (35.3%)]	Loss: 0.221810
Train Epoch: 3 [985728/2777098 (35.5%)]	Loss: 0.295010
Train Epoch: 3 [992128/2777098 (35.7%)]	Loss: 0.215560
Train Epoch: 3 [998528/2777098 (36.0%)]	Loss: 0.279766
Train Epoch: 3 [1004928/2777098 (36.2%)]	Loss: 0.219659
Train Epoch: 3 [1011328/2777098 (36.4%)]	Loss: 0.249709
Train Epoch: 3 [1017728/2777098 (36.6%)]	Loss: 0.285788
Train Epoch: 3 [1024128/2777098 (36.9%)]	Loss: 0.293395
Train Epoch: 3 [1030528/2777098 (37.1%)]	Loss: 0.254157
Train Epoch: 3 [1036928/2777098 (37.3%)]	Loss: 0.250840
Train Epoch: 3 [1043328/2777098 (37.6%)]	Loss: 0.334017
Train Epoch: 3 [1049728/2777098 (37.8%)]	Loss: 0.256752
Train Epoch: 3 [1056128/2777098 (38.0%)]	Loss: 0.250066
Train Epoch: 3 [1062528/2777098 (38.3%)]	Loss: 0.280395
Train Epoch: 3 [1068928/2777098 (38.5%)]	Loss: 0.297990
Train Epoch: 3 [1075328/2777098 (38.7%)]	Loss: 0.199622
Train Epoch: 3 [1081728/2777098 (39.0%)]	Loss: 0.222294
Train Epoch: 3 [1088128/2777098 (39.2%)]	Loss: 0.250947
Train Epoch: 3 [1094528/2777098 (39.4%)]	Loss: 0.252723
Train Epoch: 3 [1100928/2777098 (39.6%)]	Loss: 0.260568
Train Epoch: 3 [1107328/2777098 (39.9%)]	Loss: 0.256120
Train Epoch: 3 [1113728/2777098 (40.1%)]	Loss: 0.246195
Train Epoch: 3 [1120128/2777098 (40.3%)]	Loss: 0.201642
Train Epoch: 3 [1126528/2777098 (40.6%)]	Loss: 0.271426
Train Epoch: 3 [1132928/2777098 (40.8%)]	Loss: 0.261346
Train Epoch: 3 [1139328/2777098 (41.0%)]	Loss: 0.277916
Train Epoch: 3 [1145728/2777098 (41.3%)]	Loss: 0.299187
Train Epoch: 3 [1152128/2777098 (41.5%)]	Loss: 0.173382
Train Epoch: 3 [1158528/2777098 (41.7%)]	Loss: 0.163775
Train Epoch: 3 [1164928/2777098 (41.9%)]	Loss: 0.199971
Train Epoch: 3 [1171328/2777098 (42.2%)]	Loss: 0.246146
Train Epoch: 3 [1177728/2777098 (42.4%)]	Loss: 0.176104
Train Epoch: 3 [1184128/2777098 (42.6%)]	Loss: 0.259649
Train Epoch: 3 [1190528/2777098 (42.9%)]	Loss: 0.192131
Train Epoch: 3 [1196928/2777098 (43.1%)]	Loss: 0.186163
Train Epoch: 3 [1203328/2777098 (43.3%)]	Loss: 0.217394
Train Epoch: 3 [1209728/2777098 (43.6%)]	Loss: 0.273765
Train Epoch: 3 [1216128/2777098 (43.8%)]	Loss: 0.189898
Train Epoch: 3 [1222528/2777098 (44.0%)]	Loss: 0.282364
Train Epoch: 3 [1228928/2777098 (44.3%)]	Loss: 0.210170
Train Epoch: 3 [1235328/2777098 (44.5%)]	Loss: 0.231880
Train Epoch: 3 [1241728/2777098 (44.7%)]	Loss: 0.221202
Train Epoch: 3 [1248128/2777098 (44.9%)]	Loss: 0.286158
Train Epoch: 3 [1254528/2777098 (45.2%)]	Loss: 0.265647
Train Epoch: 3 [1260928/2777098 (45.4%)]	Loss: 0.307443
Train Epoch: 3 [1267328/2777098 (45.6%)]	Loss: 0.260521
Train Epoch: 3 [1273728/2777098 (45.9%)]	Loss: 0.246318
Train Epoch: 3 [1280128/2777098 (46.1%)]	Loss: 0.206072
Train Epoch: 3 [1286528/2777098 (46.3%)]	Loss: 0.215631
Train Epoch: 3 [1292928/2777098 (46.6%)]	Loss: 0.264164
Train Epoch: 3 [1299328/2777098 (46.8%)]	Loss: 0.149478
Train Epoch: 3 [1305728/2777098 (47.0%)]	Loss: 0.178443
Train Epoch: 3 [1312128/2777098 (47.2%)]	Loss: 0.239123
Train Epoch: 3 [1318528/2777098 (47.5%)]	Loss: 0.205436
Train Epoch: 3 [1324928/2777098 (47.7%)]	Loss: 0.247510
Train Epoch: 3 [1331328/2777098 (47.9%)]	Loss: 0.231662
Train Epoch: 3 [1337728/2777098 (48.2%)]	Loss: 0.262519
Train Epoch: 3 [1344128/2777098 (48.4%)]	Loss: 0.204880
Train Epoch: 3 [1350528/2777098 (48.6%)]	Loss: 0.278503
Train Epoch: 3 [1356928/2777098 (48.9%)]	Loss: 0.270691
Train Epoch: 3 [1363328/2777098 (49.1%)]	Loss: 0.277619
Train Epoch: 3 [1369728/2777098 (49.3%)]	Loss: 0.241721
Train Epoch: 3 [1376128/2777098 (49.6%)]	Loss: 0.260539
Train Epoch: 3 [1382528/2777098 (49.8%)]	Loss: 0.167148
Train Epoch: 3 [1388928/2777098 (50.0%)]	Loss: 0.231217
Train Epoch: 3 [1395328/2777098 (50.2%)]	Loss: 0.235537
Train Epoch: 3 [1401728/2777098 (50.5%)]	Loss: 0.235155
Train Epoch: 3 [1408128/2777098 (50.7%)]	Loss: 0.281234
Train Epoch: 3 [1414528/2777098 (50.9%)]	Loss: 0.223718
Train Epoch: 3 [1420928/2777098 (51.2%)]	Loss: 0.166098
Train Epoch: 3 [1427328/2777098 (51.4%)]	Loss: 0.344657
Train Epoch: 3 [1433728/2777098 (51.6%)]	Loss: 0.239657
Train Epoch: 3 [1440128/2777098 (51.9%)]	Loss: 0.322097
Train Epoch: 3 [1446528/2777098 (52.1%)]	Loss: 0.214562
Train Epoch: 3 [1452928/2777098 (52.3%)]	Loss: 0.262616
Train Epoch: 3 [1459328/2777098 (52.5%)]	Loss: 0.180660
Train Epoch: 3 [1465728/2777098 (52.8%)]	Loss: 0.223881
Train Epoch: 3 [1472128/2777098 (53.0%)]	Loss: 0.199498
Train Epoch: 3 [1478528/2777098 (53.2%)]	Loss: 0.232215
Train Epoch: 3 [1484928/2777098 (53.5%)]	Loss: 0.235774
Train Epoch: 3 [1491328/2777098 (53.7%)]	Loss: 0.264262
Train Epoch: 3 [1497728/2777098 (53.9%)]	Loss: 0.258732
Train Epoch: 3 [1504128/2777098 (54.2%)]	Loss: 0.206286
Train Epoch: 3 [1510528/2777098 (54.4%)]	Loss: 0.263625
Train Epoch: 3 [1516928/2777098 (54.6%)]	Loss: 0.304268
Train Epoch: 3 [1523328/2777098 (54.9%)]	Loss: 0.182699
Train Epoch: 3 [1529728/2777098 (55.1%)]	Loss: 0.209419
Train Epoch: 3 [1536128/2777098 (55.3%)]	Loss: 0.218452
Train Epoch: 3 [1542528/2777098 (55.5%)]	Loss: 0.194663
Train Epoch: 3 [1548928/2777098 (55.8%)]	Loss: 0.250998
Train Epoch: 3 [1555328/2777098 (56.0%)]	Loss: 0.205870
Train Epoch: 3 [1561728/2777098 (56.2%)]	Loss: 0.267187
Train Epoch: 3 [1568128/2777098 (56.5%)]	Loss: 0.220529
Train Epoch: 3 [1574528/2777098 (56.7%)]	Loss: 0.314779
Train Epoch: 3 [1580928/2777098 (56.9%)]	Loss: 0.167731
Train Epoch: 3 [1587328/2777098 (57.2%)]	Loss: 0.298006
Train Epoch: 3 [1593728/2777098 (57.4%)]	Loss: 0.140998
Train Epoch: 3 [1600128/2777098 (57.6%)]	Loss: 0.227509
Train Epoch: 3 [1606528/2777098 (57.8%)]	Loss: 0.232034
Train Epoch: 3 [1612928/2777098 (58.1%)]	Loss: 0.191208
Train Epoch: 3 [1619328/2777098 (58.3%)]	Loss: 0.302466
Train Epoch: 3 [1625728/2777098 (58.5%)]	Loss: 0.292065
Train Epoch: 3 [1632128/2777098 (58.8%)]	Loss: 0.221094
Train Epoch: 3 [1638528/2777098 (59.0%)]	Loss: 0.305075
Train Epoch: 3 [1644928/2777098 (59.2%)]	Loss: 0.225508
Train Epoch: 3 [1651328/2777098 (59.5%)]	Loss: 0.252807
Train Epoch: 3 [1657728/2777098 (59.7%)]	Loss: 0.295191
Train Epoch: 3 [1664128/2777098 (59.9%)]	Loss: 0.228483
Train Epoch: 3 [1670528/2777098 (60.2%)]	Loss: 0.179707
Train Epoch: 3 [1676928/2777098 (60.4%)]	Loss: 0.215592
Train Epoch: 3 [1683328/2777098 (60.6%)]	Loss: 0.176643
Train Epoch: 3 [1689728/2777098 (60.8%)]	Loss: 0.232380
Train Epoch: 3 [1696128/2777098 (61.1%)]	Loss: 0.303734
Train Epoch: 3 [1702528/2777098 (61.3%)]	Loss: 0.205966
Train Epoch: 3 [1708928/2777098 (61.5%)]	Loss: 0.264839
Train Epoch: 3 [1715328/2777098 (61.8%)]	Loss: 0.234074
Train Epoch: 3 [1721728/2777098 (62.0%)]	Loss: 0.193649
Train Epoch: 3 [1728128/2777098 (62.2%)]	Loss: 0.244097
Train Epoch: 3 [1734528/2777098 (62.5%)]	Loss: 0.269310
Train Epoch: 3 [1740928/2777098 (62.7%)]	Loss: 0.206460
Train Epoch: 3 [1747328/2777098 (62.9%)]	Loss: 0.204407
Train Epoch: 3 [1753728/2777098 (63.1%)]	Loss: 0.225921
Train Epoch: 3 [1760128/2777098 (63.4%)]	Loss: 0.218612
Train Epoch: 3 [1766528/2777098 (63.6%)]	Loss: 0.154748
Train Epoch: 3 [1772928/2777098 (63.8%)]	Loss: 0.229042
Train Epoch: 3 [1779328/2777098 (64.1%)]	Loss: 0.250483
Train Epoch: 3 [1785728/2777098 (64.3%)]	Loss: 0.180687
Train Epoch: 3 [1792128/2777098 (64.5%)]	Loss: 0.236928
Train Epoch: 3 [1798528/2777098 (64.8%)]	Loss: 0.292161
Train Epoch: 3 [1804928/2777098 (65.0%)]	Loss: 0.231645
Train Epoch: 3 [1811328/2777098 (65.2%)]	Loss: 0.253847
Train Epoch: 3 [1817728/2777098 (65.5%)]	Loss: 0.261168
Train Epoch: 3 [1824128/2777098 (65.7%)]	Loss: 0.295574
Train Epoch: 3 [1830528/2777098 (65.9%)]	Loss: 0.298014
Train Epoch: 3 [1836928/2777098 (66.1%)]	Loss: 0.245419
Train Epoch: 3 [1843328/2777098 (66.4%)]	Loss: 0.224548
Train Epoch: 3 [1849728/2777098 (66.6%)]	Loss: 0.200060
Train Epoch: 3 [1856128/2777098 (66.8%)]	Loss: 0.231687
Train Epoch: 3 [1862528/2777098 (67.1%)]	Loss: 0.162160
Train Epoch: 3 [1868928/2777098 (67.3%)]	Loss: 0.250282
Train Epoch: 3 [1875328/2777098 (67.5%)]	Loss: 0.219842
Train Epoch: 3 [1881728/2777098 (67.8%)]	Loss: 0.251312
Train Epoch: 3 [1888128/2777098 (68.0%)]	Loss: 0.184391
Train Epoch: 3 [1894528/2777098 (68.2%)]	Loss: 0.301117
Train Epoch: 3 [1900928/2777098 (68.5%)]	Loss: 0.224626